[2024-02-05T14:19:25.518+0000] {processor.py:161} INFO - Started process (PID=34) to work on /home/airflow/.local/lib/python3.8/site-packages/airflow/example_dags/example_xcom.py
[2024-02-05T14:19:25.522+0000] {processor.py:830} INFO - Processing file /home/airflow/.local/lib/python3.8/site-packages/airflow/example_dags/example_xcom.py for tasks to queue
[2024-02-05T14:19:25.536+0000] {logging_mixin.py:188} INFO - [2024-02-05T14:19:25.531+0000] {dagbag.py:538} INFO - Filling up the DagBag from /home/airflow/.local/lib/python3.8/site-packages/airflow/example_dags/example_xcom.py
[2024-02-05T14:19:25.645+0000] {processor.py:840} INFO - DAG(s) 'example_xcom' retrieved from /home/airflow/.local/lib/python3.8/site-packages/airflow/example_dags/example_xcom.py
[2024-02-05T14:19:26.207+0000] {logging_mixin.py:188} INFO - [2024-02-05T14:19:26.205+0000] {override.py:1769} INFO - Created Permission View: can delete on DAG:example_xcom
[2024-02-05T14:19:26.247+0000] {logging_mixin.py:188} INFO - [2024-02-05T14:19:26.246+0000] {override.py:1769} INFO - Created Permission View: can read on DAG:example_xcom
[2024-02-05T14:19:26.255+0000] {logging_mixin.py:188} INFO - [2024-02-05T14:19:26.255+0000] {override.py:1769} INFO - Created Permission View: can edit on DAG:example_xcom
[2024-02-05T14:19:26.256+0000] {logging_mixin.py:188} INFO - [2024-02-05T14:19:26.256+0000] {dag.py:3036} INFO - Sync 1 DAGs
[2024-02-05T14:19:26.266+0000] {logging_mixin.py:188} INFO - [2024-02-05T14:19:26.266+0000] {dag.py:3058} INFO - Creating ORM DAG for example_xcom
[2024-02-05T14:19:26.275+0000] {logging_mixin.py:188} INFO - [2024-02-05T14:19:26.275+0000] {dag.py:3823} INFO - Setting next_dagrun for example_xcom to 2021-01-01 00:00:00+00:00, run_after=2021-01-01 00:00:00+00:00
[2024-02-05T14:19:26.295+0000] {processor.py:183} INFO - Processing /home/airflow/.local/lib/python3.8/site-packages/airflow/example_dags/example_xcom.py took 0.800 seconds
[2024-02-05T14:19:56.576+0000] {processor.py:161} INFO - Started process (PID=88) to work on /home/airflow/.local/lib/python3.8/site-packages/airflow/example_dags/example_xcom.py
[2024-02-05T14:19:56.579+0000] {processor.py:830} INFO - Processing file /home/airflow/.local/lib/python3.8/site-packages/airflow/example_dags/example_xcom.py for tasks to queue
[2024-02-05T14:19:56.585+0000] {logging_mixin.py:188} INFO - [2024-02-05T14:19:56.584+0000] {dagbag.py:538} INFO - Filling up the DagBag from /home/airflow/.local/lib/python3.8/site-packages/airflow/example_dags/example_xcom.py
[2024-02-05T14:19:56.633+0000] {processor.py:840} INFO - DAG(s) 'example_xcom' retrieved from /home/airflow/.local/lib/python3.8/site-packages/airflow/example_dags/example_xcom.py
[2024-02-05T14:19:56.794+0000] {logging_mixin.py:188} INFO - [2024-02-05T14:19:56.793+0000] {dag.py:3036} INFO - Sync 1 DAGs
[2024-02-05T14:19:56.918+0000] {logging_mixin.py:188} INFO - [2024-02-05T14:19:56.918+0000] {dag.py:3823} INFO - Setting next_dagrun for example_xcom to 2021-01-01 00:00:00+00:00, run_after=2021-01-01 00:00:00+00:00
[2024-02-05T14:19:57.243+0000] {processor.py:183} INFO - Processing /home/airflow/.local/lib/python3.8/site-packages/airflow/example_dags/example_xcom.py took 0.682 seconds
[2024-02-05T14:20:27.576+0000] {processor.py:161} INFO - Started process (PID=143) to work on /home/airflow/.local/lib/python3.8/site-packages/airflow/example_dags/example_xcom.py
[2024-02-05T14:20:27.581+0000] {processor.py:830} INFO - Processing file /home/airflow/.local/lib/python3.8/site-packages/airflow/example_dags/example_xcom.py for tasks to queue
[2024-02-05T14:20:27.587+0000] {logging_mixin.py:188} INFO - [2024-02-05T14:20:27.586+0000] {dagbag.py:538} INFO - Filling up the DagBag from /home/airflow/.local/lib/python3.8/site-packages/airflow/example_dags/example_xcom.py
[2024-02-05T14:20:27.623+0000] {processor.py:840} INFO - DAG(s) 'example_xcom' retrieved from /home/airflow/.local/lib/python3.8/site-packages/airflow/example_dags/example_xcom.py
[2024-02-05T14:20:27.847+0000] {logging_mixin.py:188} INFO - [2024-02-05T14:20:27.833+0000] {dag.py:3036} INFO - Sync 1 DAGs
[2024-02-05T14:20:27.957+0000] {logging_mixin.py:188} INFO - [2024-02-05T14:20:27.955+0000] {dag.py:3823} INFO - Setting next_dagrun for example_xcom to 2021-01-01 00:00:00+00:00, run_after=2021-01-01 00:00:00+00:00
[2024-02-05T14:20:28.012+0000] {processor.py:183} INFO - Processing /home/airflow/.local/lib/python3.8/site-packages/airflow/example_dags/example_xcom.py took 0.493 seconds
[2024-02-05T14:21:03.094+0000] {processor.py:161} INFO - Started process (PID=196) to work on /home/airflow/.local/lib/python3.8/site-packages/airflow/example_dags/example_xcom.py
[2024-02-05T14:21:04.818+0000] {processor.py:830} INFO - Processing file /home/airflow/.local/lib/python3.8/site-packages/airflow/example_dags/example_xcom.py for tasks to queue
[2024-02-05T14:21:05.719+0000] {logging_mixin.py:188} INFO - [2024-02-05T14:21:05.704+0000] {dagbag.py:538} INFO - Filling up the DagBag from /home/airflow/.local/lib/python3.8/site-packages/airflow/example_dags/example_xcom.py
[2024-02-05T14:21:07.314+0000] {processor.py:840} INFO - DAG(s) 'example_xcom' retrieved from /home/airflow/.local/lib/python3.8/site-packages/airflow/example_dags/example_xcom.py
[2024-02-05T14:21:08.388+0000] {logging_mixin.py:188} INFO - [2024-02-05T14:21:08.386+0000] {dag.py:3036} INFO - Sync 1 DAGs
[2024-02-05T14:21:09.894+0000] {logging_mixin.py:188} INFO - [2024-02-05T14:21:09.887+0000] {dag.py:3823} INFO - Setting next_dagrun for example_xcom to 2021-01-01 00:00:00+00:00, run_after=2021-01-01 00:00:00+00:00
[2024-02-05T14:21:11.520+0000] {processor.py:183} INFO - Processing /home/airflow/.local/lib/python3.8/site-packages/airflow/example_dags/example_xcom.py took 8.501 seconds
[2024-02-05T14:22:11.767+0000] {processor.py:161} INFO - Started process (PID=257) to work on /home/airflow/.local/lib/python3.8/site-packages/airflow/example_dags/example_xcom.py
[2024-02-05T14:22:11.772+0000] {processor.py:830} INFO - Processing file /home/airflow/.local/lib/python3.8/site-packages/airflow/example_dags/example_xcom.py for tasks to queue
[2024-02-05T14:22:11.775+0000] {logging_mixin.py:188} INFO - [2024-02-05T14:22:11.774+0000] {dagbag.py:538} INFO - Filling up the DagBag from /home/airflow/.local/lib/python3.8/site-packages/airflow/example_dags/example_xcom.py
[2024-02-05T14:22:11.800+0000] {processor.py:840} INFO - DAG(s) 'example_xcom' retrieved from /home/airflow/.local/lib/python3.8/site-packages/airflow/example_dags/example_xcom.py
[2024-02-05T14:22:11.963+0000] {logging_mixin.py:188} INFO - [2024-02-05T14:22:11.963+0000] {dag.py:3036} INFO - Sync 1 DAGs
[2024-02-05T14:22:12.004+0000] {logging_mixin.py:188} INFO - [2024-02-05T14:22:12.004+0000] {dag.py:3823} INFO - Setting next_dagrun for example_xcom to 2021-01-01 00:00:00+00:00, run_after=2021-01-01 00:00:00+00:00
[2024-02-05T14:22:12.025+0000] {processor.py:183} INFO - Processing /home/airflow/.local/lib/python3.8/site-packages/airflow/example_dags/example_xcom.py took 0.262 seconds
[2024-02-05T14:22:42.839+0000] {processor.py:161} INFO - Started process (PID=299) to work on /home/airflow/.local/lib/python3.8/site-packages/airflow/example_dags/example_xcom.py
[2024-02-05T14:22:42.841+0000] {processor.py:830} INFO - Processing file /home/airflow/.local/lib/python3.8/site-packages/airflow/example_dags/example_xcom.py for tasks to queue
[2024-02-05T14:22:42.843+0000] {logging_mixin.py:188} INFO - [2024-02-05T14:22:42.843+0000] {dagbag.py:538} INFO - Filling up the DagBag from /home/airflow/.local/lib/python3.8/site-packages/airflow/example_dags/example_xcom.py
[2024-02-05T14:22:42.852+0000] {processor.py:840} INFO - DAG(s) 'example_xcom' retrieved from /home/airflow/.local/lib/python3.8/site-packages/airflow/example_dags/example_xcom.py
[2024-02-05T14:22:42.870+0000] {logging_mixin.py:188} INFO - [2024-02-05T14:22:42.870+0000] {dag.py:3036} INFO - Sync 1 DAGs
[2024-02-05T14:22:42.920+0000] {logging_mixin.py:188} INFO - [2024-02-05T14:22:42.919+0000] {dag.py:3823} INFO - Setting next_dagrun for example_xcom to 2021-01-01 00:00:00+00:00, run_after=2021-01-01 00:00:00+00:00
[2024-02-05T14:22:42.949+0000] {processor.py:183} INFO - Processing /home/airflow/.local/lib/python3.8/site-packages/airflow/example_dags/example_xcom.py took 0.112 seconds
[2024-02-05T14:23:13.176+0000] {processor.py:161} INFO - Started process (PID=348) to work on /home/airflow/.local/lib/python3.8/site-packages/airflow/example_dags/example_xcom.py
[2024-02-05T14:23:13.179+0000] {processor.py:830} INFO - Processing file /home/airflow/.local/lib/python3.8/site-packages/airflow/example_dags/example_xcom.py for tasks to queue
[2024-02-05T14:23:13.185+0000] {logging_mixin.py:188} INFO - [2024-02-05T14:23:13.185+0000] {dagbag.py:538} INFO - Filling up the DagBag from /home/airflow/.local/lib/python3.8/site-packages/airflow/example_dags/example_xcom.py
[2024-02-05T14:23:13.289+0000] {processor.py:840} INFO - DAG(s) 'example_xcom' retrieved from /home/airflow/.local/lib/python3.8/site-packages/airflow/example_dags/example_xcom.py
[2024-02-05T14:23:13.626+0000] {logging_mixin.py:188} INFO - [2024-02-05T14:23:13.623+0000] {dag.py:3036} INFO - Sync 1 DAGs
[2024-02-05T14:23:13.965+0000] {logging_mixin.py:188} INFO - [2024-02-05T14:23:13.963+0000] {dag.py:3823} INFO - Setting next_dagrun for example_xcom to 2021-01-01 00:00:00+00:00, run_after=2021-01-01 00:00:00+00:00
[2024-02-05T14:23:14.166+0000] {processor.py:183} INFO - Processing /home/airflow/.local/lib/python3.8/site-packages/airflow/example_dags/example_xcom.py took 1.007 seconds
[2024-02-05T14:23:44.319+0000] {processor.py:161} INFO - Started process (PID=402) to work on /home/airflow/.local/lib/python3.8/site-packages/airflow/example_dags/example_xcom.py
[2024-02-05T14:23:44.873+0000] {processor.py:830} INFO - Processing file /home/airflow/.local/lib/python3.8/site-packages/airflow/example_dags/example_xcom.py for tasks to queue
[2024-02-05T14:23:44.918+0000] {logging_mixin.py:188} INFO - [2024-02-05T14:23:44.917+0000] {dagbag.py:538} INFO - Filling up the DagBag from /home/airflow/.local/lib/python3.8/site-packages/airflow/example_dags/example_xcom.py
[2024-02-05T14:23:44.972+0000] {processor.py:840} INFO - DAG(s) 'example_xcom' retrieved from /home/airflow/.local/lib/python3.8/site-packages/airflow/example_dags/example_xcom.py
[2024-02-05T14:23:45.121+0000] {logging_mixin.py:188} INFO - [2024-02-05T14:23:45.119+0000] {dag.py:3036} INFO - Sync 1 DAGs
[2024-02-05T14:23:45.228+0000] {logging_mixin.py:188} INFO - [2024-02-05T14:23:45.228+0000] {dag.py:3823} INFO - Setting next_dagrun for example_xcom to 2021-01-01 00:00:00+00:00, run_after=2021-01-01 00:00:00+00:00
[2024-02-05T14:23:45.365+0000] {processor.py:183} INFO - Processing /home/airflow/.local/lib/python3.8/site-packages/airflow/example_dags/example_xcom.py took 1.055 seconds
[2024-02-05T14:24:16.250+0000] {processor.py:161} INFO - Started process (PID=452) to work on /home/airflow/.local/lib/python3.8/site-packages/airflow/example_dags/example_xcom.py
[2024-02-05T14:24:16.253+0000] {processor.py:830} INFO - Processing file /home/airflow/.local/lib/python3.8/site-packages/airflow/example_dags/example_xcom.py for tasks to queue
[2024-02-05T14:24:16.259+0000] {logging_mixin.py:188} INFO - [2024-02-05T14:24:16.258+0000] {dagbag.py:538} INFO - Filling up the DagBag from /home/airflow/.local/lib/python3.8/site-packages/airflow/example_dags/example_xcom.py
[2024-02-05T14:24:16.274+0000] {processor.py:840} INFO - DAG(s) 'example_xcom' retrieved from /home/airflow/.local/lib/python3.8/site-packages/airflow/example_dags/example_xcom.py
[2024-02-05T14:24:16.298+0000] {logging_mixin.py:188} INFO - [2024-02-05T14:24:16.298+0000] {dag.py:3036} INFO - Sync 1 DAGs
[2024-02-05T14:24:16.320+0000] {logging_mixin.py:188} INFO - [2024-02-05T14:24:16.320+0000] {dag.py:3823} INFO - Setting next_dagrun for example_xcom to 2021-01-01 00:00:00+00:00, run_after=2021-01-01 00:00:00+00:00
[2024-02-05T14:24:16.341+0000] {processor.py:183} INFO - Processing /home/airflow/.local/lib/python3.8/site-packages/airflow/example_dags/example_xcom.py took 0.095 seconds
[2024-02-05T14:24:51.089+0000] {processor.py:161} INFO - Started process (PID=494) to work on /home/airflow/.local/lib/python3.8/site-packages/airflow/example_dags/example_xcom.py
[2024-02-05T14:24:51.096+0000] {processor.py:830} INFO - Processing file /home/airflow/.local/lib/python3.8/site-packages/airflow/example_dags/example_xcom.py for tasks to queue
[2024-02-05T14:24:51.116+0000] {logging_mixin.py:188} INFO - [2024-02-05T14:24:51.112+0000] {dagbag.py:538} INFO - Filling up the DagBag from /home/airflow/.local/lib/python3.8/site-packages/airflow/example_dags/example_xcom.py
[2024-02-05T14:24:51.199+0000] {processor.py:840} INFO - DAG(s) 'example_xcom' retrieved from /home/airflow/.local/lib/python3.8/site-packages/airflow/example_dags/example_xcom.py
[2024-02-05T14:24:51.323+0000] {logging_mixin.py:188} INFO - [2024-02-05T14:24:51.321+0000] {dag.py:3036} INFO - Sync 1 DAGs
[2024-02-05T14:24:51.499+0000] {logging_mixin.py:188} INFO - [2024-02-05T14:24:51.497+0000] {dag.py:3823} INFO - Setting next_dagrun for example_xcom to 2021-01-01 00:00:00+00:00, run_after=2021-01-01 00:00:00+00:00
[2024-02-05T14:24:51.590+0000] {processor.py:183} INFO - Processing /home/airflow/.local/lib/python3.8/site-packages/airflow/example_dags/example_xcom.py took 0.514 seconds
[2024-02-05T14:25:21.671+0000] {processor.py:161} INFO - Started process (PID=546) to work on /home/airflow/.local/lib/python3.8/site-packages/airflow/example_dags/example_xcom.py
[2024-02-05T14:25:21.680+0000] {processor.py:830} INFO - Processing file /home/airflow/.local/lib/python3.8/site-packages/airflow/example_dags/example_xcom.py for tasks to queue
[2024-02-05T14:25:21.684+0000] {logging_mixin.py:188} INFO - [2024-02-05T14:25:21.684+0000] {dagbag.py:538} INFO - Filling up the DagBag from /home/airflow/.local/lib/python3.8/site-packages/airflow/example_dags/example_xcom.py
[2024-02-05T14:25:21.706+0000] {processor.py:840} INFO - DAG(s) 'example_xcom' retrieved from /home/airflow/.local/lib/python3.8/site-packages/airflow/example_dags/example_xcom.py
[2024-02-05T14:25:21.767+0000] {logging_mixin.py:188} INFO - [2024-02-05T14:25:21.766+0000] {dag.py:3036} INFO - Sync 1 DAGs
[2024-02-05T14:25:21.824+0000] {logging_mixin.py:188} INFO - [2024-02-05T14:25:21.823+0000] {dag.py:3823} INFO - Setting next_dagrun for example_xcom to 2021-01-01 00:00:00+00:00, run_after=2021-01-01 00:00:00+00:00
[2024-02-05T14:25:21.852+0000] {processor.py:183} INFO - Processing /home/airflow/.local/lib/python3.8/site-packages/airflow/example_dags/example_xcom.py took 0.194 seconds
[2024-02-05T14:25:52.093+0000] {processor.py:161} INFO - Started process (PID=598) to work on /home/airflow/.local/lib/python3.8/site-packages/airflow/example_dags/example_xcom.py
[2024-02-05T14:25:52.099+0000] {processor.py:830} INFO - Processing file /home/airflow/.local/lib/python3.8/site-packages/airflow/example_dags/example_xcom.py for tasks to queue
[2024-02-05T14:25:52.104+0000] {logging_mixin.py:188} INFO - [2024-02-05T14:25:52.103+0000] {dagbag.py:538} INFO - Filling up the DagBag from /home/airflow/.local/lib/python3.8/site-packages/airflow/example_dags/example_xcom.py
[2024-02-05T14:25:52.117+0000] {processor.py:840} INFO - DAG(s) 'example_xcom' retrieved from /home/airflow/.local/lib/python3.8/site-packages/airflow/example_dags/example_xcom.py
[2024-02-05T14:25:52.149+0000] {logging_mixin.py:188} INFO - [2024-02-05T14:25:52.148+0000] {dag.py:3036} INFO - Sync 1 DAGs
[2024-02-05T14:25:52.170+0000] {logging_mixin.py:188} INFO - [2024-02-05T14:25:52.169+0000] {dag.py:3823} INFO - Setting next_dagrun for example_xcom to 2021-01-01 00:00:00+00:00, run_after=2021-01-01 00:00:00+00:00
[2024-02-05T14:25:52.194+0000] {processor.py:183} INFO - Processing /home/airflow/.local/lib/python3.8/site-packages/airflow/example_dags/example_xcom.py took 0.114 seconds
