[2024-02-05T14:19:32.030+0000] {processor.py:161} INFO - Started process (PID=42) to work on /home/airflow/.local/lib/python3.8/site-packages/airflow/example_dags/example_datasets.py
[2024-02-05T14:19:32.051+0000] {processor.py:830} INFO - Processing file /home/airflow/.local/lib/python3.8/site-packages/airflow/example_dags/example_datasets.py for tasks to queue
[2024-02-05T14:19:32.069+0000] {logging_mixin.py:188} INFO - [2024-02-05T14:19:32.067+0000] {dagbag.py:538} INFO - Filling up the DagBag from /home/airflow/.local/lib/python3.8/site-packages/airflow/example_dags/example_datasets.py
[2024-02-05T14:19:32.116+0000] {processor.py:840} INFO - DAG(s) 'dataset_consumes_1', 'dataset_consumes_1_and_2', 'dataset_produces_1', 'dataset_consumes_unknown_never_scheduled', 'dataset_produces_2', 'dataset_consumes_1_never_scheduled' retrieved from /home/airflow/.local/lib/python3.8/site-packages/airflow/example_dags/example_datasets.py
[2024-02-05T14:19:32.456+0000] {logging_mixin.py:188} INFO - [2024-02-05T14:19:32.452+0000] {override.py:1769} INFO - Created Permission View: can delete on DAG:dataset_consumes_1
[2024-02-05T14:19:32.469+0000] {logging_mixin.py:188} INFO - [2024-02-05T14:19:32.469+0000] {override.py:1769} INFO - Created Permission View: can read on DAG:dataset_consumes_1
[2024-02-05T14:19:32.476+0000] {logging_mixin.py:188} INFO - [2024-02-05T14:19:32.476+0000] {override.py:1769} INFO - Created Permission View: can edit on DAG:dataset_consumes_1
[2024-02-05T14:19:32.488+0000] {logging_mixin.py:188} INFO - [2024-02-05T14:19:32.488+0000] {override.py:1769} INFO - Created Permission View: can delete on DAG:dataset_consumes_1_and_2
[2024-02-05T14:19:32.494+0000] {logging_mixin.py:188} INFO - [2024-02-05T14:19:32.493+0000] {override.py:1769} INFO - Created Permission View: can read on DAG:dataset_consumes_1_and_2
[2024-02-05T14:19:32.500+0000] {logging_mixin.py:188} INFO - [2024-02-05T14:19:32.500+0000] {override.py:1769} INFO - Created Permission View: can edit on DAG:dataset_consumes_1_and_2
[2024-02-05T14:19:32.519+0000] {logging_mixin.py:188} INFO - [2024-02-05T14:19:32.519+0000] {override.py:1769} INFO - Created Permission View: can delete on DAG:dataset_produces_1
[2024-02-05T14:19:32.533+0000] {logging_mixin.py:188} INFO - [2024-02-05T14:19:32.533+0000] {override.py:1769} INFO - Created Permission View: can read on DAG:dataset_produces_1
[2024-02-05T14:19:32.541+0000] {logging_mixin.py:188} INFO - [2024-02-05T14:19:32.540+0000] {override.py:1769} INFO - Created Permission View: can edit on DAG:dataset_produces_1
[2024-02-05T14:19:32.571+0000] {logging_mixin.py:188} INFO - [2024-02-05T14:19:32.570+0000] {override.py:1769} INFO - Created Permission View: can delete on DAG:dataset_consumes_unknown_never_scheduled
[2024-02-05T14:19:32.595+0000] {logging_mixin.py:188} INFO - [2024-02-05T14:19:32.595+0000] {override.py:1769} INFO - Created Permission View: can read on DAG:dataset_consumes_unknown_never_scheduled
[2024-02-05T14:19:32.622+0000] {logging_mixin.py:188} INFO - [2024-02-05T14:19:32.621+0000] {override.py:1769} INFO - Created Permission View: can edit on DAG:dataset_consumes_unknown_never_scheduled
[2024-02-05T14:19:32.641+0000] {logging_mixin.py:188} INFO - [2024-02-05T14:19:32.641+0000] {override.py:1769} INFO - Created Permission View: can delete on DAG:dataset_produces_2
[2024-02-05T14:19:32.650+0000] {logging_mixin.py:188} INFO - [2024-02-05T14:19:32.649+0000] {override.py:1769} INFO - Created Permission View: can read on DAG:dataset_produces_2
[2024-02-05T14:19:32.668+0000] {logging_mixin.py:188} INFO - [2024-02-05T14:19:32.667+0000] {override.py:1769} INFO - Created Permission View: can edit on DAG:dataset_produces_2
[2024-02-05T14:19:32.715+0000] {logging_mixin.py:188} INFO - [2024-02-05T14:19:32.714+0000] {override.py:1769} INFO - Created Permission View: can delete on DAG:dataset_consumes_1_never_scheduled
[2024-02-05T14:19:32.729+0000] {logging_mixin.py:188} INFO - [2024-02-05T14:19:32.728+0000] {override.py:1769} INFO - Created Permission View: can read on DAG:dataset_consumes_1_never_scheduled
[2024-02-05T14:19:32.750+0000] {logging_mixin.py:188} INFO - [2024-02-05T14:19:32.749+0000] {override.py:1769} INFO - Created Permission View: can edit on DAG:dataset_consumes_1_never_scheduled
[2024-02-05T14:19:32.754+0000] {logging_mixin.py:188} INFO - [2024-02-05T14:19:32.754+0000] {dag.py:3036} INFO - Sync 6 DAGs
[2024-02-05T14:19:32.776+0000] {logging_mixin.py:188} INFO - [2024-02-05T14:19:32.776+0000] {dag.py:3058} INFO - Creating ORM DAG for dataset_consumes_1
[2024-02-05T14:19:32.778+0000] {logging_mixin.py:188} INFO - [2024-02-05T14:19:32.778+0000] {dag.py:3058} INFO - Creating ORM DAG for dataset_produces_2
[2024-02-05T14:19:32.778+0000] {logging_mixin.py:188} INFO - [2024-02-05T14:19:32.778+0000] {dag.py:3058} INFO - Creating ORM DAG for dataset_consumes_1_never_scheduled
[2024-02-05T14:19:32.778+0000] {logging_mixin.py:188} INFO - [2024-02-05T14:19:32.778+0000] {dag.py:3058} INFO - Creating ORM DAG for dataset_consumes_1_and_2
[2024-02-05T14:19:32.779+0000] {logging_mixin.py:188} INFO - [2024-02-05T14:19:32.779+0000] {dag.py:3058} INFO - Creating ORM DAG for dataset_consumes_unknown_never_scheduled
[2024-02-05T14:19:32.779+0000] {logging_mixin.py:188} INFO - [2024-02-05T14:19:32.779+0000] {dag.py:3058} INFO - Creating ORM DAG for dataset_produces_1
[2024-02-05T14:19:32.808+0000] {logging_mixin.py:188} INFO - [2024-02-05T14:19:32.808+0000] {dag.py:3823} INFO - Setting next_dagrun for dataset_consumes_1 to None, run_after=None
[2024-02-05T14:19:32.813+0000] {logging_mixin.py:188} INFO - [2024-02-05T14:19:32.813+0000] {dag.py:3823} INFO - Setting next_dagrun for dataset_consumes_1_and_2 to None, run_after=None
[2024-02-05T14:19:32.818+0000] {logging_mixin.py:188} INFO - [2024-02-05T14:19:32.818+0000] {dag.py:3823} INFO - Setting next_dagrun for dataset_consumes_1_never_scheduled to None, run_after=None
[2024-02-05T14:19:32.819+0000] {logging_mixin.py:188} INFO - [2024-02-05T14:19:32.818+0000] {dag.py:3823} INFO - Setting next_dagrun for dataset_consumes_unknown_never_scheduled to None, run_after=None
[2024-02-05T14:19:32.821+0000] {logging_mixin.py:188} INFO - [2024-02-05T14:19:32.820+0000] {dag.py:3823} INFO - Setting next_dagrun for dataset_produces_1 to 2024-02-04 00:00:00+00:00, run_after=2024-02-05 00:00:00+00:00
[2024-02-05T14:19:32.822+0000] {logging_mixin.py:188} INFO - [2024-02-05T14:19:32.822+0000] {dag.py:3823} INFO - Setting next_dagrun for dataset_produces_2 to None, run_after=None
[2024-02-05T14:19:32.914+0000] {processor.py:183} INFO - Processing /home/airflow/.local/lib/python3.8/site-packages/airflow/example_dags/example_datasets.py took 0.894 seconds
[2024-02-05T14:20:03.166+0000] {processor.py:161} INFO - Started process (PID=96) to work on /home/airflow/.local/lib/python3.8/site-packages/airflow/example_dags/example_datasets.py
[2024-02-05T14:20:03.168+0000] {processor.py:830} INFO - Processing file /home/airflow/.local/lib/python3.8/site-packages/airflow/example_dags/example_datasets.py for tasks to queue
[2024-02-05T14:20:03.170+0000] {logging_mixin.py:188} INFO - [2024-02-05T14:20:03.170+0000] {dagbag.py:538} INFO - Filling up the DagBag from /home/airflow/.local/lib/python3.8/site-packages/airflow/example_dags/example_datasets.py
[2024-02-05T14:20:03.184+0000] {processor.py:840} INFO - DAG(s) 'dataset_consumes_unknown_never_scheduled', 'dataset_produces_1', 'dataset_consumes_1_never_scheduled', 'dataset_consumes_1', 'dataset_produces_2', 'dataset_consumes_1_and_2' retrieved from /home/airflow/.local/lib/python3.8/site-packages/airflow/example_dags/example_datasets.py
[2024-02-05T14:20:03.210+0000] {logging_mixin.py:188} INFO - [2024-02-05T14:20:03.210+0000] {dag.py:3036} INFO - Sync 6 DAGs
[2024-02-05T14:20:03.227+0000] {logging_mixin.py:188} INFO - [2024-02-05T14:20:03.227+0000] {dag.py:3823} INFO - Setting next_dagrun for dataset_consumes_1 to None, run_after=None
[2024-02-05T14:20:03.230+0000] {logging_mixin.py:188} INFO - [2024-02-05T14:20:03.230+0000] {dag.py:3823} INFO - Setting next_dagrun for dataset_consumes_1_and_2 to None, run_after=None
[2024-02-05T14:20:03.231+0000] {logging_mixin.py:188} INFO - [2024-02-05T14:20:03.231+0000] {dag.py:3823} INFO - Setting next_dagrun for dataset_consumes_1_never_scheduled to None, run_after=None
[2024-02-05T14:20:03.232+0000] {logging_mixin.py:188} INFO - [2024-02-05T14:20:03.232+0000] {dag.py:3823} INFO - Setting next_dagrun for dataset_consumes_unknown_never_scheduled to None, run_after=None
[2024-02-05T14:20:03.234+0000] {logging_mixin.py:188} INFO - [2024-02-05T14:20:03.234+0000] {dag.py:3823} INFO - Setting next_dagrun for dataset_produces_1 to 2024-02-04 00:00:00+00:00, run_after=2024-02-05 00:00:00+00:00
[2024-02-05T14:20:03.234+0000] {logging_mixin.py:188} INFO - [2024-02-05T14:20:03.234+0000] {dag.py:3823} INFO - Setting next_dagrun for dataset_produces_2 to None, run_after=None
[2024-02-05T14:20:03.297+0000] {processor.py:183} INFO - Processing /home/airflow/.local/lib/python3.8/site-packages/airflow/example_dags/example_datasets.py took 0.135 seconds
[2024-02-05T14:20:33.551+0000] {processor.py:161} INFO - Started process (PID=151) to work on /home/airflow/.local/lib/python3.8/site-packages/airflow/example_dags/example_datasets.py
[2024-02-05T14:20:33.552+0000] {processor.py:830} INFO - Processing file /home/airflow/.local/lib/python3.8/site-packages/airflow/example_dags/example_datasets.py for tasks to queue
[2024-02-05T14:20:33.555+0000] {logging_mixin.py:188} INFO - [2024-02-05T14:20:33.555+0000] {dagbag.py:538} INFO - Filling up the DagBag from /home/airflow/.local/lib/python3.8/site-packages/airflow/example_dags/example_datasets.py
[2024-02-05T14:20:33.566+0000] {processor.py:840} INFO - DAG(s) 'dataset_consumes_1_and_2', 'dataset_consumes_unknown_never_scheduled', 'dataset_consumes_1', 'dataset_produces_2', 'dataset_consumes_1_never_scheduled', 'dataset_produces_1' retrieved from /home/airflow/.local/lib/python3.8/site-packages/airflow/example_dags/example_datasets.py
[2024-02-05T14:20:33.591+0000] {logging_mixin.py:188} INFO - [2024-02-05T14:20:33.591+0000] {dag.py:3036} INFO - Sync 6 DAGs
[2024-02-05T14:20:33.646+0000] {logging_mixin.py:188} INFO - [2024-02-05T14:20:33.646+0000] {dag.py:3823} INFO - Setting next_dagrun for dataset_consumes_1 to None, run_after=None
[2024-02-05T14:20:33.649+0000] {logging_mixin.py:188} INFO - [2024-02-05T14:20:33.648+0000] {dag.py:3823} INFO - Setting next_dagrun for dataset_consumes_1_and_2 to None, run_after=None
[2024-02-05T14:20:33.649+0000] {logging_mixin.py:188} INFO - [2024-02-05T14:20:33.649+0000] {dag.py:3823} INFO - Setting next_dagrun for dataset_consumes_1_never_scheduled to None, run_after=None
[2024-02-05T14:20:33.650+0000] {logging_mixin.py:188} INFO - [2024-02-05T14:20:33.650+0000] {dag.py:3823} INFO - Setting next_dagrun for dataset_consumes_unknown_never_scheduled to None, run_after=None
[2024-02-05T14:20:33.652+0000] {logging_mixin.py:188} INFO - [2024-02-05T14:20:33.652+0000] {dag.py:3823} INFO - Setting next_dagrun for dataset_produces_1 to 2024-02-04 00:00:00+00:00, run_after=2024-02-05 00:00:00+00:00
[2024-02-05T14:20:33.653+0000] {logging_mixin.py:188} INFO - [2024-02-05T14:20:33.652+0000] {dag.py:3823} INFO - Setting next_dagrun for dataset_produces_2 to None, run_after=None
[2024-02-05T14:20:33.740+0000] {processor.py:183} INFO - Processing /home/airflow/.local/lib/python3.8/site-packages/airflow/example_dags/example_datasets.py took 0.193 seconds
[2024-02-05T14:21:37.656+0000] {processor.py:161} INFO - Started process (PID=212) to work on /home/airflow/.local/lib/python3.8/site-packages/airflow/example_dags/example_datasets.py
[2024-02-05T14:21:37.806+0000] {processor.py:830} INFO - Processing file /home/airflow/.local/lib/python3.8/site-packages/airflow/example_dags/example_datasets.py for tasks to queue
[2024-02-05T14:21:37.823+0000] {logging_mixin.py:188} INFO - [2024-02-05T14:21:37.821+0000] {dagbag.py:538} INFO - Filling up the DagBag from /home/airflow/.local/lib/python3.8/site-packages/airflow/example_dags/example_datasets.py
[2024-02-05T14:21:37.924+0000] {processor.py:840} INFO - DAG(s) 'dataset_consumes_1_and_2', 'dataset_produces_2', 'dataset_consumes_unknown_never_scheduled', 'dataset_produces_1', 'dataset_consumes_1', 'dataset_consumes_1_never_scheduled' retrieved from /home/airflow/.local/lib/python3.8/site-packages/airflow/example_dags/example_datasets.py
[2024-02-05T14:21:39.011+0000] {logging_mixin.py:188} INFO - [2024-02-05T14:21:39.010+0000] {dag.py:3036} INFO - Sync 6 DAGs
[2024-02-05T14:21:39.045+0000] {logging_mixin.py:188} INFO - [2024-02-05T14:21:39.045+0000] {dag.py:3823} INFO - Setting next_dagrun for dataset_consumes_1 to None, run_after=None
[2024-02-05T14:21:39.054+0000] {logging_mixin.py:188} INFO - [2024-02-05T14:21:39.054+0000] {dag.py:3823} INFO - Setting next_dagrun for dataset_consumes_1_and_2 to None, run_after=None
[2024-02-05T14:21:39.057+0000] {logging_mixin.py:188} INFO - [2024-02-05T14:21:39.057+0000] {dag.py:3823} INFO - Setting next_dagrun for dataset_consumes_1_never_scheduled to None, run_after=None
[2024-02-05T14:21:39.059+0000] {logging_mixin.py:188} INFO - [2024-02-05T14:21:39.059+0000] {dag.py:3823} INFO - Setting next_dagrun for dataset_consumes_unknown_never_scheduled to None, run_after=None
[2024-02-05T14:21:39.065+0000] {logging_mixin.py:188} INFO - [2024-02-05T14:21:39.065+0000] {dag.py:3823} INFO - Setting next_dagrun for dataset_produces_1 to 2024-02-04 00:00:00+00:00, run_after=2024-02-05 00:00:00+00:00
[2024-02-05T14:21:39.067+0000] {logging_mixin.py:188} INFO - [2024-02-05T14:21:39.067+0000] {dag.py:3823} INFO - Setting next_dagrun for dataset_produces_2 to None, run_after=None
[2024-02-05T14:21:39.105+0000] {processor.py:183} INFO - Processing /home/airflow/.local/lib/python3.8/site-packages/airflow/example_dags/example_datasets.py took 1.470 seconds
[2024-02-05T14:22:12.861+0000] {processor.py:161} INFO - Started process (PID=265) to work on /home/airflow/.local/lib/python3.8/site-packages/airflow/example_dags/example_datasets.py
[2024-02-05T14:22:12.862+0000] {processor.py:830} INFO - Processing file /home/airflow/.local/lib/python3.8/site-packages/airflow/example_dags/example_datasets.py for tasks to queue
[2024-02-05T14:22:12.863+0000] {logging_mixin.py:188} INFO - [2024-02-05T14:22:12.863+0000] {dagbag.py:538} INFO - Filling up the DagBag from /home/airflow/.local/lib/python3.8/site-packages/airflow/example_dags/example_datasets.py
[2024-02-05T14:22:12.878+0000] {processor.py:840} INFO - DAG(s) 'dataset_consumes_1_never_scheduled', 'dataset_consumes_unknown_never_scheduled', 'dataset_consumes_1_and_2', 'dataset_consumes_1', 'dataset_produces_1', 'dataset_produces_2' retrieved from /home/airflow/.local/lib/python3.8/site-packages/airflow/example_dags/example_datasets.py
[2024-02-05T14:22:12.920+0000] {logging_mixin.py:188} INFO - [2024-02-05T14:22:12.919+0000] {dag.py:3036} INFO - Sync 6 DAGs
[2024-02-05T14:22:12.939+0000] {logging_mixin.py:188} INFO - [2024-02-05T14:22:12.939+0000] {dag.py:3823} INFO - Setting next_dagrun for dataset_consumes_1 to None, run_after=None
[2024-02-05T14:22:12.942+0000] {logging_mixin.py:188} INFO - [2024-02-05T14:22:12.941+0000] {dag.py:3823} INFO - Setting next_dagrun for dataset_consumes_1_and_2 to None, run_after=None
[2024-02-05T14:22:12.942+0000] {logging_mixin.py:188} INFO - [2024-02-05T14:22:12.942+0000] {dag.py:3823} INFO - Setting next_dagrun for dataset_consumes_1_never_scheduled to None, run_after=None
[2024-02-05T14:22:12.943+0000] {logging_mixin.py:188} INFO - [2024-02-05T14:22:12.943+0000] {dag.py:3823} INFO - Setting next_dagrun for dataset_consumes_unknown_never_scheduled to None, run_after=None
[2024-02-05T14:22:12.945+0000] {logging_mixin.py:188} INFO - [2024-02-05T14:22:12.945+0000] {dag.py:3823} INFO - Setting next_dagrun for dataset_produces_1 to 2024-02-04 00:00:00+00:00, run_after=2024-02-05 00:00:00+00:00
[2024-02-05T14:22:12.946+0000] {logging_mixin.py:188} INFO - [2024-02-05T14:22:12.946+0000] {dag.py:3823} INFO - Setting next_dagrun for dataset_produces_2 to None, run_after=None
[2024-02-05T14:22:13.025+0000] {processor.py:183} INFO - Processing /home/airflow/.local/lib/python3.8/site-packages/airflow/example_dags/example_datasets.py took 0.176 seconds
[2024-02-05T14:22:44.997+0000] {processor.py:161} INFO - Started process (PID=326) to work on /home/airflow/.local/lib/python3.8/site-packages/airflow/example_dags/example_datasets.py
[2024-02-05T14:22:45.000+0000] {processor.py:830} INFO - Processing file /home/airflow/.local/lib/python3.8/site-packages/airflow/example_dags/example_datasets.py for tasks to queue
[2024-02-05T14:22:45.003+0000] {logging_mixin.py:188} INFO - [2024-02-05T14:22:45.003+0000] {dagbag.py:538} INFO - Filling up the DagBag from /home/airflow/.local/lib/python3.8/site-packages/airflow/example_dags/example_datasets.py
[2024-02-05T14:22:45.024+0000] {processor.py:840} INFO - DAG(s) 'dataset_consumes_1_never_scheduled', 'dataset_consumes_unknown_never_scheduled', 'dataset_produces_2', 'dataset_produces_1', 'dataset_consumes_1', 'dataset_consumes_1_and_2' retrieved from /home/airflow/.local/lib/python3.8/site-packages/airflow/example_dags/example_datasets.py
[2024-02-05T14:22:45.091+0000] {logging_mixin.py:188} INFO - [2024-02-05T14:22:45.091+0000] {dag.py:3036} INFO - Sync 6 DAGs
[2024-02-05T14:22:45.183+0000] {logging_mixin.py:188} INFO - [2024-02-05T14:22:45.182+0000] {dag.py:3823} INFO - Setting next_dagrun for dataset_consumes_1 to None, run_after=None
[2024-02-05T14:22:45.209+0000] {logging_mixin.py:188} INFO - [2024-02-05T14:22:45.208+0000] {dag.py:3823} INFO - Setting next_dagrun for dataset_consumes_1_and_2 to None, run_after=None
[2024-02-05T14:22:45.212+0000] {logging_mixin.py:188} INFO - [2024-02-05T14:22:45.211+0000] {dag.py:3823} INFO - Setting next_dagrun for dataset_consumes_1_never_scheduled to None, run_after=None
[2024-02-05T14:22:45.214+0000] {logging_mixin.py:188} INFO - [2024-02-05T14:22:45.214+0000] {dag.py:3823} INFO - Setting next_dagrun for dataset_consumes_unknown_never_scheduled to None, run_after=None
[2024-02-05T14:22:45.233+0000] {logging_mixin.py:188} INFO - [2024-02-05T14:22:45.231+0000] {dag.py:3823} INFO - Setting next_dagrun for dataset_produces_1 to 2024-02-04 00:00:00+00:00, run_after=2024-02-05 00:00:00+00:00
[2024-02-05T14:22:45.238+0000] {logging_mixin.py:188} INFO - [2024-02-05T14:22:45.238+0000] {dag.py:3823} INFO - Setting next_dagrun for dataset_produces_2 to None, run_after=None
[2024-02-05T14:22:45.378+0000] {processor.py:183} INFO - Processing /home/airflow/.local/lib/python3.8/site-packages/airflow/example_dags/example_datasets.py took 0.388 seconds
[2024-02-05T14:23:22.465+0000] {processor.py:161} INFO - Started process (PID=368) to work on /home/airflow/.local/lib/python3.8/site-packages/airflow/example_dags/example_datasets.py
[2024-02-05T14:23:22.468+0000] {processor.py:830} INFO - Processing file /home/airflow/.local/lib/python3.8/site-packages/airflow/example_dags/example_datasets.py for tasks to queue
[2024-02-05T14:23:22.472+0000] {logging_mixin.py:188} INFO - [2024-02-05T14:23:22.471+0000] {dagbag.py:538} INFO - Filling up the DagBag from /home/airflow/.local/lib/python3.8/site-packages/airflow/example_dags/example_datasets.py
[2024-02-05T14:23:22.486+0000] {processor.py:840} INFO - DAG(s) 'dataset_produces_2', 'dataset_consumes_1_never_scheduled', 'dataset_produces_1', 'dataset_consumes_unknown_never_scheduled', 'dataset_consumes_1', 'dataset_consumes_1_and_2' retrieved from /home/airflow/.local/lib/python3.8/site-packages/airflow/example_dags/example_datasets.py
[2024-02-05T14:23:22.526+0000] {logging_mixin.py:188} INFO - [2024-02-05T14:23:22.526+0000] {dag.py:3036} INFO - Sync 6 DAGs
[2024-02-05T14:23:22.576+0000] {logging_mixin.py:188} INFO - [2024-02-05T14:23:22.574+0000] {dag.py:3823} INFO - Setting next_dagrun for dataset_consumes_1 to None, run_after=None
[2024-02-05T14:23:23.549+0000] {logging_mixin.py:188} INFO - [2024-02-05T14:23:23.547+0000] {dag.py:3823} INFO - Setting next_dagrun for dataset_consumes_1_and_2 to None, run_after=None
[2024-02-05T14:23:23.551+0000] {logging_mixin.py:188} INFO - [2024-02-05T14:23:23.551+0000] {dag.py:3823} INFO - Setting next_dagrun for dataset_consumes_1_never_scheduled to None, run_after=None
[2024-02-05T14:23:23.553+0000] {logging_mixin.py:188} INFO - [2024-02-05T14:23:23.553+0000] {dag.py:3823} INFO - Setting next_dagrun for dataset_consumes_unknown_never_scheduled to None, run_after=None
[2024-02-05T14:23:23.558+0000] {logging_mixin.py:188} INFO - [2024-02-05T14:23:23.557+0000] {dag.py:3823} INFO - Setting next_dagrun for dataset_produces_1 to 2024-02-04 00:00:00+00:00, run_after=2024-02-05 00:00:00+00:00
[2024-02-05T14:23:23.559+0000] {logging_mixin.py:188} INFO - [2024-02-05T14:23:23.559+0000] {dag.py:3823} INFO - Setting next_dagrun for dataset_produces_2 to None, run_after=None
[2024-02-05T14:23:23.641+0000] {processor.py:183} INFO - Processing /home/airflow/.local/lib/python3.8/site-packages/airflow/example_dags/example_datasets.py took 1.181 seconds
[2024-02-05T14:24:07.619+0000] {processor.py:161} INFO - Started process (PID=422) to work on /home/airflow/.local/lib/python3.8/site-packages/airflow/example_dags/example_datasets.py
[2024-02-05T14:24:08.639+0000] {processor.py:830} INFO - Processing file /home/airflow/.local/lib/python3.8/site-packages/airflow/example_dags/example_datasets.py for tasks to queue
[2024-02-05T14:24:09.800+0000] {logging_mixin.py:188} INFO - [2024-02-05T14:24:09.794+0000] {dagbag.py:538} INFO - Filling up the DagBag from /home/airflow/.local/lib/python3.8/site-packages/airflow/example_dags/example_datasets.py
[2024-02-05T14:24:10.932+0000] {processor.py:840} INFO - DAG(s) 'dataset_produces_2', 'dataset_consumes_1_and_2', 'dataset_consumes_1', 'dataset_consumes_1_never_scheduled', 'dataset_consumes_unknown_never_scheduled', 'dataset_produces_1' retrieved from /home/airflow/.local/lib/python3.8/site-packages/airflow/example_dags/example_datasets.py
[2024-02-05T14:24:12.228+0000] {logging_mixin.py:188} INFO - [2024-02-05T14:24:12.227+0000] {dag.py:3036} INFO - Sync 6 DAGs
[2024-02-05T14:24:13.398+0000] {logging_mixin.py:188} INFO - [2024-02-05T14:24:13.395+0000] {dag.py:3823} INFO - Setting next_dagrun for dataset_consumes_1 to None, run_after=None
[2024-02-05T14:24:13.762+0000] {logging_mixin.py:188} INFO - [2024-02-05T14:24:13.761+0000] {dag.py:3823} INFO - Setting next_dagrun for dataset_consumes_1_and_2 to None, run_after=None
[2024-02-05T14:24:13.907+0000] {logging_mixin.py:188} INFO - [2024-02-05T14:24:13.906+0000] {dag.py:3823} INFO - Setting next_dagrun for dataset_consumes_1_never_scheduled to None, run_after=None
[2024-02-05T14:24:13.958+0000] {logging_mixin.py:188} INFO - [2024-02-05T14:24:13.957+0000] {dag.py:3823} INFO - Setting next_dagrun for dataset_consumes_unknown_never_scheduled to None, run_after=None
[2024-02-05T14:24:13.964+0000] {logging_mixin.py:188} INFO - [2024-02-05T14:24:13.964+0000] {dag.py:3823} INFO - Setting next_dagrun for dataset_produces_1 to 2024-02-04 00:00:00+00:00, run_after=2024-02-05 00:00:00+00:00
[2024-02-05T14:24:14.077+0000] {logging_mixin.py:188} INFO - [2024-02-05T14:24:14.077+0000] {dag.py:3823} INFO - Setting next_dagrun for dataset_produces_2 to None, run_after=None
[2024-02-05T14:24:14.235+0000] {processor.py:183} INFO - Processing /home/airflow/.local/lib/python3.8/site-packages/airflow/example_dags/example_datasets.py took 6.632 seconds
[2024-02-05T14:24:45.521+0000] {processor.py:161} INFO - Started process (PID=476) to work on /home/airflow/.local/lib/python3.8/site-packages/airflow/example_dags/example_datasets.py
[2024-02-05T14:24:45.546+0000] {processor.py:830} INFO - Processing file /home/airflow/.local/lib/python3.8/site-packages/airflow/example_dags/example_datasets.py for tasks to queue
[2024-02-05T14:24:45.575+0000] {logging_mixin.py:188} INFO - [2024-02-05T14:24:45.570+0000] {dagbag.py:538} INFO - Filling up the DagBag from /home/airflow/.local/lib/python3.8/site-packages/airflow/example_dags/example_datasets.py
[2024-02-05T14:24:45.798+0000] {processor.py:840} INFO - DAG(s) 'dataset_consumes_unknown_never_scheduled', 'dataset_consumes_1_never_scheduled', 'dataset_consumes_1_and_2', 'dataset_consumes_1', 'dataset_produces_2', 'dataset_produces_1' retrieved from /home/airflow/.local/lib/python3.8/site-packages/airflow/example_dags/example_datasets.py
[2024-02-05T14:24:45.984+0000] {logging_mixin.py:188} INFO - [2024-02-05T14:24:45.983+0000] {dag.py:3036} INFO - Sync 6 DAGs
[2024-02-05T14:24:46.049+0000] {logging_mixin.py:188} INFO - [2024-02-05T14:24:46.049+0000] {dag.py:3823} INFO - Setting next_dagrun for dataset_consumes_1 to None, run_after=None
[2024-02-05T14:24:46.054+0000] {logging_mixin.py:188} INFO - [2024-02-05T14:24:46.053+0000] {dag.py:3823} INFO - Setting next_dagrun for dataset_consumes_1_and_2 to None, run_after=None
[2024-02-05T14:24:46.055+0000] {logging_mixin.py:188} INFO - [2024-02-05T14:24:46.055+0000] {dag.py:3823} INFO - Setting next_dagrun for dataset_consumes_1_never_scheduled to None, run_after=None
[2024-02-05T14:24:46.056+0000] {logging_mixin.py:188} INFO - [2024-02-05T14:24:46.056+0000] {dag.py:3823} INFO - Setting next_dagrun for dataset_consumes_unknown_never_scheduled to None, run_after=None
[2024-02-05T14:24:46.065+0000] {logging_mixin.py:188} INFO - [2024-02-05T14:24:46.065+0000] {dag.py:3823} INFO - Setting next_dagrun for dataset_produces_1 to 2024-02-04 00:00:00+00:00, run_after=2024-02-05 00:00:00+00:00
[2024-02-05T14:24:46.068+0000] {logging_mixin.py:188} INFO - [2024-02-05T14:24:46.068+0000] {dag.py:3823} INFO - Setting next_dagrun for dataset_produces_2 to None, run_after=None
[2024-02-05T14:24:46.511+0000] {processor.py:183} INFO - Processing /home/airflow/.local/lib/python3.8/site-packages/airflow/example_dags/example_datasets.py took 1.193 seconds
[2024-02-05T14:25:17.454+0000] {processor.py:161} INFO - Started process (PID=531) to work on /home/airflow/.local/lib/python3.8/site-packages/airflow/example_dags/example_datasets.py
[2024-02-05T14:25:17.462+0000] {processor.py:830} INFO - Processing file /home/airflow/.local/lib/python3.8/site-packages/airflow/example_dags/example_datasets.py for tasks to queue
[2024-02-05T14:25:17.500+0000] {logging_mixin.py:188} INFO - [2024-02-05T14:25:17.496+0000] {dagbag.py:538} INFO - Filling up the DagBag from /home/airflow/.local/lib/python3.8/site-packages/airflow/example_dags/example_datasets.py
[2024-02-05T14:25:17.593+0000] {processor.py:840} INFO - DAG(s) 'dataset_produces_1', 'dataset_produces_2', 'dataset_consumes_1_and_2', 'dataset_consumes_1', 'dataset_consumes_unknown_never_scheduled', 'dataset_consumes_1_never_scheduled' retrieved from /home/airflow/.local/lib/python3.8/site-packages/airflow/example_dags/example_datasets.py
[2024-02-05T14:25:17.839+0000] {logging_mixin.py:188} INFO - [2024-02-05T14:25:17.839+0000] {dag.py:3036} INFO - Sync 6 DAGs
[2024-02-05T14:25:18.008+0000] {logging_mixin.py:188} INFO - [2024-02-05T14:25:18.005+0000] {dag.py:3823} INFO - Setting next_dagrun for dataset_consumes_1 to None, run_after=None
[2024-02-05T14:25:18.034+0000] {logging_mixin.py:188} INFO - [2024-02-05T14:25:18.033+0000] {dag.py:3823} INFO - Setting next_dagrun for dataset_consumes_1_and_2 to None, run_after=None
[2024-02-05T14:25:18.037+0000] {logging_mixin.py:188} INFO - [2024-02-05T14:25:18.037+0000] {dag.py:3823} INFO - Setting next_dagrun for dataset_consumes_1_never_scheduled to None, run_after=None
[2024-02-05T14:25:18.043+0000] {logging_mixin.py:188} INFO - [2024-02-05T14:25:18.042+0000] {dag.py:3823} INFO - Setting next_dagrun for dataset_consumes_unknown_never_scheduled to None, run_after=None
[2024-02-05T14:25:18.070+0000] {logging_mixin.py:188} INFO - [2024-02-05T14:25:18.068+0000] {dag.py:3823} INFO - Setting next_dagrun for dataset_produces_1 to 2024-02-04 00:00:00+00:00, run_after=2024-02-05 00:00:00+00:00
[2024-02-05T14:25:18.075+0000] {logging_mixin.py:188} INFO - [2024-02-05T14:25:18.075+0000] {dag.py:3823} INFO - Setting next_dagrun for dataset_produces_2 to None, run_after=None
[2024-02-05T14:25:18.215+0000] {processor.py:183} INFO - Processing /home/airflow/.local/lib/python3.8/site-packages/airflow/example_dags/example_datasets.py took 0.812 seconds
[2024-02-05T14:25:50.387+0000] {processor.py:161} INFO - Started process (PID=586) to work on /home/airflow/.local/lib/python3.8/site-packages/airflow/example_dags/example_datasets.py
[2024-02-05T14:25:50.449+0000] {processor.py:830} INFO - Processing file /home/airflow/.local/lib/python3.8/site-packages/airflow/example_dags/example_datasets.py for tasks to queue
[2024-02-05T14:25:50.614+0000] {logging_mixin.py:188} INFO - [2024-02-05T14:25:50.590+0000] {dagbag.py:538} INFO - Filling up the DagBag from /home/airflow/.local/lib/python3.8/site-packages/airflow/example_dags/example_datasets.py
[2024-02-05T14:25:50.966+0000] {processor.py:840} INFO - DAG(s) 'dataset_consumes_1_and_2', 'dataset_consumes_1_never_scheduled', 'dataset_consumes_1', 'dataset_produces_1', 'dataset_consumes_unknown_never_scheduled', 'dataset_produces_2' retrieved from /home/airflow/.local/lib/python3.8/site-packages/airflow/example_dags/example_datasets.py
[2024-02-05T14:25:51.319+0000] {logging_mixin.py:188} INFO - [2024-02-05T14:25:51.316+0000] {dag.py:3036} INFO - Sync 6 DAGs
[2024-02-05T14:25:51.445+0000] {logging_mixin.py:188} INFO - [2024-02-05T14:25:51.444+0000] {dag.py:3823} INFO - Setting next_dagrun for dataset_consumes_1 to None, run_after=None
[2024-02-05T14:25:51.462+0000] {logging_mixin.py:188} INFO - [2024-02-05T14:25:51.462+0000] {dag.py:3823} INFO - Setting next_dagrun for dataset_consumes_1_and_2 to None, run_after=None
[2024-02-05T14:25:51.465+0000] {logging_mixin.py:188} INFO - [2024-02-05T14:25:51.465+0000] {dag.py:3823} INFO - Setting next_dagrun for dataset_consumes_1_never_scheduled to None, run_after=None
[2024-02-05T14:25:51.467+0000] {logging_mixin.py:188} INFO - [2024-02-05T14:25:51.467+0000] {dag.py:3823} INFO - Setting next_dagrun for dataset_consumes_unknown_never_scheduled to None, run_after=None
[2024-02-05T14:25:51.477+0000] {logging_mixin.py:188} INFO - [2024-02-05T14:25:51.476+0000] {dag.py:3823} INFO - Setting next_dagrun for dataset_produces_1 to 2024-02-04 00:00:00+00:00, run_after=2024-02-05 00:00:00+00:00
[2024-02-05T14:25:51.480+0000] {logging_mixin.py:188} INFO - [2024-02-05T14:25:51.480+0000] {dag.py:3823} INFO - Setting next_dagrun for dataset_produces_2 to None, run_after=None
[2024-02-05T14:25:51.580+0000] {processor.py:183} INFO - Processing /home/airflow/.local/lib/python3.8/site-packages/airflow/example_dags/example_datasets.py took 1.312 seconds
[2024-02-05T14:26:22.077+0000] {processor.py:161} INFO - Started process (PID=647) to work on /home/airflow/.local/lib/python3.8/site-packages/airflow/example_dags/example_datasets.py
[2024-02-05T14:26:22.636+0000] {processor.py:830} INFO - Processing file /home/airflow/.local/lib/python3.8/site-packages/airflow/example_dags/example_datasets.py for tasks to queue
[2024-02-05T14:26:23.409+0000] {logging_mixin.py:188} INFO - [2024-02-05T14:26:23.407+0000] {dagbag.py:538} INFO - Filling up the DagBag from /home/airflow/.local/lib/python3.8/site-packages/airflow/example_dags/example_datasets.py
[2024-02-05T14:26:23.916+0000] {processor.py:840} INFO - DAG(s) 'dataset_produces_1', 'dataset_consumes_1', 'dataset_consumes_unknown_never_scheduled', 'dataset_produces_2', 'dataset_consumes_1_never_scheduled', 'dataset_consumes_1_and_2' retrieved from /home/airflow/.local/lib/python3.8/site-packages/airflow/example_dags/example_datasets.py
[2024-02-05T14:26:24.843+0000] {logging_mixin.py:188} INFO - [2024-02-05T14:26:24.817+0000] {dag.py:3036} INFO - Sync 6 DAGs
[2024-02-05T14:26:25.261+0000] {logging_mixin.py:188} INFO - [2024-02-05T14:26:25.259+0000] {dag.py:3823} INFO - Setting next_dagrun for dataset_consumes_1 to None, run_after=None
[2024-02-05T14:26:25.289+0000] {logging_mixin.py:188} INFO - [2024-02-05T14:26:25.289+0000] {dag.py:3823} INFO - Setting next_dagrun for dataset_consumes_1_and_2 to None, run_after=None
[2024-02-05T14:26:25.296+0000] {logging_mixin.py:188} INFO - [2024-02-05T14:26:25.296+0000] {dag.py:3823} INFO - Setting next_dagrun for dataset_consumes_1_never_scheduled to None, run_after=None
[2024-02-05T14:26:25.302+0000] {logging_mixin.py:188} INFO - [2024-02-05T14:26:25.302+0000] {dag.py:3823} INFO - Setting next_dagrun for dataset_consumes_unknown_never_scheduled to None, run_after=None
[2024-02-05T14:26:25.476+0000] {logging_mixin.py:188} INFO - [2024-02-05T14:26:25.473+0000] {dag.py:3823} INFO - Setting next_dagrun for dataset_produces_1 to 2024-02-04 00:00:00+00:00, run_after=2024-02-05 00:00:00+00:00
