[2024-02-05T14:19:34.400+0000] {processor.py:161} INFO - Started process (PID=52) to work on /home/airflow/.local/lib/python3.8/site-packages/airflow/example_dags/example_latest_only.py
[2024-02-05T14:19:34.402+0000] {processor.py:830} INFO - Processing file /home/airflow/.local/lib/python3.8/site-packages/airflow/example_dags/example_latest_only.py for tasks to queue
[2024-02-05T14:19:34.404+0000] {logging_mixin.py:188} INFO - [2024-02-05T14:19:34.403+0000] {dagbag.py:538} INFO - Filling up the DagBag from /home/airflow/.local/lib/python3.8/site-packages/airflow/example_dags/example_latest_only.py
[2024-02-05T14:19:34.413+0000] {processor.py:840} INFO - DAG(s) 'latest_only' retrieved from /home/airflow/.local/lib/python3.8/site-packages/airflow/example_dags/example_latest_only.py
[2024-02-05T14:19:34.545+0000] {logging_mixin.py:188} INFO - [2024-02-05T14:19:34.544+0000] {override.py:1769} INFO - Created Permission View: can delete on DAG:latest_only
[2024-02-05T14:19:34.571+0000] {logging_mixin.py:188} INFO - [2024-02-05T14:19:34.570+0000] {override.py:1769} INFO - Created Permission View: can read on DAG:latest_only
[2024-02-05T14:19:34.586+0000] {logging_mixin.py:188} INFO - [2024-02-05T14:19:34.585+0000] {override.py:1769} INFO - Created Permission View: can edit on DAG:latest_only
[2024-02-05T14:19:34.587+0000] {logging_mixin.py:188} INFO - [2024-02-05T14:19:34.587+0000] {dag.py:3036} INFO - Sync 1 DAGs
[2024-02-05T14:19:34.600+0000] {logging_mixin.py:188} INFO - [2024-02-05T14:19:34.600+0000] {dag.py:3058} INFO - Creating ORM DAG for latest_only
[2024-02-05T14:19:34.614+0000] {logging_mixin.py:188} INFO - [2024-02-05T14:19:34.614+0000] {dag.py:3823} INFO - Setting next_dagrun for latest_only to 2024-02-05 08:00:00+00:00, run_after=2024-02-05 12:00:00+00:00
[2024-02-05T14:19:34.696+0000] {processor.py:183} INFO - Processing /home/airflow/.local/lib/python3.8/site-packages/airflow/example_dags/example_latest_only.py took 0.299 seconds
[2024-02-05T14:20:05.691+0000] {processor.py:161} INFO - Started process (PID=106) to work on /home/airflow/.local/lib/python3.8/site-packages/airflow/example_dags/example_latest_only.py
[2024-02-05T14:20:05.693+0000] {processor.py:830} INFO - Processing file /home/airflow/.local/lib/python3.8/site-packages/airflow/example_dags/example_latest_only.py for tasks to queue
[2024-02-05T14:20:05.693+0000] {logging_mixin.py:188} INFO - [2024-02-05T14:20:05.693+0000] {dagbag.py:538} INFO - Filling up the DagBag from /home/airflow/.local/lib/python3.8/site-packages/airflow/example_dags/example_latest_only.py
[2024-02-05T14:20:05.697+0000] {processor.py:840} INFO - DAG(s) 'latest_only' retrieved from /home/airflow/.local/lib/python3.8/site-packages/airflow/example_dags/example_latest_only.py
[2024-02-05T14:20:05.743+0000] {logging_mixin.py:188} INFO - [2024-02-05T14:20:05.743+0000] {dag.py:3036} INFO - Sync 1 DAGs
[2024-02-05T14:20:05.778+0000] {logging_mixin.py:188} INFO - [2024-02-05T14:20:05.778+0000] {dag.py:3823} INFO - Setting next_dagrun for latest_only to 2024-02-05 08:00:00+00:00, run_after=2024-02-05 12:00:00+00:00
[2024-02-05T14:20:05.849+0000] {processor.py:183} INFO - Processing /home/airflow/.local/lib/python3.8/site-packages/airflow/example_dags/example_latest_only.py took 0.160 seconds
[2024-02-05T14:20:36.208+0000] {processor.py:161} INFO - Started process (PID=161) to work on /home/airflow/.local/lib/python3.8/site-packages/airflow/example_dags/example_latest_only.py
[2024-02-05T14:20:36.218+0000] {processor.py:830} INFO - Processing file /home/airflow/.local/lib/python3.8/site-packages/airflow/example_dags/example_latest_only.py for tasks to queue
[2024-02-05T14:20:36.221+0000] {logging_mixin.py:188} INFO - [2024-02-05T14:20:36.221+0000] {dagbag.py:538} INFO - Filling up the DagBag from /home/airflow/.local/lib/python3.8/site-packages/airflow/example_dags/example_latest_only.py
[2024-02-05T14:20:36.235+0000] {processor.py:840} INFO - DAG(s) 'latest_only' retrieved from /home/airflow/.local/lib/python3.8/site-packages/airflow/example_dags/example_latest_only.py
[2024-02-05T14:20:36.278+0000] {logging_mixin.py:188} INFO - [2024-02-05T14:20:36.278+0000] {dag.py:3036} INFO - Sync 1 DAGs
[2024-02-05T14:20:36.318+0000] {logging_mixin.py:188} INFO - [2024-02-05T14:20:36.318+0000] {dag.py:3823} INFO - Setting next_dagrun for latest_only to 2024-02-05 08:00:00+00:00, run_after=2024-02-05 12:00:00+00:00
[2024-02-05T14:20:36.330+0000] {processor.py:183} INFO - Processing /home/airflow/.local/lib/python3.8/site-packages/airflow/example_dags/example_latest_only.py took 0.140 seconds
[2024-02-05T14:21:39.825+0000] {processor.py:161} INFO - Started process (PID=222) to work on /home/airflow/.local/lib/python3.8/site-packages/airflow/example_dags/example_latest_only.py
[2024-02-05T14:21:39.827+0000] {processor.py:830} INFO - Processing file /home/airflow/.local/lib/python3.8/site-packages/airflow/example_dags/example_latest_only.py for tasks to queue
[2024-02-05T14:21:39.829+0000] {logging_mixin.py:188} INFO - [2024-02-05T14:21:39.828+0000] {dagbag.py:538} INFO - Filling up the DagBag from /home/airflow/.local/lib/python3.8/site-packages/airflow/example_dags/example_latest_only.py
[2024-02-05T14:21:39.833+0000] {processor.py:840} INFO - DAG(s) 'latest_only' retrieved from /home/airflow/.local/lib/python3.8/site-packages/airflow/example_dags/example_latest_only.py
[2024-02-05T14:21:39.866+0000] {logging_mixin.py:188} INFO - [2024-02-05T14:21:39.866+0000] {dag.py:3036} INFO - Sync 1 DAGs
[2024-02-05T14:21:39.934+0000] {logging_mixin.py:188} INFO - [2024-02-05T14:21:39.933+0000] {dag.py:3823} INFO - Setting next_dagrun for latest_only to 2024-02-05 08:00:00+00:00, run_after=2024-02-05 12:00:00+00:00
[2024-02-05T14:21:40.870+0000] {processor.py:183} INFO - Processing /home/airflow/.local/lib/python3.8/site-packages/airflow/example_dags/example_latest_only.py took 1.050 seconds
[2024-02-05T14:22:14.056+0000] {processor.py:161} INFO - Started process (PID=281) to work on /home/airflow/.local/lib/python3.8/site-packages/airflow/example_dags/example_latest_only.py
[2024-02-05T14:22:14.060+0000] {processor.py:830} INFO - Processing file /home/airflow/.local/lib/python3.8/site-packages/airflow/example_dags/example_latest_only.py for tasks to queue
[2024-02-05T14:22:15.007+0000] {logging_mixin.py:188} INFO - [2024-02-05T14:22:15.002+0000] {dagbag.py:538} INFO - Filling up the DagBag from /home/airflow/.local/lib/python3.8/site-packages/airflow/example_dags/example_latest_only.py
[2024-02-05T14:22:15.078+0000] {processor.py:840} INFO - DAG(s) 'latest_only' retrieved from /home/airflow/.local/lib/python3.8/site-packages/airflow/example_dags/example_latest_only.py
[2024-02-05T14:22:15.171+0000] {logging_mixin.py:188} INFO - [2024-02-05T14:22:15.171+0000] {dag.py:3036} INFO - Sync 1 DAGs
[2024-02-05T14:22:16.046+0000] {logging_mixin.py:188} INFO - [2024-02-05T14:22:16.044+0000] {dag.py:3823} INFO - Setting next_dagrun for latest_only to 2024-02-05 08:00:00+00:00, run_after=2024-02-05 12:00:00+00:00
[2024-02-05T14:22:16.254+0000] {processor.py:183} INFO - Processing /home/airflow/.local/lib/python3.8/site-packages/airflow/example_dags/example_latest_only.py took 2.206 seconds
[2024-02-05T14:22:47.417+0000] {processor.py:161} INFO - Started process (PID=336) to work on /home/airflow/.local/lib/python3.8/site-packages/airflow/example_dags/example_latest_only.py
[2024-02-05T14:22:47.420+0000] {processor.py:830} INFO - Processing file /home/airflow/.local/lib/python3.8/site-packages/airflow/example_dags/example_latest_only.py for tasks to queue
[2024-02-05T14:22:47.426+0000] {logging_mixin.py:188} INFO - [2024-02-05T14:22:47.426+0000] {dagbag.py:538} INFO - Filling up the DagBag from /home/airflow/.local/lib/python3.8/site-packages/airflow/example_dags/example_latest_only.py
[2024-02-05T14:22:47.446+0000] {processor.py:840} INFO - DAG(s) 'latest_only' retrieved from /home/airflow/.local/lib/python3.8/site-packages/airflow/example_dags/example_latest_only.py
[2024-02-05T14:22:47.502+0000] {logging_mixin.py:188} INFO - [2024-02-05T14:22:47.501+0000] {dag.py:3036} INFO - Sync 1 DAGs
[2024-02-05T14:22:47.521+0000] {logging_mixin.py:188} INFO - [2024-02-05T14:22:47.521+0000] {dag.py:3823} INFO - Setting next_dagrun for latest_only to 2024-02-05 08:00:00+00:00, run_after=2024-02-05 12:00:00+00:00
[2024-02-05T14:22:48.426+0000] {processor.py:183} INFO - Processing /home/airflow/.local/lib/python3.8/site-packages/airflow/example_dags/example_latest_only.py took 1.016 seconds
[2024-02-05T14:23:25.110+0000] {processor.py:161} INFO - Started process (PID=378) to work on /home/airflow/.local/lib/python3.8/site-packages/airflow/example_dags/example_latest_only.py
[2024-02-05T14:23:25.112+0000] {processor.py:830} INFO - Processing file /home/airflow/.local/lib/python3.8/site-packages/airflow/example_dags/example_latest_only.py for tasks to queue
[2024-02-05T14:23:25.116+0000] {logging_mixin.py:188} INFO - [2024-02-05T14:23:25.115+0000] {dagbag.py:538} INFO - Filling up the DagBag from /home/airflow/.local/lib/python3.8/site-packages/airflow/example_dags/example_latest_only.py
[2024-02-05T14:23:25.138+0000] {processor.py:840} INFO - DAG(s) 'latest_only' retrieved from /home/airflow/.local/lib/python3.8/site-packages/airflow/example_dags/example_latest_only.py
[2024-02-05T14:23:25.176+0000] {logging_mixin.py:188} INFO - [2024-02-05T14:23:25.175+0000] {dag.py:3036} INFO - Sync 1 DAGs
[2024-02-05T14:23:25.252+0000] {logging_mixin.py:188} INFO - [2024-02-05T14:23:25.251+0000] {dag.py:3823} INFO - Setting next_dagrun for latest_only to 2024-02-05 08:00:00+00:00, run_after=2024-02-05 12:00:00+00:00
[2024-02-05T14:23:25.278+0000] {processor.py:183} INFO - Processing /home/airflow/.local/lib/python3.8/site-packages/airflow/example_dags/example_latest_only.py took 0.174 seconds
[2024-02-05T14:24:14.776+0000] {processor.py:161} INFO - Started process (PID=433) to work on /home/airflow/.local/lib/python3.8/site-packages/airflow/example_dags/example_latest_only.py
[2024-02-05T14:24:14.778+0000] {processor.py:830} INFO - Processing file /home/airflow/.local/lib/python3.8/site-packages/airflow/example_dags/example_latest_only.py for tasks to queue
[2024-02-05T14:24:14.780+0000] {logging_mixin.py:188} INFO - [2024-02-05T14:24:14.780+0000] {dagbag.py:538} INFO - Filling up the DagBag from /home/airflow/.local/lib/python3.8/site-packages/airflow/example_dags/example_latest_only.py
[2024-02-05T14:24:14.790+0000] {processor.py:840} INFO - DAG(s) 'latest_only' retrieved from /home/airflow/.local/lib/python3.8/site-packages/airflow/example_dags/example_latest_only.py
[2024-02-05T14:24:14.847+0000] {logging_mixin.py:188} INFO - [2024-02-05T14:24:14.846+0000] {dag.py:3036} INFO - Sync 1 DAGs
[2024-02-05T14:24:14.891+0000] {logging_mixin.py:188} INFO - [2024-02-05T14:24:14.891+0000] {dag.py:3823} INFO - Setting next_dagrun for latest_only to 2024-02-05 08:00:00+00:00, run_after=2024-02-05 12:00:00+00:00
[2024-02-05T14:24:14.931+0000] {processor.py:183} INFO - Processing /home/airflow/.local/lib/python3.8/site-packages/airflow/example_dags/example_latest_only.py took 0.159 seconds
[2024-02-05T14:24:49.964+0000] {processor.py:161} INFO - Started process (PID=492) to work on /home/airflow/.local/lib/python3.8/site-packages/airflow/example_dags/example_latest_only.py
[2024-02-05T14:24:49.965+0000] {processor.py:830} INFO - Processing file /home/airflow/.local/lib/python3.8/site-packages/airflow/example_dags/example_latest_only.py for tasks to queue
[2024-02-05T14:24:49.968+0000] {logging_mixin.py:188} INFO - [2024-02-05T14:24:49.967+0000] {dagbag.py:538} INFO - Filling up the DagBag from /home/airflow/.local/lib/python3.8/site-packages/airflow/example_dags/example_latest_only.py
[2024-02-05T14:24:49.974+0000] {processor.py:840} INFO - DAG(s) 'latest_only' retrieved from /home/airflow/.local/lib/python3.8/site-packages/airflow/example_dags/example_latest_only.py
[2024-02-05T14:24:50.043+0000] {logging_mixin.py:188} INFO - [2024-02-05T14:24:50.043+0000] {dag.py:3036} INFO - Sync 1 DAGs
[2024-02-05T14:24:50.129+0000] {logging_mixin.py:188} INFO - [2024-02-05T14:24:50.129+0000] {dag.py:3823} INFO - Setting next_dagrun for latest_only to 2024-02-05 08:00:00+00:00, run_after=2024-02-05 12:00:00+00:00
[2024-02-05T14:24:50.208+0000] {processor.py:183} INFO - Processing /home/airflow/.local/lib/python3.8/site-packages/airflow/example_dags/example_latest_only.py took 0.248 seconds
[2024-02-05T14:25:21.912+0000] {processor.py:161} INFO - Started process (PID=548) to work on /home/airflow/.local/lib/python3.8/site-packages/airflow/example_dags/example_latest_only.py
[2024-02-05T14:25:21.917+0000] {processor.py:830} INFO - Processing file /home/airflow/.local/lib/python3.8/site-packages/airflow/example_dags/example_latest_only.py for tasks to queue
[2024-02-05T14:25:21.927+0000] {logging_mixin.py:188} INFO - [2024-02-05T14:25:21.926+0000] {dagbag.py:538} INFO - Filling up the DagBag from /home/airflow/.local/lib/python3.8/site-packages/airflow/example_dags/example_latest_only.py
[2024-02-05T14:25:21.949+0000] {processor.py:840} INFO - DAG(s) 'latest_only' retrieved from /home/airflow/.local/lib/python3.8/site-packages/airflow/example_dags/example_latest_only.py
[2024-02-05T14:25:21.999+0000] {logging_mixin.py:188} INFO - [2024-02-05T14:25:21.998+0000] {dag.py:3036} INFO - Sync 1 DAGs
[2024-02-05T14:25:22.033+0000] {logging_mixin.py:188} INFO - [2024-02-05T14:25:22.033+0000] {dag.py:3823} INFO - Setting next_dagrun for latest_only to 2024-02-05 08:00:00+00:00, run_after=2024-02-05 12:00:00+00:00
[2024-02-05T14:25:22.059+0000] {processor.py:183} INFO - Processing /home/airflow/.local/lib/python3.8/site-packages/airflow/example_dags/example_latest_only.py took 0.157 seconds
[2024-02-05T14:25:56.336+0000] {processor.py:161} INFO - Started process (PID=604) to work on /home/airflow/.local/lib/python3.8/site-packages/airflow/example_dags/example_latest_only.py
[2024-02-05T14:25:56.339+0000] {processor.py:830} INFO - Processing file /home/airflow/.local/lib/python3.8/site-packages/airflow/example_dags/example_latest_only.py for tasks to queue
[2024-02-05T14:25:56.346+0000] {logging_mixin.py:188} INFO - [2024-02-05T14:25:56.345+0000] {dagbag.py:538} INFO - Filling up the DagBag from /home/airflow/.local/lib/python3.8/site-packages/airflow/example_dags/example_latest_only.py
[2024-02-05T14:25:56.386+0000] {processor.py:840} INFO - DAG(s) 'latest_only' retrieved from /home/airflow/.local/lib/python3.8/site-packages/airflow/example_dags/example_latest_only.py
[2024-02-05T14:25:56.595+0000] {logging_mixin.py:188} INFO - [2024-02-05T14:25:56.594+0000] {dag.py:3036} INFO - Sync 1 DAGs
[2024-02-05T14:25:56.774+0000] {logging_mixin.py:188} INFO - [2024-02-05T14:25:56.772+0000] {dag.py:3823} INFO - Setting next_dagrun for latest_only to 2024-02-05 08:00:00+00:00, run_after=2024-02-05 12:00:00+00:00
[2024-02-05T14:25:56.854+0000] {processor.py:183} INFO - Processing /home/airflow/.local/lib/python3.8/site-packages/airflow/example_dags/example_latest_only.py took 0.527 seconds
