[2024-02-05T14:19:25.560+0000] {processor.py:161} INFO - Started process (PID=35) to work on /home/airflow/.local/lib/python3.8/site-packages/airflow/example_dags/example_params_trigger_ui.py
[2024-02-05T14:19:25.565+0000] {processor.py:830} INFO - Processing file /home/airflow/.local/lib/python3.8/site-packages/airflow/example_dags/example_params_trigger_ui.py for tasks to queue
[2024-02-05T14:19:25.579+0000] {logging_mixin.py:188} INFO - [2024-02-05T14:19:25.577+0000] {dagbag.py:538} INFO - Filling up the DagBag from /home/airflow/.local/lib/python3.8/site-packages/airflow/example_dags/example_params_trigger_ui.py
[2024-02-05T14:19:25.703+0000] {processor.py:840} INFO - DAG(s) 'example_params_trigger_ui' retrieved from /home/airflow/.local/lib/python3.8/site-packages/airflow/example_dags/example_params_trigger_ui.py
[2024-02-05T14:19:26.215+0000] {logging_mixin.py:188} INFO - [2024-02-05T14:19:26.214+0000] {override.py:1769} INFO - Created Permission View: can delete on DAG:example_params_trigger_ui
[2024-02-05T14:19:26.254+0000] {logging_mixin.py:188} INFO - [2024-02-05T14:19:26.253+0000] {override.py:1769} INFO - Created Permission View: can read on DAG:example_params_trigger_ui
[2024-02-05T14:19:26.260+0000] {logging_mixin.py:188} INFO - [2024-02-05T14:19:26.259+0000] {override.py:1769} INFO - Created Permission View: can edit on DAG:example_params_trigger_ui
[2024-02-05T14:19:26.260+0000] {logging_mixin.py:188} INFO - [2024-02-05T14:19:26.260+0000] {dag.py:3036} INFO - Sync 1 DAGs
[2024-02-05T14:19:26.268+0000] {logging_mixin.py:188} INFO - [2024-02-05T14:19:26.267+0000] {dag.py:3058} INFO - Creating ORM DAG for example_params_trigger_ui
[2024-02-05T14:19:26.271+0000] {logging_mixin.py:188} INFO - [2024-02-05T14:19:26.271+0000] {dag.py:3823} INFO - Setting next_dagrun for example_params_trigger_ui to None, run_after=None
[2024-02-05T14:19:26.297+0000] {processor.py:183} INFO - Processing /home/airflow/.local/lib/python3.8/site-packages/airflow/example_dags/example_params_trigger_ui.py took 0.767 seconds
[2024-02-05T14:19:56.576+0000] {processor.py:161} INFO - Started process (PID=89) to work on /home/airflow/.local/lib/python3.8/site-packages/airflow/example_dags/example_params_trigger_ui.py
[2024-02-05T14:19:56.579+0000] {processor.py:830} INFO - Processing file /home/airflow/.local/lib/python3.8/site-packages/airflow/example_dags/example_params_trigger_ui.py for tasks to queue
[2024-02-05T14:19:56.585+0000] {logging_mixin.py:188} INFO - [2024-02-05T14:19:56.584+0000] {dagbag.py:538} INFO - Filling up the DagBag from /home/airflow/.local/lib/python3.8/site-packages/airflow/example_dags/example_params_trigger_ui.py
[2024-02-05T14:19:56.670+0000] {processor.py:840} INFO - DAG(s) 'example_params_trigger_ui' retrieved from /home/airflow/.local/lib/python3.8/site-packages/airflow/example_dags/example_params_trigger_ui.py
[2024-02-05T14:19:56.828+0000] {logging_mixin.py:188} INFO - [2024-02-05T14:19:56.827+0000] {dag.py:3036} INFO - Sync 1 DAGs
[2024-02-05T14:19:57.132+0000] {logging_mixin.py:188} INFO - [2024-02-05T14:19:57.132+0000] {dag.py:3823} INFO - Setting next_dagrun for example_params_trigger_ui to None, run_after=None
[2024-02-05T14:19:57.273+0000] {processor.py:183} INFO - Processing /home/airflow/.local/lib/python3.8/site-packages/airflow/example_dags/example_params_trigger_ui.py took 0.712 seconds
[2024-02-05T14:20:28.136+0000] {processor.py:161} INFO - Started process (PID=144) to work on /home/airflow/.local/lib/python3.8/site-packages/airflow/example_dags/example_params_trigger_ui.py
[2024-02-05T14:20:28.143+0000] {processor.py:830} INFO - Processing file /home/airflow/.local/lib/python3.8/site-packages/airflow/example_dags/example_params_trigger_ui.py for tasks to queue
[2024-02-05T14:20:28.156+0000] {logging_mixin.py:188} INFO - [2024-02-05T14:20:28.155+0000] {dagbag.py:538} INFO - Filling up the DagBag from /home/airflow/.local/lib/python3.8/site-packages/airflow/example_dags/example_params_trigger_ui.py
[2024-02-05T14:20:28.246+0000] {processor.py:840} INFO - DAG(s) 'example_params_trigger_ui' retrieved from /home/airflow/.local/lib/python3.8/site-packages/airflow/example_dags/example_params_trigger_ui.py
[2024-02-05T14:20:28.507+0000] {logging_mixin.py:188} INFO - [2024-02-05T14:20:28.503+0000] {dag.py:3036} INFO - Sync 1 DAGs
[2024-02-05T14:20:28.545+0000] {logging_mixin.py:188} INFO - [2024-02-05T14:20:28.544+0000] {dag.py:3823} INFO - Setting next_dagrun for example_params_trigger_ui to None, run_after=None
[2024-02-05T14:20:28.602+0000] {processor.py:183} INFO - Processing /home/airflow/.local/lib/python3.8/site-packages/airflow/example_dags/example_params_trigger_ui.py took 0.485 seconds
[2024-02-05T14:21:05.744+0000] {processor.py:161} INFO - Started process (PID=197) to work on /home/airflow/.local/lib/python3.8/site-packages/airflow/example_dags/example_params_trigger_ui.py
[2024-02-05T14:21:06.668+0000] {processor.py:830} INFO - Processing file /home/airflow/.local/lib/python3.8/site-packages/airflow/example_dags/example_params_trigger_ui.py for tasks to queue
[2024-02-05T14:21:07.595+0000] {logging_mixin.py:188} INFO - [2024-02-05T14:21:07.591+0000] {dagbag.py:538} INFO - Filling up the DagBag from /home/airflow/.local/lib/python3.8/site-packages/airflow/example_dags/example_params_trigger_ui.py
[2024-02-05T14:21:10.021+0000] {processor.py:840} INFO - DAG(s) 'example_params_trigger_ui' retrieved from /home/airflow/.local/lib/python3.8/site-packages/airflow/example_dags/example_params_trigger_ui.py
[2024-02-05T14:21:11.181+0000] {logging_mixin.py:188} INFO - [2024-02-05T14:21:11.179+0000] {dag.py:3036} INFO - Sync 1 DAGs
[2024-02-05T14:21:11.506+0000] {logging_mixin.py:188} INFO - [2024-02-05T14:21:11.505+0000] {dag.py:3823} INFO - Setting next_dagrun for example_params_trigger_ui to None, run_after=None
[2024-02-05T14:21:13.127+0000] {processor.py:183} INFO - Processing /home/airflow/.local/lib/python3.8/site-packages/airflow/example_dags/example_params_trigger_ui.py took 7.426 seconds
[2024-02-05T14:22:11.778+0000] {processor.py:161} INFO - Started process (PID=258) to work on /home/airflow/.local/lib/python3.8/site-packages/airflow/example_dags/example_params_trigger_ui.py
[2024-02-05T14:22:11.781+0000] {processor.py:830} INFO - Processing file /home/airflow/.local/lib/python3.8/site-packages/airflow/example_dags/example_params_trigger_ui.py for tasks to queue
[2024-02-05T14:22:11.797+0000] {logging_mixin.py:188} INFO - [2024-02-05T14:22:11.795+0000] {dagbag.py:538} INFO - Filling up the DagBag from /home/airflow/.local/lib/python3.8/site-packages/airflow/example_dags/example_params_trigger_ui.py
[2024-02-05T14:22:11.964+0000] {processor.py:840} INFO - DAG(s) 'example_params_trigger_ui' retrieved from /home/airflow/.local/lib/python3.8/site-packages/airflow/example_dags/example_params_trigger_ui.py
[2024-02-05T14:22:12.040+0000] {logging_mixin.py:188} INFO - [2024-02-05T14:22:12.040+0000] {dag.py:3036} INFO - Sync 1 DAGs
[2024-02-05T14:22:12.051+0000] {logging_mixin.py:188} INFO - [2024-02-05T14:22:12.051+0000] {dag.py:3823} INFO - Setting next_dagrun for example_params_trigger_ui to None, run_after=None
[2024-02-05T14:22:12.074+0000] {processor.py:183} INFO - Processing /home/airflow/.local/lib/python3.8/site-packages/airflow/example_dags/example_params_trigger_ui.py took 0.300 seconds
[2024-02-05T14:22:42.970+0000] {processor.py:161} INFO - Started process (PID=300) to work on /home/airflow/.local/lib/python3.8/site-packages/airflow/example_dags/example_params_trigger_ui.py
[2024-02-05T14:22:42.974+0000] {processor.py:830} INFO - Processing file /home/airflow/.local/lib/python3.8/site-packages/airflow/example_dags/example_params_trigger_ui.py for tasks to queue
[2024-02-05T14:22:42.976+0000] {logging_mixin.py:188} INFO - [2024-02-05T14:22:42.976+0000] {dagbag.py:538} INFO - Filling up the DagBag from /home/airflow/.local/lib/python3.8/site-packages/airflow/example_dags/example_params_trigger_ui.py
[2024-02-05T14:22:42.998+0000] {processor.py:840} INFO - DAG(s) 'example_params_trigger_ui' retrieved from /home/airflow/.local/lib/python3.8/site-packages/airflow/example_dags/example_params_trigger_ui.py
[2024-02-05T14:22:43.033+0000] {logging_mixin.py:188} INFO - [2024-02-05T14:22:43.033+0000] {dag.py:3036} INFO - Sync 1 DAGs
[2024-02-05T14:22:43.041+0000] {logging_mixin.py:188} INFO - [2024-02-05T14:22:43.040+0000] {dag.py:3823} INFO - Setting next_dagrun for example_params_trigger_ui to None, run_after=None
[2024-02-05T14:22:43.051+0000] {processor.py:183} INFO - Processing /home/airflow/.local/lib/python3.8/site-packages/airflow/example_dags/example_params_trigger_ui.py took 0.084 seconds
[2024-02-05T14:23:14.389+0000] {processor.py:161} INFO - Started process (PID=350) to work on /home/airflow/.local/lib/python3.8/site-packages/airflow/example_dags/example_params_trigger_ui.py
[2024-02-05T14:23:14.407+0000] {processor.py:830} INFO - Processing file /home/airflow/.local/lib/python3.8/site-packages/airflow/example_dags/example_params_trigger_ui.py for tasks to queue
[2024-02-05T14:23:14.418+0000] {logging_mixin.py:188} INFO - [2024-02-05T14:23:14.416+0000] {dagbag.py:538} INFO - Filling up the DagBag from /home/airflow/.local/lib/python3.8/site-packages/airflow/example_dags/example_params_trigger_ui.py
[2024-02-05T14:23:14.621+0000] {processor.py:840} INFO - DAG(s) 'example_params_trigger_ui' retrieved from /home/airflow/.local/lib/python3.8/site-packages/airflow/example_dags/example_params_trigger_ui.py
[2024-02-05T14:23:15.370+0000] {logging_mixin.py:188} INFO - [2024-02-05T14:23:15.362+0000] {dag.py:3036} INFO - Sync 1 DAGs
[2024-02-05T14:23:15.615+0000] {logging_mixin.py:188} INFO - [2024-02-05T14:23:15.609+0000] {dag.py:3823} INFO - Setting next_dagrun for example_params_trigger_ui to None, run_after=None
[2024-02-05T14:23:16.182+0000] {processor.py:183} INFO - Processing /home/airflow/.local/lib/python3.8/site-packages/airflow/example_dags/example_params_trigger_ui.py took 1.845 seconds
[2024-02-05T14:23:47.654+0000] {processor.py:161} INFO - Started process (PID=409) to work on /home/airflow/.local/lib/python3.8/site-packages/airflow/example_dags/example_params_trigger_ui.py
[2024-02-05T14:23:47.661+0000] {processor.py:830} INFO - Processing file /home/airflow/.local/lib/python3.8/site-packages/airflow/example_dags/example_params_trigger_ui.py for tasks to queue
[2024-02-05T14:23:47.706+0000] {logging_mixin.py:188} INFO - [2024-02-05T14:23:47.692+0000] {dagbag.py:538} INFO - Filling up the DagBag from /home/airflow/.local/lib/python3.8/site-packages/airflow/example_dags/example_params_trigger_ui.py
[2024-02-05T14:23:47.807+0000] {processor.py:840} INFO - DAG(s) 'example_params_trigger_ui' retrieved from /home/airflow/.local/lib/python3.8/site-packages/airflow/example_dags/example_params_trigger_ui.py
[2024-02-05T14:23:48.121+0000] {logging_mixin.py:188} INFO - [2024-02-05T14:23:48.119+0000] {dag.py:3036} INFO - Sync 1 DAGs
[2024-02-05T14:23:48.394+0000] {logging_mixin.py:188} INFO - [2024-02-05T14:23:48.394+0000] {dag.py:3823} INFO - Setting next_dagrun for example_params_trigger_ui to None, run_after=None
[2024-02-05T14:23:48.475+0000] {processor.py:183} INFO - Processing /home/airflow/.local/lib/python3.8/site-packages/airflow/example_dags/example_params_trigger_ui.py took 0.857 seconds
[2024-02-05T14:24:18.738+0000] {processor.py:161} INFO - Started process (PID=464) to work on /home/airflow/.local/lib/python3.8/site-packages/airflow/example_dags/example_params_trigger_ui.py
[2024-02-05T14:24:18.810+0000] {processor.py:830} INFO - Processing file /home/airflow/.local/lib/python3.8/site-packages/airflow/example_dags/example_params_trigger_ui.py for tasks to queue
[2024-02-05T14:24:18.899+0000] {logging_mixin.py:188} INFO - [2024-02-05T14:24:18.899+0000] {dagbag.py:538} INFO - Filling up the DagBag from /home/airflow/.local/lib/python3.8/site-packages/airflow/example_dags/example_params_trigger_ui.py
[2024-02-05T14:24:19.156+0000] {processor.py:840} INFO - DAG(s) 'example_params_trigger_ui' retrieved from /home/airflow/.local/lib/python3.8/site-packages/airflow/example_dags/example_params_trigger_ui.py
[2024-02-05T14:24:19.426+0000] {logging_mixin.py:188} INFO - [2024-02-05T14:24:19.426+0000] {dag.py:3036} INFO - Sync 1 DAGs
[2024-02-05T14:24:19.531+0000] {logging_mixin.py:188} INFO - [2024-02-05T14:24:19.531+0000] {dag.py:3823} INFO - Setting next_dagrun for example_params_trigger_ui to None, run_after=None
[2024-02-05T14:24:19.579+0000] {processor.py:183} INFO - Processing /home/airflow/.local/lib/python3.8/site-packages/airflow/example_dags/example_params_trigger_ui.py took 0.855 seconds
[2024-02-05T14:24:51.723+0000] {processor.py:161} INFO - Started process (PID=496) to work on /home/airflow/.local/lib/python3.8/site-packages/airflow/example_dags/example_params_trigger_ui.py
[2024-02-05T14:24:51.732+0000] {processor.py:830} INFO - Processing file /home/airflow/.local/lib/python3.8/site-packages/airflow/example_dags/example_params_trigger_ui.py for tasks to queue
[2024-02-05T14:24:51.750+0000] {logging_mixin.py:188} INFO - [2024-02-05T14:24:51.748+0000] {dagbag.py:538} INFO - Filling up the DagBag from /home/airflow/.local/lib/python3.8/site-packages/airflow/example_dags/example_params_trigger_ui.py
[2024-02-05T14:24:51.890+0000] {processor.py:840} INFO - DAG(s) 'example_params_trigger_ui' retrieved from /home/airflow/.local/lib/python3.8/site-packages/airflow/example_dags/example_params_trigger_ui.py
[2024-02-05T14:24:52.052+0000] {logging_mixin.py:188} INFO - [2024-02-05T14:24:52.052+0000] {dag.py:3036} INFO - Sync 1 DAGs
[2024-02-05T14:24:52.131+0000] {logging_mixin.py:188} INFO - [2024-02-05T14:24:52.130+0000] {dag.py:3823} INFO - Setting next_dagrun for example_params_trigger_ui to None, run_after=None
[2024-02-05T14:24:52.156+0000] {processor.py:183} INFO - Processing /home/airflow/.local/lib/python3.8/site-packages/airflow/example_dags/example_params_trigger_ui.py took 0.488 seconds
[2024-02-05T14:25:23.000+0000] {processor.py:161} INFO - Started process (PID=549) to work on /home/airflow/.local/lib/python3.8/site-packages/airflow/example_dags/example_params_trigger_ui.py
[2024-02-05T14:25:23.007+0000] {processor.py:830} INFO - Processing file /home/airflow/.local/lib/python3.8/site-packages/airflow/example_dags/example_params_trigger_ui.py for tasks to queue
[2024-02-05T14:25:23.013+0000] {logging_mixin.py:188} INFO - [2024-02-05T14:25:23.012+0000] {dagbag.py:538} INFO - Filling up the DagBag from /home/airflow/.local/lib/python3.8/site-packages/airflow/example_dags/example_params_trigger_ui.py
[2024-02-05T14:25:23.105+0000] {processor.py:840} INFO - DAG(s) 'example_params_trigger_ui' retrieved from /home/airflow/.local/lib/python3.8/site-packages/airflow/example_dags/example_params_trigger_ui.py
[2024-02-05T14:25:23.189+0000] {logging_mixin.py:188} INFO - [2024-02-05T14:25:23.189+0000] {dag.py:3036} INFO - Sync 1 DAGs
[2024-02-05T14:25:23.211+0000] {logging_mixin.py:188} INFO - [2024-02-05T14:25:23.211+0000] {dag.py:3823} INFO - Setting next_dagrun for example_params_trigger_ui to None, run_after=None
[2024-02-05T14:25:23.253+0000] {processor.py:183} INFO - Processing /home/airflow/.local/lib/python3.8/site-packages/airflow/example_dags/example_params_trigger_ui.py took 0.268 seconds
[2024-02-05T14:25:56.190+0000] {processor.py:161} INFO - Started process (PID=603) to work on /home/airflow/.local/lib/python3.8/site-packages/airflow/example_dags/example_params_trigger_ui.py
[2024-02-05T14:25:56.233+0000] {processor.py:830} INFO - Processing file /home/airflow/.local/lib/python3.8/site-packages/airflow/example_dags/example_params_trigger_ui.py for tasks to queue
[2024-02-05T14:25:56.278+0000] {logging_mixin.py:188} INFO - [2024-02-05T14:25:56.277+0000] {dagbag.py:538} INFO - Filling up the DagBag from /home/airflow/.local/lib/python3.8/site-packages/airflow/example_dags/example_params_trigger_ui.py
[2024-02-05T14:25:56.488+0000] {processor.py:840} INFO - DAG(s) 'example_params_trigger_ui' retrieved from /home/airflow/.local/lib/python3.8/site-packages/airflow/example_dags/example_params_trigger_ui.py
[2024-02-05T14:25:56.740+0000] {logging_mixin.py:188} INFO - [2024-02-05T14:25:56.737+0000] {dag.py:3036} INFO - Sync 1 DAGs
[2024-02-05T14:25:56.830+0000] {logging_mixin.py:188} INFO - [2024-02-05T14:25:56.827+0000] {dag.py:3823} INFO - Setting next_dagrun for example_params_trigger_ui to None, run_after=None
[2024-02-05T14:25:56.930+0000] {processor.py:183} INFO - Processing /home/airflow/.local/lib/python3.8/site-packages/airflow/example_dags/example_params_trigger_ui.py took 0.751 seconds
