[2024-02-05T14:19:42.824+0000] {processor.py:161} INFO - Started process (PID=81) to work on /home/airflow/.local/lib/python3.8/site-packages/airflow/example_dags/example_sensor_decorator.py
[2024-02-05T14:19:42.826+0000] {processor.py:830} INFO - Processing file /home/airflow/.local/lib/python3.8/site-packages/airflow/example_dags/example_sensor_decorator.py for tasks to queue
[2024-02-05T14:19:42.829+0000] {logging_mixin.py:188} INFO - [2024-02-05T14:19:42.828+0000] {dagbag.py:538} INFO - Filling up the DagBag from /home/airflow/.local/lib/python3.8/site-packages/airflow/example_dags/example_sensor_decorator.py
[2024-02-05T14:19:42.842+0000] {processor.py:840} INFO - DAG(s) 'example_sensor_decorator' retrieved from /home/airflow/.local/lib/python3.8/site-packages/airflow/example_dags/example_sensor_decorator.py
[2024-02-05T14:19:43.025+0000] {logging_mixin.py:188} INFO - [2024-02-05T14:19:43.024+0000] {override.py:1769} INFO - Created Permission View: can delete on DAG:example_sensor_decorator
[2024-02-05T14:19:43.047+0000] {logging_mixin.py:188} INFO - [2024-02-05T14:19:43.047+0000] {override.py:1769} INFO - Created Permission View: can read on DAG:example_sensor_decorator
[2024-02-05T14:19:43.108+0000] {logging_mixin.py:188} INFO - [2024-02-05T14:19:43.105+0000] {override.py:1769} INFO - Created Permission View: can edit on DAG:example_sensor_decorator
[2024-02-05T14:19:43.111+0000] {logging_mixin.py:188} INFO - [2024-02-05T14:19:43.111+0000] {dag.py:3036} INFO - Sync 1 DAGs
[2024-02-05T14:19:43.166+0000] {logging_mixin.py:188} INFO - [2024-02-05T14:19:43.165+0000] {dag.py:3058} INFO - Creating ORM DAG for example_sensor_decorator
[2024-02-05T14:19:43.169+0000] {logging_mixin.py:188} INFO - [2024-02-05T14:19:43.168+0000] {dag.py:3823} INFO - Setting next_dagrun for example_sensor_decorator to None, run_after=None
[2024-02-05T14:19:43.226+0000] {processor.py:183} INFO - Processing /home/airflow/.local/lib/python3.8/site-packages/airflow/example_dags/example_sensor_decorator.py took 0.404 seconds
[2024-02-05T14:20:14.174+0000] {processor.py:161} INFO - Started process (PID=136) to work on /home/airflow/.local/lib/python3.8/site-packages/airflow/example_dags/example_sensor_decorator.py
[2024-02-05T14:20:14.180+0000] {processor.py:830} INFO - Processing file /home/airflow/.local/lib/python3.8/site-packages/airflow/example_dags/example_sensor_decorator.py for tasks to queue
[2024-02-05T14:20:14.184+0000] {logging_mixin.py:188} INFO - [2024-02-05T14:20:14.183+0000] {dagbag.py:538} INFO - Filling up the DagBag from /home/airflow/.local/lib/python3.8/site-packages/airflow/example_dags/example_sensor_decorator.py
[2024-02-05T14:20:14.212+0000] {processor.py:840} INFO - DAG(s) 'example_sensor_decorator' retrieved from /home/airflow/.local/lib/python3.8/site-packages/airflow/example_dags/example_sensor_decorator.py
[2024-02-05T14:20:14.272+0000] {logging_mixin.py:188} INFO - [2024-02-05T14:20:14.272+0000] {dag.py:3036} INFO - Sync 1 DAGs
[2024-02-05T14:20:14.302+0000] {logging_mixin.py:188} INFO - [2024-02-05T14:20:14.302+0000] {dag.py:3823} INFO - Setting next_dagrun for example_sensor_decorator to None, run_after=None
[2024-02-05T14:20:14.349+0000] {processor.py:183} INFO - Processing /home/airflow/.local/lib/python3.8/site-packages/airflow/example_dags/example_sensor_decorator.py took 0.181 seconds
[2024-02-05T14:20:46.678+0000] {processor.py:161} INFO - Started process (PID=191) to work on /home/airflow/.local/lib/python3.8/site-packages/airflow/example_dags/example_sensor_decorator.py
[2024-02-05T14:20:46.689+0000] {processor.py:830} INFO - Processing file /home/airflow/.local/lib/python3.8/site-packages/airflow/example_dags/example_sensor_decorator.py for tasks to queue
[2024-02-05T14:20:46.692+0000] {logging_mixin.py:188} INFO - [2024-02-05T14:20:46.691+0000] {dagbag.py:538} INFO - Filling up the DagBag from /home/airflow/.local/lib/python3.8/site-packages/airflow/example_dags/example_sensor_decorator.py
[2024-02-05T14:20:46.703+0000] {processor.py:840} INFO - DAG(s) 'example_sensor_decorator' retrieved from /home/airflow/.local/lib/python3.8/site-packages/airflow/example_dags/example_sensor_decorator.py
[2024-02-05T14:20:46.729+0000] {logging_mixin.py:188} INFO - [2024-02-05T14:20:46.729+0000] {dag.py:3036} INFO - Sync 1 DAGs
[2024-02-05T14:20:46.745+0000] {logging_mixin.py:188} INFO - [2024-02-05T14:20:46.745+0000] {dag.py:3823} INFO - Setting next_dagrun for example_sensor_decorator to None, run_after=None
[2024-02-05T14:20:46.778+0000] {processor.py:183} INFO - Processing /home/airflow/.local/lib/python3.8/site-packages/airflow/example_dags/example_sensor_decorator.py took 0.103 seconds
[2024-02-05T14:22:11.110+0000] {processor.py:161} INFO - Started process (PID=252) to work on /home/airflow/.local/lib/python3.8/site-packages/airflow/example_dags/example_sensor_decorator.py
[2024-02-05T14:22:11.113+0000] {processor.py:830} INFO - Processing file /home/airflow/.local/lib/python3.8/site-packages/airflow/example_dags/example_sensor_decorator.py for tasks to queue
[2024-02-05T14:22:11.118+0000] {logging_mixin.py:188} INFO - [2024-02-05T14:22:11.117+0000] {dagbag.py:538} INFO - Filling up the DagBag from /home/airflow/.local/lib/python3.8/site-packages/airflow/example_dags/example_sensor_decorator.py
[2024-02-05T14:22:11.124+0000] {processor.py:840} INFO - DAG(s) 'example_sensor_decorator' retrieved from /home/airflow/.local/lib/python3.8/site-packages/airflow/example_dags/example_sensor_decorator.py
[2024-02-05T14:22:11.204+0000] {logging_mixin.py:188} INFO - [2024-02-05T14:22:11.203+0000] {dag.py:3036} INFO - Sync 1 DAGs
[2024-02-05T14:22:11.342+0000] {logging_mixin.py:188} INFO - [2024-02-05T14:22:11.340+0000] {dag.py:3823} INFO - Setting next_dagrun for example_sensor_decorator to None, run_after=None
[2024-02-05T14:22:11.470+0000] {processor.py:183} INFO - Processing /home/airflow/.local/lib/python3.8/site-packages/airflow/example_dags/example_sensor_decorator.py took 0.366 seconds
[2024-02-05T14:22:44.634+0000] {processor.py:161} INFO - Started process (PID=319) to work on /home/airflow/.local/lib/python3.8/site-packages/airflow/example_dags/example_sensor_decorator.py
[2024-02-05T14:22:44.637+0000] {processor.py:830} INFO - Processing file /home/airflow/.local/lib/python3.8/site-packages/airflow/example_dags/example_sensor_decorator.py for tasks to queue
[2024-02-05T14:22:44.638+0000] {logging_mixin.py:188} INFO - [2024-02-05T14:22:44.638+0000] {dagbag.py:538} INFO - Filling up the DagBag from /home/airflow/.local/lib/python3.8/site-packages/airflow/example_dags/example_sensor_decorator.py
[2024-02-05T14:22:44.643+0000] {processor.py:840} INFO - DAG(s) 'example_sensor_decorator' retrieved from /home/airflow/.local/lib/python3.8/site-packages/airflow/example_dags/example_sensor_decorator.py
[2024-02-05T14:22:44.665+0000] {logging_mixin.py:188} INFO - [2024-02-05T14:22:44.665+0000] {dag.py:3036} INFO - Sync 1 DAGs
[2024-02-05T14:22:44.673+0000] {logging_mixin.py:188} INFO - [2024-02-05T14:22:44.673+0000] {dag.py:3823} INFO - Setting next_dagrun for example_sensor_decorator to None, run_after=None
[2024-02-05T14:22:44.687+0000] {processor.py:183} INFO - Processing /home/airflow/.local/lib/python3.8/site-packages/airflow/example_dags/example_sensor_decorator.py took 0.058 seconds
[2024-02-05T14:23:28.558+0000] {processor.py:161} INFO - Started process (PID=388) to work on /home/airflow/.local/lib/python3.8/site-packages/airflow/example_dags/example_sensor_decorator.py
[2024-02-05T14:23:28.560+0000] {processor.py:830} INFO - Processing file /home/airflow/.local/lib/python3.8/site-packages/airflow/example_dags/example_sensor_decorator.py for tasks to queue
[2024-02-05T14:23:28.563+0000] {logging_mixin.py:188} INFO - [2024-02-05T14:23:28.562+0000] {dagbag.py:538} INFO - Filling up the DagBag from /home/airflow/.local/lib/python3.8/site-packages/airflow/example_dags/example_sensor_decorator.py
[2024-02-05T14:23:28.569+0000] {processor.py:840} INFO - DAG(s) 'example_sensor_decorator' retrieved from /home/airflow/.local/lib/python3.8/site-packages/airflow/example_dags/example_sensor_decorator.py
[2024-02-05T14:23:28.595+0000] {logging_mixin.py:188} INFO - [2024-02-05T14:23:28.595+0000] {dag.py:3036} INFO - Sync 1 DAGs
[2024-02-05T14:23:28.620+0000] {logging_mixin.py:188} INFO - [2024-02-05T14:23:28.620+0000] {dag.py:3823} INFO - Setting next_dagrun for example_sensor_decorator to None, run_after=None
[2024-02-05T14:23:28.646+0000] {processor.py:183} INFO - Processing /home/airflow/.local/lib/python3.8/site-packages/airflow/example_dags/example_sensor_decorator.py took 0.092 seconds
[2024-02-05T14:24:16.008+0000] {processor.py:161} INFO - Started process (PID=447) to work on /home/airflow/.local/lib/python3.8/site-packages/airflow/example_dags/example_sensor_decorator.py
[2024-02-05T14:24:16.010+0000] {processor.py:830} INFO - Processing file /home/airflow/.local/lib/python3.8/site-packages/airflow/example_dags/example_sensor_decorator.py for tasks to queue
[2024-02-05T14:24:16.012+0000] {logging_mixin.py:188} INFO - [2024-02-05T14:24:16.012+0000] {dagbag.py:538} INFO - Filling up the DagBag from /home/airflow/.local/lib/python3.8/site-packages/airflow/example_dags/example_sensor_decorator.py
[2024-02-05T14:24:16.018+0000] {processor.py:840} INFO - DAG(s) 'example_sensor_decorator' retrieved from /home/airflow/.local/lib/python3.8/site-packages/airflow/example_dags/example_sensor_decorator.py
[2024-02-05T14:24:16.049+0000] {logging_mixin.py:188} INFO - [2024-02-05T14:24:16.048+0000] {dag.py:3036} INFO - Sync 1 DAGs
[2024-02-05T14:24:16.062+0000] {logging_mixin.py:188} INFO - [2024-02-05T14:24:16.061+0000] {dag.py:3823} INFO - Setting next_dagrun for example_sensor_decorator to None, run_after=None
[2024-02-05T14:24:16.074+0000] {processor.py:183} INFO - Processing /home/airflow/.local/lib/python3.8/site-packages/airflow/example_dags/example_sensor_decorator.py took 0.070 seconds
[2024-02-05T14:24:56.964+0000] {processor.py:161} INFO - Started process (PID=516) to work on /home/airflow/.local/lib/python3.8/site-packages/airflow/example_dags/example_sensor_decorator.py
[2024-02-05T14:24:56.969+0000] {processor.py:830} INFO - Processing file /home/airflow/.local/lib/python3.8/site-packages/airflow/example_dags/example_sensor_decorator.py for tasks to queue
[2024-02-05T14:24:56.972+0000] {logging_mixin.py:188} INFO - [2024-02-05T14:24:56.972+0000] {dagbag.py:538} INFO - Filling up the DagBag from /home/airflow/.local/lib/python3.8/site-packages/airflow/example_dags/example_sensor_decorator.py
[2024-02-05T14:24:56.982+0000] {processor.py:840} INFO - DAG(s) 'example_sensor_decorator' retrieved from /home/airflow/.local/lib/python3.8/site-packages/airflow/example_dags/example_sensor_decorator.py
[2024-02-05T14:24:57.036+0000] {logging_mixin.py:188} INFO - [2024-02-05T14:24:57.036+0000] {dag.py:3036} INFO - Sync 1 DAGs
[2024-02-05T14:24:57.071+0000] {logging_mixin.py:188} INFO - [2024-02-05T14:24:57.071+0000] {dag.py:3823} INFO - Setting next_dagrun for example_sensor_decorator to None, run_after=None
[2024-02-05T14:24:57.097+0000] {processor.py:183} INFO - Processing /home/airflow/.local/lib/python3.8/site-packages/airflow/example_dags/example_sensor_decorator.py took 0.147 seconds
[2024-02-05T14:25:30.035+0000] {processor.py:161} INFO - Started process (PID=574) to work on /home/airflow/.local/lib/python3.8/site-packages/airflow/example_dags/example_sensor_decorator.py
[2024-02-05T14:25:30.039+0000] {processor.py:830} INFO - Processing file /home/airflow/.local/lib/python3.8/site-packages/airflow/example_dags/example_sensor_decorator.py for tasks to queue
[2024-02-05T14:25:30.041+0000] {logging_mixin.py:188} INFO - [2024-02-05T14:25:30.041+0000] {dagbag.py:538} INFO - Filling up the DagBag from /home/airflow/.local/lib/python3.8/site-packages/airflow/example_dags/example_sensor_decorator.py
[2024-02-05T14:25:30.046+0000] {processor.py:840} INFO - DAG(s) 'example_sensor_decorator' retrieved from /home/airflow/.local/lib/python3.8/site-packages/airflow/example_dags/example_sensor_decorator.py
[2024-02-05T14:25:30.064+0000] {logging_mixin.py:188} INFO - [2024-02-05T14:25:30.063+0000] {dag.py:3036} INFO - Sync 1 DAGs
[2024-02-05T14:25:30.077+0000] {logging_mixin.py:188} INFO - [2024-02-05T14:25:30.077+0000] {dag.py:3823} INFO - Setting next_dagrun for example_sensor_decorator to None, run_after=None
[2024-02-05T14:25:30.093+0000] {processor.py:183} INFO - Processing /home/airflow/.local/lib/python3.8/site-packages/airflow/example_dags/example_sensor_decorator.py took 0.061 seconds
[2024-02-05T14:26:02.949+0000] {processor.py:161} INFO - Started process (PID=632) to work on /home/airflow/.local/lib/python3.8/site-packages/airflow/example_dags/example_sensor_decorator.py
[2024-02-05T14:26:02.957+0000] {processor.py:830} INFO - Processing file /home/airflow/.local/lib/python3.8/site-packages/airflow/example_dags/example_sensor_decorator.py for tasks to queue
[2024-02-05T14:26:02.964+0000] {logging_mixin.py:188} INFO - [2024-02-05T14:26:02.963+0000] {dagbag.py:538} INFO - Filling up the DagBag from /home/airflow/.local/lib/python3.8/site-packages/airflow/example_dags/example_sensor_decorator.py
[2024-02-05T14:26:02.999+0000] {processor.py:840} INFO - DAG(s) 'example_sensor_decorator' retrieved from /home/airflow/.local/lib/python3.8/site-packages/airflow/example_dags/example_sensor_decorator.py
[2024-02-05T14:26:03.055+0000] {logging_mixin.py:188} INFO - [2024-02-05T14:26:03.054+0000] {dag.py:3036} INFO - Sync 1 DAGs
[2024-02-05T14:26:03.091+0000] {logging_mixin.py:188} INFO - [2024-02-05T14:26:03.091+0000] {dag.py:3823} INFO - Setting next_dagrun for example_sensor_decorator to None, run_after=None
[2024-02-05T14:26:03.146+0000] {processor.py:183} INFO - Processing /home/airflow/.local/lib/python3.8/site-packages/airflow/example_dags/example_sensor_decorator.py took 0.230 seconds
