[2024-02-05T14:19:38.260+0000] {processor.py:161} INFO - Started process (PID=64) to work on /home/airflow/.local/lib/python3.8/site-packages/airflow/example_dags/example_nested_branch_dag.py
[2024-02-05T14:19:38.262+0000] {processor.py:830} INFO - Processing file /home/airflow/.local/lib/python3.8/site-packages/airflow/example_dags/example_nested_branch_dag.py for tasks to queue
[2024-02-05T14:19:38.264+0000] {logging_mixin.py:188} INFO - [2024-02-05T14:19:38.263+0000] {dagbag.py:538} INFO - Filling up the DagBag from /home/airflow/.local/lib/python3.8/site-packages/airflow/example_dags/example_nested_branch_dag.py
[2024-02-05T14:19:38.276+0000] {processor.py:840} INFO - DAG(s) 'example_nested_branch_dag' retrieved from /home/airflow/.local/lib/python3.8/site-packages/airflow/example_dags/example_nested_branch_dag.py
[2024-02-05T14:19:38.414+0000] {logging_mixin.py:188} INFO - [2024-02-05T14:19:38.413+0000] {override.py:1769} INFO - Created Permission View: can delete on DAG:example_nested_branch_dag
[2024-02-05T14:19:38.445+0000] {logging_mixin.py:188} INFO - [2024-02-05T14:19:38.444+0000] {override.py:1769} INFO - Created Permission View: can read on DAG:example_nested_branch_dag
[2024-02-05T14:19:38.477+0000] {logging_mixin.py:188} INFO - [2024-02-05T14:19:38.476+0000] {override.py:1769} INFO - Created Permission View: can edit on DAG:example_nested_branch_dag
[2024-02-05T14:19:38.479+0000] {logging_mixin.py:188} INFO - [2024-02-05T14:19:38.479+0000] {dag.py:3036} INFO - Sync 1 DAGs
[2024-02-05T14:19:38.545+0000] {logging_mixin.py:188} INFO - [2024-02-05T14:19:38.544+0000] {dag.py:3058} INFO - Creating ORM DAG for example_nested_branch_dag
[2024-02-05T14:19:38.619+0000] {logging_mixin.py:188} INFO - [2024-02-05T14:19:38.618+0000] {dag.py:3823} INFO - Setting next_dagrun for example_nested_branch_dag to 2024-02-04 00:00:00+00:00, run_after=2024-02-05 00:00:00+00:00
[2024-02-05T14:19:38.685+0000] {processor.py:183} INFO - Processing /home/airflow/.local/lib/python3.8/site-packages/airflow/example_dags/example_nested_branch_dag.py took 0.432 seconds
[2024-02-05T14:20:08.842+0000] {processor.py:161} INFO - Started process (PID=118) to work on /home/airflow/.local/lib/python3.8/site-packages/airflow/example_dags/example_nested_branch_dag.py
[2024-02-05T14:20:08.844+0000] {processor.py:830} INFO - Processing file /home/airflow/.local/lib/python3.8/site-packages/airflow/example_dags/example_nested_branch_dag.py for tasks to queue
[2024-02-05T14:20:08.850+0000] {logging_mixin.py:188} INFO - [2024-02-05T14:20:08.849+0000] {dagbag.py:538} INFO - Filling up the DagBag from /home/airflow/.local/lib/python3.8/site-packages/airflow/example_dags/example_nested_branch_dag.py
[2024-02-05T14:20:08.866+0000] {processor.py:840} INFO - DAG(s) 'example_nested_branch_dag' retrieved from /home/airflow/.local/lib/python3.8/site-packages/airflow/example_dags/example_nested_branch_dag.py
[2024-02-05T14:20:08.896+0000] {logging_mixin.py:188} INFO - [2024-02-05T14:20:08.896+0000] {dag.py:3036} INFO - Sync 1 DAGs
[2024-02-05T14:20:08.922+0000] {logging_mixin.py:188} INFO - [2024-02-05T14:20:08.922+0000] {dag.py:3823} INFO - Setting next_dagrun for example_nested_branch_dag to 2024-02-04 00:00:00+00:00, run_after=2024-02-05 00:00:00+00:00
[2024-02-05T14:20:08.941+0000] {processor.py:183} INFO - Processing /home/airflow/.local/lib/python3.8/site-packages/airflow/example_dags/example_nested_branch_dag.py took 0.105 seconds
[2024-02-05T14:20:40.591+0000] {processor.py:161} INFO - Started process (PID=179) to work on /home/airflow/.local/lib/python3.8/site-packages/airflow/example_dags/example_nested_branch_dag.py
[2024-02-05T14:20:40.595+0000] {processor.py:830} INFO - Processing file /home/airflow/.local/lib/python3.8/site-packages/airflow/example_dags/example_nested_branch_dag.py for tasks to queue
[2024-02-05T14:20:40.599+0000] {logging_mixin.py:188} INFO - [2024-02-05T14:20:40.599+0000] {dagbag.py:538} INFO - Filling up the DagBag from /home/airflow/.local/lib/python3.8/site-packages/airflow/example_dags/example_nested_branch_dag.py
[2024-02-05T14:20:40.613+0000] {processor.py:840} INFO - DAG(s) 'example_nested_branch_dag' retrieved from /home/airflow/.local/lib/python3.8/site-packages/airflow/example_dags/example_nested_branch_dag.py
[2024-02-05T14:20:40.636+0000] {logging_mixin.py:188} INFO - [2024-02-05T14:20:40.636+0000] {dag.py:3036} INFO - Sync 1 DAGs
[2024-02-05T14:20:40.654+0000] {logging_mixin.py:188} INFO - [2024-02-05T14:20:40.654+0000] {dag.py:3823} INFO - Setting next_dagrun for example_nested_branch_dag to 2024-02-04 00:00:00+00:00, run_after=2024-02-05 00:00:00+00:00
[2024-02-05T14:20:40.665+0000] {processor.py:183} INFO - Processing /home/airflow/.local/lib/python3.8/site-packages/airflow/example_dags/example_nested_branch_dag.py took 0.086 seconds
[2024-02-05T14:22:07.513+0000] {processor.py:161} INFO - Started process (PID=240) to work on /home/airflow/.local/lib/python3.8/site-packages/airflow/example_dags/example_nested_branch_dag.py
[2024-02-05T14:22:08.111+0000] {processor.py:830} INFO - Processing file /home/airflow/.local/lib/python3.8/site-packages/airflow/example_dags/example_nested_branch_dag.py for tasks to queue
[2024-02-05T14:22:08.274+0000] {logging_mixin.py:188} INFO - [2024-02-05T14:22:08.272+0000] {dagbag.py:538} INFO - Filling up the DagBag from /home/airflow/.local/lib/python3.8/site-packages/airflow/example_dags/example_nested_branch_dag.py
[2024-02-05T14:22:08.335+0000] {processor.py:840} INFO - DAG(s) 'example_nested_branch_dag' retrieved from /home/airflow/.local/lib/python3.8/site-packages/airflow/example_dags/example_nested_branch_dag.py
[2024-02-05T14:22:08.460+0000] {logging_mixin.py:188} INFO - [2024-02-05T14:22:08.459+0000] {dag.py:3036} INFO - Sync 1 DAGs
[2024-02-05T14:22:08.608+0000] {logging_mixin.py:188} INFO - [2024-02-05T14:22:08.607+0000] {dag.py:3823} INFO - Setting next_dagrun for example_nested_branch_dag to 2024-02-04 00:00:00+00:00, run_after=2024-02-05 00:00:00+00:00
[2024-02-05T14:22:08.634+0000] {processor.py:183} INFO - Processing /home/airflow/.local/lib/python3.8/site-packages/airflow/example_dags/example_nested_branch_dag.py took 1.129 seconds
[2024-02-05T14:22:39.611+0000] {processor.py:161} INFO - Started process (PID=295) to work on /home/airflow/.local/lib/python3.8/site-packages/airflow/example_dags/example_nested_branch_dag.py
[2024-02-05T14:22:39.619+0000] {processor.py:830} INFO - Processing file /home/airflow/.local/lib/python3.8/site-packages/airflow/example_dags/example_nested_branch_dag.py for tasks to queue
[2024-02-05T14:22:39.627+0000] {logging_mixin.py:188} INFO - [2024-02-05T14:22:39.626+0000] {dagbag.py:538} INFO - Filling up the DagBag from /home/airflow/.local/lib/python3.8/site-packages/airflow/example_dags/example_nested_branch_dag.py
[2024-02-05T14:22:39.683+0000] {processor.py:840} INFO - DAG(s) 'example_nested_branch_dag' retrieved from /home/airflow/.local/lib/python3.8/site-packages/airflow/example_dags/example_nested_branch_dag.py
[2024-02-05T14:22:39.741+0000] {logging_mixin.py:188} INFO - [2024-02-05T14:22:39.740+0000] {dag.py:3036} INFO - Sync 1 DAGs
[2024-02-05T14:22:39.777+0000] {logging_mixin.py:188} INFO - [2024-02-05T14:22:39.777+0000] {dag.py:3823} INFO - Setting next_dagrun for example_nested_branch_dag to 2024-02-04 00:00:00+00:00, run_after=2024-02-05 00:00:00+00:00
[2024-02-05T14:22:41.019+0000] {processor.py:183} INFO - Processing /home/airflow/.local/lib/python3.8/site-packages/airflow/example_dags/example_nested_branch_dag.py took 1.421 seconds
[2024-02-05T14:23:17.329+0000] {processor.py:161} INFO - Started process (PID=358) to work on /home/airflow/.local/lib/python3.8/site-packages/airflow/example_dags/example_nested_branch_dag.py
[2024-02-05T14:23:17.333+0000] {processor.py:830} INFO - Processing file /home/airflow/.local/lib/python3.8/site-packages/airflow/example_dags/example_nested_branch_dag.py for tasks to queue
[2024-02-05T14:23:17.340+0000] {logging_mixin.py:188} INFO - [2024-02-05T14:23:17.339+0000] {dagbag.py:538} INFO - Filling up the DagBag from /home/airflow/.local/lib/python3.8/site-packages/airflow/example_dags/example_nested_branch_dag.py
[2024-02-05T14:23:17.379+0000] {processor.py:840} INFO - DAG(s) 'example_nested_branch_dag' retrieved from /home/airflow/.local/lib/python3.8/site-packages/airflow/example_dags/example_nested_branch_dag.py
[2024-02-05T14:23:17.470+0000] {logging_mixin.py:188} INFO - [2024-02-05T14:23:17.469+0000] {dag.py:3036} INFO - Sync 1 DAGs
[2024-02-05T14:23:17.577+0000] {logging_mixin.py:188} INFO - [2024-02-05T14:23:17.575+0000] {dag.py:3823} INFO - Setting next_dagrun for example_nested_branch_dag to 2024-02-04 00:00:00+00:00, run_after=2024-02-05 00:00:00+00:00
[2024-02-05T14:23:18.520+0000] {processor.py:183} INFO - Processing /home/airflow/.local/lib/python3.8/site-packages/airflow/example_dags/example_nested_branch_dag.py took 1.209 seconds
[2024-02-05T14:23:49.838+0000] {processor.py:161} INFO - Started process (PID=411) to work on /home/airflow/.local/lib/python3.8/site-packages/airflow/example_dags/example_nested_branch_dag.py
[2024-02-05T14:23:49.874+0000] {processor.py:830} INFO - Processing file /home/airflow/.local/lib/python3.8/site-packages/airflow/example_dags/example_nested_branch_dag.py for tasks to queue
[2024-02-05T14:23:50.818+0000] {logging_mixin.py:188} INFO - [2024-02-05T14:23:50.813+0000] {dagbag.py:538} INFO - Filling up the DagBag from /home/airflow/.local/lib/python3.8/site-packages/airflow/example_dags/example_nested_branch_dag.py
[2024-02-05T14:23:50.919+0000] {processor.py:840} INFO - DAG(s) 'example_nested_branch_dag' retrieved from /home/airflow/.local/lib/python3.8/site-packages/airflow/example_dags/example_nested_branch_dag.py
[2024-02-05T14:23:51.506+0000] {logging_mixin.py:188} INFO - [2024-02-05T14:23:51.505+0000] {dag.py:3036} INFO - Sync 1 DAGs
[2024-02-05T14:23:52.224+0000] {logging_mixin.py:188} INFO - [2024-02-05T14:23:52.223+0000] {dag.py:3823} INFO - Setting next_dagrun for example_nested_branch_dag to 2024-02-04 00:00:00+00:00, run_after=2024-02-05 00:00:00+00:00
[2024-02-05T14:23:52.367+0000] {processor.py:183} INFO - Processing /home/airflow/.local/lib/python3.8/site-packages/airflow/example_dags/example_nested_branch_dag.py took 2.691 seconds
[2024-02-05T14:24:22.868+0000] {processor.py:161} INFO - Started process (PID=466) to work on /home/airflow/.local/lib/python3.8/site-packages/airflow/example_dags/example_nested_branch_dag.py
[2024-02-05T14:24:23.111+0000] {processor.py:830} INFO - Processing file /home/airflow/.local/lib/python3.8/site-packages/airflow/example_dags/example_nested_branch_dag.py for tasks to queue
[2024-02-05T14:24:23.131+0000] {logging_mixin.py:188} INFO - [2024-02-05T14:24:23.129+0000] {dagbag.py:538} INFO - Filling up the DagBag from /home/airflow/.local/lib/python3.8/site-packages/airflow/example_dags/example_nested_branch_dag.py
[2024-02-05T14:24:23.305+0000] {processor.py:840} INFO - DAG(s) 'example_nested_branch_dag' retrieved from /home/airflow/.local/lib/python3.8/site-packages/airflow/example_dags/example_nested_branch_dag.py
[2024-02-05T14:24:23.470+0000] {logging_mixin.py:188} INFO - [2024-02-05T14:24:23.469+0000] {dag.py:3036} INFO - Sync 1 DAGs
[2024-02-05T14:24:24.111+0000] {logging_mixin.py:188} INFO - [2024-02-05T14:24:24.107+0000] {dag.py:3823} INFO - Setting next_dagrun for example_nested_branch_dag to 2024-02-04 00:00:00+00:00, run_after=2024-02-05 00:00:00+00:00
[2024-02-05T14:24:24.446+0000] {processor.py:183} INFO - Processing /home/airflow/.local/lib/python3.8/site-packages/airflow/example_dags/example_nested_branch_dag.py took 1.622 seconds
[2024-02-05T14:24:57.617+0000] {processor.py:161} INFO - Started process (PID=525) to work on /home/airflow/.local/lib/python3.8/site-packages/airflow/example_dags/example_nested_branch_dag.py
[2024-02-05T14:24:57.619+0000] {processor.py:830} INFO - Processing file /home/airflow/.local/lib/python3.8/site-packages/airflow/example_dags/example_nested_branch_dag.py for tasks to queue
[2024-02-05T14:24:57.625+0000] {logging_mixin.py:188} INFO - [2024-02-05T14:24:57.624+0000] {dagbag.py:538} INFO - Filling up the DagBag from /home/airflow/.local/lib/python3.8/site-packages/airflow/example_dags/example_nested_branch_dag.py
[2024-02-05T14:24:57.662+0000] {processor.py:840} INFO - DAG(s) 'example_nested_branch_dag' retrieved from /home/airflow/.local/lib/python3.8/site-packages/airflow/example_dags/example_nested_branch_dag.py
[2024-02-05T14:24:57.773+0000] {logging_mixin.py:188} INFO - [2024-02-05T14:24:57.772+0000] {dag.py:3036} INFO - Sync 1 DAGs
[2024-02-05T14:24:57.848+0000] {logging_mixin.py:188} INFO - [2024-02-05T14:24:57.847+0000] {dag.py:3823} INFO - Setting next_dagrun for example_nested_branch_dag to 2024-02-04 00:00:00+00:00, run_after=2024-02-05 00:00:00+00:00
[2024-02-05T14:24:57.963+0000] {processor.py:183} INFO - Processing /home/airflow/.local/lib/python3.8/site-packages/airflow/example_dags/example_nested_branch_dag.py took 0.353 seconds
[2024-02-05T14:25:29.300+0000] {processor.py:161} INFO - Started process (PID=565) to work on /home/airflow/.local/lib/python3.8/site-packages/airflow/example_dags/example_nested_branch_dag.py
[2024-02-05T14:25:29.304+0000] {processor.py:830} INFO - Processing file /home/airflow/.local/lib/python3.8/site-packages/airflow/example_dags/example_nested_branch_dag.py for tasks to queue
[2024-02-05T14:25:29.310+0000] {logging_mixin.py:188} INFO - [2024-02-05T14:25:29.310+0000] {dagbag.py:538} INFO - Filling up the DagBag from /home/airflow/.local/lib/python3.8/site-packages/airflow/example_dags/example_nested_branch_dag.py
[2024-02-05T14:25:29.338+0000] {processor.py:840} INFO - DAG(s) 'example_nested_branch_dag' retrieved from /home/airflow/.local/lib/python3.8/site-packages/airflow/example_dags/example_nested_branch_dag.py
[2024-02-05T14:25:29.396+0000] {logging_mixin.py:188} INFO - [2024-02-05T14:25:29.396+0000] {dag.py:3036} INFO - Sync 1 DAGs
[2024-02-05T14:25:29.439+0000] {logging_mixin.py:188} INFO - [2024-02-05T14:25:29.439+0000] {dag.py:3823} INFO - Setting next_dagrun for example_nested_branch_dag to 2024-02-04 00:00:00+00:00, run_after=2024-02-05 00:00:00+00:00
[2024-02-05T14:25:29.454+0000] {processor.py:183} INFO - Processing /home/airflow/.local/lib/python3.8/site-packages/airflow/example_dags/example_nested_branch_dag.py took 0.159 seconds
[2024-02-05T14:26:00.442+0000] {processor.py:161} INFO - Started process (PID=620) to work on /home/airflow/.local/lib/python3.8/site-packages/airflow/example_dags/example_nested_branch_dag.py
[2024-02-05T14:26:00.444+0000] {processor.py:830} INFO - Processing file /home/airflow/.local/lib/python3.8/site-packages/airflow/example_dags/example_nested_branch_dag.py for tasks to queue
[2024-02-05T14:26:00.446+0000] {logging_mixin.py:188} INFO - [2024-02-05T14:26:00.446+0000] {dagbag.py:538} INFO - Filling up the DagBag from /home/airflow/.local/lib/python3.8/site-packages/airflow/example_dags/example_nested_branch_dag.py
[2024-02-05T14:26:00.466+0000] {processor.py:840} INFO - DAG(s) 'example_nested_branch_dag' retrieved from /home/airflow/.local/lib/python3.8/site-packages/airflow/example_dags/example_nested_branch_dag.py
[2024-02-05T14:26:00.496+0000] {logging_mixin.py:188} INFO - [2024-02-05T14:26:00.496+0000] {dag.py:3036} INFO - Sync 1 DAGs
[2024-02-05T14:26:00.518+0000] {logging_mixin.py:188} INFO - [2024-02-05T14:26:00.517+0000] {dag.py:3823} INFO - Setting next_dagrun for example_nested_branch_dag to 2024-02-04 00:00:00+00:00, run_after=2024-02-05 00:00:00+00:00
[2024-02-05T14:26:00.543+0000] {processor.py:183} INFO - Processing /home/airflow/.local/lib/python3.8/site-packages/airflow/example_dags/example_nested_branch_dag.py took 0.104 seconds
