[2024-02-05T14:19:41.813+0000] {processor.py:161} INFO - Started process (PID=78) to work on /home/airflow/.local/lib/python3.8/site-packages/airflow/example_dags/example_kubernetes_executor.py
[2024-02-05T14:19:41.819+0000] {processor.py:830} INFO - Processing file /home/airflow/.local/lib/python3.8/site-packages/airflow/example_dags/example_kubernetes_executor.py for tasks to queue
[2024-02-05T14:19:41.834+0000] {logging_mixin.py:188} INFO - [2024-02-05T14:19:41.834+0000] {dagbag.py:538} INFO - Filling up the DagBag from /home/airflow/.local/lib/python3.8/site-packages/airflow/example_dags/example_kubernetes_executor.py
[2024-02-05T14:19:41.928+0000] {processor.py:840} INFO - DAG(s) 'example_kubernetes_executor' retrieved from /home/airflow/.local/lib/python3.8/site-packages/airflow/example_dags/example_kubernetes_executor.py
[2024-02-05T14:19:42.321+0000] {logging_mixin.py:188} INFO - [2024-02-05T14:19:42.320+0000] {override.py:1769} INFO - Created Permission View: can delete on DAG:example_kubernetes_executor
[2024-02-05T14:19:42.333+0000] {logging_mixin.py:188} INFO - [2024-02-05T14:19:42.333+0000] {override.py:1769} INFO - Created Permission View: can read on DAG:example_kubernetes_executor
[2024-02-05T14:19:42.342+0000] {logging_mixin.py:188} INFO - [2024-02-05T14:19:42.342+0000] {override.py:1769} INFO - Created Permission View: can edit on DAG:example_kubernetes_executor
[2024-02-05T14:19:42.343+0000] {logging_mixin.py:188} INFO - [2024-02-05T14:19:42.343+0000] {dag.py:3036} INFO - Sync 1 DAGs
[2024-02-05T14:19:42.364+0000] {logging_mixin.py:188} INFO - [2024-02-05T14:19:42.363+0000] {dag.py:3058} INFO - Creating ORM DAG for example_kubernetes_executor
[2024-02-05T14:19:42.364+0000] {logging_mixin.py:188} INFO - [2024-02-05T14:19:42.364+0000] {dag.py:3823} INFO - Setting next_dagrun for example_kubernetes_executor to None, run_after=None
[2024-02-05T14:19:42.387+0000] {processor.py:183} INFO - Processing /home/airflow/.local/lib/python3.8/site-packages/airflow/example_dags/example_kubernetes_executor.py took 0.579 seconds
[2024-02-05T14:20:12.562+0000] {processor.py:161} INFO - Started process (PID=132) to work on /home/airflow/.local/lib/python3.8/site-packages/airflow/example_dags/example_kubernetes_executor.py
[2024-02-05T14:20:12.566+0000] {processor.py:830} INFO - Processing file /home/airflow/.local/lib/python3.8/site-packages/airflow/example_dags/example_kubernetes_executor.py for tasks to queue
[2024-02-05T14:20:12.569+0000] {logging_mixin.py:188} INFO - [2024-02-05T14:20:12.568+0000] {dagbag.py:538} INFO - Filling up the DagBag from /home/airflow/.local/lib/python3.8/site-packages/airflow/example_dags/example_kubernetes_executor.py
[2024-02-05T14:20:12.617+0000] {processor.py:840} INFO - DAG(s) 'example_kubernetes_executor' retrieved from /home/airflow/.local/lib/python3.8/site-packages/airflow/example_dags/example_kubernetes_executor.py
[2024-02-05T14:20:12.729+0000] {logging_mixin.py:188} INFO - [2024-02-05T14:20:12.728+0000] {dag.py:3036} INFO - Sync 1 DAGs
[2024-02-05T14:20:12.740+0000] {logging_mixin.py:188} INFO - [2024-02-05T14:20:12.740+0000] {dag.py:3823} INFO - Setting next_dagrun for example_kubernetes_executor to None, run_after=None
[2024-02-05T14:20:12.776+0000] {processor.py:183} INFO - Processing /home/airflow/.local/lib/python3.8/site-packages/airflow/example_dags/example_kubernetes_executor.py took 0.217 seconds
[2024-02-05T14:20:46.377+0000] {processor.py:161} INFO - Started process (PID=188) to work on /home/airflow/.local/lib/python3.8/site-packages/airflow/example_dags/example_kubernetes_executor.py
[2024-02-05T14:20:46.378+0000] {processor.py:830} INFO - Processing file /home/airflow/.local/lib/python3.8/site-packages/airflow/example_dags/example_kubernetes_executor.py for tasks to queue
[2024-02-05T14:20:46.381+0000] {logging_mixin.py:188} INFO - [2024-02-05T14:20:46.381+0000] {dagbag.py:538} INFO - Filling up the DagBag from /home/airflow/.local/lib/python3.8/site-packages/airflow/example_dags/example_kubernetes_executor.py
[2024-02-05T14:20:46.424+0000] {processor.py:840} INFO - DAG(s) 'example_kubernetes_executor' retrieved from /home/airflow/.local/lib/python3.8/site-packages/airflow/example_dags/example_kubernetes_executor.py
[2024-02-05T14:20:46.483+0000] {logging_mixin.py:188} INFO - [2024-02-05T14:20:46.482+0000] {dag.py:3036} INFO - Sync 1 DAGs
[2024-02-05T14:20:46.497+0000] {logging_mixin.py:188} INFO - [2024-02-05T14:20:46.496+0000] {dag.py:3823} INFO - Setting next_dagrun for example_kubernetes_executor to None, run_after=None
[2024-02-05T14:20:46.531+0000] {processor.py:183} INFO - Processing /home/airflow/.local/lib/python3.8/site-packages/airflow/example_dags/example_kubernetes_executor.py took 0.157 seconds
[2024-02-05T14:22:10.431+0000] {processor.py:161} INFO - Started process (PID=249) to work on /home/airflow/.local/lib/python3.8/site-packages/airflow/example_dags/example_kubernetes_executor.py
[2024-02-05T14:22:10.435+0000] {processor.py:830} INFO - Processing file /home/airflow/.local/lib/python3.8/site-packages/airflow/example_dags/example_kubernetes_executor.py for tasks to queue
[2024-02-05T14:22:10.443+0000] {logging_mixin.py:188} INFO - [2024-02-05T14:22:10.442+0000] {dagbag.py:538} INFO - Filling up the DagBag from /home/airflow/.local/lib/python3.8/site-packages/airflow/example_dags/example_kubernetes_executor.py
[2024-02-05T14:22:10.630+0000] {processor.py:840} INFO - DAG(s) 'example_kubernetes_executor' retrieved from /home/airflow/.local/lib/python3.8/site-packages/airflow/example_dags/example_kubernetes_executor.py
[2024-02-05T14:22:11.037+0000] {logging_mixin.py:188} INFO - [2024-02-05T14:22:11.035+0000] {dag.py:3036} INFO - Sync 1 DAGs
[2024-02-05T14:22:11.089+0000] {logging_mixin.py:188} INFO - [2024-02-05T14:22:11.088+0000] {dag.py:3823} INFO - Setting next_dagrun for example_kubernetes_executor to None, run_after=None
[2024-02-05T14:22:11.108+0000] {processor.py:183} INFO - Processing /home/airflow/.local/lib/python3.8/site-packages/airflow/example_dags/example_kubernetes_executor.py took 0.699 seconds
[2024-02-05T14:22:44.186+0000] {processor.py:161} INFO - Started process (PID=316) to work on /home/airflow/.local/lib/python3.8/site-packages/airflow/example_dags/example_kubernetes_executor.py
[2024-02-05T14:22:44.190+0000] {processor.py:830} INFO - Processing file /home/airflow/.local/lib/python3.8/site-packages/airflow/example_dags/example_kubernetes_executor.py for tasks to queue
[2024-02-05T14:22:44.200+0000] {logging_mixin.py:188} INFO - [2024-02-05T14:22:44.198+0000] {dagbag.py:538} INFO - Filling up the DagBag from /home/airflow/.local/lib/python3.8/site-packages/airflow/example_dags/example_kubernetes_executor.py
[2024-02-05T14:22:44.271+0000] {processor.py:840} INFO - DAG(s) 'example_kubernetes_executor' retrieved from /home/airflow/.local/lib/python3.8/site-packages/airflow/example_dags/example_kubernetes_executor.py
[2024-02-05T14:22:44.388+0000] {logging_mixin.py:188} INFO - [2024-02-05T14:22:44.387+0000] {dag.py:3036} INFO - Sync 1 DAGs
[2024-02-05T14:22:44.478+0000] {logging_mixin.py:188} INFO - [2024-02-05T14:22:44.477+0000] {dag.py:3823} INFO - Setting next_dagrun for example_kubernetes_executor to None, run_after=None
[2024-02-05T14:22:44.560+0000] {processor.py:183} INFO - Processing /home/airflow/.local/lib/python3.8/site-packages/airflow/example_dags/example_kubernetes_executor.py took 0.385 seconds
[2024-02-05T14:23:28.207+0000] {processor.py:161} INFO - Started process (PID=385) to work on /home/airflow/.local/lib/python3.8/site-packages/airflow/example_dags/example_kubernetes_executor.py
[2024-02-05T14:23:28.211+0000] {processor.py:830} INFO - Processing file /home/airflow/.local/lib/python3.8/site-packages/airflow/example_dags/example_kubernetes_executor.py for tasks to queue
[2024-02-05T14:23:28.216+0000] {logging_mixin.py:188} INFO - [2024-02-05T14:23:28.216+0000] {dagbag.py:538} INFO - Filling up the DagBag from /home/airflow/.local/lib/python3.8/site-packages/airflow/example_dags/example_kubernetes_executor.py
[2024-02-05T14:23:28.296+0000] {processor.py:840} INFO - DAG(s) 'example_kubernetes_executor' retrieved from /home/airflow/.local/lib/python3.8/site-packages/airflow/example_dags/example_kubernetes_executor.py
[2024-02-05T14:23:28.379+0000] {logging_mixin.py:188} INFO - [2024-02-05T14:23:28.379+0000] {dag.py:3036} INFO - Sync 1 DAGs
[2024-02-05T14:23:28.403+0000] {logging_mixin.py:188} INFO - [2024-02-05T14:23:28.402+0000] {dag.py:3823} INFO - Setting next_dagrun for example_kubernetes_executor to None, run_after=None
[2024-02-05T14:23:28.437+0000] {processor.py:183} INFO - Processing /home/airflow/.local/lib/python3.8/site-packages/airflow/example_dags/example_kubernetes_executor.py took 0.248 seconds
[2024-02-05T14:24:15.862+0000] {processor.py:161} INFO - Started process (PID=444) to work on /home/airflow/.local/lib/python3.8/site-packages/airflow/example_dags/example_kubernetes_executor.py
[2024-02-05T14:24:15.869+0000] {processor.py:830} INFO - Processing file /home/airflow/.local/lib/python3.8/site-packages/airflow/example_dags/example_kubernetes_executor.py for tasks to queue
[2024-02-05T14:24:15.873+0000] {logging_mixin.py:188} INFO - [2024-02-05T14:24:15.873+0000] {dagbag.py:538} INFO - Filling up the DagBag from /home/airflow/.local/lib/python3.8/site-packages/airflow/example_dags/example_kubernetes_executor.py
[2024-02-05T14:24:15.895+0000] {processor.py:840} INFO - DAG(s) 'example_kubernetes_executor' retrieved from /home/airflow/.local/lib/python3.8/site-packages/airflow/example_dags/example_kubernetes_executor.py
[2024-02-05T14:24:15.941+0000] {logging_mixin.py:188} INFO - [2024-02-05T14:24:15.941+0000] {dag.py:3036} INFO - Sync 1 DAGs
[2024-02-05T14:24:15.952+0000] {logging_mixin.py:188} INFO - [2024-02-05T14:24:15.952+0000] {dag.py:3823} INFO - Setting next_dagrun for example_kubernetes_executor to None, run_after=None
[2024-02-05T14:24:15.970+0000] {processor.py:183} INFO - Processing /home/airflow/.local/lib/python3.8/site-packages/airflow/example_dags/example_kubernetes_executor.py took 0.113 seconds
[2024-02-05T14:24:56.610+0000] {processor.py:161} INFO - Started process (PID=513) to work on /home/airflow/.local/lib/python3.8/site-packages/airflow/example_dags/example_kubernetes_executor.py
[2024-02-05T14:24:56.612+0000] {processor.py:830} INFO - Processing file /home/airflow/.local/lib/python3.8/site-packages/airflow/example_dags/example_kubernetes_executor.py for tasks to queue
[2024-02-05T14:24:56.613+0000] {logging_mixin.py:188} INFO - [2024-02-05T14:24:56.613+0000] {dagbag.py:538} INFO - Filling up the DagBag from /home/airflow/.local/lib/python3.8/site-packages/airflow/example_dags/example_kubernetes_executor.py
[2024-02-05T14:24:56.650+0000] {processor.py:840} INFO - DAG(s) 'example_kubernetes_executor' retrieved from /home/airflow/.local/lib/python3.8/site-packages/airflow/example_dags/example_kubernetes_executor.py
[2024-02-05T14:24:56.759+0000] {logging_mixin.py:188} INFO - [2024-02-05T14:24:56.759+0000] {dag.py:3036} INFO - Sync 1 DAGs
[2024-02-05T14:24:56.789+0000] {logging_mixin.py:188} INFO - [2024-02-05T14:24:56.788+0000] {dag.py:3823} INFO - Setting next_dagrun for example_kubernetes_executor to None, run_after=None
[2024-02-05T14:24:56.867+0000] {processor.py:183} INFO - Processing /home/airflow/.local/lib/python3.8/site-packages/airflow/example_dags/example_kubernetes_executor.py took 0.257 seconds
[2024-02-05T14:25:29.795+0000] {processor.py:161} INFO - Started process (PID=571) to work on /home/airflow/.local/lib/python3.8/site-packages/airflow/example_dags/example_kubernetes_executor.py
[2024-02-05T14:25:29.799+0000] {processor.py:830} INFO - Processing file /home/airflow/.local/lib/python3.8/site-packages/airflow/example_dags/example_kubernetes_executor.py for tasks to queue
[2024-02-05T14:25:29.807+0000] {logging_mixin.py:188} INFO - [2024-02-05T14:25:29.806+0000] {dagbag.py:538} INFO - Filling up the DagBag from /home/airflow/.local/lib/python3.8/site-packages/airflow/example_dags/example_kubernetes_executor.py
[2024-02-05T14:25:29.851+0000] {processor.py:840} INFO - DAG(s) 'example_kubernetes_executor' retrieved from /home/airflow/.local/lib/python3.8/site-packages/airflow/example_dags/example_kubernetes_executor.py
[2024-02-05T14:25:29.897+0000] {logging_mixin.py:188} INFO - [2024-02-05T14:25:29.897+0000] {dag.py:3036} INFO - Sync 1 DAGs
[2024-02-05T14:25:29.912+0000] {logging_mixin.py:188} INFO - [2024-02-05T14:25:29.911+0000] {dag.py:3823} INFO - Setting next_dagrun for example_kubernetes_executor to None, run_after=None
[2024-02-05T14:25:29.929+0000] {processor.py:183} INFO - Processing /home/airflow/.local/lib/python3.8/site-packages/airflow/example_dags/example_kubernetes_executor.py took 0.137 seconds
[2024-02-05T14:26:01.184+0000] {processor.py:161} INFO - Started process (PID=626) to work on /home/airflow/.local/lib/python3.8/site-packages/airflow/example_dags/example_kubernetes_executor.py
[2024-02-05T14:26:01.186+0000] {processor.py:830} INFO - Processing file /home/airflow/.local/lib/python3.8/site-packages/airflow/example_dags/example_kubernetes_executor.py for tasks to queue
[2024-02-05T14:26:01.192+0000] {logging_mixin.py:188} INFO - [2024-02-05T14:26:01.191+0000] {dagbag.py:538} INFO - Filling up the DagBag from /home/airflow/.local/lib/python3.8/site-packages/airflow/example_dags/example_kubernetes_executor.py
[2024-02-05T14:26:01.258+0000] {processor.py:840} INFO - DAG(s) 'example_kubernetes_executor' retrieved from /home/airflow/.local/lib/python3.8/site-packages/airflow/example_dags/example_kubernetes_executor.py
[2024-02-05T14:26:01.324+0000] {logging_mixin.py:188} INFO - [2024-02-05T14:26:01.323+0000] {dag.py:3036} INFO - Sync 1 DAGs
[2024-02-05T14:26:01.356+0000] {logging_mixin.py:188} INFO - [2024-02-05T14:26:01.355+0000] {dag.py:3823} INFO - Setting next_dagrun for example_kubernetes_executor to None, run_after=None
[2024-02-05T14:26:01.384+0000] {processor.py:183} INFO - Processing /home/airflow/.local/lib/python3.8/site-packages/airflow/example_dags/example_kubernetes_executor.py took 0.204 seconds
