[2024-02-05T14:19:37.988+0000] {processor.py:161} INFO - Started process (PID=63) to work on /home/airflow/.local/lib/python3.8/site-packages/airflow/example_dags/example_trigger_target_dag.py
[2024-02-05T14:19:37.989+0000] {processor.py:830} INFO - Processing file /home/airflow/.local/lib/python3.8/site-packages/airflow/example_dags/example_trigger_target_dag.py for tasks to queue
[2024-02-05T14:19:38.000+0000] {logging_mixin.py:188} INFO - [2024-02-05T14:19:37.999+0000] {dagbag.py:538} INFO - Filling up the DagBag from /home/airflow/.local/lib/python3.8/site-packages/airflow/example_dags/example_trigger_target_dag.py
[2024-02-05T14:19:38.013+0000] {processor.py:840} INFO - DAG(s) 'example_trigger_target_dag' retrieved from /home/airflow/.local/lib/python3.8/site-packages/airflow/example_dags/example_trigger_target_dag.py
[2024-02-05T14:19:38.226+0000] {logging_mixin.py:188} INFO - [2024-02-05T14:19:38.225+0000] {override.py:1769} INFO - Created Permission View: can delete on DAG:example_trigger_target_dag
[2024-02-05T14:19:38.235+0000] {logging_mixin.py:188} INFO - [2024-02-05T14:19:38.235+0000] {override.py:1769} INFO - Created Permission View: can read on DAG:example_trigger_target_dag
[2024-02-05T14:19:38.240+0000] {logging_mixin.py:188} INFO - [2024-02-05T14:19:38.240+0000] {override.py:1769} INFO - Created Permission View: can edit on DAG:example_trigger_target_dag
[2024-02-05T14:19:38.240+0000] {logging_mixin.py:188} INFO - [2024-02-05T14:19:38.240+0000] {dag.py:3036} INFO - Sync 1 DAGs
[2024-02-05T14:19:38.260+0000] {logging_mixin.py:188} INFO - [2024-02-05T14:19:38.259+0000] {dag.py:3058} INFO - Creating ORM DAG for example_trigger_target_dag
[2024-02-05T14:19:38.260+0000] {logging_mixin.py:188} INFO - [2024-02-05T14:19:38.260+0000] {dag.py:3823} INFO - Setting next_dagrun for example_trigger_target_dag to None, run_after=None
[2024-02-05T14:19:38.278+0000] {processor.py:183} INFO - Processing /home/airflow/.local/lib/python3.8/site-packages/airflow/example_dags/example_trigger_target_dag.py took 0.296 seconds
[2024-02-05T14:20:08.550+0000] {processor.py:161} INFO - Started process (PID=117) to work on /home/airflow/.local/lib/python3.8/site-packages/airflow/example_dags/example_trigger_target_dag.py
[2024-02-05T14:20:08.552+0000] {processor.py:830} INFO - Processing file /home/airflow/.local/lib/python3.8/site-packages/airflow/example_dags/example_trigger_target_dag.py for tasks to queue
[2024-02-05T14:20:08.554+0000] {logging_mixin.py:188} INFO - [2024-02-05T14:20:08.554+0000] {dagbag.py:538} INFO - Filling up the DagBag from /home/airflow/.local/lib/python3.8/site-packages/airflow/example_dags/example_trigger_target_dag.py
[2024-02-05T14:20:08.558+0000] {processor.py:840} INFO - DAG(s) 'example_trigger_target_dag' retrieved from /home/airflow/.local/lib/python3.8/site-packages/airflow/example_dags/example_trigger_target_dag.py
[2024-02-05T14:20:08.591+0000] {logging_mixin.py:188} INFO - [2024-02-05T14:20:08.591+0000] {dag.py:3036} INFO - Sync 1 DAGs
[2024-02-05T14:20:08.610+0000] {logging_mixin.py:188} INFO - [2024-02-05T14:20:08.610+0000] {dag.py:3823} INFO - Setting next_dagrun for example_trigger_target_dag to None, run_after=None
[2024-02-05T14:20:08.627+0000] {processor.py:183} INFO - Processing /home/airflow/.local/lib/python3.8/site-packages/airflow/example_dags/example_trigger_target_dag.py took 0.079 seconds
[2024-02-05T14:20:40.411+0000] {processor.py:161} INFO - Started process (PID=177) to work on /home/airflow/.local/lib/python3.8/site-packages/airflow/example_dags/example_trigger_target_dag.py
[2024-02-05T14:20:40.413+0000] {processor.py:830} INFO - Processing file /home/airflow/.local/lib/python3.8/site-packages/airflow/example_dags/example_trigger_target_dag.py for tasks to queue
[2024-02-05T14:20:40.423+0000] {logging_mixin.py:188} INFO - [2024-02-05T14:20:40.423+0000] {dagbag.py:538} INFO - Filling up the DagBag from /home/airflow/.local/lib/python3.8/site-packages/airflow/example_dags/example_trigger_target_dag.py
[2024-02-05T14:20:40.448+0000] {processor.py:840} INFO - DAG(s) 'example_trigger_target_dag' retrieved from /home/airflow/.local/lib/python3.8/site-packages/airflow/example_dags/example_trigger_target_dag.py
[2024-02-05T14:20:40.465+0000] {logging_mixin.py:188} INFO - [2024-02-05T14:20:40.465+0000] {dag.py:3036} INFO - Sync 1 DAGs
[2024-02-05T14:20:40.474+0000] {logging_mixin.py:188} INFO - [2024-02-05T14:20:40.474+0000] {dag.py:3823} INFO - Setting next_dagrun for example_trigger_target_dag to None, run_after=None
[2024-02-05T14:20:40.487+0000] {processor.py:183} INFO - Processing /home/airflow/.local/lib/python3.8/site-packages/airflow/example_dags/example_trigger_target_dag.py took 0.082 seconds
[2024-02-05T14:22:07.235+0000] {processor.py:161} INFO - Started process (PID=239) to work on /home/airflow/.local/lib/python3.8/site-packages/airflow/example_dags/example_trigger_target_dag.py
[2024-02-05T14:22:07.496+0000] {processor.py:830} INFO - Processing file /home/airflow/.local/lib/python3.8/site-packages/airflow/example_dags/example_trigger_target_dag.py for tasks to queue
[2024-02-05T14:22:08.115+0000] {logging_mixin.py:188} INFO - [2024-02-05T14:22:08.114+0000] {dagbag.py:538} INFO - Filling up the DagBag from /home/airflow/.local/lib/python3.8/site-packages/airflow/example_dags/example_trigger_target_dag.py
[2024-02-05T14:22:08.322+0000] {processor.py:840} INFO - DAG(s) 'example_trigger_target_dag' retrieved from /home/airflow/.local/lib/python3.8/site-packages/airflow/example_dags/example_trigger_target_dag.py
[2024-02-05T14:22:08.458+0000] {logging_mixin.py:188} INFO - [2024-02-05T14:22:08.458+0000] {dag.py:3036} INFO - Sync 1 DAGs
[2024-02-05T14:22:08.590+0000] {logging_mixin.py:188} INFO - [2024-02-05T14:22:08.589+0000] {dag.py:3823} INFO - Setting next_dagrun for example_trigger_target_dag to None, run_after=None
[2024-02-05T14:22:08.623+0000] {processor.py:183} INFO - Processing /home/airflow/.local/lib/python3.8/site-packages/airflow/example_dags/example_trigger_target_dag.py took 1.404 seconds
[2024-02-05T14:22:39.610+0000] {processor.py:161} INFO - Started process (PID=294) to work on /home/airflow/.local/lib/python3.8/site-packages/airflow/example_dags/example_trigger_target_dag.py
[2024-02-05T14:22:39.619+0000] {processor.py:830} INFO - Processing file /home/airflow/.local/lib/python3.8/site-packages/airflow/example_dags/example_trigger_target_dag.py for tasks to queue
[2024-02-05T14:22:39.627+0000] {logging_mixin.py:188} INFO - [2024-02-05T14:22:39.626+0000] {dagbag.py:538} INFO - Filling up the DagBag from /home/airflow/.local/lib/python3.8/site-packages/airflow/example_dags/example_trigger_target_dag.py
[2024-02-05T14:22:39.680+0000] {processor.py:840} INFO - DAG(s) 'example_trigger_target_dag' retrieved from /home/airflow/.local/lib/python3.8/site-packages/airflow/example_dags/example_trigger_target_dag.py
[2024-02-05T14:22:39.730+0000] {logging_mixin.py:188} INFO - [2024-02-05T14:22:39.730+0000] {dag.py:3036} INFO - Sync 1 DAGs
[2024-02-05T14:22:39.754+0000] {logging_mixin.py:188} INFO - [2024-02-05T14:22:39.754+0000] {dag.py:3823} INFO - Setting next_dagrun for example_trigger_target_dag to None, run_after=None
[2024-02-05T14:22:41.017+0000] {processor.py:183} INFO - Processing /home/airflow/.local/lib/python3.8/site-packages/airflow/example_dags/example_trigger_target_dag.py took 1.421 seconds
[2024-02-05T14:23:16.978+0000] {processor.py:161} INFO - Started process (PID=357) to work on /home/airflow/.local/lib/python3.8/site-packages/airflow/example_dags/example_trigger_target_dag.py
[2024-02-05T14:23:16.981+0000] {processor.py:830} INFO - Processing file /home/airflow/.local/lib/python3.8/site-packages/airflow/example_dags/example_trigger_target_dag.py for tasks to queue
[2024-02-05T14:23:16.988+0000] {logging_mixin.py:188} INFO - [2024-02-05T14:23:16.987+0000] {dagbag.py:538} INFO - Filling up the DagBag from /home/airflow/.local/lib/python3.8/site-packages/airflow/example_dags/example_trigger_target_dag.py
[2024-02-05T14:23:17.029+0000] {processor.py:840} INFO - DAG(s) 'example_trigger_target_dag' retrieved from /home/airflow/.local/lib/python3.8/site-packages/airflow/example_dags/example_trigger_target_dag.py
[2024-02-05T14:23:17.104+0000] {logging_mixin.py:188} INFO - [2024-02-05T14:23:17.104+0000] {dag.py:3036} INFO - Sync 1 DAGs
[2024-02-05T14:23:17.122+0000] {logging_mixin.py:188} INFO - [2024-02-05T14:23:17.122+0000] {dag.py:3823} INFO - Setting next_dagrun for example_trigger_target_dag to None, run_after=None
[2024-02-05T14:23:17.193+0000] {processor.py:183} INFO - Processing /home/airflow/.local/lib/python3.8/site-packages/airflow/example_dags/example_trigger_target_dag.py took 0.228 seconds
[2024-02-05T14:23:47.679+0000] {processor.py:161} INFO - Started process (PID=410) to work on /home/airflow/.local/lib/python3.8/site-packages/airflow/example_dags/example_trigger_target_dag.py
[2024-02-05T14:23:47.685+0000] {processor.py:830} INFO - Processing file /home/airflow/.local/lib/python3.8/site-packages/airflow/example_dags/example_trigger_target_dag.py for tasks to queue
[2024-02-05T14:23:47.704+0000] {logging_mixin.py:188} INFO - [2024-02-05T14:23:47.702+0000] {dagbag.py:538} INFO - Filling up the DagBag from /home/airflow/.local/lib/python3.8/site-packages/airflow/example_dags/example_trigger_target_dag.py
[2024-02-05T14:23:47.758+0000] {processor.py:840} INFO - DAG(s) 'example_trigger_target_dag' retrieved from /home/airflow/.local/lib/python3.8/site-packages/airflow/example_dags/example_trigger_target_dag.py
[2024-02-05T14:23:47.895+0000] {logging_mixin.py:188} INFO - [2024-02-05T14:23:47.895+0000] {dag.py:3036} INFO - Sync 1 DAGs
[2024-02-05T14:23:48.118+0000] {logging_mixin.py:188} INFO - [2024-02-05T14:23:48.116+0000] {dag.py:3823} INFO - Setting next_dagrun for example_trigger_target_dag to None, run_after=None
[2024-02-05T14:23:48.390+0000] {processor.py:183} INFO - Processing /home/airflow/.local/lib/python3.8/site-packages/airflow/example_dags/example_trigger_target_dag.py took 0.744 seconds
[2024-02-05T14:24:18.748+0000] {processor.py:161} INFO - Started process (PID=465) to work on /home/airflow/.local/lib/python3.8/site-packages/airflow/example_dags/example_trigger_target_dag.py
[2024-02-05T14:24:18.811+0000] {processor.py:830} INFO - Processing file /home/airflow/.local/lib/python3.8/site-packages/airflow/example_dags/example_trigger_target_dag.py for tasks to queue
[2024-02-05T14:24:18.899+0000] {logging_mixin.py:188} INFO - [2024-02-05T14:24:18.899+0000] {dagbag.py:538} INFO - Filling up the DagBag from /home/airflow/.local/lib/python3.8/site-packages/airflow/example_dags/example_trigger_target_dag.py
[2024-02-05T14:24:19.142+0000] {processor.py:840} INFO - DAG(s) 'example_trigger_target_dag' retrieved from /home/airflow/.local/lib/python3.8/site-packages/airflow/example_dags/example_trigger_target_dag.py
[2024-02-05T14:24:19.380+0000] {logging_mixin.py:188} INFO - [2024-02-05T14:24:19.380+0000] {dag.py:3036} INFO - Sync 1 DAGs
[2024-02-05T14:24:19.528+0000] {logging_mixin.py:188} INFO - [2024-02-05T14:24:19.528+0000] {dag.py:3823} INFO - Setting next_dagrun for example_trigger_target_dag to None, run_after=None
[2024-02-05T14:24:19.576+0000] {processor.py:183} INFO - Processing /home/airflow/.local/lib/python3.8/site-packages/airflow/example_dags/example_trigger_target_dag.py took 0.837 seconds
[2024-02-05T14:24:56.065+0000] {processor.py:161} INFO - Started process (PID=507) to work on /home/airflow/.local/lib/python3.8/site-packages/airflow/example_dags/example_trigger_target_dag.py
[2024-02-05T14:24:56.069+0000] {processor.py:830} INFO - Processing file /home/airflow/.local/lib/python3.8/site-packages/airflow/example_dags/example_trigger_target_dag.py for tasks to queue
[2024-02-05T14:24:56.076+0000] {logging_mixin.py:188} INFO - [2024-02-05T14:24:56.075+0000] {dagbag.py:538} INFO - Filling up the DagBag from /home/airflow/.local/lib/python3.8/site-packages/airflow/example_dags/example_trigger_target_dag.py
[2024-02-05T14:24:56.115+0000] {processor.py:840} INFO - DAG(s) 'example_trigger_target_dag' retrieved from /home/airflow/.local/lib/python3.8/site-packages/airflow/example_dags/example_trigger_target_dag.py
[2024-02-05T14:24:56.184+0000] {logging_mixin.py:188} INFO - [2024-02-05T14:24:56.184+0000] {dag.py:3036} INFO - Sync 1 DAGs
[2024-02-05T14:24:56.213+0000] {logging_mixin.py:188} INFO - [2024-02-05T14:24:56.212+0000] {dag.py:3823} INFO - Setting next_dagrun for example_trigger_target_dag to None, run_after=None
[2024-02-05T14:24:56.266+0000] {processor.py:183} INFO - Processing /home/airflow/.local/lib/python3.8/site-packages/airflow/example_dags/example_trigger_target_dag.py took 0.214 seconds
[2024-02-05T14:25:29.284+0000] {processor.py:161} INFO - Started process (PID=564) to work on /home/airflow/.local/lib/python3.8/site-packages/airflow/example_dags/example_trigger_target_dag.py
[2024-02-05T14:25:29.286+0000] {processor.py:830} INFO - Processing file /home/airflow/.local/lib/python3.8/site-packages/airflow/example_dags/example_trigger_target_dag.py for tasks to queue
[2024-02-05T14:25:29.288+0000] {logging_mixin.py:188} INFO - [2024-02-05T14:25:29.287+0000] {dagbag.py:538} INFO - Filling up the DagBag from /home/airflow/.local/lib/python3.8/site-packages/airflow/example_dags/example_trigger_target_dag.py
[2024-02-05T14:25:29.292+0000] {processor.py:840} INFO - DAG(s) 'example_trigger_target_dag' retrieved from /home/airflow/.local/lib/python3.8/site-packages/airflow/example_dags/example_trigger_target_dag.py
[2024-02-05T14:25:29.338+0000] {logging_mixin.py:188} INFO - [2024-02-05T14:25:29.337+0000] {dag.py:3036} INFO - Sync 1 DAGs
[2024-02-05T14:25:29.374+0000] {logging_mixin.py:188} INFO - [2024-02-05T14:25:29.374+0000] {dag.py:3823} INFO - Setting next_dagrun for example_trigger_target_dag to None, run_after=None
[2024-02-05T14:25:29.404+0000] {processor.py:183} INFO - Processing /home/airflow/.local/lib/python3.8/site-packages/airflow/example_dags/example_trigger_target_dag.py took 0.123 seconds
[2024-02-05T14:26:00.301+0000] {processor.py:161} INFO - Started process (PID=619) to work on /home/airflow/.local/lib/python3.8/site-packages/airflow/example_dags/example_trigger_target_dag.py
[2024-02-05T14:26:00.304+0000] {processor.py:830} INFO - Processing file /home/airflow/.local/lib/python3.8/site-packages/airflow/example_dags/example_trigger_target_dag.py for tasks to queue
[2024-02-05T14:26:00.307+0000] {logging_mixin.py:188} INFO - [2024-02-05T14:26:00.307+0000] {dagbag.py:538} INFO - Filling up the DagBag from /home/airflow/.local/lib/python3.8/site-packages/airflow/example_dags/example_trigger_target_dag.py
[2024-02-05T14:26:00.316+0000] {processor.py:840} INFO - DAG(s) 'example_trigger_target_dag' retrieved from /home/airflow/.local/lib/python3.8/site-packages/airflow/example_dags/example_trigger_target_dag.py
[2024-02-05T14:26:00.367+0000] {logging_mixin.py:188} INFO - [2024-02-05T14:26:00.367+0000] {dag.py:3036} INFO - Sync 1 DAGs
[2024-02-05T14:26:00.383+0000] {logging_mixin.py:188} INFO - [2024-02-05T14:26:00.383+0000] {dag.py:3823} INFO - Setting next_dagrun for example_trigger_target_dag to None, run_after=None
[2024-02-05T14:26:00.411+0000] {processor.py:183} INFO - Processing /home/airflow/.local/lib/python3.8/site-packages/airflow/example_dags/example_trigger_target_dag.py took 0.119 seconds
