[2024-02-05T14:19:42.525+0000] {processor.py:161} INFO - Started process (PID=79) to work on /home/airflow/.local/lib/python3.8/site-packages/airflow/example_dags/example_external_task_marker_dag.py
[2024-02-05T14:19:42.534+0000] {processor.py:830} INFO - Processing file /home/airflow/.local/lib/python3.8/site-packages/airflow/example_dags/example_external_task_marker_dag.py for tasks to queue
[2024-02-05T14:19:42.538+0000] {logging_mixin.py:188} INFO - [2024-02-05T14:19:42.537+0000] {dagbag.py:538} INFO - Filling up the DagBag from /home/airflow/.local/lib/python3.8/site-packages/airflow/example_dags/example_external_task_marker_dag.py
[2024-02-05T14:19:42.548+0000] {processor.py:840} INFO - DAG(s) 'example_external_task_marker_parent', 'example_external_task_marker_child' retrieved from /home/airflow/.local/lib/python3.8/site-packages/airflow/example_dags/example_external_task_marker_dag.py
[2024-02-05T14:19:42.667+0000] {logging_mixin.py:188} INFO - [2024-02-05T14:19:42.665+0000] {override.py:1769} INFO - Created Permission View: can delete on DAG:example_external_task_marker_parent
[2024-02-05T14:19:42.683+0000] {logging_mixin.py:188} INFO - [2024-02-05T14:19:42.682+0000] {override.py:1769} INFO - Created Permission View: can read on DAG:example_external_task_marker_parent
[2024-02-05T14:19:42.690+0000] {logging_mixin.py:188} INFO - [2024-02-05T14:19:42.690+0000] {override.py:1769} INFO - Created Permission View: can edit on DAG:example_external_task_marker_parent
[2024-02-05T14:19:42.705+0000] {logging_mixin.py:188} INFO - [2024-02-05T14:19:42.705+0000] {override.py:1769} INFO - Created Permission View: can delete on DAG:example_external_task_marker_child
[2024-02-05T14:19:42.715+0000] {logging_mixin.py:188} INFO - [2024-02-05T14:19:42.715+0000] {override.py:1769} INFO - Created Permission View: can read on DAG:example_external_task_marker_child
[2024-02-05T14:19:42.731+0000] {logging_mixin.py:188} INFO - [2024-02-05T14:19:42.730+0000] {override.py:1769} INFO - Created Permission View: can edit on DAG:example_external_task_marker_child
[2024-02-05T14:19:42.732+0000] {logging_mixin.py:188} INFO - [2024-02-05T14:19:42.732+0000] {dag.py:3036} INFO - Sync 2 DAGs
[2024-02-05T14:19:42.745+0000] {logging_mixin.py:188} INFO - [2024-02-05T14:19:42.745+0000] {dag.py:3058} INFO - Creating ORM DAG for example_external_task_marker_parent
[2024-02-05T14:19:42.746+0000] {logging_mixin.py:188} INFO - [2024-02-05T14:19:42.746+0000] {dag.py:3058} INFO - Creating ORM DAG for example_external_task_marker_child
[2024-02-05T14:19:42.748+0000] {logging_mixin.py:188} INFO - [2024-02-05T14:19:42.747+0000] {dag.py:3823} INFO - Setting next_dagrun for example_external_task_marker_child to None, run_after=None
[2024-02-05T14:19:42.751+0000] {logging_mixin.py:188} INFO - [2024-02-05T14:19:42.751+0000] {dag.py:3823} INFO - Setting next_dagrun for example_external_task_marker_parent to None, run_after=None
[2024-02-05T14:19:42.768+0000] {processor.py:183} INFO - Processing /home/airflow/.local/lib/python3.8/site-packages/airflow/example_dags/example_external_task_marker_dag.py took 0.265 seconds
[2024-02-05T14:20:12.818+0000] {processor.py:161} INFO - Started process (PID=134) to work on /home/airflow/.local/lib/python3.8/site-packages/airflow/example_dags/example_external_task_marker_dag.py
[2024-02-05T14:20:12.821+0000] {processor.py:830} INFO - Processing file /home/airflow/.local/lib/python3.8/site-packages/airflow/example_dags/example_external_task_marker_dag.py for tasks to queue
[2024-02-05T14:20:12.827+0000] {logging_mixin.py:188} INFO - [2024-02-05T14:20:12.827+0000] {dagbag.py:538} INFO - Filling up the DagBag from /home/airflow/.local/lib/python3.8/site-packages/airflow/example_dags/example_external_task_marker_dag.py
[2024-02-05T14:20:12.847+0000] {processor.py:840} INFO - DAG(s) 'example_external_task_marker_child', 'example_external_task_marker_parent' retrieved from /home/airflow/.local/lib/python3.8/site-packages/airflow/example_dags/example_external_task_marker_dag.py
[2024-02-05T14:20:12.900+0000] {logging_mixin.py:188} INFO - [2024-02-05T14:20:12.899+0000] {dag.py:3036} INFO - Sync 2 DAGs
[2024-02-05T14:20:13.002+0000] {logging_mixin.py:188} INFO - [2024-02-05T14:20:13.002+0000] {dag.py:3823} INFO - Setting next_dagrun for example_external_task_marker_child to None, run_after=None
[2024-02-05T14:20:13.020+0000] {logging_mixin.py:188} INFO - [2024-02-05T14:20:13.020+0000] {dag.py:3823} INFO - Setting next_dagrun for example_external_task_marker_parent to None, run_after=None
[2024-02-05T14:20:13.057+0000] {processor.py:183} INFO - Processing /home/airflow/.local/lib/python3.8/site-packages/airflow/example_dags/example_external_task_marker_dag.py took 0.242 seconds
[2024-02-05T14:20:46.554+0000] {processor.py:161} INFO - Started process (PID=189) to work on /home/airflow/.local/lib/python3.8/site-packages/airflow/example_dags/example_external_task_marker_dag.py
[2024-02-05T14:20:46.556+0000] {processor.py:830} INFO - Processing file /home/airflow/.local/lib/python3.8/site-packages/airflow/example_dags/example_external_task_marker_dag.py for tasks to queue
[2024-02-05T14:20:46.558+0000] {logging_mixin.py:188} INFO - [2024-02-05T14:20:46.557+0000] {dagbag.py:538} INFO - Filling up the DagBag from /home/airflow/.local/lib/python3.8/site-packages/airflow/example_dags/example_external_task_marker_dag.py
[2024-02-05T14:20:46.564+0000] {processor.py:840} INFO - DAG(s) 'example_external_task_marker_child', 'example_external_task_marker_parent' retrieved from /home/airflow/.local/lib/python3.8/site-packages/airflow/example_dags/example_external_task_marker_dag.py
[2024-02-05T14:20:46.604+0000] {logging_mixin.py:188} INFO - [2024-02-05T14:20:46.603+0000] {dag.py:3036} INFO - Sync 2 DAGs
[2024-02-05T14:20:46.623+0000] {logging_mixin.py:188} INFO - [2024-02-05T14:20:46.623+0000] {dag.py:3823} INFO - Setting next_dagrun for example_external_task_marker_child to None, run_after=None
[2024-02-05T14:20:46.627+0000] {logging_mixin.py:188} INFO - [2024-02-05T14:20:46.627+0000] {dag.py:3823} INFO - Setting next_dagrun for example_external_task_marker_parent to None, run_after=None
[2024-02-05T14:20:46.654+0000] {processor.py:183} INFO - Processing /home/airflow/.local/lib/python3.8/site-packages/airflow/example_dags/example_external_task_marker_dag.py took 0.104 seconds
[2024-02-05T14:22:10.510+0000] {processor.py:161} INFO - Started process (PID=250) to work on /home/airflow/.local/lib/python3.8/site-packages/airflow/example_dags/example_external_task_marker_dag.py
[2024-02-05T14:22:10.512+0000] {processor.py:830} INFO - Processing file /home/airflow/.local/lib/python3.8/site-packages/airflow/example_dags/example_external_task_marker_dag.py for tasks to queue
[2024-02-05T14:22:10.514+0000] {logging_mixin.py:188} INFO - [2024-02-05T14:22:10.514+0000] {dagbag.py:538} INFO - Filling up the DagBag from /home/airflow/.local/lib/python3.8/site-packages/airflow/example_dags/example_external_task_marker_dag.py
[2024-02-05T14:22:10.526+0000] {processor.py:840} INFO - DAG(s) 'example_external_task_marker_parent', 'example_external_task_marker_child' retrieved from /home/airflow/.local/lib/python3.8/site-packages/airflow/example_dags/example_external_task_marker_dag.py
[2024-02-05T14:22:10.557+0000] {logging_mixin.py:188} INFO - [2024-02-05T14:22:10.557+0000] {dag.py:3036} INFO - Sync 2 DAGs
[2024-02-05T14:22:10.578+0000] {logging_mixin.py:188} INFO - [2024-02-05T14:22:10.578+0000] {dag.py:3823} INFO - Setting next_dagrun for example_external_task_marker_child to None, run_after=None
[2024-02-05T14:22:10.591+0000] {logging_mixin.py:188} INFO - [2024-02-05T14:22:10.591+0000] {dag.py:3823} INFO - Setting next_dagrun for example_external_task_marker_parent to None, run_after=None
[2024-02-05T14:22:10.603+0000] {processor.py:183} INFO - Processing /home/airflow/.local/lib/python3.8/site-packages/airflow/example_dags/example_external_task_marker_dag.py took 0.096 seconds
[2024-02-05T14:22:44.315+0000] {processor.py:161} INFO - Started process (PID=317) to work on /home/airflow/.local/lib/python3.8/site-packages/airflow/example_dags/example_external_task_marker_dag.py
[2024-02-05T14:22:44.317+0000] {processor.py:830} INFO - Processing file /home/airflow/.local/lib/python3.8/site-packages/airflow/example_dags/example_external_task_marker_dag.py for tasks to queue
[2024-02-05T14:22:44.319+0000] {logging_mixin.py:188} INFO - [2024-02-05T14:22:44.319+0000] {dagbag.py:538} INFO - Filling up the DagBag from /home/airflow/.local/lib/python3.8/site-packages/airflow/example_dags/example_external_task_marker_dag.py
[2024-02-05T14:22:44.339+0000] {processor.py:840} INFO - DAG(s) 'example_external_task_marker_parent', 'example_external_task_marker_child' retrieved from /home/airflow/.local/lib/python3.8/site-packages/airflow/example_dags/example_external_task_marker_dag.py
[2024-02-05T14:22:44.474+0000] {logging_mixin.py:188} INFO - [2024-02-05T14:22:44.472+0000] {dag.py:3036} INFO - Sync 2 DAGs
[2024-02-05T14:22:44.571+0000] {logging_mixin.py:188} INFO - [2024-02-05T14:22:44.570+0000] {dag.py:3823} INFO - Setting next_dagrun for example_external_task_marker_child to None, run_after=None
[2024-02-05T14:22:44.575+0000] {logging_mixin.py:188} INFO - [2024-02-05T14:22:44.575+0000] {dag.py:3823} INFO - Setting next_dagrun for example_external_task_marker_parent to None, run_after=None
[2024-02-05T14:22:44.603+0000] {processor.py:183} INFO - Processing /home/airflow/.local/lib/python3.8/site-packages/airflow/example_dags/example_external_task_marker_dag.py took 0.295 seconds
[2024-02-05T14:23:28.412+0000] {processor.py:161} INFO - Started process (PID=386) to work on /home/airflow/.local/lib/python3.8/site-packages/airflow/example_dags/example_external_task_marker_dag.py
[2024-02-05T14:23:28.416+0000] {processor.py:830} INFO - Processing file /home/airflow/.local/lib/python3.8/site-packages/airflow/example_dags/example_external_task_marker_dag.py for tasks to queue
[2024-02-05T14:23:28.421+0000] {logging_mixin.py:188} INFO - [2024-02-05T14:23:28.420+0000] {dagbag.py:538} INFO - Filling up the DagBag from /home/airflow/.local/lib/python3.8/site-packages/airflow/example_dags/example_external_task_marker_dag.py
[2024-02-05T14:23:28.437+0000] {processor.py:840} INFO - DAG(s) 'example_external_task_marker_parent', 'example_external_task_marker_child' retrieved from /home/airflow/.local/lib/python3.8/site-packages/airflow/example_dags/example_external_task_marker_dag.py
[2024-02-05T14:23:28.475+0000] {logging_mixin.py:188} INFO - [2024-02-05T14:23:28.474+0000] {dag.py:3036} INFO - Sync 2 DAGs
[2024-02-05T14:23:28.497+0000] {logging_mixin.py:188} INFO - [2024-02-05T14:23:28.497+0000] {dag.py:3823} INFO - Setting next_dagrun for example_external_task_marker_child to None, run_after=None
[2024-02-05T14:23:28.503+0000] {logging_mixin.py:188} INFO - [2024-02-05T14:23:28.503+0000] {dag.py:3823} INFO - Setting next_dagrun for example_external_task_marker_parent to None, run_after=None
[2024-02-05T14:23:28.524+0000] {processor.py:183} INFO - Processing /home/airflow/.local/lib/python3.8/site-packages/airflow/example_dags/example_external_task_marker_dag.py took 0.126 seconds
[2024-02-05T14:24:15.887+0000] {processor.py:161} INFO - Started process (PID=445) to work on /home/airflow/.local/lib/python3.8/site-packages/airflow/example_dags/example_external_task_marker_dag.py
[2024-02-05T14:24:15.888+0000] {processor.py:830} INFO - Processing file /home/airflow/.local/lib/python3.8/site-packages/airflow/example_dags/example_external_task_marker_dag.py for tasks to queue
[2024-02-05T14:24:15.890+0000] {logging_mixin.py:188} INFO - [2024-02-05T14:24:15.889+0000] {dagbag.py:538} INFO - Filling up the DagBag from /home/airflow/.local/lib/python3.8/site-packages/airflow/example_dags/example_external_task_marker_dag.py
[2024-02-05T14:24:15.896+0000] {processor.py:840} INFO - DAG(s) 'example_external_task_marker_child', 'example_external_task_marker_parent' retrieved from /home/airflow/.local/lib/python3.8/site-packages/airflow/example_dags/example_external_task_marker_dag.py
[2024-02-05T14:24:15.916+0000] {logging_mixin.py:188} INFO - [2024-02-05T14:24:15.916+0000] {dag.py:3036} INFO - Sync 2 DAGs
[2024-02-05T14:24:15.938+0000] {logging_mixin.py:188} INFO - [2024-02-05T14:24:15.938+0000] {dag.py:3823} INFO - Setting next_dagrun for example_external_task_marker_child to None, run_after=None
[2024-02-05T14:24:15.942+0000] {logging_mixin.py:188} INFO - [2024-02-05T14:24:15.942+0000] {dag.py:3823} INFO - Setting next_dagrun for example_external_task_marker_parent to None, run_after=None
[2024-02-05T14:24:15.955+0000] {processor.py:183} INFO - Processing /home/airflow/.local/lib/python3.8/site-packages/airflow/example_dags/example_external_task_marker_dag.py took 0.072 seconds
[2024-02-05T14:24:56.648+0000] {processor.py:161} INFO - Started process (PID=514) to work on /home/airflow/.local/lib/python3.8/site-packages/airflow/example_dags/example_external_task_marker_dag.py
[2024-02-05T14:24:56.651+0000] {processor.py:830} INFO - Processing file /home/airflow/.local/lib/python3.8/site-packages/airflow/example_dags/example_external_task_marker_dag.py for tasks to queue
[2024-02-05T14:24:56.661+0000] {logging_mixin.py:188} INFO - [2024-02-05T14:24:56.660+0000] {dagbag.py:538} INFO - Filling up the DagBag from /home/airflow/.local/lib/python3.8/site-packages/airflow/example_dags/example_external_task_marker_dag.py
[2024-02-05T14:24:56.678+0000] {processor.py:840} INFO - DAG(s) 'example_external_task_marker_child', 'example_external_task_marker_parent' retrieved from /home/airflow/.local/lib/python3.8/site-packages/airflow/example_dags/example_external_task_marker_dag.py
[2024-02-05T14:24:56.715+0000] {logging_mixin.py:188} INFO - [2024-02-05T14:24:56.714+0000] {dag.py:3036} INFO - Sync 2 DAGs
[2024-02-05T14:24:56.730+0000] {logging_mixin.py:188} INFO - [2024-02-05T14:24:56.730+0000] {dag.py:3823} INFO - Setting next_dagrun for example_external_task_marker_child to None, run_after=None
[2024-02-05T14:24:56.735+0000] {logging_mixin.py:188} INFO - [2024-02-05T14:24:56.735+0000] {dag.py:3823} INFO - Setting next_dagrun for example_external_task_marker_parent to None, run_after=None
[2024-02-05T14:24:56.774+0000] {processor.py:183} INFO - Processing /home/airflow/.local/lib/python3.8/site-packages/airflow/example_dags/example_external_task_marker_dag.py took 0.131 seconds
[2024-02-05T14:25:29.858+0000] {processor.py:161} INFO - Started process (PID=572) to work on /home/airflow/.local/lib/python3.8/site-packages/airflow/example_dags/example_external_task_marker_dag.py
[2024-02-05T14:25:29.862+0000] {processor.py:830} INFO - Processing file /home/airflow/.local/lib/python3.8/site-packages/airflow/example_dags/example_external_task_marker_dag.py for tasks to queue
[2024-02-05T14:25:29.864+0000] {logging_mixin.py:188} INFO - [2024-02-05T14:25:29.863+0000] {dagbag.py:538} INFO - Filling up the DagBag from /home/airflow/.local/lib/python3.8/site-packages/airflow/example_dags/example_external_task_marker_dag.py
[2024-02-05T14:25:29.869+0000] {processor.py:840} INFO - DAG(s) 'example_external_task_marker_child', 'example_external_task_marker_parent' retrieved from /home/airflow/.local/lib/python3.8/site-packages/airflow/example_dags/example_external_task_marker_dag.py
[2024-02-05T14:25:29.908+0000] {logging_mixin.py:188} INFO - [2024-02-05T14:25:29.908+0000] {dag.py:3036} INFO - Sync 2 DAGs
[2024-02-05T14:25:29.920+0000] {logging_mixin.py:188} INFO - [2024-02-05T14:25:29.920+0000] {dag.py:3823} INFO - Setting next_dagrun for example_external_task_marker_child to None, run_after=None
[2024-02-05T14:25:29.924+0000] {logging_mixin.py:188} INFO - [2024-02-05T14:25:29.923+0000] {dag.py:3823} INFO - Setting next_dagrun for example_external_task_marker_parent to None, run_after=None
[2024-02-05T14:25:29.939+0000] {processor.py:183} INFO - Processing /home/airflow/.local/lib/python3.8/site-packages/airflow/example_dags/example_external_task_marker_dag.py took 0.084 seconds
[2024-02-05T14:26:01.562+0000] {processor.py:161} INFO - Started process (PID=630) to work on /home/airflow/.local/lib/python3.8/site-packages/airflow/example_dags/example_external_task_marker_dag.py
[2024-02-05T14:26:01.747+0000] {processor.py:830} INFO - Processing file /home/airflow/.local/lib/python3.8/site-packages/airflow/example_dags/example_external_task_marker_dag.py for tasks to queue
[2024-02-05T14:26:01.769+0000] {logging_mixin.py:188} INFO - [2024-02-05T14:26:01.769+0000] {dagbag.py:538} INFO - Filling up the DagBag from /home/airflow/.local/lib/python3.8/site-packages/airflow/example_dags/example_external_task_marker_dag.py
[2024-02-05T14:26:01.833+0000] {processor.py:840} INFO - DAG(s) 'example_external_task_marker_parent', 'example_external_task_marker_child' retrieved from /home/airflow/.local/lib/python3.8/site-packages/airflow/example_dags/example_external_task_marker_dag.py
[2024-02-05T14:26:01.929+0000] {logging_mixin.py:188} INFO - [2024-02-05T14:26:01.929+0000] {dag.py:3036} INFO - Sync 2 DAGs
[2024-02-05T14:26:02.751+0000] {logging_mixin.py:188} INFO - [2024-02-05T14:26:02.750+0000] {dag.py:3823} INFO - Setting next_dagrun for example_external_task_marker_child to None, run_after=None
[2024-02-05T14:26:02.770+0000] {logging_mixin.py:188} INFO - [2024-02-05T14:26:02.769+0000] {dag.py:3823} INFO - Setting next_dagrun for example_external_task_marker_parent to None, run_after=None
[2024-02-05T14:26:02.824+0000] {processor.py:183} INFO - Processing /home/airflow/.local/lib/python3.8/site-packages/airflow/example_dags/example_external_task_marker_dag.py took 1.268 seconds
