[2024-02-05T14:19:35.827+0000] {processor.py:161} INFO - Started process (PID=55) to work on /home/airflow/.local/lib/python3.8/site-packages/airflow/example_dags/example_branch_datetime_operator.py
[2024-02-05T14:19:35.836+0000] {processor.py:830} INFO - Processing file /home/airflow/.local/lib/python3.8/site-packages/airflow/example_dags/example_branch_datetime_operator.py for tasks to queue
[2024-02-05T14:19:35.839+0000] {logging_mixin.py:188} INFO - [2024-02-05T14:19:35.839+0000] {dagbag.py:538} INFO - Filling up the DagBag from /home/airflow/.local/lib/python3.8/site-packages/airflow/example_dags/example_branch_datetime_operator.py
[2024-02-05T14:19:35.884+0000] {processor.py:840} INFO - DAG(s) 'example_branch_datetime_operator_3', 'example_branch_datetime_operator', 'example_branch_datetime_operator_2' retrieved from /home/airflow/.local/lib/python3.8/site-packages/airflow/example_dags/example_branch_datetime_operator.py
[2024-02-05T14:19:36.220+0000] {logging_mixin.py:188} INFO - [2024-02-05T14:19:36.219+0000] {override.py:1769} INFO - Created Permission View: can delete on DAG:example_branch_datetime_operator_3
[2024-02-05T14:19:36.239+0000] {logging_mixin.py:188} INFO - [2024-02-05T14:19:36.237+0000] {override.py:1769} INFO - Created Permission View: can read on DAG:example_branch_datetime_operator_3
[2024-02-05T14:19:36.345+0000] {logging_mixin.py:188} INFO - [2024-02-05T14:19:36.344+0000] {override.py:1769} INFO - Created Permission View: can edit on DAG:example_branch_datetime_operator_3
[2024-02-05T14:19:36.369+0000] {logging_mixin.py:188} INFO - [2024-02-05T14:19:36.368+0000] {override.py:1769} INFO - Created Permission View: can delete on DAG:example_branch_datetime_operator
[2024-02-05T14:19:36.380+0000] {logging_mixin.py:188} INFO - [2024-02-05T14:19:36.380+0000] {override.py:1769} INFO - Created Permission View: can read on DAG:example_branch_datetime_operator
[2024-02-05T14:19:36.387+0000] {logging_mixin.py:188} INFO - [2024-02-05T14:19:36.387+0000] {override.py:1769} INFO - Created Permission View: can edit on DAG:example_branch_datetime_operator
[2024-02-05T14:19:36.402+0000] {logging_mixin.py:188} INFO - [2024-02-05T14:19:36.402+0000] {override.py:1769} INFO - Created Permission View: can delete on DAG:example_branch_datetime_operator_2
[2024-02-05T14:19:36.412+0000] {logging_mixin.py:188} INFO - [2024-02-05T14:19:36.412+0000] {override.py:1769} INFO - Created Permission View: can read on DAG:example_branch_datetime_operator_2
[2024-02-05T14:19:36.420+0000] {logging_mixin.py:188} INFO - [2024-02-05T14:19:36.420+0000] {override.py:1769} INFO - Created Permission View: can edit on DAG:example_branch_datetime_operator_2
[2024-02-05T14:19:36.420+0000] {logging_mixin.py:188} INFO - [2024-02-05T14:19:36.420+0000] {dag.py:3036} INFO - Sync 3 DAGs
[2024-02-05T14:19:36.439+0000] {logging_mixin.py:188} INFO - [2024-02-05T14:19:36.439+0000] {dag.py:3058} INFO - Creating ORM DAG for example_branch_datetime_operator
[2024-02-05T14:19:36.440+0000] {logging_mixin.py:188} INFO - [2024-02-05T14:19:36.439+0000] {dag.py:3058} INFO - Creating ORM DAG for example_branch_datetime_operator_2
[2024-02-05T14:19:36.440+0000] {logging_mixin.py:188} INFO - [2024-02-05T14:19:36.440+0000] {dag.py:3058} INFO - Creating ORM DAG for example_branch_datetime_operator_3
[2024-02-05T14:19:36.465+0000] {logging_mixin.py:188} INFO - [2024-02-05T14:19:36.464+0000] {dag.py:3823} INFO - Setting next_dagrun for example_branch_datetime_operator to 2024-02-04 00:00:00+00:00, run_after=2024-02-05 00:00:00+00:00
[2024-02-05T14:19:36.467+0000] {logging_mixin.py:188} INFO - [2024-02-05T14:19:36.467+0000] {dag.py:3823} INFO - Setting next_dagrun for example_branch_datetime_operator_2 to 2024-02-04 00:00:00+00:00, run_after=2024-02-05 00:00:00+00:00
[2024-02-05T14:19:36.470+0000] {logging_mixin.py:188} INFO - [2024-02-05T14:19:36.470+0000] {dag.py:3823} INFO - Setting next_dagrun for example_branch_datetime_operator_3 to 2024-02-04 00:00:00+00:00, run_after=2024-02-05 00:00:00+00:00
[2024-02-05T14:19:36.510+0000] {processor.py:183} INFO - Processing /home/airflow/.local/lib/python3.8/site-packages/airflow/example_dags/example_branch_datetime_operator.py took 0.699 seconds
[2024-02-05T14:20:06.983+0000] {processor.py:161} INFO - Started process (PID=109) to work on /home/airflow/.local/lib/python3.8/site-packages/airflow/example_dags/example_branch_datetime_operator.py
[2024-02-05T14:20:06.986+0000] {processor.py:830} INFO - Processing file /home/airflow/.local/lib/python3.8/site-packages/airflow/example_dags/example_branch_datetime_operator.py for tasks to queue
[2024-02-05T14:20:06.989+0000] {logging_mixin.py:188} INFO - [2024-02-05T14:20:06.989+0000] {dagbag.py:538} INFO - Filling up the DagBag from /home/airflow/.local/lib/python3.8/site-packages/airflow/example_dags/example_branch_datetime_operator.py
[2024-02-05T14:20:07.004+0000] {processor.py:840} INFO - DAG(s) 'example_branch_datetime_operator_2', 'example_branch_datetime_operator', 'example_branch_datetime_operator_3' retrieved from /home/airflow/.local/lib/python3.8/site-packages/airflow/example_dags/example_branch_datetime_operator.py
[2024-02-05T14:20:07.038+0000] {logging_mixin.py:188} INFO - [2024-02-05T14:20:07.038+0000] {dag.py:3036} INFO - Sync 3 DAGs
[2024-02-05T14:20:07.050+0000] {logging_mixin.py:188} INFO - [2024-02-05T14:20:07.050+0000] {dag.py:3823} INFO - Setting next_dagrun for example_branch_datetime_operator to 2024-02-04 00:00:00+00:00, run_after=2024-02-05 00:00:00+00:00
[2024-02-05T14:20:07.053+0000] {logging_mixin.py:188} INFO - [2024-02-05T14:20:07.053+0000] {dag.py:3823} INFO - Setting next_dagrun for example_branch_datetime_operator_2 to 2024-02-04 00:00:00+00:00, run_after=2024-02-05 00:00:00+00:00
[2024-02-05T14:20:07.055+0000] {logging_mixin.py:188} INFO - [2024-02-05T14:20:07.055+0000] {dag.py:3823} INFO - Setting next_dagrun for example_branch_datetime_operator_3 to 2024-02-04 00:00:00+00:00, run_after=2024-02-05 00:00:00+00:00
[2024-02-05T14:20:07.109+0000] {processor.py:183} INFO - Processing /home/airflow/.local/lib/python3.8/site-packages/airflow/example_dags/example_branch_datetime_operator.py took 0.131 seconds
[2024-02-05T14:20:37.433+0000] {processor.py:161} INFO - Started process (PID=164) to work on /home/airflow/.local/lib/python3.8/site-packages/airflow/example_dags/example_branch_datetime_operator.py
[2024-02-05T14:20:37.438+0000] {processor.py:830} INFO - Processing file /home/airflow/.local/lib/python3.8/site-packages/airflow/example_dags/example_branch_datetime_operator.py for tasks to queue
[2024-02-05T14:20:37.444+0000] {logging_mixin.py:188} INFO - [2024-02-05T14:20:37.442+0000] {dagbag.py:538} INFO - Filling up the DagBag from /home/airflow/.local/lib/python3.8/site-packages/airflow/example_dags/example_branch_datetime_operator.py
[2024-02-05T14:20:37.460+0000] {processor.py:840} INFO - DAG(s) 'example_branch_datetime_operator_2', 'example_branch_datetime_operator', 'example_branch_datetime_operator_3' retrieved from /home/airflow/.local/lib/python3.8/site-packages/airflow/example_dags/example_branch_datetime_operator.py
[2024-02-05T14:20:37.485+0000] {logging_mixin.py:188} INFO - [2024-02-05T14:20:37.484+0000] {dag.py:3036} INFO - Sync 3 DAGs
[2024-02-05T14:20:37.505+0000] {logging_mixin.py:188} INFO - [2024-02-05T14:20:37.505+0000] {dag.py:3823} INFO - Setting next_dagrun for example_branch_datetime_operator to 2024-02-04 00:00:00+00:00, run_after=2024-02-05 00:00:00+00:00
[2024-02-05T14:20:37.508+0000] {logging_mixin.py:188} INFO - [2024-02-05T14:20:37.508+0000] {dag.py:3823} INFO - Setting next_dagrun for example_branch_datetime_operator_2 to 2024-02-04 00:00:00+00:00, run_after=2024-02-05 00:00:00+00:00
[2024-02-05T14:20:37.510+0000] {logging_mixin.py:188} INFO - [2024-02-05T14:20:37.509+0000] {dag.py:3823} INFO - Setting next_dagrun for example_branch_datetime_operator_3 to 2024-02-04 00:00:00+00:00, run_after=2024-02-05 00:00:00+00:00
[2024-02-05T14:20:37.586+0000] {processor.py:183} INFO - Processing /home/airflow/.local/lib/python3.8/site-packages/airflow/example_dags/example_branch_datetime_operator.py took 0.159 seconds
[2024-02-05T14:21:41.456+0000] {processor.py:161} INFO - Started process (PID=225) to work on /home/airflow/.local/lib/python3.8/site-packages/airflow/example_dags/example_branch_datetime_operator.py
[2024-02-05T14:21:41.490+0000] {processor.py:830} INFO - Processing file /home/airflow/.local/lib/python3.8/site-packages/airflow/example_dags/example_branch_datetime_operator.py for tasks to queue
[2024-02-05T14:21:42.636+0000] {logging_mixin.py:188} INFO - [2024-02-05T14:21:42.632+0000] {dagbag.py:538} INFO - Filling up the DagBag from /home/airflow/.local/lib/python3.8/site-packages/airflow/example_dags/example_branch_datetime_operator.py
[2024-02-05T14:21:43.578+0000] {processor.py:840} INFO - DAG(s) 'example_branch_datetime_operator_3', 'example_branch_datetime_operator', 'example_branch_datetime_operator_2' retrieved from /home/airflow/.local/lib/python3.8/site-packages/airflow/example_dags/example_branch_datetime_operator.py
[2024-02-05T14:21:44.154+0000] {logging_mixin.py:188} INFO - [2024-02-05T14:21:44.152+0000] {dag.py:3036} INFO - Sync 3 DAGs
[2024-02-05T14:21:44.321+0000] {logging_mixin.py:188} INFO - [2024-02-05T14:21:44.320+0000] {dag.py:3823} INFO - Setting next_dagrun for example_branch_datetime_operator to 2024-02-04 00:00:00+00:00, run_after=2024-02-05 00:00:00+00:00
[2024-02-05T14:21:44.535+0000] {logging_mixin.py:188} INFO - [2024-02-05T14:21:44.534+0000] {dag.py:3823} INFO - Setting next_dagrun for example_branch_datetime_operator_2 to 2024-02-04 00:00:00+00:00, run_after=2024-02-05 00:00:00+00:00
[2024-02-05T14:21:44.726+0000] {logging_mixin.py:188} INFO - [2024-02-05T14:21:44.723+0000] {dag.py:3823} INFO - Setting next_dagrun for example_branch_datetime_operator_3 to 2024-02-04 00:00:00+00:00, run_after=2024-02-05 00:00:00+00:00
[2024-02-05T14:21:46.364+0000] {processor.py:183} INFO - Processing /home/airflow/.local/lib/python3.8/site-packages/airflow/example_dags/example_branch_datetime_operator.py took 4.990 seconds
[2024-02-05T14:22:22.116+0000] {processor.py:161} INFO - Started process (PID=286) to work on /home/airflow/.local/lib/python3.8/site-packages/airflow/example_dags/example_branch_datetime_operator.py
[2024-02-05T14:22:22.130+0000] {processor.py:830} INFO - Processing file /home/airflow/.local/lib/python3.8/site-packages/airflow/example_dags/example_branch_datetime_operator.py for tasks to queue
[2024-02-05T14:22:22.175+0000] {logging_mixin.py:188} INFO - [2024-02-05T14:22:22.173+0000] {dagbag.py:538} INFO - Filling up the DagBag from /home/airflow/.local/lib/python3.8/site-packages/airflow/example_dags/example_branch_datetime_operator.py
[2024-02-05T14:22:22.277+0000] {processor.py:840} INFO - DAG(s) 'example_branch_datetime_operator_2', 'example_branch_datetime_operator_3', 'example_branch_datetime_operator' retrieved from /home/airflow/.local/lib/python3.8/site-packages/airflow/example_dags/example_branch_datetime_operator.py
[2024-02-05T14:22:22.479+0000] {logging_mixin.py:188} INFO - [2024-02-05T14:22:22.478+0000] {dag.py:3036} INFO - Sync 3 DAGs
[2024-02-05T14:22:22.638+0000] {logging_mixin.py:188} INFO - [2024-02-05T14:22:22.635+0000] {dag.py:3823} INFO - Setting next_dagrun for example_branch_datetime_operator to 2024-02-04 00:00:00+00:00, run_after=2024-02-05 00:00:00+00:00
[2024-02-05T14:22:22.693+0000] {logging_mixin.py:188} INFO - [2024-02-05T14:22:22.692+0000] {dag.py:3823} INFO - Setting next_dagrun for example_branch_datetime_operator_2 to 2024-02-04 00:00:00+00:00, run_after=2024-02-05 00:00:00+00:00
[2024-02-05T14:22:22.694+0000] {logging_mixin.py:188} INFO - [2024-02-05T14:22:22.694+0000] {dag.py:3823} INFO - Setting next_dagrun for example_branch_datetime_operator_3 to 2024-02-04 00:00:00+00:00, run_after=2024-02-05 00:00:00+00:00
[2024-02-05T14:22:22.979+0000] {processor.py:183} INFO - Processing /home/airflow/.local/lib/python3.8/site-packages/airflow/example_dags/example_branch_datetime_operator.py took 0.873 seconds
[2024-02-05T14:22:54.042+0000] {processor.py:161} INFO - Started process (PID=339) to work on /home/airflow/.local/lib/python3.8/site-packages/airflow/example_dags/example_branch_datetime_operator.py
[2024-02-05T14:22:54.872+0000] {processor.py:830} INFO - Processing file /home/airflow/.local/lib/python3.8/site-packages/airflow/example_dags/example_branch_datetime_operator.py for tasks to queue
[2024-02-05T14:22:55.956+0000] {logging_mixin.py:188} INFO - [2024-02-05T14:22:55.952+0000] {dagbag.py:538} INFO - Filling up the DagBag from /home/airflow/.local/lib/python3.8/site-packages/airflow/example_dags/example_branch_datetime_operator.py
[2024-02-05T14:22:57.107+0000] {processor.py:840} INFO - DAG(s) 'example_branch_datetime_operator_2', 'example_branch_datetime_operator_3', 'example_branch_datetime_operator' retrieved from /home/airflow/.local/lib/python3.8/site-packages/airflow/example_dags/example_branch_datetime_operator.py
[2024-02-05T14:22:57.737+0000] {logging_mixin.py:188} INFO - [2024-02-05T14:22:57.736+0000] {dag.py:3036} INFO - Sync 3 DAGs
[2024-02-05T14:22:58.065+0000] {logging_mixin.py:188} INFO - [2024-02-05T14:22:58.064+0000] {dag.py:3823} INFO - Setting next_dagrun for example_branch_datetime_operator to 2024-02-04 00:00:00+00:00, run_after=2024-02-05 00:00:00+00:00
[2024-02-05T14:22:59.193+0000] {logging_mixin.py:188} INFO - [2024-02-05T14:22:59.192+0000] {dag.py:3823} INFO - Setting next_dagrun for example_branch_datetime_operator_2 to 2024-02-04 00:00:00+00:00, run_after=2024-02-05 00:00:00+00:00
[2024-02-05T14:22:59.969+0000] {logging_mixin.py:188} INFO - [2024-02-05T14:22:59.965+0000] {dag.py:3823} INFO - Setting next_dagrun for example_branch_datetime_operator_3 to 2024-02-04 00:00:00+00:00, run_after=2024-02-05 00:00:00+00:00
[2024-02-05T14:23:01.089+0000] {processor.py:183} INFO - Processing /home/airflow/.local/lib/python3.8/site-packages/airflow/example_dags/example_branch_datetime_operator.py took 7.090 seconds
[2024-02-05T14:23:31.840+0000] {processor.py:161} INFO - Started process (PID=394) to work on /home/airflow/.local/lib/python3.8/site-packages/airflow/example_dags/example_branch_datetime_operator.py
[2024-02-05T14:23:31.941+0000] {processor.py:830} INFO - Processing file /home/airflow/.local/lib/python3.8/site-packages/airflow/example_dags/example_branch_datetime_operator.py for tasks to queue
[2024-02-05T14:23:31.985+0000] {logging_mixin.py:188} INFO - [2024-02-05T14:23:31.984+0000] {dagbag.py:538} INFO - Filling up the DagBag from /home/airflow/.local/lib/python3.8/site-packages/airflow/example_dags/example_branch_datetime_operator.py
[2024-02-05T14:23:32.003+0000] {processor.py:840} INFO - DAG(s) 'example_branch_datetime_operator_3', 'example_branch_datetime_operator_2', 'example_branch_datetime_operator' retrieved from /home/airflow/.local/lib/python3.8/site-packages/airflow/example_dags/example_branch_datetime_operator.py
[2024-02-05T14:23:32.854+0000] {logging_mixin.py:188} INFO - [2024-02-05T14:23:32.854+0000] {dag.py:3036} INFO - Sync 3 DAGs
[2024-02-05T14:23:33.769+0000] {logging_mixin.py:188} INFO - [2024-02-05T14:23:33.766+0000] {dag.py:3823} INFO - Setting next_dagrun for example_branch_datetime_operator to 2024-02-04 00:00:00+00:00, run_after=2024-02-05 00:00:00+00:00
[2024-02-05T14:23:33.791+0000] {logging_mixin.py:188} INFO - [2024-02-05T14:23:33.790+0000] {dag.py:3823} INFO - Setting next_dagrun for example_branch_datetime_operator_2 to 2024-02-04 00:00:00+00:00, run_after=2024-02-05 00:00:00+00:00
[2024-02-05T14:23:33.800+0000] {logging_mixin.py:188} INFO - [2024-02-05T14:23:33.799+0000] {dag.py:3823} INFO - Setting next_dagrun for example_branch_datetime_operator_3 to 2024-02-04 00:00:00+00:00, run_after=2024-02-05 00:00:00+00:00
[2024-02-05T14:23:33.882+0000] {processor.py:183} INFO - Processing /home/airflow/.local/lib/python3.8/site-packages/airflow/example_dags/example_branch_datetime_operator.py took 2.048 seconds
[2024-02-05T14:24:15.115+0000] {processor.py:161} INFO - Started process (PID=436) to work on /home/airflow/.local/lib/python3.8/site-packages/airflow/example_dags/example_branch_datetime_operator.py
[2024-02-05T14:24:15.116+0000] {processor.py:830} INFO - Processing file /home/airflow/.local/lib/python3.8/site-packages/airflow/example_dags/example_branch_datetime_operator.py for tasks to queue
[2024-02-05T14:24:15.119+0000] {logging_mixin.py:188} INFO - [2024-02-05T14:24:15.117+0000] {dagbag.py:538} INFO - Filling up the DagBag from /home/airflow/.local/lib/python3.8/site-packages/airflow/example_dags/example_branch_datetime_operator.py
[2024-02-05T14:24:15.139+0000] {processor.py:840} INFO - DAG(s) 'example_branch_datetime_operator_2', 'example_branch_datetime_operator', 'example_branch_datetime_operator_3' retrieved from /home/airflow/.local/lib/python3.8/site-packages/airflow/example_dags/example_branch_datetime_operator.py
[2024-02-05T14:24:15.175+0000] {logging_mixin.py:188} INFO - [2024-02-05T14:24:15.175+0000] {dag.py:3036} INFO - Sync 3 DAGs
[2024-02-05T14:24:15.195+0000] {logging_mixin.py:188} INFO - [2024-02-05T14:24:15.195+0000] {dag.py:3823} INFO - Setting next_dagrun for example_branch_datetime_operator to 2024-02-04 00:00:00+00:00, run_after=2024-02-05 00:00:00+00:00
[2024-02-05T14:24:15.203+0000] {logging_mixin.py:188} INFO - [2024-02-05T14:24:15.202+0000] {dag.py:3823} INFO - Setting next_dagrun for example_branch_datetime_operator_2 to 2024-02-04 00:00:00+00:00, run_after=2024-02-05 00:00:00+00:00
[2024-02-05T14:24:15.205+0000] {logging_mixin.py:188} INFO - [2024-02-05T14:24:15.205+0000] {dag.py:3823} INFO - Setting next_dagrun for example_branch_datetime_operator_3 to 2024-02-04 00:00:00+00:00, run_after=2024-02-05 00:00:00+00:00
[2024-02-05T14:24:15.221+0000] {processor.py:183} INFO - Processing /home/airflow/.local/lib/python3.8/site-packages/airflow/example_dags/example_branch_datetime_operator.py took 0.109 seconds
[2024-02-05T14:24:52.545+0000] {processor.py:161} INFO - Started process (PID=499) to work on /home/airflow/.local/lib/python3.8/site-packages/airflow/example_dags/example_branch_datetime_operator.py
[2024-02-05T14:24:52.546+0000] {processor.py:830} INFO - Processing file /home/airflow/.local/lib/python3.8/site-packages/airflow/example_dags/example_branch_datetime_operator.py for tasks to queue
[2024-02-05T14:24:52.547+0000] {logging_mixin.py:188} INFO - [2024-02-05T14:24:52.547+0000] {dagbag.py:538} INFO - Filling up the DagBag from /home/airflow/.local/lib/python3.8/site-packages/airflow/example_dags/example_branch_datetime_operator.py
[2024-02-05T14:24:52.568+0000] {processor.py:840} INFO - DAG(s) 'example_branch_datetime_operator_2', 'example_branch_datetime_operator', 'example_branch_datetime_operator_3' retrieved from /home/airflow/.local/lib/python3.8/site-packages/airflow/example_dags/example_branch_datetime_operator.py
[2024-02-05T14:24:52.688+0000] {logging_mixin.py:188} INFO - [2024-02-05T14:24:52.687+0000] {dag.py:3036} INFO - Sync 3 DAGs
[2024-02-05T14:24:52.744+0000] {logging_mixin.py:188} INFO - [2024-02-05T14:24:52.744+0000] {dag.py:3823} INFO - Setting next_dagrun for example_branch_datetime_operator to 2024-02-04 00:00:00+00:00, run_after=2024-02-05 00:00:00+00:00
[2024-02-05T14:24:52.762+0000] {logging_mixin.py:188} INFO - [2024-02-05T14:24:52.762+0000] {dag.py:3823} INFO - Setting next_dagrun for example_branch_datetime_operator_2 to 2024-02-04 00:00:00+00:00, run_after=2024-02-05 00:00:00+00:00
[2024-02-05T14:24:52.766+0000] {logging_mixin.py:188} INFO - [2024-02-05T14:24:52.766+0000] {dag.py:3823} INFO - Setting next_dagrun for example_branch_datetime_operator_3 to 2024-02-04 00:00:00+00:00, run_after=2024-02-05 00:00:00+00:00
[2024-02-05T14:24:52.797+0000] {processor.py:183} INFO - Processing /home/airflow/.local/lib/python3.8/site-packages/airflow/example_dags/example_branch_datetime_operator.py took 0.256 seconds
[2024-02-05T14:25:23.315+0000] {processor.py:161} INFO - Started process (PID=552) to work on /home/airflow/.local/lib/python3.8/site-packages/airflow/example_dags/example_branch_datetime_operator.py
[2024-02-05T14:25:23.317+0000] {processor.py:830} INFO - Processing file /home/airflow/.local/lib/python3.8/site-packages/airflow/example_dags/example_branch_datetime_operator.py for tasks to queue
[2024-02-05T14:25:23.320+0000] {logging_mixin.py:188} INFO - [2024-02-05T14:25:23.320+0000] {dagbag.py:538} INFO - Filling up the DagBag from /home/airflow/.local/lib/python3.8/site-packages/airflow/example_dags/example_branch_datetime_operator.py
[2024-02-05T14:25:23.334+0000] {processor.py:840} INFO - DAG(s) 'example_branch_datetime_operator_3', 'example_branch_datetime_operator_2', 'example_branch_datetime_operator' retrieved from /home/airflow/.local/lib/python3.8/site-packages/airflow/example_dags/example_branch_datetime_operator.py
[2024-02-05T14:25:23.399+0000] {logging_mixin.py:188} INFO - [2024-02-05T14:25:23.399+0000] {dag.py:3036} INFO - Sync 3 DAGs
[2024-02-05T14:25:23.437+0000] {logging_mixin.py:188} INFO - [2024-02-05T14:25:23.437+0000] {dag.py:3823} INFO - Setting next_dagrun for example_branch_datetime_operator to 2024-02-04 00:00:00+00:00, run_after=2024-02-05 00:00:00+00:00
[2024-02-05T14:25:23.445+0000] {logging_mixin.py:188} INFO - [2024-02-05T14:25:23.445+0000] {dag.py:3823} INFO - Setting next_dagrun for example_branch_datetime_operator_2 to 2024-02-04 00:00:00+00:00, run_after=2024-02-05 00:00:00+00:00
[2024-02-05T14:25:23.448+0000] {logging_mixin.py:188} INFO - [2024-02-05T14:25:23.447+0000] {dag.py:3823} INFO - Setting next_dagrun for example_branch_datetime_operator_3 to 2024-02-04 00:00:00+00:00, run_after=2024-02-05 00:00:00+00:00
[2024-02-05T14:25:23.506+0000] {processor.py:183} INFO - Processing /home/airflow/.local/lib/python3.8/site-packages/airflow/example_dags/example_branch_datetime_operator.py took 0.196 seconds
[2024-02-05T14:25:58.593+0000] {processor.py:161} INFO - Started process (PID=607) to work on /home/airflow/.local/lib/python3.8/site-packages/airflow/example_dags/example_branch_datetime_operator.py
[2024-02-05T14:25:58.595+0000] {processor.py:830} INFO - Processing file /home/airflow/.local/lib/python3.8/site-packages/airflow/example_dags/example_branch_datetime_operator.py for tasks to queue
[2024-02-05T14:25:58.598+0000] {logging_mixin.py:188} INFO - [2024-02-05T14:25:58.597+0000] {dagbag.py:538} INFO - Filling up the DagBag from /home/airflow/.local/lib/python3.8/site-packages/airflow/example_dags/example_branch_datetime_operator.py
[2024-02-05T14:25:58.625+0000] {processor.py:840} INFO - DAG(s) 'example_branch_datetime_operator_2', 'example_branch_datetime_operator', 'example_branch_datetime_operator_3' retrieved from /home/airflow/.local/lib/python3.8/site-packages/airflow/example_dags/example_branch_datetime_operator.py
[2024-02-05T14:25:58.664+0000] {logging_mixin.py:188} INFO - [2024-02-05T14:25:58.664+0000] {dag.py:3036} INFO - Sync 3 DAGs
[2024-02-05T14:25:58.690+0000] {logging_mixin.py:188} INFO - [2024-02-05T14:25:58.690+0000] {dag.py:3823} INFO - Setting next_dagrun for example_branch_datetime_operator to 2024-02-04 00:00:00+00:00, run_after=2024-02-05 00:00:00+00:00
[2024-02-05T14:25:58.694+0000] {logging_mixin.py:188} INFO - [2024-02-05T14:25:58.694+0000] {dag.py:3823} INFO - Setting next_dagrun for example_branch_datetime_operator_2 to 2024-02-04 00:00:00+00:00, run_after=2024-02-05 00:00:00+00:00
[2024-02-05T14:25:58.696+0000] {logging_mixin.py:188} INFO - [2024-02-05T14:25:58.696+0000] {dag.py:3823} INFO - Setting next_dagrun for example_branch_datetime_operator_3 to 2024-02-04 00:00:00+00:00, run_after=2024-02-05 00:00:00+00:00
[2024-02-05T14:25:58.716+0000] {processor.py:183} INFO - Processing /home/airflow/.local/lib/python3.8/site-packages/airflow/example_dags/example_branch_datetime_operator.py took 0.128 seconds
