[2024-02-05T14:19:43.312+0000] {processor.py:161} INFO - Started process (PID=82) to work on /home/airflow/.local/lib/python3.8/site-packages/airflow/example_dags/example_python_decorator.py
[2024-02-05T14:19:43.315+0000] {processor.py:830} INFO - Processing file /home/airflow/.local/lib/python3.8/site-packages/airflow/example_dags/example_python_decorator.py for tasks to queue
[2024-02-05T14:19:43.319+0000] {logging_mixin.py:188} INFO - [2024-02-05T14:19:43.319+0000] {dagbag.py:538} INFO - Filling up the DagBag from /home/airflow/.local/lib/python3.8/site-packages/airflow/example_dags/example_python_decorator.py
[2024-02-05T14:19:43.370+0000] {processor.py:840} INFO - DAG(s) 'example_python_decorator' retrieved from /home/airflow/.local/lib/python3.8/site-packages/airflow/example_dags/example_python_decorator.py
[2024-02-05T14:19:43.702+0000] {logging_mixin.py:188} INFO - [2024-02-05T14:19:43.699+0000] {override.py:1769} INFO - Created Permission View: can delete on DAG:example_python_decorator
[2024-02-05T14:19:43.715+0000] {logging_mixin.py:188} INFO - [2024-02-05T14:19:43.714+0000] {override.py:1769} INFO - Created Permission View: can read on DAG:example_python_decorator
[2024-02-05T14:19:43.722+0000] {logging_mixin.py:188} INFO - [2024-02-05T14:19:43.721+0000] {override.py:1769} INFO - Created Permission View: can edit on DAG:example_python_decorator
[2024-02-05T14:19:43.723+0000] {logging_mixin.py:188} INFO - [2024-02-05T14:19:43.723+0000] {dag.py:3036} INFO - Sync 1 DAGs
[2024-02-05T14:19:43.737+0000] {logging_mixin.py:188} INFO - [2024-02-05T14:19:43.737+0000] {dag.py:3058} INFO - Creating ORM DAG for example_python_decorator
[2024-02-05T14:19:43.739+0000] {logging_mixin.py:188} INFO - [2024-02-05T14:19:43.739+0000] {dag.py:3823} INFO - Setting next_dagrun for example_python_decorator to None, run_after=None
[2024-02-05T14:19:43.767+0000] {processor.py:183} INFO - Processing /home/airflow/.local/lib/python3.8/site-packages/airflow/example_dags/example_python_decorator.py took 0.500 seconds
[2024-02-05T14:20:14.431+0000] {processor.py:161} INFO - Started process (PID=137) to work on /home/airflow/.local/lib/python3.8/site-packages/airflow/example_dags/example_python_decorator.py
[2024-02-05T14:20:14.436+0000] {processor.py:830} INFO - Processing file /home/airflow/.local/lib/python3.8/site-packages/airflow/example_dags/example_python_decorator.py for tasks to queue
[2024-02-05T14:20:14.439+0000] {logging_mixin.py:188} INFO - [2024-02-05T14:20:14.438+0000] {dagbag.py:538} INFO - Filling up the DagBag from /home/airflow/.local/lib/python3.8/site-packages/airflow/example_dags/example_python_decorator.py
[2024-02-05T14:20:14.470+0000] {processor.py:840} INFO - DAG(s) 'example_python_decorator' retrieved from /home/airflow/.local/lib/python3.8/site-packages/airflow/example_dags/example_python_decorator.py
[2024-02-05T14:20:14.511+0000] {logging_mixin.py:188} INFO - [2024-02-05T14:20:14.510+0000] {dag.py:3036} INFO - Sync 1 DAGs
[2024-02-05T14:20:14.520+0000] {logging_mixin.py:188} INFO - [2024-02-05T14:20:14.520+0000] {dag.py:3823} INFO - Setting next_dagrun for example_python_decorator to None, run_after=None
[2024-02-05T14:20:14.542+0000] {processor.py:183} INFO - Processing /home/airflow/.local/lib/python3.8/site-packages/airflow/example_dags/example_python_decorator.py took 0.127 seconds
[2024-02-05T14:20:46.711+0000] {processor.py:161} INFO - Started process (PID=192) to work on /home/airflow/.local/lib/python3.8/site-packages/airflow/example_dags/example_python_decorator.py
[2024-02-05T14:20:46.712+0000] {processor.py:830} INFO - Processing file /home/airflow/.local/lib/python3.8/site-packages/airflow/example_dags/example_python_decorator.py for tasks to queue
[2024-02-05T14:20:46.715+0000] {logging_mixin.py:188} INFO - [2024-02-05T14:20:46.714+0000] {dagbag.py:538} INFO - Filling up the DagBag from /home/airflow/.local/lib/python3.8/site-packages/airflow/example_dags/example_python_decorator.py
[2024-02-05T14:20:46.727+0000] {processor.py:840} INFO - DAG(s) 'example_python_decorator' retrieved from /home/airflow/.local/lib/python3.8/site-packages/airflow/example_dags/example_python_decorator.py
[2024-02-05T14:20:46.765+0000] {logging_mixin.py:188} INFO - [2024-02-05T14:20:46.764+0000] {dag.py:3036} INFO - Sync 1 DAGs
[2024-02-05T14:20:46.786+0000] {logging_mixin.py:188} INFO - [2024-02-05T14:20:46.786+0000] {dag.py:3823} INFO - Setting next_dagrun for example_python_decorator to None, run_after=None
[2024-02-05T14:20:46.825+0000] {processor.py:183} INFO - Processing /home/airflow/.local/lib/python3.8/site-packages/airflow/example_dags/example_python_decorator.py took 0.117 seconds
[2024-02-05T14:22:11.150+0000] {processor.py:161} INFO - Started process (PID=253) to work on /home/airflow/.local/lib/python3.8/site-packages/airflow/example_dags/example_python_decorator.py
[2024-02-05T14:22:11.152+0000] {processor.py:830} INFO - Processing file /home/airflow/.local/lib/python3.8/site-packages/airflow/example_dags/example_python_decorator.py for tasks to queue
[2024-02-05T14:22:11.155+0000] {logging_mixin.py:188} INFO - [2024-02-05T14:22:11.154+0000] {dagbag.py:538} INFO - Filling up the DagBag from /home/airflow/.local/lib/python3.8/site-packages/airflow/example_dags/example_python_decorator.py
[2024-02-05T14:22:11.331+0000] {processor.py:840} INFO - DAG(s) 'example_python_decorator' retrieved from /home/airflow/.local/lib/python3.8/site-packages/airflow/example_dags/example_python_decorator.py
[2024-02-05T14:22:11.532+0000] {logging_mixin.py:188} INFO - [2024-02-05T14:22:11.531+0000] {dag.py:3036} INFO - Sync 1 DAGs
[2024-02-05T14:22:11.554+0000] {logging_mixin.py:188} INFO - [2024-02-05T14:22:11.553+0000] {dag.py:3823} INFO - Setting next_dagrun for example_python_decorator to None, run_after=None
[2024-02-05T14:22:11.584+0000] {processor.py:183} INFO - Processing /home/airflow/.local/lib/python3.8/site-packages/airflow/example_dags/example_python_decorator.py took 0.440 seconds
[2024-02-05T14:22:44.694+0000] {processor.py:161} INFO - Started process (PID=320) to work on /home/airflow/.local/lib/python3.8/site-packages/airflow/example_dags/example_python_decorator.py
[2024-02-05T14:22:44.695+0000] {processor.py:830} INFO - Processing file /home/airflow/.local/lib/python3.8/site-packages/airflow/example_dags/example_python_decorator.py for tasks to queue
[2024-02-05T14:22:44.696+0000] {logging_mixin.py:188} INFO - [2024-02-05T14:22:44.696+0000] {dagbag.py:538} INFO - Filling up the DagBag from /home/airflow/.local/lib/python3.8/site-packages/airflow/example_dags/example_python_decorator.py
[2024-02-05T14:22:44.720+0000] {processor.py:840} INFO - DAG(s) 'example_python_decorator' retrieved from /home/airflow/.local/lib/python3.8/site-packages/airflow/example_dags/example_python_decorator.py
[2024-02-05T14:22:44.759+0000] {logging_mixin.py:188} INFO - [2024-02-05T14:22:44.759+0000] {dag.py:3036} INFO - Sync 1 DAGs
[2024-02-05T14:22:44.774+0000] {logging_mixin.py:188} INFO - [2024-02-05T14:22:44.774+0000] {dag.py:3823} INFO - Setting next_dagrun for example_python_decorator to None, run_after=None
[2024-02-05T14:22:44.796+0000] {processor.py:183} INFO - Processing /home/airflow/.local/lib/python3.8/site-packages/airflow/example_dags/example_python_decorator.py took 0.105 seconds
[2024-02-05T14:23:28.617+0000] {processor.py:161} INFO - Started process (PID=389) to work on /home/airflow/.local/lib/python3.8/site-packages/airflow/example_dags/example_python_decorator.py
[2024-02-05T14:23:28.621+0000] {processor.py:830} INFO - Processing file /home/airflow/.local/lib/python3.8/site-packages/airflow/example_dags/example_python_decorator.py for tasks to queue
[2024-02-05T14:23:28.625+0000] {logging_mixin.py:188} INFO - [2024-02-05T14:23:28.624+0000] {dagbag.py:538} INFO - Filling up the DagBag from /home/airflow/.local/lib/python3.8/site-packages/airflow/example_dags/example_python_decorator.py
[2024-02-05T14:23:28.646+0000] {processor.py:840} INFO - DAG(s) 'example_python_decorator' retrieved from /home/airflow/.local/lib/python3.8/site-packages/airflow/example_dags/example_python_decorator.py
[2024-02-05T14:23:28.673+0000] {logging_mixin.py:188} INFO - [2024-02-05T14:23:28.673+0000] {dag.py:3036} INFO - Sync 1 DAGs
[2024-02-05T14:23:28.690+0000] {logging_mixin.py:188} INFO - [2024-02-05T14:23:28.690+0000] {dag.py:3823} INFO - Setting next_dagrun for example_python_decorator to None, run_after=None
[2024-02-05T14:23:28.714+0000] {processor.py:183} INFO - Processing /home/airflow/.local/lib/python3.8/site-packages/airflow/example_dags/example_python_decorator.py took 0.101 seconds
[2024-02-05T14:24:16.092+0000] {processor.py:161} INFO - Started process (PID=448) to work on /home/airflow/.local/lib/python3.8/site-packages/airflow/example_dags/example_python_decorator.py
[2024-02-05T14:24:16.094+0000] {processor.py:830} INFO - Processing file /home/airflow/.local/lib/python3.8/site-packages/airflow/example_dags/example_python_decorator.py for tasks to queue
[2024-02-05T14:24:16.095+0000] {logging_mixin.py:188} INFO - [2024-02-05T14:24:16.095+0000] {dagbag.py:538} INFO - Filling up the DagBag from /home/airflow/.local/lib/python3.8/site-packages/airflow/example_dags/example_python_decorator.py
[2024-02-05T14:24:16.112+0000] {processor.py:840} INFO - DAG(s) 'example_python_decorator' retrieved from /home/airflow/.local/lib/python3.8/site-packages/airflow/example_dags/example_python_decorator.py
[2024-02-05T14:24:16.129+0000] {logging_mixin.py:188} INFO - [2024-02-05T14:24:16.129+0000] {dag.py:3036} INFO - Sync 1 DAGs
[2024-02-05T14:24:16.141+0000] {logging_mixin.py:188} INFO - [2024-02-05T14:24:16.141+0000] {dag.py:3823} INFO - Setting next_dagrun for example_python_decorator to None, run_after=None
[2024-02-05T14:24:16.158+0000] {processor.py:183} INFO - Processing /home/airflow/.local/lib/python3.8/site-packages/airflow/example_dags/example_python_decorator.py took 0.069 seconds
[2024-02-05T14:24:57.093+0000] {processor.py:161} INFO - Started process (PID=517) to work on /home/airflow/.local/lib/python3.8/site-packages/airflow/example_dags/example_python_decorator.py
[2024-02-05T14:24:57.095+0000] {processor.py:830} INFO - Processing file /home/airflow/.local/lib/python3.8/site-packages/airflow/example_dags/example_python_decorator.py for tasks to queue
[2024-02-05T14:24:57.097+0000] {logging_mixin.py:188} INFO - [2024-02-05T14:24:57.096+0000] {dagbag.py:538} INFO - Filling up the DagBag from /home/airflow/.local/lib/python3.8/site-packages/airflow/example_dags/example_python_decorator.py
[2024-02-05T14:24:57.115+0000] {processor.py:840} INFO - DAG(s) 'example_python_decorator' retrieved from /home/airflow/.local/lib/python3.8/site-packages/airflow/example_dags/example_python_decorator.py
[2024-02-05T14:24:57.152+0000] {logging_mixin.py:188} INFO - [2024-02-05T14:24:57.152+0000] {dag.py:3036} INFO - Sync 1 DAGs
[2024-02-05T14:24:57.171+0000] {logging_mixin.py:188} INFO - [2024-02-05T14:24:57.171+0000] {dag.py:3823} INFO - Setting next_dagrun for example_python_decorator to None, run_after=None
[2024-02-05T14:24:57.189+0000] {processor.py:183} INFO - Processing /home/airflow/.local/lib/python3.8/site-packages/airflow/example_dags/example_python_decorator.py took 0.100 seconds
[2024-02-05T14:25:30.043+0000] {processor.py:161} INFO - Started process (PID=575) to work on /home/airflow/.local/lib/python3.8/site-packages/airflow/example_dags/example_python_decorator.py
[2024-02-05T14:25:30.045+0000] {processor.py:830} INFO - Processing file /home/airflow/.local/lib/python3.8/site-packages/airflow/example_dags/example_python_decorator.py for tasks to queue
[2024-02-05T14:25:30.047+0000] {logging_mixin.py:188} INFO - [2024-02-05T14:25:30.047+0000] {dagbag.py:538} INFO - Filling up the DagBag from /home/airflow/.local/lib/python3.8/site-packages/airflow/example_dags/example_python_decorator.py
[2024-02-05T14:25:30.059+0000] {processor.py:840} INFO - DAG(s) 'example_python_decorator' retrieved from /home/airflow/.local/lib/python3.8/site-packages/airflow/example_dags/example_python_decorator.py
[2024-02-05T14:25:30.083+0000] {logging_mixin.py:188} INFO - [2024-02-05T14:25:30.083+0000] {dag.py:3036} INFO - Sync 1 DAGs
[2024-02-05T14:25:30.098+0000] {logging_mixin.py:188} INFO - [2024-02-05T14:25:30.097+0000] {dag.py:3823} INFO - Setting next_dagrun for example_python_decorator to None, run_after=None
[2024-02-05T14:25:30.115+0000] {processor.py:183} INFO - Processing /home/airflow/.local/lib/python3.8/site-packages/airflow/example_dags/example_python_decorator.py took 0.074 seconds
[2024-02-05T14:26:03.080+0000] {processor.py:161} INFO - Started process (PID=633) to work on /home/airflow/.local/lib/python3.8/site-packages/airflow/example_dags/example_python_decorator.py
[2024-02-05T14:26:03.083+0000] {processor.py:830} INFO - Processing file /home/airflow/.local/lib/python3.8/site-packages/airflow/example_dags/example_python_decorator.py for tasks to queue
[2024-02-05T14:26:03.091+0000] {logging_mixin.py:188} INFO - [2024-02-05T14:26:03.091+0000] {dagbag.py:538} INFO - Filling up the DagBag from /home/airflow/.local/lib/python3.8/site-packages/airflow/example_dags/example_python_decorator.py
[2024-02-05T14:26:03.136+0000] {processor.py:840} INFO - DAG(s) 'example_python_decorator' retrieved from /home/airflow/.local/lib/python3.8/site-packages/airflow/example_dags/example_python_decorator.py
[2024-02-05T14:26:03.202+0000] {logging_mixin.py:188} INFO - [2024-02-05T14:26:03.201+0000] {dag.py:3036} INFO - Sync 1 DAGs
[2024-02-05T14:26:03.233+0000] {logging_mixin.py:188} INFO - [2024-02-05T14:26:03.233+0000] {dag.py:3823} INFO - Setting next_dagrun for example_python_decorator to None, run_after=None
[2024-02-05T14:26:03.277+0000] {processor.py:183} INFO - Processing /home/airflow/.local/lib/python3.8/site-packages/airflow/example_dags/example_python_decorator.py took 0.210 seconds
