[2024-02-05T14:19:38.319+0000] {processor.py:161} INFO - Started process (PID=65) to work on /home/airflow/.local/lib/python3.8/site-packages/airflow/example_dags/example_params_ui_tutorial.py
[2024-02-05T14:19:38.322+0000] {processor.py:830} INFO - Processing file /home/airflow/.local/lib/python3.8/site-packages/airflow/example_dags/example_params_ui_tutorial.py for tasks to queue
[2024-02-05T14:19:38.323+0000] {logging_mixin.py:188} INFO - [2024-02-05T14:19:38.323+0000] {dagbag.py:538} INFO - Filling up the DagBag from /home/airflow/.local/lib/python3.8/site-packages/airflow/example_dags/example_params_ui_tutorial.py
[2024-02-05T14:19:38.344+0000] {processor.py:840} INFO - DAG(s) 'example_params_ui_tutorial' retrieved from /home/airflow/.local/lib/python3.8/site-packages/airflow/example_dags/example_params_ui_tutorial.py
[2024-02-05T14:19:38.692+0000] {logging_mixin.py:188} INFO - [2024-02-05T14:19:38.689+0000] {override.py:1769} INFO - Created Permission View: can delete on DAG:example_params_ui_tutorial
[2024-02-05T14:19:38.713+0000] {logging_mixin.py:188} INFO - [2024-02-05T14:19:38.712+0000] {override.py:1769} INFO - Created Permission View: can read on DAG:example_params_ui_tutorial
[2024-02-05T14:19:38.739+0000] {logging_mixin.py:188} INFO - [2024-02-05T14:19:38.738+0000] {override.py:1769} INFO - Created Permission View: can edit on DAG:example_params_ui_tutorial
[2024-02-05T14:19:38.741+0000] {logging_mixin.py:188} INFO - [2024-02-05T14:19:38.741+0000] {dag.py:3036} INFO - Sync 1 DAGs
[2024-02-05T14:19:38.760+0000] {logging_mixin.py:188} INFO - [2024-02-05T14:19:38.760+0000] {dag.py:3058} INFO - Creating ORM DAG for example_params_ui_tutorial
[2024-02-05T14:19:38.761+0000] {logging_mixin.py:188} INFO - [2024-02-05T14:19:38.761+0000] {dag.py:3823} INFO - Setting next_dagrun for example_params_ui_tutorial to None, run_after=None
[2024-02-05T14:19:38.814+0000] {processor.py:183} INFO - Processing /home/airflow/.local/lib/python3.8/site-packages/airflow/example_dags/example_params_ui_tutorial.py took 0.501 seconds
[2024-02-05T14:20:08.847+0000] {processor.py:161} INFO - Started process (PID=119) to work on /home/airflow/.local/lib/python3.8/site-packages/airflow/example_dags/example_params_ui_tutorial.py
[2024-02-05T14:20:08.848+0000] {processor.py:830} INFO - Processing file /home/airflow/.local/lib/python3.8/site-packages/airflow/example_dags/example_params_ui_tutorial.py for tasks to queue
[2024-02-05T14:20:08.851+0000] {logging_mixin.py:188} INFO - [2024-02-05T14:20:08.851+0000] {dagbag.py:538} INFO - Filling up the DagBag from /home/airflow/.local/lib/python3.8/site-packages/airflow/example_dags/example_params_ui_tutorial.py
[2024-02-05T14:20:08.868+0000] {processor.py:840} INFO - DAG(s) 'example_params_ui_tutorial' retrieved from /home/airflow/.local/lib/python3.8/site-packages/airflow/example_dags/example_params_ui_tutorial.py
[2024-02-05T14:20:08.931+0000] {logging_mixin.py:188} INFO - [2024-02-05T14:20:08.930+0000] {dag.py:3036} INFO - Sync 1 DAGs
[2024-02-05T14:20:08.945+0000] {logging_mixin.py:188} INFO - [2024-02-05T14:20:08.944+0000] {dag.py:3823} INFO - Setting next_dagrun for example_params_ui_tutorial to None, run_after=None
[2024-02-05T14:20:08.957+0000] {processor.py:183} INFO - Processing /home/airflow/.local/lib/python3.8/site-packages/airflow/example_dags/example_params_ui_tutorial.py took 0.115 seconds
[2024-02-05T14:20:40.684+0000] {processor.py:161} INFO - Started process (PID=180) to work on /home/airflow/.local/lib/python3.8/site-packages/airflow/example_dags/example_params_ui_tutorial.py
[2024-02-05T14:20:40.689+0000] {processor.py:830} INFO - Processing file /home/airflow/.local/lib/python3.8/site-packages/airflow/example_dags/example_params_ui_tutorial.py for tasks to queue
[2024-02-05T14:20:40.691+0000] {logging_mixin.py:188} INFO - [2024-02-05T14:20:40.690+0000] {dagbag.py:538} INFO - Filling up the DagBag from /home/airflow/.local/lib/python3.8/site-packages/airflow/example_dags/example_params_ui_tutorial.py
[2024-02-05T14:20:40.704+0000] {processor.py:840} INFO - DAG(s) 'example_params_ui_tutorial' retrieved from /home/airflow/.local/lib/python3.8/site-packages/airflow/example_dags/example_params_ui_tutorial.py
[2024-02-05T14:20:41.848+0000] {logging_mixin.py:188} INFO - [2024-02-05T14:20:41.847+0000] {dag.py:3036} INFO - Sync 1 DAGs
[2024-02-05T14:20:43.118+0000] {logging_mixin.py:188} INFO - [2024-02-05T14:20:43.117+0000] {dag.py:3823} INFO - Setting next_dagrun for example_params_ui_tutorial to None, run_after=None
[2024-02-05T14:20:44.463+0000] {processor.py:183} INFO - Processing /home/airflow/.local/lib/python3.8/site-packages/airflow/example_dags/example_params_ui_tutorial.py took 3.783 seconds
[2024-02-05T14:22:08.666+0000] {processor.py:161} INFO - Started process (PID=241) to work on /home/airflow/.local/lib/python3.8/site-packages/airflow/example_dags/example_params_ui_tutorial.py
[2024-02-05T14:22:08.989+0000] {processor.py:830} INFO - Processing file /home/airflow/.local/lib/python3.8/site-packages/airflow/example_dags/example_params_ui_tutorial.py for tasks to queue
[2024-02-05T14:22:08.992+0000] {logging_mixin.py:188} INFO - [2024-02-05T14:22:08.992+0000] {dagbag.py:538} INFO - Filling up the DagBag from /home/airflow/.local/lib/python3.8/site-packages/airflow/example_dags/example_params_ui_tutorial.py
[2024-02-05T14:22:09.043+0000] {processor.py:840} INFO - DAG(s) 'example_params_ui_tutorial' retrieved from /home/airflow/.local/lib/python3.8/site-packages/airflow/example_dags/example_params_ui_tutorial.py
[2024-02-05T14:22:09.164+0000] {logging_mixin.py:188} INFO - [2024-02-05T14:22:09.164+0000] {dag.py:3036} INFO - Sync 1 DAGs
[2024-02-05T14:22:09.177+0000] {logging_mixin.py:188} INFO - [2024-02-05T14:22:09.177+0000] {dag.py:3823} INFO - Setting next_dagrun for example_params_ui_tutorial to None, run_after=None
[2024-02-05T14:22:09.192+0000] {processor.py:183} INFO - Processing /home/airflow/.local/lib/python3.8/site-packages/airflow/example_dags/example_params_ui_tutorial.py took 0.536 seconds
[2024-02-05T14:22:42.508+0000] {processor.py:161} INFO - Started process (PID=296) to work on /home/airflow/.local/lib/python3.8/site-packages/airflow/example_dags/example_params_ui_tutorial.py
[2024-02-05T14:22:42.510+0000] {processor.py:830} INFO - Processing file /home/airflow/.local/lib/python3.8/site-packages/airflow/example_dags/example_params_ui_tutorial.py for tasks to queue
[2024-02-05T14:22:42.519+0000] {logging_mixin.py:188} INFO - [2024-02-05T14:22:42.518+0000] {dagbag.py:538} INFO - Filling up the DagBag from /home/airflow/.local/lib/python3.8/site-packages/airflow/example_dags/example_params_ui_tutorial.py
[2024-02-05T14:22:42.573+0000] {processor.py:840} INFO - DAG(s) 'example_params_ui_tutorial' retrieved from /home/airflow/.local/lib/python3.8/site-packages/airflow/example_dags/example_params_ui_tutorial.py
[2024-02-05T14:22:42.732+0000] {logging_mixin.py:188} INFO - [2024-02-05T14:22:42.732+0000] {dag.py:3036} INFO - Sync 1 DAGs
[2024-02-05T14:22:42.764+0000] {logging_mixin.py:188} INFO - [2024-02-05T14:22:42.764+0000] {dag.py:3823} INFO - Setting next_dagrun for example_params_ui_tutorial to None, run_after=None
[2024-02-05T14:22:42.787+0000] {processor.py:183} INFO - Processing /home/airflow/.local/lib/python3.8/site-packages/airflow/example_dags/example_params_ui_tutorial.py took 0.286 seconds
[2024-02-05T14:23:18.624+0000] {processor.py:161} INFO - Started process (PID=359) to work on /home/airflow/.local/lib/python3.8/site-packages/airflow/example_dags/example_params_ui_tutorial.py
[2024-02-05T14:23:18.641+0000] {processor.py:830} INFO - Processing file /home/airflow/.local/lib/python3.8/site-packages/airflow/example_dags/example_params_ui_tutorial.py for tasks to queue
[2024-02-05T14:23:18.647+0000] {logging_mixin.py:188} INFO - [2024-02-05T14:23:18.646+0000] {dagbag.py:538} INFO - Filling up the DagBag from /home/airflow/.local/lib/python3.8/site-packages/airflow/example_dags/example_params_ui_tutorial.py
[2024-02-05T14:23:18.695+0000] {processor.py:840} INFO - DAG(s) 'example_params_ui_tutorial' retrieved from /home/airflow/.local/lib/python3.8/site-packages/airflow/example_dags/example_params_ui_tutorial.py
[2024-02-05T14:23:19.039+0000] {logging_mixin.py:188} INFO - [2024-02-05T14:23:19.037+0000] {dag.py:3036} INFO - Sync 1 DAGs
[2024-02-05T14:23:19.789+0000] {logging_mixin.py:188} INFO - [2024-02-05T14:23:19.784+0000] {dag.py:3823} INFO - Setting next_dagrun for example_params_ui_tutorial to None, run_after=None
[2024-02-05T14:23:20.691+0000] {processor.py:183} INFO - Processing /home/airflow/.local/lib/python3.8/site-packages/airflow/example_dags/example_params_ui_tutorial.py took 2.075 seconds
[2024-02-05T14:23:50.998+0000] {processor.py:161} INFO - Started process (PID=412) to work on /home/airflow/.local/lib/python3.8/site-packages/airflow/example_dags/example_params_ui_tutorial.py
[2024-02-05T14:23:51.994+0000] {processor.py:830} INFO - Processing file /home/airflow/.local/lib/python3.8/site-packages/airflow/example_dags/example_params_ui_tutorial.py for tasks to queue
[2024-02-05T14:23:52.043+0000] {logging_mixin.py:188} INFO - [2024-02-05T14:23:52.040+0000] {dagbag.py:538} INFO - Filling up the DagBag from /home/airflow/.local/lib/python3.8/site-packages/airflow/example_dags/example_params_ui_tutorial.py
[2024-02-05T14:23:52.288+0000] {processor.py:840} INFO - DAG(s) 'example_params_ui_tutorial' retrieved from /home/airflow/.local/lib/python3.8/site-packages/airflow/example_dags/example_params_ui_tutorial.py
[2024-02-05T14:23:52.620+0000] {logging_mixin.py:188} INFO - [2024-02-05T14:23:52.619+0000] {dag.py:3036} INFO - Sync 1 DAGs
[2024-02-05T14:23:52.732+0000] {logging_mixin.py:188} INFO - [2024-02-05T14:23:52.731+0000] {dag.py:3823} INFO - Setting next_dagrun for example_params_ui_tutorial to None, run_after=None
[2024-02-05T14:23:53.007+0000] {processor.py:183} INFO - Processing /home/airflow/.local/lib/python3.8/site-packages/airflow/example_dags/example_params_ui_tutorial.py took 2.027 seconds
[2024-02-05T14:24:23.303+0000] {processor.py:161} INFO - Started process (PID=467) to work on /home/airflow/.local/lib/python3.8/site-packages/airflow/example_dags/example_params_ui_tutorial.py
[2024-02-05T14:24:23.307+0000] {processor.py:830} INFO - Processing file /home/airflow/.local/lib/python3.8/site-packages/airflow/example_dags/example_params_ui_tutorial.py for tasks to queue
[2024-02-05T14:24:23.312+0000] {logging_mixin.py:188} INFO - [2024-02-05T14:24:23.311+0000] {dagbag.py:538} INFO - Filling up the DagBag from /home/airflow/.local/lib/python3.8/site-packages/airflow/example_dags/example_params_ui_tutorial.py
[2024-02-05T14:24:23.366+0000] {processor.py:840} INFO - DAG(s) 'example_params_ui_tutorial' retrieved from /home/airflow/.local/lib/python3.8/site-packages/airflow/example_dags/example_params_ui_tutorial.py
[2024-02-05T14:24:24.034+0000] {logging_mixin.py:188} INFO - [2024-02-05T14:24:24.033+0000] {dag.py:3036} INFO - Sync 1 DAGs
[2024-02-05T14:24:24.259+0000] {logging_mixin.py:188} INFO - [2024-02-05T14:24:24.259+0000] {dag.py:3823} INFO - Setting next_dagrun for example_params_ui_tutorial to None, run_after=None
[2024-02-05T14:24:24.449+0000] {processor.py:183} INFO - Processing /home/airflow/.local/lib/python3.8/site-packages/airflow/example_dags/example_params_ui_tutorial.py took 1.186 seconds
[2024-02-05T14:24:57.829+0000] {processor.py:161} INFO - Started process (PID=526) to work on /home/airflow/.local/lib/python3.8/site-packages/airflow/example_dags/example_params_ui_tutorial.py
[2024-02-05T14:24:57.832+0000] {processor.py:830} INFO - Processing file /home/airflow/.local/lib/python3.8/site-packages/airflow/example_dags/example_params_ui_tutorial.py for tasks to queue
[2024-02-05T14:24:57.837+0000] {logging_mixin.py:188} INFO - [2024-02-05T14:24:57.836+0000] {dagbag.py:538} INFO - Filling up the DagBag from /home/airflow/.local/lib/python3.8/site-packages/airflow/example_dags/example_params_ui_tutorial.py
[2024-02-05T14:24:57.925+0000] {processor.py:840} INFO - DAG(s) 'example_params_ui_tutorial' retrieved from /home/airflow/.local/lib/python3.8/site-packages/airflow/example_dags/example_params_ui_tutorial.py
[2024-02-05T14:24:58.192+0000] {logging_mixin.py:188} INFO - [2024-02-05T14:24:58.191+0000] {dag.py:3036} INFO - Sync 1 DAGs
[2024-02-05T14:24:58.232+0000] {logging_mixin.py:188} INFO - [2024-02-05T14:24:58.231+0000] {dag.py:3823} INFO - Setting next_dagrun for example_params_ui_tutorial to None, run_after=None
[2024-02-05T14:24:58.273+0000] {processor.py:183} INFO - Processing /home/airflow/.local/lib/python3.8/site-packages/airflow/example_dags/example_params_ui_tutorial.py took 0.455 seconds
[2024-02-05T14:25:30.243+0000] {processor.py:161} INFO - Started process (PID=580) to work on /home/airflow/.local/lib/python3.8/site-packages/airflow/example_dags/example_params_ui_tutorial.py
[2024-02-05T14:25:30.246+0000] {processor.py:830} INFO - Processing file /home/airflow/.local/lib/python3.8/site-packages/airflow/example_dags/example_params_ui_tutorial.py for tasks to queue
[2024-02-05T14:25:30.249+0000] {logging_mixin.py:188} INFO - [2024-02-05T14:25:30.248+0000] {dagbag.py:538} INFO - Filling up the DagBag from /home/airflow/.local/lib/python3.8/site-packages/airflow/example_dags/example_params_ui_tutorial.py
[2024-02-05T14:25:30.276+0000] {processor.py:840} INFO - DAG(s) 'example_params_ui_tutorial' retrieved from /home/airflow/.local/lib/python3.8/site-packages/airflow/example_dags/example_params_ui_tutorial.py
[2024-02-05T14:25:30.454+0000] {logging_mixin.py:188} INFO - [2024-02-05T14:25:30.451+0000] {dag.py:3036} INFO - Sync 1 DAGs
[2024-02-05T14:25:30.543+0000] {logging_mixin.py:188} INFO - [2024-02-05T14:25:30.542+0000] {dag.py:3823} INFO - Setting next_dagrun for example_params_ui_tutorial to None, run_after=None
[2024-02-05T14:25:30.614+0000] {processor.py:183} INFO - Processing /home/airflow/.local/lib/python3.8/site-packages/airflow/example_dags/example_params_ui_tutorial.py took 0.376 seconds
[2024-02-05T14:26:01.217+0000] {processor.py:161} INFO - Started process (PID=627) to work on /home/airflow/.local/lib/python3.8/site-packages/airflow/example_dags/example_params_ui_tutorial.py
[2024-02-05T14:26:01.220+0000] {processor.py:830} INFO - Processing file /home/airflow/.local/lib/python3.8/site-packages/airflow/example_dags/example_params_ui_tutorial.py for tasks to queue
[2024-02-05T14:26:01.223+0000] {logging_mixin.py:188} INFO - [2024-02-05T14:26:01.223+0000] {dagbag.py:538} INFO - Filling up the DagBag from /home/airflow/.local/lib/python3.8/site-packages/airflow/example_dags/example_params_ui_tutorial.py
[2024-02-05T14:26:01.246+0000] {processor.py:840} INFO - DAG(s) 'example_params_ui_tutorial' retrieved from /home/airflow/.local/lib/python3.8/site-packages/airflow/example_dags/example_params_ui_tutorial.py
[2024-02-05T14:26:01.372+0000] {logging_mixin.py:188} INFO - [2024-02-05T14:26:01.372+0000] {dag.py:3036} INFO - Sync 1 DAGs
[2024-02-05T14:26:01.389+0000] {logging_mixin.py:188} INFO - [2024-02-05T14:26:01.389+0000] {dag.py:3823} INFO - Setting next_dagrun for example_params_ui_tutorial to None, run_after=None
[2024-02-05T14:26:01.431+0000] {processor.py:183} INFO - Processing /home/airflow/.local/lib/python3.8/site-packages/airflow/example_dags/example_params_ui_tutorial.py took 0.221 seconds
