[2024-02-05T14:19:39.114+0000] {processor.py:161} INFO - Started process (PID=68) to work on /home/airflow/.local/lib/python3.8/site-packages/airflow/example_dags/example_branch_labels.py
[2024-02-05T14:19:39.117+0000] {processor.py:830} INFO - Processing file /home/airflow/.local/lib/python3.8/site-packages/airflow/example_dags/example_branch_labels.py for tasks to queue
[2024-02-05T14:19:39.124+0000] {logging_mixin.py:188} INFO - [2024-02-05T14:19:39.123+0000] {dagbag.py:538} INFO - Filling up the DagBag from /home/airflow/.local/lib/python3.8/site-packages/airflow/example_dags/example_branch_labels.py
[2024-02-05T14:19:39.138+0000] {processor.py:840} INFO - DAG(s) 'example_branch_labels' retrieved from /home/airflow/.local/lib/python3.8/site-packages/airflow/example_dags/example_branch_labels.py
[2024-02-05T14:19:39.437+0000] {logging_mixin.py:188} INFO - [2024-02-05T14:19:39.428+0000] {override.py:1769} INFO - Created Permission View: can delete on DAG:example_branch_labels
[2024-02-05T14:19:39.458+0000] {logging_mixin.py:188} INFO - [2024-02-05T14:19:39.457+0000] {override.py:1769} INFO - Created Permission View: can read on DAG:example_branch_labels
[2024-02-05T14:19:39.472+0000] {logging_mixin.py:188} INFO - [2024-02-05T14:19:39.472+0000] {override.py:1769} INFO - Created Permission View: can edit on DAG:example_branch_labels
[2024-02-05T14:19:39.474+0000] {logging_mixin.py:188} INFO - [2024-02-05T14:19:39.473+0000] {dag.py:3036} INFO - Sync 1 DAGs
[2024-02-05T14:19:39.501+0000] {logging_mixin.py:188} INFO - [2024-02-05T14:19:39.500+0000] {dag.py:3058} INFO - Creating ORM DAG for example_branch_labels
[2024-02-05T14:19:39.519+0000] {logging_mixin.py:188} INFO - [2024-02-05T14:19:39.519+0000] {dag.py:3823} INFO - Setting next_dagrun for example_branch_labels to 2024-02-04 00:00:00+00:00, run_after=2024-02-05 00:00:00+00:00
[2024-02-05T14:19:39.541+0000] {processor.py:183} INFO - Processing /home/airflow/.local/lib/python3.8/site-packages/airflow/example_dags/example_branch_labels.py took 0.434 seconds
[2024-02-05T14:20:10.225+0000] {processor.py:161} INFO - Started process (PID=128) to work on /home/airflow/.local/lib/python3.8/site-packages/airflow/example_dags/example_branch_labels.py
[2024-02-05T14:20:10.229+0000] {processor.py:830} INFO - Processing file /home/airflow/.local/lib/python3.8/site-packages/airflow/example_dags/example_branch_labels.py for tasks to queue
[2024-02-05T14:20:10.230+0000] {logging_mixin.py:188} INFO - [2024-02-05T14:20:10.230+0000] {dagbag.py:538} INFO - Filling up the DagBag from /home/airflow/.local/lib/python3.8/site-packages/airflow/example_dags/example_branch_labels.py
[2024-02-05T14:20:10.239+0000] {processor.py:840} INFO - DAG(s) 'example_branch_labels' retrieved from /home/airflow/.local/lib/python3.8/site-packages/airflow/example_dags/example_branch_labels.py
[2024-02-05T14:20:10.250+0000] {logging_mixin.py:188} INFO - [2024-02-05T14:20:10.250+0000] {dag.py:3036} INFO - Sync 1 DAGs
[2024-02-05T14:20:10.263+0000] {logging_mixin.py:188} INFO - [2024-02-05T14:20:10.262+0000] {dag.py:3823} INFO - Setting next_dagrun for example_branch_labels to 2024-02-04 00:00:00+00:00, run_after=2024-02-05 00:00:00+00:00
[2024-02-05T14:20:10.272+0000] {processor.py:183} INFO - Processing /home/airflow/.local/lib/python3.8/site-packages/airflow/example_dags/example_branch_labels.py took 0.048 seconds
[2024-02-05T14:20:45.700+0000] {processor.py:161} INFO - Started process (PID=183) to work on /home/airflow/.local/lib/python3.8/site-packages/airflow/example_dags/example_branch_labels.py
[2024-02-05T14:20:45.713+0000] {processor.py:830} INFO - Processing file /home/airflow/.local/lib/python3.8/site-packages/airflow/example_dags/example_branch_labels.py for tasks to queue
[2024-02-05T14:20:45.718+0000] {logging_mixin.py:188} INFO - [2024-02-05T14:20:45.717+0000] {dagbag.py:538} INFO - Filling up the DagBag from /home/airflow/.local/lib/python3.8/site-packages/airflow/example_dags/example_branch_labels.py
[2024-02-05T14:20:45.788+0000] {processor.py:840} INFO - DAG(s) 'example_branch_labels' retrieved from /home/airflow/.local/lib/python3.8/site-packages/airflow/example_dags/example_branch_labels.py
[2024-02-05T14:20:45.828+0000] {logging_mixin.py:188} INFO - [2024-02-05T14:20:45.828+0000] {dag.py:3036} INFO - Sync 1 DAGs
[2024-02-05T14:20:45.845+0000] {logging_mixin.py:188} INFO - [2024-02-05T14:20:45.845+0000] {dag.py:3823} INFO - Setting next_dagrun for example_branch_labels to 2024-02-04 00:00:00+00:00, run_after=2024-02-05 00:00:00+00:00
[2024-02-05T14:20:45.875+0000] {processor.py:183} INFO - Processing /home/airflow/.local/lib/python3.8/site-packages/airflow/example_dags/example_branch_labels.py took 0.183 seconds
[2024-02-05T14:22:09.525+0000] {processor.py:161} INFO - Started process (PID=244) to work on /home/airflow/.local/lib/python3.8/site-packages/airflow/example_dags/example_branch_labels.py
[2024-02-05T14:22:09.527+0000] {processor.py:830} INFO - Processing file /home/airflow/.local/lib/python3.8/site-packages/airflow/example_dags/example_branch_labels.py for tasks to queue
[2024-02-05T14:22:09.530+0000] {logging_mixin.py:188} INFO - [2024-02-05T14:22:09.530+0000] {dagbag.py:538} INFO - Filling up the DagBag from /home/airflow/.local/lib/python3.8/site-packages/airflow/example_dags/example_branch_labels.py
[2024-02-05T14:22:09.552+0000] {processor.py:840} INFO - DAG(s) 'example_branch_labels' retrieved from /home/airflow/.local/lib/python3.8/site-packages/airflow/example_dags/example_branch_labels.py
[2024-02-05T14:22:09.582+0000] {logging_mixin.py:188} INFO - [2024-02-05T14:22:09.582+0000] {dag.py:3036} INFO - Sync 1 DAGs
[2024-02-05T14:22:09.603+0000] {logging_mixin.py:188} INFO - [2024-02-05T14:22:09.602+0000] {dag.py:3823} INFO - Setting next_dagrun for example_branch_labels to 2024-02-04 00:00:00+00:00, run_after=2024-02-05 00:00:00+00:00
[2024-02-05T14:22:09.623+0000] {processor.py:183} INFO - Processing /home/airflow/.local/lib/python3.8/site-packages/airflow/example_dags/example_branch_labels.py took 0.105 seconds
[2024-02-05T14:22:43.407+0000] {processor.py:161} INFO - Started process (PID=305) to work on /home/airflow/.local/lib/python3.8/site-packages/airflow/example_dags/example_branch_labels.py
[2024-02-05T14:22:43.410+0000] {processor.py:830} INFO - Processing file /home/airflow/.local/lib/python3.8/site-packages/airflow/example_dags/example_branch_labels.py for tasks to queue
[2024-02-05T14:22:43.412+0000] {logging_mixin.py:188} INFO - [2024-02-05T14:22:43.411+0000] {dagbag.py:538} INFO - Filling up the DagBag from /home/airflow/.local/lib/python3.8/site-packages/airflow/example_dags/example_branch_labels.py
[2024-02-05T14:22:43.429+0000] {processor.py:840} INFO - DAG(s) 'example_branch_labels' retrieved from /home/airflow/.local/lib/python3.8/site-packages/airflow/example_dags/example_branch_labels.py
[2024-02-05T14:22:43.504+0000] {logging_mixin.py:188} INFO - [2024-02-05T14:22:43.503+0000] {dag.py:3036} INFO - Sync 1 DAGs
[2024-02-05T14:22:43.607+0000] {logging_mixin.py:188} INFO - [2024-02-05T14:22:43.606+0000] {dag.py:3823} INFO - Setting next_dagrun for example_branch_labels to 2024-02-04 00:00:00+00:00, run_after=2024-02-05 00:00:00+00:00
[2024-02-05T14:22:43.677+0000] {processor.py:183} INFO - Processing /home/airflow/.local/lib/python3.8/site-packages/airflow/example_dags/example_branch_labels.py took 0.273 seconds
[2024-02-05T14:23:25.325+0000] {processor.py:161} INFO - Started process (PID=380) to work on /home/airflow/.local/lib/python3.8/site-packages/airflow/example_dags/example_branch_labels.py
[2024-02-05T14:23:25.328+0000] {processor.py:830} INFO - Processing file /home/airflow/.local/lib/python3.8/site-packages/airflow/example_dags/example_branch_labels.py for tasks to queue
[2024-02-05T14:23:25.334+0000] {logging_mixin.py:188} INFO - [2024-02-05T14:23:25.334+0000] {dagbag.py:538} INFO - Filling up the DagBag from /home/airflow/.local/lib/python3.8/site-packages/airflow/example_dags/example_branch_labels.py
[2024-02-05T14:23:25.347+0000] {processor.py:840} INFO - DAG(s) 'example_branch_labels' retrieved from /home/airflow/.local/lib/python3.8/site-packages/airflow/example_dags/example_branch_labels.py
[2024-02-05T14:23:25.380+0000] {logging_mixin.py:188} INFO - [2024-02-05T14:23:25.380+0000] {dag.py:3036} INFO - Sync 1 DAGs
[2024-02-05T14:23:25.453+0000] {logging_mixin.py:188} INFO - [2024-02-05T14:23:25.452+0000] {dag.py:3823} INFO - Setting next_dagrun for example_branch_labels to 2024-02-04 00:00:00+00:00, run_after=2024-02-05 00:00:00+00:00
[2024-02-05T14:23:26.299+0000] {processor.py:183} INFO - Processing /home/airflow/.local/lib/python3.8/site-packages/airflow/example_dags/example_branch_labels.py took 0.983 seconds
[2024-02-05T14:24:15.451+0000] {processor.py:161} INFO - Started process (PID=439) to work on /home/airflow/.local/lib/python3.8/site-packages/airflow/example_dags/example_branch_labels.py
[2024-02-05T14:24:15.454+0000] {processor.py:830} INFO - Processing file /home/airflow/.local/lib/python3.8/site-packages/airflow/example_dags/example_branch_labels.py for tasks to queue
[2024-02-05T14:24:15.456+0000] {logging_mixin.py:188} INFO - [2024-02-05T14:24:15.456+0000] {dagbag.py:538} INFO - Filling up the DagBag from /home/airflow/.local/lib/python3.8/site-packages/airflow/example_dags/example_branch_labels.py
[2024-02-05T14:24:15.463+0000] {processor.py:840} INFO - DAG(s) 'example_branch_labels' retrieved from /home/airflow/.local/lib/python3.8/site-packages/airflow/example_dags/example_branch_labels.py
[2024-02-05T14:24:15.500+0000] {logging_mixin.py:188} INFO - [2024-02-05T14:24:15.500+0000] {dag.py:3036} INFO - Sync 1 DAGs
[2024-02-05T14:24:15.531+0000] {logging_mixin.py:188} INFO - [2024-02-05T14:24:15.530+0000] {dag.py:3823} INFO - Setting next_dagrun for example_branch_labels to 2024-02-04 00:00:00+00:00, run_after=2024-02-05 00:00:00+00:00
[2024-02-05T14:24:15.557+0000] {processor.py:183} INFO - Processing /home/airflow/.local/lib/python3.8/site-packages/airflow/example_dags/example_branch_labels.py took 0.111 seconds
[2024-02-05T14:24:56.214+0000] {processor.py:161} INFO - Started process (PID=508) to work on /home/airflow/.local/lib/python3.8/site-packages/airflow/example_dags/example_branch_labels.py
[2024-02-05T14:24:56.220+0000] {processor.py:830} INFO - Processing file /home/airflow/.local/lib/python3.8/site-packages/airflow/example_dags/example_branch_labels.py for tasks to queue
[2024-02-05T14:24:56.235+0000] {logging_mixin.py:188} INFO - [2024-02-05T14:24:56.233+0000] {dagbag.py:538} INFO - Filling up the DagBag from /home/airflow/.local/lib/python3.8/site-packages/airflow/example_dags/example_branch_labels.py
[2024-02-05T14:24:56.260+0000] {processor.py:840} INFO - DAG(s) 'example_branch_labels' retrieved from /home/airflow/.local/lib/python3.8/site-packages/airflow/example_dags/example_branch_labels.py
[2024-02-05T14:24:56.304+0000] {logging_mixin.py:188} INFO - [2024-02-05T14:24:56.302+0000] {dag.py:3036} INFO - Sync 1 DAGs
[2024-02-05T14:24:56.344+0000] {logging_mixin.py:188} INFO - [2024-02-05T14:24:56.343+0000] {dag.py:3823} INFO - Setting next_dagrun for example_branch_labels to 2024-02-04 00:00:00+00:00, run_after=2024-02-05 00:00:00+00:00
[2024-02-05T14:24:56.380+0000] {processor.py:183} INFO - Processing /home/airflow/.local/lib/python3.8/site-packages/airflow/example_dags/example_branch_labels.py took 0.181 seconds
[2024-02-05T14:25:29.450+0000] {processor.py:161} INFO - Started process (PID=566) to work on /home/airflow/.local/lib/python3.8/site-packages/airflow/example_dags/example_branch_labels.py
[2024-02-05T14:25:29.453+0000] {processor.py:830} INFO - Processing file /home/airflow/.local/lib/python3.8/site-packages/airflow/example_dags/example_branch_labels.py for tasks to queue
[2024-02-05T14:25:29.454+0000] {logging_mixin.py:188} INFO - [2024-02-05T14:25:29.454+0000] {dagbag.py:538} INFO - Filling up the DagBag from /home/airflow/.local/lib/python3.8/site-packages/airflow/example_dags/example_branch_labels.py
[2024-02-05T14:25:29.462+0000] {processor.py:840} INFO - DAG(s) 'example_branch_labels' retrieved from /home/airflow/.local/lib/python3.8/site-packages/airflow/example_dags/example_branch_labels.py
[2024-02-05T14:25:29.480+0000] {logging_mixin.py:188} INFO - [2024-02-05T14:25:29.480+0000] {dag.py:3036} INFO - Sync 1 DAGs
[2024-02-05T14:25:29.512+0000] {logging_mixin.py:188} INFO - [2024-02-05T14:25:29.511+0000] {dag.py:3823} INFO - Setting next_dagrun for example_branch_labels to 2024-02-04 00:00:00+00:00, run_after=2024-02-05 00:00:00+00:00
[2024-02-05T14:25:29.534+0000] {processor.py:183} INFO - Processing /home/airflow/.local/lib/python3.8/site-packages/airflow/example_dags/example_branch_labels.py took 0.088 seconds
[2024-02-05T14:26:00.481+0000] {processor.py:161} INFO - Started process (PID=621) to work on /home/airflow/.local/lib/python3.8/site-packages/airflow/example_dags/example_branch_labels.py
[2024-02-05T14:26:00.487+0000] {processor.py:830} INFO - Processing file /home/airflow/.local/lib/python3.8/site-packages/airflow/example_dags/example_branch_labels.py for tasks to queue
[2024-02-05T14:26:00.490+0000] {logging_mixin.py:188} INFO - [2024-02-05T14:26:00.489+0000] {dagbag.py:538} INFO - Filling up the DagBag from /home/airflow/.local/lib/python3.8/site-packages/airflow/example_dags/example_branch_labels.py
[2024-02-05T14:26:00.496+0000] {processor.py:840} INFO - DAG(s) 'example_branch_labels' retrieved from /home/airflow/.local/lib/python3.8/site-packages/airflow/example_dags/example_branch_labels.py
[2024-02-05T14:26:00.515+0000] {logging_mixin.py:188} INFO - [2024-02-05T14:26:00.515+0000] {dag.py:3036} INFO - Sync 1 DAGs
[2024-02-05T14:26:00.551+0000] {logging_mixin.py:188} INFO - [2024-02-05T14:26:00.551+0000] {dag.py:3823} INFO - Setting next_dagrun for example_branch_labels to 2024-02-04 00:00:00+00:00, run_after=2024-02-05 00:00:00+00:00
[2024-02-05T14:26:00.569+0000] {processor.py:183} INFO - Processing /home/airflow/.local/lib/python3.8/site-packages/airflow/example_dags/example_branch_labels.py took 0.094 seconds
