[2024-02-05T14:19:42.809+0000] {processor.py:161} INFO - Started process (PID=80) to work on /home/airflow/.local/lib/python3.8/site-packages/airflow/example_dags/example_python_operator.py
[2024-02-05T14:19:42.813+0000] {processor.py:830} INFO - Processing file /home/airflow/.local/lib/python3.8/site-packages/airflow/example_dags/example_python_operator.py for tasks to queue
[2024-02-05T14:19:42.815+0000] {logging_mixin.py:188} INFO - [2024-02-05T14:19:42.815+0000] {dagbag.py:538} INFO - Filling up the DagBag from /home/airflow/.local/lib/python3.8/site-packages/airflow/example_dags/example_python_operator.py
[2024-02-05T14:19:42.828+0000] {processor.py:840} INFO - DAG(s) 'example_python_operator' retrieved from /home/airflow/.local/lib/python3.8/site-packages/airflow/example_dags/example_python_operator.py
[2024-02-05T14:19:43.022+0000] {logging_mixin.py:188} INFO - [2024-02-05T14:19:43.020+0000] {override.py:1769} INFO - Created Permission View: can delete on DAG:example_python_operator
[2024-02-05T14:19:43.045+0000] {logging_mixin.py:188} INFO - [2024-02-05T14:19:43.045+0000] {override.py:1769} INFO - Created Permission View: can read on DAG:example_python_operator
[2024-02-05T14:19:43.053+0000] {logging_mixin.py:188} INFO - [2024-02-05T14:19:43.053+0000] {override.py:1769} INFO - Created Permission View: can edit on DAG:example_python_operator
[2024-02-05T14:19:43.054+0000] {logging_mixin.py:188} INFO - [2024-02-05T14:19:43.054+0000] {dag.py:3036} INFO - Sync 1 DAGs
[2024-02-05T14:19:43.083+0000] {logging_mixin.py:188} INFO - [2024-02-05T14:19:43.082+0000] {dag.py:3058} INFO - Creating ORM DAG for example_python_operator
[2024-02-05T14:19:43.084+0000] {logging_mixin.py:188} INFO - [2024-02-05T14:19:43.084+0000] {dag.py:3823} INFO - Setting next_dagrun for example_python_operator to None, run_after=None
[2024-02-05T14:19:43.123+0000] {processor.py:183} INFO - Processing /home/airflow/.local/lib/python3.8/site-packages/airflow/example_dags/example_python_operator.py took 0.317 seconds
[2024-02-05T14:20:14.174+0000] {processor.py:161} INFO - Started process (PID=135) to work on /home/airflow/.local/lib/python3.8/site-packages/airflow/example_dags/example_python_operator.py
[2024-02-05T14:20:14.180+0000] {processor.py:830} INFO - Processing file /home/airflow/.local/lib/python3.8/site-packages/airflow/example_dags/example_python_operator.py for tasks to queue
[2024-02-05T14:20:14.184+0000] {logging_mixin.py:188} INFO - [2024-02-05T14:20:14.183+0000] {dagbag.py:538} INFO - Filling up the DagBag from /home/airflow/.local/lib/python3.8/site-packages/airflow/example_dags/example_python_operator.py
[2024-02-05T14:20:14.245+0000] {processor.py:840} INFO - DAG(s) 'example_python_operator' retrieved from /home/airflow/.local/lib/python3.8/site-packages/airflow/example_dags/example_python_operator.py
[2024-02-05T14:20:14.272+0000] {logging_mixin.py:188} INFO - [2024-02-05T14:20:14.271+0000] {dag.py:3036} INFO - Sync 1 DAGs
[2024-02-05T14:20:14.302+0000] {logging_mixin.py:188} INFO - [2024-02-05T14:20:14.302+0000] {dag.py:3823} INFO - Setting next_dagrun for example_python_operator to None, run_after=None
[2024-02-05T14:20:14.349+0000] {processor.py:183} INFO - Processing /home/airflow/.local/lib/python3.8/site-packages/airflow/example_dags/example_python_operator.py took 0.181 seconds
[2024-02-05T14:20:46.560+0000] {processor.py:161} INFO - Started process (PID=190) to work on /home/airflow/.local/lib/python3.8/site-packages/airflow/example_dags/example_python_operator.py
[2024-02-05T14:20:46.561+0000] {processor.py:830} INFO - Processing file /home/airflow/.local/lib/python3.8/site-packages/airflow/example_dags/example_python_operator.py for tasks to queue
[2024-02-05T14:20:46.563+0000] {logging_mixin.py:188} INFO - [2024-02-05T14:20:46.563+0000] {dagbag.py:538} INFO - Filling up the DagBag from /home/airflow/.local/lib/python3.8/site-packages/airflow/example_dags/example_python_operator.py
[2024-02-05T14:20:46.587+0000] {processor.py:840} INFO - DAG(s) 'example_python_operator' retrieved from /home/airflow/.local/lib/python3.8/site-packages/airflow/example_dags/example_python_operator.py
[2024-02-05T14:20:46.618+0000] {logging_mixin.py:188} INFO - [2024-02-05T14:20:46.618+0000] {dag.py:3036} INFO - Sync 1 DAGs
[2024-02-05T14:20:46.645+0000] {logging_mixin.py:188} INFO - [2024-02-05T14:20:46.645+0000] {dag.py:3823} INFO - Setting next_dagrun for example_python_operator to None, run_after=None
[2024-02-05T14:20:46.673+0000] {processor.py:183} INFO - Processing /home/airflow/.local/lib/python3.8/site-packages/airflow/example_dags/example_python_operator.py took 0.115 seconds
[2024-02-05T14:22:10.636+0000] {processor.py:161} INFO - Started process (PID=251) to work on /home/airflow/.local/lib/python3.8/site-packages/airflow/example_dags/example_python_operator.py
[2024-02-05T14:22:10.638+0000] {processor.py:830} INFO - Processing file /home/airflow/.local/lib/python3.8/site-packages/airflow/example_dags/example_python_operator.py for tasks to queue
[2024-02-05T14:22:10.640+0000] {logging_mixin.py:188} INFO - [2024-02-05T14:22:10.640+0000] {dagbag.py:538} INFO - Filling up the DagBag from /home/airflow/.local/lib/python3.8/site-packages/airflow/example_dags/example_python_operator.py
[2024-02-05T14:22:10.669+0000] {processor.py:840} INFO - DAG(s) 'example_python_operator' retrieved from /home/airflow/.local/lib/python3.8/site-packages/airflow/example_dags/example_python_operator.py
[2024-02-05T14:22:10.852+0000] {logging_mixin.py:188} INFO - [2024-02-05T14:22:10.850+0000] {dag.py:3036} INFO - Sync 1 DAGs
[2024-02-05T14:22:10.949+0000] {logging_mixin.py:188} INFO - [2024-02-05T14:22:10.949+0000] {dag.py:3823} INFO - Setting next_dagrun for example_python_operator to None, run_after=None
[2024-02-05T14:22:11.073+0000] {processor.py:183} INFO - Processing /home/airflow/.local/lib/python3.8/site-packages/airflow/example_dags/example_python_operator.py took 0.439 seconds
[2024-02-05T14:22:44.606+0000] {processor.py:161} INFO - Started process (PID=318) to work on /home/airflow/.local/lib/python3.8/site-packages/airflow/example_dags/example_python_operator.py
[2024-02-05T14:22:44.608+0000] {processor.py:830} INFO - Processing file /home/airflow/.local/lib/python3.8/site-packages/airflow/example_dags/example_python_operator.py for tasks to queue
[2024-02-05T14:22:44.611+0000] {logging_mixin.py:188} INFO - [2024-02-05T14:22:44.611+0000] {dagbag.py:538} INFO - Filling up the DagBag from /home/airflow/.local/lib/python3.8/site-packages/airflow/example_dags/example_python_operator.py
[2024-02-05T14:22:44.625+0000] {processor.py:840} INFO - DAG(s) 'example_python_operator' retrieved from /home/airflow/.local/lib/python3.8/site-packages/airflow/example_dags/example_python_operator.py
[2024-02-05T14:22:44.648+0000] {logging_mixin.py:188} INFO - [2024-02-05T14:22:44.648+0000] {dag.py:3036} INFO - Sync 1 DAGs
[2024-02-05T14:22:44.660+0000] {logging_mixin.py:188} INFO - [2024-02-05T14:22:44.659+0000] {dag.py:3823} INFO - Setting next_dagrun for example_python_operator to None, run_after=None
[2024-02-05T14:22:44.672+0000] {processor.py:183} INFO - Processing /home/airflow/.local/lib/python3.8/site-packages/airflow/example_dags/example_python_operator.py took 0.072 seconds
[2024-02-05T14:23:28.476+0000] {processor.py:161} INFO - Started process (PID=387) to work on /home/airflow/.local/lib/python3.8/site-packages/airflow/example_dags/example_python_operator.py
[2024-02-05T14:23:28.478+0000] {processor.py:830} INFO - Processing file /home/airflow/.local/lib/python3.8/site-packages/airflow/example_dags/example_python_operator.py for tasks to queue
[2024-02-05T14:23:28.481+0000] {logging_mixin.py:188} INFO - [2024-02-05T14:23:28.480+0000] {dagbag.py:538} INFO - Filling up the DagBag from /home/airflow/.local/lib/python3.8/site-packages/airflow/example_dags/example_python_operator.py
[2024-02-05T14:23:28.507+0000] {processor.py:840} INFO - DAG(s) 'example_python_operator' retrieved from /home/airflow/.local/lib/python3.8/site-packages/airflow/example_dags/example_python_operator.py
[2024-02-05T14:23:28.545+0000] {logging_mixin.py:188} INFO - [2024-02-05T14:23:28.544+0000] {dag.py:3036} INFO - Sync 1 DAGs
[2024-02-05T14:23:28.559+0000] {logging_mixin.py:188} INFO - [2024-02-05T14:23:28.558+0000] {dag.py:3823} INFO - Setting next_dagrun for example_python_operator to None, run_after=None
[2024-02-05T14:23:28.579+0000] {processor.py:183} INFO - Processing /home/airflow/.local/lib/python3.8/site-packages/airflow/example_dags/example_python_operator.py took 0.110 seconds
[2024-02-05T14:24:15.989+0000] {processor.py:161} INFO - Started process (PID=446) to work on /home/airflow/.local/lib/python3.8/site-packages/airflow/example_dags/example_python_operator.py
[2024-02-05T14:24:15.991+0000] {processor.py:830} INFO - Processing file /home/airflow/.local/lib/python3.8/site-packages/airflow/example_dags/example_python_operator.py for tasks to queue
[2024-02-05T14:24:15.995+0000] {logging_mixin.py:188} INFO - [2024-02-05T14:24:15.995+0000] {dagbag.py:538} INFO - Filling up the DagBag from /home/airflow/.local/lib/python3.8/site-packages/airflow/example_dags/example_python_operator.py
[2024-02-05T14:24:16.037+0000] {processor.py:840} INFO - DAG(s) 'example_python_operator' retrieved from /home/airflow/.local/lib/python3.8/site-packages/airflow/example_dags/example_python_operator.py
[2024-02-05T14:24:16.080+0000] {logging_mixin.py:188} INFO - [2024-02-05T14:24:16.079+0000] {dag.py:3036} INFO - Sync 1 DAGs
[2024-02-05T14:24:16.114+0000] {logging_mixin.py:188} INFO - [2024-02-05T14:24:16.113+0000] {dag.py:3823} INFO - Setting next_dagrun for example_python_operator to None, run_after=None
[2024-02-05T14:24:16.137+0000] {processor.py:183} INFO - Processing /home/airflow/.local/lib/python3.8/site-packages/airflow/example_dags/example_python_operator.py took 0.151 seconds
[2024-02-05T14:24:56.834+0000] {processor.py:161} INFO - Started process (PID=515) to work on /home/airflow/.local/lib/python3.8/site-packages/airflow/example_dags/example_python_operator.py
[2024-02-05T14:24:56.838+0000] {processor.py:830} INFO - Processing file /home/airflow/.local/lib/python3.8/site-packages/airflow/example_dags/example_python_operator.py for tasks to queue
[2024-02-05T14:24:56.849+0000] {logging_mixin.py:188} INFO - [2024-02-05T14:24:56.847+0000] {dagbag.py:538} INFO - Filling up the DagBag from /home/airflow/.local/lib/python3.8/site-packages/airflow/example_dags/example_python_operator.py
[2024-02-05T14:24:56.906+0000] {processor.py:840} INFO - DAG(s) 'example_python_operator' retrieved from /home/airflow/.local/lib/python3.8/site-packages/airflow/example_dags/example_python_operator.py
[2024-02-05T14:24:56.975+0000] {logging_mixin.py:188} INFO - [2024-02-05T14:24:56.974+0000] {dag.py:3036} INFO - Sync 1 DAGs
[2024-02-05T14:24:57.004+0000] {logging_mixin.py:188} INFO - [2024-02-05T14:24:57.002+0000] {dag.py:3823} INFO - Setting next_dagrun for example_python_operator to None, run_after=None
[2024-02-05T14:24:57.045+0000] {processor.py:183} INFO - Processing /home/airflow/.local/lib/python3.8/site-packages/airflow/example_dags/example_python_operator.py took 0.227 seconds
[2024-02-05T14:25:29.958+0000] {processor.py:161} INFO - Started process (PID=573) to work on /home/airflow/.local/lib/python3.8/site-packages/airflow/example_dags/example_python_operator.py
[2024-02-05T14:25:29.959+0000] {processor.py:830} INFO - Processing file /home/airflow/.local/lib/python3.8/site-packages/airflow/example_dags/example_python_operator.py for tasks to queue
[2024-02-05T14:25:29.961+0000] {logging_mixin.py:188} INFO - [2024-02-05T14:25:29.961+0000] {dagbag.py:538} INFO - Filling up the DagBag from /home/airflow/.local/lib/python3.8/site-packages/airflow/example_dags/example_python_operator.py
[2024-02-05T14:25:29.972+0000] {processor.py:840} INFO - DAG(s) 'example_python_operator' retrieved from /home/airflow/.local/lib/python3.8/site-packages/airflow/example_dags/example_python_operator.py
[2024-02-05T14:25:29.991+0000] {logging_mixin.py:188} INFO - [2024-02-05T14:25:29.991+0000] {dag.py:3036} INFO - Sync 1 DAGs
[2024-02-05T14:25:30.001+0000] {logging_mixin.py:188} INFO - [2024-02-05T14:25:30.001+0000] {dag.py:3823} INFO - Setting next_dagrun for example_python_operator to None, run_after=None
[2024-02-05T14:25:30.015+0000] {processor.py:183} INFO - Processing /home/airflow/.local/lib/python3.8/site-packages/airflow/example_dags/example_python_operator.py took 0.060 seconds
[2024-02-05T14:26:01.880+0000] {processor.py:161} INFO - Started process (PID=631) to work on /home/airflow/.local/lib/python3.8/site-packages/airflow/example_dags/example_python_operator.py
[2024-02-05T14:26:01.900+0000] {processor.py:830} INFO - Processing file /home/airflow/.local/lib/python3.8/site-packages/airflow/example_dags/example_python_operator.py for tasks to queue
[2024-02-05T14:26:02.681+0000] {logging_mixin.py:188} INFO - [2024-02-05T14:26:02.667+0000] {dagbag.py:538} INFO - Filling up the DagBag from /home/airflow/.local/lib/python3.8/site-packages/airflow/example_dags/example_python_operator.py
[2024-02-05T14:26:02.771+0000] {processor.py:840} INFO - DAG(s) 'example_python_operator' retrieved from /home/airflow/.local/lib/python3.8/site-packages/airflow/example_dags/example_python_operator.py
[2024-02-05T14:26:02.883+0000] {logging_mixin.py:188} INFO - [2024-02-05T14:26:02.882+0000] {dag.py:3036} INFO - Sync 1 DAGs
[2024-02-05T14:26:02.931+0000] {logging_mixin.py:188} INFO - [2024-02-05T14:26:02.931+0000] {dag.py:3823} INFO - Setting next_dagrun for example_python_operator to None, run_after=None
[2024-02-05T14:26:03.004+0000] {processor.py:183} INFO - Processing /home/airflow/.local/lib/python3.8/site-packages/airflow/example_dags/example_python_operator.py took 1.132 seconds
