[2024-02-05T14:19:36.010+0000] {processor.py:161} INFO - Started process (PID=56) to work on /home/airflow/.local/lib/python3.8/site-packages/airflow/example_dags/example_branch_python_dop_operator_3.py
[2024-02-05T14:19:36.013+0000] {processor.py:830} INFO - Processing file /home/airflow/.local/lib/python3.8/site-packages/airflow/example_dags/example_branch_python_dop_operator_3.py for tasks to queue
[2024-02-05T14:19:36.017+0000] {logging_mixin.py:188} INFO - [2024-02-05T14:19:36.016+0000] {dagbag.py:538} INFO - Filling up the DagBag from /home/airflow/.local/lib/python3.8/site-packages/airflow/example_dags/example_branch_python_dop_operator_3.py
[2024-02-05T14:19:36.058+0000] {processor.py:840} INFO - DAG(s) 'example_branch_dop_operator_v3' retrieved from /home/airflow/.local/lib/python3.8/site-packages/airflow/example_dags/example_branch_python_dop_operator_3.py
[2024-02-05T14:19:36.379+0000] {logging_mixin.py:188} INFO - [2024-02-05T14:19:36.378+0000] {override.py:1769} INFO - Created Permission View: can delete on DAG:example_branch_dop_operator_v3
[2024-02-05T14:19:36.393+0000] {logging_mixin.py:188} INFO - [2024-02-05T14:19:36.392+0000] {override.py:1769} INFO - Created Permission View: can read on DAG:example_branch_dop_operator_v3
[2024-02-05T14:19:36.407+0000] {logging_mixin.py:188} INFO - [2024-02-05T14:19:36.407+0000] {override.py:1769} INFO - Created Permission View: can edit on DAG:example_branch_dop_operator_v3
[2024-02-05T14:19:36.408+0000] {logging_mixin.py:188} INFO - [2024-02-05T14:19:36.408+0000] {dag.py:3036} INFO - Sync 1 DAGs
[2024-02-05T14:19:36.422+0000] {logging_mixin.py:188} INFO - [2024-02-05T14:19:36.422+0000] {dag.py:3058} INFO - Creating ORM DAG for example_branch_dop_operator_v3
[2024-02-05T14:19:36.440+0000] {logging_mixin.py:188} INFO - [2024-02-05T14:19:36.440+0000] {dag.py:3823} INFO - Setting next_dagrun for example_branch_dop_operator_v3 to 2024-02-05 14:18:00+00:00, run_after=2024-02-05 14:19:00+00:00
[2024-02-05T14:19:36.486+0000] {processor.py:183} INFO - Processing /home/airflow/.local/lib/python3.8/site-packages/airflow/example_dags/example_branch_python_dop_operator_3.py took 0.504 seconds
[2024-02-05T14:20:06.990+0000] {processor.py:161} INFO - Started process (PID=110) to work on /home/airflow/.local/lib/python3.8/site-packages/airflow/example_dags/example_branch_python_dop_operator_3.py
[2024-02-05T14:20:06.992+0000] {processor.py:830} INFO - Processing file /home/airflow/.local/lib/python3.8/site-packages/airflow/example_dags/example_branch_python_dop_operator_3.py for tasks to queue
[2024-02-05T14:20:06.993+0000] {logging_mixin.py:188} INFO - [2024-02-05T14:20:06.993+0000] {dagbag.py:538} INFO - Filling up the DagBag from /home/airflow/.local/lib/python3.8/site-packages/airflow/example_dags/example_branch_python_dop_operator_3.py
[2024-02-05T14:20:07.004+0000] {processor.py:840} INFO - DAG(s) 'example_branch_dop_operator_v3' retrieved from /home/airflow/.local/lib/python3.8/site-packages/airflow/example_dags/example_branch_python_dop_operator_3.py
[2024-02-05T14:20:07.033+0000] {logging_mixin.py:188} INFO - [2024-02-05T14:20:07.033+0000] {dag.py:3036} INFO - Sync 1 DAGs
[2024-02-05T14:20:07.050+0000] {logging_mixin.py:188} INFO - [2024-02-05T14:20:07.050+0000] {dag.py:3823} INFO - Setting next_dagrun for example_branch_dop_operator_v3 to 2024-02-05 14:19:00+00:00, run_after=2024-02-05 14:20:00+00:00
[2024-02-05T14:20:07.106+0000] {processor.py:183} INFO - Processing /home/airflow/.local/lib/python3.8/site-packages/airflow/example_dags/example_branch_python_dop_operator_3.py took 0.119 seconds
[2024-02-05T14:20:37.453+0000] {processor.py:161} INFO - Started process (PID=165) to work on /home/airflow/.local/lib/python3.8/site-packages/airflow/example_dags/example_branch_python_dop_operator_3.py
[2024-02-05T14:20:37.454+0000] {processor.py:830} INFO - Processing file /home/airflow/.local/lib/python3.8/site-packages/airflow/example_dags/example_branch_python_dop_operator_3.py for tasks to queue
[2024-02-05T14:20:37.456+0000] {logging_mixin.py:188} INFO - [2024-02-05T14:20:37.456+0000] {dagbag.py:538} INFO - Filling up the DagBag from /home/airflow/.local/lib/python3.8/site-packages/airflow/example_dags/example_branch_python_dop_operator_3.py
[2024-02-05T14:20:37.466+0000] {processor.py:840} INFO - DAG(s) 'example_branch_dop_operator_v3' retrieved from /home/airflow/.local/lib/python3.8/site-packages/airflow/example_dags/example_branch_python_dop_operator_3.py
[2024-02-05T14:20:37.481+0000] {logging_mixin.py:188} INFO - [2024-02-05T14:20:37.481+0000] {dag.py:3036} INFO - Sync 1 DAGs
[2024-02-05T14:20:37.507+0000] {logging_mixin.py:188} INFO - [2024-02-05T14:20:37.507+0000] {dag.py:3823} INFO - Setting next_dagrun for example_branch_dop_operator_v3 to 2024-02-05 14:19:00+00:00, run_after=2024-02-05 14:20:00+00:00
[2024-02-05T14:20:37.586+0000] {processor.py:183} INFO - Processing /home/airflow/.local/lib/python3.8/site-packages/airflow/example_dags/example_branch_python_dop_operator_3.py took 0.144 seconds
[2024-02-05T14:21:44.626+0000] {processor.py:161} INFO - Started process (PID=232) to work on /home/airflow/.local/lib/python3.8/site-packages/airflow/example_dags/example_branch_python_dop_operator_3.py
[2024-02-05T14:21:44.714+0000] {processor.py:830} INFO - Processing file /home/airflow/.local/lib/python3.8/site-packages/airflow/example_dags/example_branch_python_dop_operator_3.py for tasks to queue
[2024-02-05T14:21:45.299+0000] {logging_mixin.py:188} INFO - [2024-02-05T14:21:45.255+0000] {dagbag.py:538} INFO - Filling up the DagBag from /home/airflow/.local/lib/python3.8/site-packages/airflow/example_dags/example_branch_python_dop_operator_3.py
[2024-02-05T14:21:46.604+0000] {processor.py:840} INFO - DAG(s) 'example_branch_dop_operator_v3' retrieved from /home/airflow/.local/lib/python3.8/site-packages/airflow/example_dags/example_branch_python_dop_operator_3.py
[2024-02-05T14:21:47.228+0000] {logging_mixin.py:188} INFO - [2024-02-05T14:21:47.227+0000] {dag.py:3036} INFO - Sync 1 DAGs
[2024-02-05T14:21:49.094+0000] {logging_mixin.py:188} INFO - [2024-02-05T14:21:49.093+0000] {dag.py:3823} INFO - Setting next_dagrun for example_branch_dop_operator_v3 to 2024-02-05 14:20:00+00:00, run_after=2024-02-05 14:21:00+00:00
[2024-02-05T14:21:50.975+0000] {processor.py:183} INFO - Processing /home/airflow/.local/lib/python3.8/site-packages/airflow/example_dags/example_branch_python_dop_operator_3.py took 6.440 seconds
[2024-02-05T14:22:23.357+0000] {processor.py:161} INFO - Started process (PID=287) to work on /home/airflow/.local/lib/python3.8/site-packages/airflow/example_dags/example_branch_python_dop_operator_3.py
[2024-02-05T14:22:23.388+0000] {processor.py:830} INFO - Processing file /home/airflow/.local/lib/python3.8/site-packages/airflow/example_dags/example_branch_python_dop_operator_3.py for tasks to queue
[2024-02-05T14:22:23.422+0000] {logging_mixin.py:188} INFO - [2024-02-05T14:22:23.420+0000] {dagbag.py:538} INFO - Filling up the DagBag from /home/airflow/.local/lib/python3.8/site-packages/airflow/example_dags/example_branch_python_dop_operator_3.py
[2024-02-05T14:22:23.628+0000] {processor.py:840} INFO - DAG(s) 'example_branch_dop_operator_v3' retrieved from /home/airflow/.local/lib/python3.8/site-packages/airflow/example_dags/example_branch_python_dop_operator_3.py
[2024-02-05T14:22:23.749+0000] {logging_mixin.py:188} INFO - [2024-02-05T14:22:23.749+0000] {dag.py:3036} INFO - Sync 1 DAGs
[2024-02-05T14:22:23.832+0000] {logging_mixin.py:188} INFO - [2024-02-05T14:22:23.832+0000] {dag.py:3823} INFO - Setting next_dagrun for example_branch_dop_operator_v3 to 2024-02-05 14:21:00+00:00, run_after=2024-02-05 14:22:00+00:00
[2024-02-05T14:22:23.867+0000] {processor.py:183} INFO - Processing /home/airflow/.local/lib/python3.8/site-packages/airflow/example_dags/example_branch_python_dop_operator_3.py took 0.657 seconds
[2024-02-05T14:23:01.217+0000] {processor.py:161} INFO - Started process (PID=340) to work on /home/airflow/.local/lib/python3.8/site-packages/airflow/example_dags/example_branch_python_dop_operator_3.py
[2024-02-05T14:23:01.224+0000] {processor.py:830} INFO - Processing file /home/airflow/.local/lib/python3.8/site-packages/airflow/example_dags/example_branch_python_dop_operator_3.py for tasks to queue
[2024-02-05T14:23:01.239+0000] {logging_mixin.py:188} INFO - [2024-02-05T14:23:01.235+0000] {dagbag.py:538} INFO - Filling up the DagBag from /home/airflow/.local/lib/python3.8/site-packages/airflow/example_dags/example_branch_python_dop_operator_3.py
[2024-02-05T14:23:01.286+0000] {processor.py:840} INFO - DAG(s) 'example_branch_dop_operator_v3' retrieved from /home/airflow/.local/lib/python3.8/site-packages/airflow/example_dags/example_branch_python_dop_operator_3.py
[2024-02-05T14:23:01.361+0000] {logging_mixin.py:188} INFO - [2024-02-05T14:23:01.360+0000] {dag.py:3036} INFO - Sync 1 DAGs
[2024-02-05T14:23:01.431+0000] {logging_mixin.py:188} INFO - [2024-02-05T14:23:01.430+0000] {dag.py:3823} INFO - Setting next_dagrun for example_branch_dop_operator_v3 to 2024-02-05 14:22:00+00:00, run_after=2024-02-05 14:23:00+00:00
[2024-02-05T14:23:01.448+0000] {processor.py:183} INFO - Processing /home/airflow/.local/lib/python3.8/site-packages/airflow/example_dags/example_branch_python_dop_operator_3.py took 0.244 seconds
[2024-02-05T14:23:34.067+0000] {processor.py:161} INFO - Started process (PID=395) to work on /home/airflow/.local/lib/python3.8/site-packages/airflow/example_dags/example_branch_python_dop_operator_3.py
[2024-02-05T14:23:34.070+0000] {processor.py:830} INFO - Processing file /home/airflow/.local/lib/python3.8/site-packages/airflow/example_dags/example_branch_python_dop_operator_3.py for tasks to queue
[2024-02-05T14:23:34.078+0000] {logging_mixin.py:188} INFO - [2024-02-05T14:23:34.077+0000] {dagbag.py:538} INFO - Filling up the DagBag from /home/airflow/.local/lib/python3.8/site-packages/airflow/example_dags/example_branch_python_dop_operator_3.py
[2024-02-05T14:23:34.147+0000] {processor.py:840} INFO - DAG(s) 'example_branch_dop_operator_v3' retrieved from /home/airflow/.local/lib/python3.8/site-packages/airflow/example_dags/example_branch_python_dop_operator_3.py
[2024-02-05T14:23:34.335+0000] {logging_mixin.py:188} INFO - [2024-02-05T14:23:34.331+0000] {dag.py:3036} INFO - Sync 1 DAGs
[2024-02-05T14:23:34.450+0000] {logging_mixin.py:188} INFO - [2024-02-05T14:23:34.450+0000] {dag.py:3823} INFO - Setting next_dagrun for example_branch_dop_operator_v3 to 2024-02-05 14:22:00+00:00, run_after=2024-02-05 14:23:00+00:00
[2024-02-05T14:23:34.621+0000] {processor.py:183} INFO - Processing /home/airflow/.local/lib/python3.8/site-packages/airflow/example_dags/example_branch_python_dop_operator_3.py took 0.583 seconds
[2024-02-05T14:24:15.248+0000] {processor.py:161} INFO - Started process (PID=437) to work on /home/airflow/.local/lib/python3.8/site-packages/airflow/example_dags/example_branch_python_dop_operator_3.py
[2024-02-05T14:24:15.250+0000] {processor.py:830} INFO - Processing file /home/airflow/.local/lib/python3.8/site-packages/airflow/example_dags/example_branch_python_dop_operator_3.py for tasks to queue
[2024-02-05T14:24:15.267+0000] {logging_mixin.py:188} INFO - [2024-02-05T14:24:15.267+0000] {dagbag.py:538} INFO - Filling up the DagBag from /home/airflow/.local/lib/python3.8/site-packages/airflow/example_dags/example_branch_python_dop_operator_3.py
[2024-02-05T14:24:15.283+0000] {processor.py:840} INFO - DAG(s) 'example_branch_dop_operator_v3' retrieved from /home/airflow/.local/lib/python3.8/site-packages/airflow/example_dags/example_branch_python_dop_operator_3.py
[2024-02-05T14:24:15.341+0000] {logging_mixin.py:188} INFO - [2024-02-05T14:24:15.340+0000] {dag.py:3036} INFO - Sync 1 DAGs
[2024-02-05T14:24:15.374+0000] {logging_mixin.py:188} INFO - [2024-02-05T14:24:15.374+0000] {dag.py:3823} INFO - Setting next_dagrun for example_branch_dop_operator_v3 to 2024-02-05 14:23:00+00:00, run_after=2024-02-05 14:24:00+00:00
[2024-02-05T14:24:15.407+0000] {processor.py:183} INFO - Processing /home/airflow/.local/lib/python3.8/site-packages/airflow/example_dags/example_branch_python_dop_operator_3.py took 0.166 seconds
[2024-02-05T14:24:52.855+0000] {processor.py:161} INFO - Started process (PID=500) to work on /home/airflow/.local/lib/python3.8/site-packages/airflow/example_dags/example_branch_python_dop_operator_3.py
[2024-02-05T14:24:52.858+0000] {processor.py:830} INFO - Processing file /home/airflow/.local/lib/python3.8/site-packages/airflow/example_dags/example_branch_python_dop_operator_3.py for tasks to queue
[2024-02-05T14:24:52.861+0000] {logging_mixin.py:188} INFO - [2024-02-05T14:24:52.860+0000] {dagbag.py:538} INFO - Filling up the DagBag from /home/airflow/.local/lib/python3.8/site-packages/airflow/example_dags/example_branch_python_dop_operator_3.py
[2024-02-05T14:24:52.872+0000] {processor.py:840} INFO - DAG(s) 'example_branch_dop_operator_v3' retrieved from /home/airflow/.local/lib/python3.8/site-packages/airflow/example_dags/example_branch_python_dop_operator_3.py
[2024-02-05T14:24:52.917+0000] {logging_mixin.py:188} INFO - [2024-02-05T14:24:52.916+0000] {dag.py:3036} INFO - Sync 1 DAGs
[2024-02-05T14:24:52.975+0000] {logging_mixin.py:188} INFO - [2024-02-05T14:24:52.974+0000] {dag.py:3823} INFO - Setting next_dagrun for example_branch_dop_operator_v3 to 2024-02-05 14:23:00+00:00, run_after=2024-02-05 14:24:00+00:00
[2024-02-05T14:24:53.031+0000] {processor.py:183} INFO - Processing /home/airflow/.local/lib/python3.8/site-packages/airflow/example_dags/example_branch_python_dop_operator_3.py took 0.189 seconds
[2024-02-05T14:25:23.408+0000] {processor.py:161} INFO - Started process (PID=553) to work on /home/airflow/.local/lib/python3.8/site-packages/airflow/example_dags/example_branch_python_dop_operator_3.py
[2024-02-05T14:25:23.411+0000] {processor.py:830} INFO - Processing file /home/airflow/.local/lib/python3.8/site-packages/airflow/example_dags/example_branch_python_dop_operator_3.py for tasks to queue
[2024-02-05T14:25:23.418+0000] {logging_mixin.py:188} INFO - [2024-02-05T14:25:23.417+0000] {dagbag.py:538} INFO - Filling up the DagBag from /home/airflow/.local/lib/python3.8/site-packages/airflow/example_dags/example_branch_python_dop_operator_3.py
[2024-02-05T14:25:23.435+0000] {processor.py:840} INFO - DAG(s) 'example_branch_dop_operator_v3' retrieved from /home/airflow/.local/lib/python3.8/site-packages/airflow/example_dags/example_branch_python_dop_operator_3.py
[2024-02-05T14:25:23.505+0000] {logging_mixin.py:188} INFO - [2024-02-05T14:25:23.504+0000] {dag.py:3036} INFO - Sync 1 DAGs
[2024-02-05T14:25:23.577+0000] {logging_mixin.py:188} INFO - [2024-02-05T14:25:23.576+0000] {dag.py:3823} INFO - Setting next_dagrun for example_branch_dop_operator_v3 to 2024-02-05 14:24:00+00:00, run_after=2024-02-05 14:25:00+00:00
[2024-02-05T14:25:23.641+0000] {processor.py:183} INFO - Processing /home/airflow/.local/lib/python3.8/site-packages/airflow/example_dags/example_branch_python_dop_operator_3.py took 0.240 seconds
[2024-02-05T14:25:58.738+0000] {processor.py:161} INFO - Started process (PID=608) to work on /home/airflow/.local/lib/python3.8/site-packages/airflow/example_dags/example_branch_python_dop_operator_3.py
[2024-02-05T14:25:58.740+0000] {processor.py:830} INFO - Processing file /home/airflow/.local/lib/python3.8/site-packages/airflow/example_dags/example_branch_python_dop_operator_3.py for tasks to queue
[2024-02-05T14:25:58.742+0000] {logging_mixin.py:188} INFO - [2024-02-05T14:25:58.742+0000] {dagbag.py:538} INFO - Filling up the DagBag from /home/airflow/.local/lib/python3.8/site-packages/airflow/example_dags/example_branch_python_dop_operator_3.py
[2024-02-05T14:25:58.753+0000] {processor.py:840} INFO - DAG(s) 'example_branch_dop_operator_v3' retrieved from /home/airflow/.local/lib/python3.8/site-packages/airflow/example_dags/example_branch_python_dop_operator_3.py
[2024-02-05T14:25:58.775+0000] {logging_mixin.py:188} INFO - [2024-02-05T14:25:58.775+0000] {dag.py:3036} INFO - Sync 1 DAGs
[2024-02-05T14:25:58.804+0000] {logging_mixin.py:188} INFO - [2024-02-05T14:25:58.803+0000] {dag.py:3823} INFO - Setting next_dagrun for example_branch_dop_operator_v3 to 2024-02-05 14:24:00+00:00, run_after=2024-02-05 14:25:00+00:00
[2024-02-05T14:25:58.823+0000] {processor.py:183} INFO - Processing /home/airflow/.local/lib/python3.8/site-packages/airflow/example_dags/example_branch_python_dop_operator_3.py took 0.089 seconds
