[2024-02-05T14:19:34.007+0000] {processor.py:161} INFO - Started process (PID=50) to work on /home/airflow/.local/lib/python3.8/site-packages/airflow/example_dags/example_sensors.py
[2024-02-05T14:19:34.010+0000] {processor.py:830} INFO - Processing file /home/airflow/.local/lib/python3.8/site-packages/airflow/example_dags/example_sensors.py for tasks to queue
[2024-02-05T14:19:34.013+0000] {logging_mixin.py:188} INFO - [2024-02-05T14:19:34.013+0000] {dagbag.py:538} INFO - Filling up the DagBag from /home/airflow/.local/lib/python3.8/site-packages/airflow/example_dags/example_sensors.py
[2024-02-05T14:19:34.030+0000] {processor.py:840} INFO - DAG(s) 'example_sensors' retrieved from /home/airflow/.local/lib/python3.8/site-packages/airflow/example_dags/example_sensors.py
[2024-02-05T14:19:34.266+0000] {logging_mixin.py:188} INFO - [2024-02-05T14:19:34.264+0000] {override.py:1769} INFO - Created Permission View: can delete on DAG:example_sensors
[2024-02-05T14:19:34.287+0000] {logging_mixin.py:188} INFO - [2024-02-05T14:19:34.286+0000] {override.py:1769} INFO - Created Permission View: can read on DAG:example_sensors
[2024-02-05T14:19:34.296+0000] {logging_mixin.py:188} INFO - [2024-02-05T14:19:34.295+0000] {override.py:1769} INFO - Created Permission View: can edit on DAG:example_sensors
[2024-02-05T14:19:34.297+0000] {logging_mixin.py:188} INFO - [2024-02-05T14:19:34.296+0000] {dag.py:3036} INFO - Sync 1 DAGs
[2024-02-05T14:19:34.313+0000] {logging_mixin.py:188} INFO - [2024-02-05T14:19:34.312+0000] {dag.py:3058} INFO - Creating ORM DAG for example_sensors
[2024-02-05T14:19:34.314+0000] {logging_mixin.py:188} INFO - [2024-02-05T14:19:34.314+0000] {dag.py:3823} INFO - Setting next_dagrun for example_sensors to None, run_after=None
[2024-02-05T14:19:34.360+0000] {processor.py:183} INFO - Processing /home/airflow/.local/lib/python3.8/site-packages/airflow/example_dags/example_sensors.py took 0.362 seconds
[2024-02-05T14:20:04.638+0000] {processor.py:161} INFO - Started process (PID=104) to work on /home/airflow/.local/lib/python3.8/site-packages/airflow/example_dags/example_sensors.py
[2024-02-05T14:20:04.641+0000] {processor.py:830} INFO - Processing file /home/airflow/.local/lib/python3.8/site-packages/airflow/example_dags/example_sensors.py for tasks to queue
[2024-02-05T14:20:04.642+0000] {logging_mixin.py:188} INFO - [2024-02-05T14:20:04.642+0000] {dagbag.py:538} INFO - Filling up the DagBag from /home/airflow/.local/lib/python3.8/site-packages/airflow/example_dags/example_sensors.py
[2024-02-05T14:20:04.650+0000] {processor.py:840} INFO - DAG(s) 'example_sensors' retrieved from /home/airflow/.local/lib/python3.8/site-packages/airflow/example_dags/example_sensors.py
[2024-02-05T14:20:04.660+0000] {logging_mixin.py:188} INFO - [2024-02-05T14:20:04.660+0000] {dag.py:3036} INFO - Sync 1 DAGs
[2024-02-05T14:20:04.665+0000] {logging_mixin.py:188} INFO - [2024-02-05T14:20:04.665+0000] {dag.py:3823} INFO - Setting next_dagrun for example_sensors to None, run_after=None
[2024-02-05T14:20:04.674+0000] {processor.py:183} INFO - Processing /home/airflow/.local/lib/python3.8/site-packages/airflow/example_dags/example_sensors.py took 0.037 seconds
[2024-02-05T14:20:35.091+0000] {processor.py:161} INFO - Started process (PID=159) to work on /home/airflow/.local/lib/python3.8/site-packages/airflow/example_dags/example_sensors.py
[2024-02-05T14:20:35.093+0000] {processor.py:830} INFO - Processing file /home/airflow/.local/lib/python3.8/site-packages/airflow/example_dags/example_sensors.py for tasks to queue
[2024-02-05T14:20:35.095+0000] {logging_mixin.py:188} INFO - [2024-02-05T14:20:35.094+0000] {dagbag.py:538} INFO - Filling up the DagBag from /home/airflow/.local/lib/python3.8/site-packages/airflow/example_dags/example_sensors.py
[2024-02-05T14:20:35.101+0000] {processor.py:840} INFO - DAG(s) 'example_sensors' retrieved from /home/airflow/.local/lib/python3.8/site-packages/airflow/example_dags/example_sensors.py
[2024-02-05T14:20:35.115+0000] {logging_mixin.py:188} INFO - [2024-02-05T14:20:35.115+0000] {dag.py:3036} INFO - Sync 1 DAGs
[2024-02-05T14:20:35.121+0000] {logging_mixin.py:188} INFO - [2024-02-05T14:20:35.121+0000] {dag.py:3823} INFO - Setting next_dagrun for example_sensors to None, run_after=None
[2024-02-05T14:20:35.131+0000] {processor.py:183} INFO - Processing /home/airflow/.local/lib/python3.8/site-packages/airflow/example_dags/example_sensors.py took 0.042 seconds
[2024-02-05T14:21:39.668+0000] {processor.py:161} INFO - Started process (PID=220) to work on /home/airflow/.local/lib/python3.8/site-packages/airflow/example_dags/example_sensors.py
[2024-02-05T14:21:39.672+0000] {processor.py:830} INFO - Processing file /home/airflow/.local/lib/python3.8/site-packages/airflow/example_dags/example_sensors.py for tasks to queue
[2024-02-05T14:21:39.676+0000] {logging_mixin.py:188} INFO - [2024-02-05T14:21:39.675+0000] {dagbag.py:538} INFO - Filling up the DagBag from /home/airflow/.local/lib/python3.8/site-packages/airflow/example_dags/example_sensors.py
[2024-02-05T14:21:39.689+0000] {processor.py:840} INFO - DAG(s) 'example_sensors' retrieved from /home/airflow/.local/lib/python3.8/site-packages/airflow/example_dags/example_sensors.py
[2024-02-05T14:21:39.727+0000] {logging_mixin.py:188} INFO - [2024-02-05T14:21:39.726+0000] {dag.py:3036} INFO - Sync 1 DAGs
[2024-02-05T14:21:39.744+0000] {logging_mixin.py:188} INFO - [2024-02-05T14:21:39.743+0000] {dag.py:3823} INFO - Setting next_dagrun for example_sensors to None, run_after=None
[2024-02-05T14:21:39.783+0000] {processor.py:183} INFO - Processing /home/airflow/.local/lib/python3.8/site-packages/airflow/example_dags/example_sensors.py took 0.128 seconds
[2024-02-05T14:22:13.559+0000] {processor.py:161} INFO - Started process (PID=279) to work on /home/airflow/.local/lib/python3.8/site-packages/airflow/example_dags/example_sensors.py
[2024-02-05T14:22:13.560+0000] {processor.py:830} INFO - Processing file /home/airflow/.local/lib/python3.8/site-packages/airflow/example_dags/example_sensors.py for tasks to queue
[2024-02-05T14:22:13.563+0000] {logging_mixin.py:188} INFO - [2024-02-05T14:22:13.563+0000] {dagbag.py:538} INFO - Filling up the DagBag from /home/airflow/.local/lib/python3.8/site-packages/airflow/example_dags/example_sensors.py
[2024-02-05T14:22:13.590+0000] {processor.py:840} INFO - DAG(s) 'example_sensors' retrieved from /home/airflow/.local/lib/python3.8/site-packages/airflow/example_dags/example_sensors.py
[2024-02-05T14:22:13.646+0000] {logging_mixin.py:188} INFO - [2024-02-05T14:22:13.646+0000] {dag.py:3036} INFO - Sync 1 DAGs
[2024-02-05T14:22:13.681+0000] {logging_mixin.py:188} INFO - [2024-02-05T14:22:13.681+0000] {dag.py:3823} INFO - Setting next_dagrun for example_sensors to None, run_after=None
[2024-02-05T14:22:13.899+0000] {processor.py:183} INFO - Processing /home/airflow/.local/lib/python3.8/site-packages/airflow/example_dags/example_sensors.py took 0.343 seconds
[2024-02-05T14:22:47.280+0000] {processor.py:161} INFO - Started process (PID=334) to work on /home/airflow/.local/lib/python3.8/site-packages/airflow/example_dags/example_sensors.py
[2024-02-05T14:22:47.304+0000] {processor.py:830} INFO - Processing file /home/airflow/.local/lib/python3.8/site-packages/airflow/example_dags/example_sensors.py for tasks to queue
[2024-02-05T14:22:47.306+0000] {logging_mixin.py:188} INFO - [2024-02-05T14:22:47.305+0000] {dagbag.py:538} INFO - Filling up the DagBag from /home/airflow/.local/lib/python3.8/site-packages/airflow/example_dags/example_sensors.py
[2024-02-05T14:22:47.338+0000] {processor.py:840} INFO - DAG(s) 'example_sensors' retrieved from /home/airflow/.local/lib/python3.8/site-packages/airflow/example_dags/example_sensors.py
[2024-02-05T14:22:47.368+0000] {logging_mixin.py:188} INFO - [2024-02-05T14:22:47.367+0000] {dag.py:3036} INFO - Sync 1 DAGs
[2024-02-05T14:22:47.384+0000] {logging_mixin.py:188} INFO - [2024-02-05T14:22:47.383+0000] {dag.py:3823} INFO - Setting next_dagrun for example_sensors to None, run_after=None
[2024-02-05T14:22:47.395+0000] {processor.py:183} INFO - Processing /home/airflow/.local/lib/python3.8/site-packages/airflow/example_dags/example_sensors.py took 0.117 seconds
[2024-02-05T14:23:24.361+0000] {processor.py:161} INFO - Started process (PID=376) to work on /home/airflow/.local/lib/python3.8/site-packages/airflow/example_dags/example_sensors.py
[2024-02-05T14:23:24.364+0000] {processor.py:830} INFO - Processing file /home/airflow/.local/lib/python3.8/site-packages/airflow/example_dags/example_sensors.py for tasks to queue
[2024-02-05T14:23:24.367+0000] {logging_mixin.py:188} INFO - [2024-02-05T14:23:24.366+0000] {dagbag.py:538} INFO - Filling up the DagBag from /home/airflow/.local/lib/python3.8/site-packages/airflow/example_dags/example_sensors.py
[2024-02-05T14:23:24.383+0000] {processor.py:840} INFO - DAG(s) 'example_sensors' retrieved from /home/airflow/.local/lib/python3.8/site-packages/airflow/example_dags/example_sensors.py
[2024-02-05T14:23:24.450+0000] {logging_mixin.py:188} INFO - [2024-02-05T14:23:24.449+0000] {dag.py:3036} INFO - Sync 1 DAGs
[2024-02-05T14:23:24.478+0000] {logging_mixin.py:188} INFO - [2024-02-05T14:23:24.478+0000] {dag.py:3823} INFO - Setting next_dagrun for example_sensors to None, run_after=None
[2024-02-05T14:23:24.725+0000] {processor.py:183} INFO - Processing /home/airflow/.local/lib/python3.8/site-packages/airflow/example_dags/example_sensors.py took 0.367 seconds
[2024-02-05T14:24:14.661+0000] {processor.py:161} INFO - Started process (PID=431) to work on /home/airflow/.local/lib/python3.8/site-packages/airflow/example_dags/example_sensors.py
[2024-02-05T14:24:14.663+0000] {processor.py:830} INFO - Processing file /home/airflow/.local/lib/python3.8/site-packages/airflow/example_dags/example_sensors.py for tasks to queue
[2024-02-05T14:24:14.665+0000] {logging_mixin.py:188} INFO - [2024-02-05T14:24:14.665+0000] {dagbag.py:538} INFO - Filling up the DagBag from /home/airflow/.local/lib/python3.8/site-packages/airflow/example_dags/example_sensors.py
[2024-02-05T14:24:14.674+0000] {processor.py:840} INFO - DAG(s) 'example_sensors' retrieved from /home/airflow/.local/lib/python3.8/site-packages/airflow/example_dags/example_sensors.py
[2024-02-05T14:24:14.703+0000] {logging_mixin.py:188} INFO - [2024-02-05T14:24:14.703+0000] {dag.py:3036} INFO - Sync 1 DAGs
[2024-02-05T14:24:14.715+0000] {logging_mixin.py:188} INFO - [2024-02-05T14:24:14.714+0000] {dag.py:3823} INFO - Setting next_dagrun for example_sensors to None, run_after=None
[2024-02-05T14:24:14.755+0000] {processor.py:183} INFO - Processing /home/airflow/.local/lib/python3.8/site-packages/airflow/example_dags/example_sensors.py took 0.096 seconds
[2024-02-05T14:24:49.865+0000] {processor.py:161} INFO - Started process (PID=490) to work on /home/airflow/.local/lib/python3.8/site-packages/airflow/example_dags/example_sensors.py
[2024-02-05T14:24:49.867+0000] {processor.py:830} INFO - Processing file /home/airflow/.local/lib/python3.8/site-packages/airflow/example_dags/example_sensors.py for tasks to queue
[2024-02-05T14:24:49.870+0000] {logging_mixin.py:188} INFO - [2024-02-05T14:24:49.869+0000] {dagbag.py:538} INFO - Filling up the DagBag from /home/airflow/.local/lib/python3.8/site-packages/airflow/example_dags/example_sensors.py
[2024-02-05T14:24:49.881+0000] {processor.py:840} INFO - DAG(s) 'example_sensors' retrieved from /home/airflow/.local/lib/python3.8/site-packages/airflow/example_dags/example_sensors.py
[2024-02-05T14:24:49.901+0000] {logging_mixin.py:188} INFO - [2024-02-05T14:24:49.901+0000] {dag.py:3036} INFO - Sync 1 DAGs
[2024-02-05T14:24:49.910+0000] {logging_mixin.py:188} INFO - [2024-02-05T14:24:49.910+0000] {dag.py:3823} INFO - Setting next_dagrun for example_sensors to None, run_after=None
[2024-02-05T14:24:49.922+0000] {processor.py:183} INFO - Processing /home/airflow/.local/lib/python3.8/site-packages/airflow/example_dags/example_sensors.py took 0.060 seconds
[2024-02-05T14:25:21.483+0000] {processor.py:161} INFO - Started process (PID=545) to work on /home/airflow/.local/lib/python3.8/site-packages/airflow/example_dags/example_sensors.py
[2024-02-05T14:25:21.486+0000] {processor.py:830} INFO - Processing file /home/airflow/.local/lib/python3.8/site-packages/airflow/example_dags/example_sensors.py for tasks to queue
[2024-02-05T14:25:21.491+0000] {logging_mixin.py:188} INFO - [2024-02-05T14:25:21.491+0000] {dagbag.py:538} INFO - Filling up the DagBag from /home/airflow/.local/lib/python3.8/site-packages/airflow/example_dags/example_sensors.py
[2024-02-05T14:25:21.522+0000] {processor.py:840} INFO - DAG(s) 'example_sensors' retrieved from /home/airflow/.local/lib/python3.8/site-packages/airflow/example_dags/example_sensors.py
[2024-02-05T14:25:21.587+0000] {logging_mixin.py:188} INFO - [2024-02-05T14:25:21.587+0000] {dag.py:3036} INFO - Sync 1 DAGs
[2024-02-05T14:25:21.600+0000] {logging_mixin.py:188} INFO - [2024-02-05T14:25:21.600+0000] {dag.py:3823} INFO - Setting next_dagrun for example_sensors to None, run_after=None
[2024-02-05T14:25:21.620+0000] {processor.py:183} INFO - Processing /home/airflow/.local/lib/python3.8/site-packages/airflow/example_dags/example_sensors.py took 0.144 seconds
[2024-02-05T14:25:55.293+0000] {processor.py:161} INFO - Started process (PID=601) to work on /home/airflow/.local/lib/python3.8/site-packages/airflow/example_dags/example_sensors.py
[2024-02-05T14:25:55.295+0000] {processor.py:830} INFO - Processing file /home/airflow/.local/lib/python3.8/site-packages/airflow/example_dags/example_sensors.py for tasks to queue
[2024-02-05T14:25:55.299+0000] {logging_mixin.py:188} INFO - [2024-02-05T14:25:55.299+0000] {dagbag.py:538} INFO - Filling up the DagBag from /home/airflow/.local/lib/python3.8/site-packages/airflow/example_dags/example_sensors.py
[2024-02-05T14:25:55.357+0000] {processor.py:840} INFO - DAG(s) 'example_sensors' retrieved from /home/airflow/.local/lib/python3.8/site-packages/airflow/example_dags/example_sensors.py
[2024-02-05T14:25:55.610+0000] {logging_mixin.py:188} INFO - [2024-02-05T14:25:55.609+0000] {dag.py:3036} INFO - Sync 1 DAGs
[2024-02-05T14:25:55.763+0000] {logging_mixin.py:188} INFO - [2024-02-05T14:25:55.763+0000] {dag.py:3823} INFO - Setting next_dagrun for example_sensors to None, run_after=None
[2024-02-05T14:25:56.029+0000] {processor.py:183} INFO - Processing /home/airflow/.local/lib/python3.8/site-packages/airflow/example_dags/example_sensors.py took 0.745 seconds
