[2024-02-05T14:19:37.218+0000] {processor.py:161} INFO - Started process (PID=60) to work on /home/airflow/.local/lib/python3.8/site-packages/airflow/example_dags/example_xcomargs.py
[2024-02-05T14:19:37.220+0000] {processor.py:830} INFO - Processing file /home/airflow/.local/lib/python3.8/site-packages/airflow/example_dags/example_xcomargs.py for tasks to queue
[2024-02-05T14:19:37.225+0000] {logging_mixin.py:188} INFO - [2024-02-05T14:19:37.225+0000] {dagbag.py:538} INFO - Filling up the DagBag from /home/airflow/.local/lib/python3.8/site-packages/airflow/example_dags/example_xcomargs.py
[2024-02-05T14:19:37.243+0000] {processor.py:840} INFO - DAG(s) 'example_xcom_args_with_operators', 'example_xcom_args' retrieved from /home/airflow/.local/lib/python3.8/site-packages/airflow/example_dags/example_xcomargs.py
[2024-02-05T14:19:37.533+0000] {logging_mixin.py:188} INFO - [2024-02-05T14:19:37.532+0000] {override.py:1769} INFO - Created Permission View: can delete on DAG:example_xcom_args_with_operators
[2024-02-05T14:19:37.550+0000] {logging_mixin.py:188} INFO - [2024-02-05T14:19:37.550+0000] {override.py:1769} INFO - Created Permission View: can read on DAG:example_xcom_args_with_operators
[2024-02-05T14:19:37.557+0000] {logging_mixin.py:188} INFO - [2024-02-05T14:19:37.556+0000] {override.py:1769} INFO - Created Permission View: can edit on DAG:example_xcom_args_with_operators
[2024-02-05T14:19:37.567+0000] {logging_mixin.py:188} INFO - [2024-02-05T14:19:37.567+0000] {override.py:1769} INFO - Created Permission View: can delete on DAG:example_xcom_args
[2024-02-05T14:19:37.572+0000] {logging_mixin.py:188} INFO - [2024-02-05T14:19:37.572+0000] {override.py:1769} INFO - Created Permission View: can read on DAG:example_xcom_args
[2024-02-05T14:19:37.576+0000] {logging_mixin.py:188} INFO - [2024-02-05T14:19:37.576+0000] {override.py:1769} INFO - Created Permission View: can edit on DAG:example_xcom_args
[2024-02-05T14:19:37.577+0000] {logging_mixin.py:188} INFO - [2024-02-05T14:19:37.577+0000] {dag.py:3036} INFO - Sync 2 DAGs
[2024-02-05T14:19:37.599+0000] {logging_mixin.py:188} INFO - [2024-02-05T14:19:37.599+0000] {dag.py:3058} INFO - Creating ORM DAG for example_xcom_args
[2024-02-05T14:19:37.600+0000] {logging_mixin.py:188} INFO - [2024-02-05T14:19:37.599+0000] {dag.py:3058} INFO - Creating ORM DAG for example_xcom_args_with_operators
[2024-02-05T14:19:37.600+0000] {logging_mixin.py:188} INFO - [2024-02-05T14:19:37.600+0000] {dag.py:3823} INFO - Setting next_dagrun for example_xcom_args to None, run_after=None
[2024-02-05T14:19:37.603+0000] {logging_mixin.py:188} INFO - [2024-02-05T14:19:37.603+0000] {dag.py:3823} INFO - Setting next_dagrun for example_xcom_args_with_operators to None, run_after=None
[2024-02-05T14:19:37.630+0000] {processor.py:183} INFO - Processing /home/airflow/.local/lib/python3.8/site-packages/airflow/example_dags/example_xcomargs.py took 0.419 seconds
[2024-02-05T14:20:08.262+0000] {processor.py:161} INFO - Started process (PID=114) to work on /home/airflow/.local/lib/python3.8/site-packages/airflow/example_dags/example_xcomargs.py
[2024-02-05T14:20:08.264+0000] {processor.py:830} INFO - Processing file /home/airflow/.local/lib/python3.8/site-packages/airflow/example_dags/example_xcomargs.py for tasks to queue
[2024-02-05T14:20:08.266+0000] {logging_mixin.py:188} INFO - [2024-02-05T14:20:08.265+0000] {dagbag.py:538} INFO - Filling up the DagBag from /home/airflow/.local/lib/python3.8/site-packages/airflow/example_dags/example_xcomargs.py
[2024-02-05T14:20:08.274+0000] {processor.py:840} INFO - DAG(s) 'example_xcom_args_with_operators', 'example_xcom_args' retrieved from /home/airflow/.local/lib/python3.8/site-packages/airflow/example_dags/example_xcomargs.py
[2024-02-05T14:20:08.290+0000] {logging_mixin.py:188} INFO - [2024-02-05T14:20:08.290+0000] {dag.py:3036} INFO - Sync 2 DAGs
[2024-02-05T14:20:08.318+0000] {logging_mixin.py:188} INFO - [2024-02-05T14:20:08.318+0000] {dag.py:3823} INFO - Setting next_dagrun for example_xcom_args to None, run_after=None
[2024-02-05T14:20:08.321+0000] {logging_mixin.py:188} INFO - [2024-02-05T14:20:08.320+0000] {dag.py:3823} INFO - Setting next_dagrun for example_xcom_args_with_operators to None, run_after=None
[2024-02-05T14:20:08.334+0000] {processor.py:183} INFO - Processing /home/airflow/.local/lib/python3.8/site-packages/airflow/example_dags/example_xcomargs.py took 0.074 seconds
[2024-02-05T14:20:40.173+0000] {processor.py:161} INFO - Started process (PID=168) to work on /home/airflow/.local/lib/python3.8/site-packages/airflow/example_dags/example_xcomargs.py
[2024-02-05T14:20:40.185+0000] {processor.py:830} INFO - Processing file /home/airflow/.local/lib/python3.8/site-packages/airflow/example_dags/example_xcomargs.py for tasks to queue
[2024-02-05T14:20:40.195+0000] {logging_mixin.py:188} INFO - [2024-02-05T14:20:40.194+0000] {dagbag.py:538} INFO - Filling up the DagBag from /home/airflow/.local/lib/python3.8/site-packages/airflow/example_dags/example_xcomargs.py
[2024-02-05T14:20:40.210+0000] {processor.py:840} INFO - DAG(s) 'example_xcom_args', 'example_xcom_args_with_operators' retrieved from /home/airflow/.local/lib/python3.8/site-packages/airflow/example_dags/example_xcomargs.py
[2024-02-05T14:20:40.264+0000] {logging_mixin.py:188} INFO - [2024-02-05T14:20:40.264+0000] {dag.py:3036} INFO - Sync 2 DAGs
[2024-02-05T14:20:40.276+0000] {logging_mixin.py:188} INFO - [2024-02-05T14:20:40.276+0000] {dag.py:3823} INFO - Setting next_dagrun for example_xcom_args to None, run_after=None
[2024-02-05T14:20:40.278+0000] {logging_mixin.py:188} INFO - [2024-02-05T14:20:40.278+0000] {dag.py:3823} INFO - Setting next_dagrun for example_xcom_args_with_operators to None, run_after=None
[2024-02-05T14:20:40.289+0000] {processor.py:183} INFO - Processing /home/airflow/.local/lib/python3.8/site-packages/airflow/example_dags/example_xcomargs.py took 0.123 seconds
[2024-02-05T14:22:00.689+0000] {processor.py:161} INFO - Started process (PID=236) to work on /home/airflow/.local/lib/python3.8/site-packages/airflow/example_dags/example_xcomargs.py
[2024-02-05T14:22:00.698+0000] {processor.py:830} INFO - Processing file /home/airflow/.local/lib/python3.8/site-packages/airflow/example_dags/example_xcomargs.py for tasks to queue
[2024-02-05T14:22:00.717+0000] {logging_mixin.py:188} INFO - [2024-02-05T14:22:00.715+0000] {dagbag.py:538} INFO - Filling up the DagBag from /home/airflow/.local/lib/python3.8/site-packages/airflow/example_dags/example_xcomargs.py
[2024-02-05T14:22:00.789+0000] {processor.py:840} INFO - DAG(s) 'example_xcom_args', 'example_xcom_args_with_operators' retrieved from /home/airflow/.local/lib/python3.8/site-packages/airflow/example_dags/example_xcomargs.py
[2024-02-05T14:22:00.893+0000] {logging_mixin.py:188} INFO - [2024-02-05T14:22:00.893+0000] {dag.py:3036} INFO - Sync 2 DAGs
[2024-02-05T14:22:00.932+0000] {logging_mixin.py:188} INFO - [2024-02-05T14:22:00.931+0000] {dag.py:3823} INFO - Setting next_dagrun for example_xcom_args to None, run_after=None
[2024-02-05T14:22:00.935+0000] {logging_mixin.py:188} INFO - [2024-02-05T14:22:00.935+0000] {dag.py:3823} INFO - Setting next_dagrun for example_xcom_args_with_operators to None, run_after=None
[2024-02-05T14:22:02.067+0000] {processor.py:183} INFO - Processing /home/airflow/.local/lib/python3.8/site-packages/airflow/example_dags/example_xcomargs.py took 1.415 seconds
[2024-02-05T14:22:35.348+0000] {processor.py:161} INFO - Started process (PID=291) to work on /home/airflow/.local/lib/python3.8/site-packages/airflow/example_dags/example_xcomargs.py
[2024-02-05T14:22:35.352+0000] {processor.py:830} INFO - Processing file /home/airflow/.local/lib/python3.8/site-packages/airflow/example_dags/example_xcomargs.py for tasks to queue
[2024-02-05T14:22:35.355+0000] {logging_mixin.py:188} INFO - [2024-02-05T14:22:35.355+0000] {dagbag.py:538} INFO - Filling up the DagBag from /home/airflow/.local/lib/python3.8/site-packages/airflow/example_dags/example_xcomargs.py
[2024-02-05T14:22:35.374+0000] {processor.py:840} INFO - DAG(s) 'example_xcom_args', 'example_xcom_args_with_operators' retrieved from /home/airflow/.local/lib/python3.8/site-packages/airflow/example_dags/example_xcomargs.py
[2024-02-05T14:22:35.550+0000] {logging_mixin.py:188} INFO - [2024-02-05T14:22:35.550+0000] {dag.py:3036} INFO - Sync 2 DAGs
[2024-02-05T14:22:35.822+0000] {logging_mixin.py:188} INFO - [2024-02-05T14:22:35.821+0000] {dag.py:3823} INFO - Setting next_dagrun for example_xcom_args to None, run_after=None
[2024-02-05T14:22:35.861+0000] {logging_mixin.py:188} INFO - [2024-02-05T14:22:35.860+0000] {dag.py:3823} INFO - Setting next_dagrun for example_xcom_args_with_operators to None, run_after=None
[2024-02-05T14:22:35.993+0000] {processor.py:183} INFO - Processing /home/airflow/.local/lib/python3.8/site-packages/airflow/example_dags/example_xcomargs.py took 0.657 seconds
[2024-02-05T14:23:08.272+0000] {processor.py:161} INFO - Started process (PID=344) to work on /home/airflow/.local/lib/python3.8/site-packages/airflow/example_dags/example_xcomargs.py
[2024-02-05T14:23:08.284+0000] {processor.py:830} INFO - Processing file /home/airflow/.local/lib/python3.8/site-packages/airflow/example_dags/example_xcomargs.py for tasks to queue
[2024-02-05T14:23:08.296+0000] {logging_mixin.py:188} INFO - [2024-02-05T14:23:08.294+0000] {dagbag.py:538} INFO - Filling up the DagBag from /home/airflow/.local/lib/python3.8/site-packages/airflow/example_dags/example_xcomargs.py
[2024-02-05T14:23:08.327+0000] {processor.py:840} INFO - DAG(s) 'example_xcom_args_with_operators', 'example_xcom_args' retrieved from /home/airflow/.local/lib/python3.8/site-packages/airflow/example_dags/example_xcomargs.py
[2024-02-05T14:23:08.603+0000] {logging_mixin.py:188} INFO - [2024-02-05T14:23:08.602+0000] {dag.py:3036} INFO - Sync 2 DAGs
[2024-02-05T14:23:08.680+0000] {logging_mixin.py:188} INFO - [2024-02-05T14:23:08.679+0000] {dag.py:3823} INFO - Setting next_dagrun for example_xcom_args to None, run_after=None
[2024-02-05T14:23:08.689+0000] {logging_mixin.py:188} INFO - [2024-02-05T14:23:08.688+0000] {dag.py:3823} INFO - Setting next_dagrun for example_xcom_args_with_operators to None, run_after=None
[2024-02-05T14:23:08.839+0000] {processor.py:183} INFO - Processing /home/airflow/.local/lib/python3.8/site-packages/airflow/example_dags/example_xcomargs.py took 0.585 seconds
[2024-02-05T14:23:39.098+0000] {processor.py:161} INFO - Started process (PID=398) to work on /home/airflow/.local/lib/python3.8/site-packages/airflow/example_dags/example_xcomargs.py
[2024-02-05T14:23:39.111+0000] {processor.py:830} INFO - Processing file /home/airflow/.local/lib/python3.8/site-packages/airflow/example_dags/example_xcomargs.py for tasks to queue
[2024-02-05T14:23:39.140+0000] {logging_mixin.py:188} INFO - [2024-02-05T14:23:39.136+0000] {dagbag.py:538} INFO - Filling up the DagBag from /home/airflow/.local/lib/python3.8/site-packages/airflow/example_dags/example_xcomargs.py
[2024-02-05T14:23:39.201+0000] {processor.py:840} INFO - DAG(s) 'example_xcom_args_with_operators', 'example_xcom_args' retrieved from /home/airflow/.local/lib/python3.8/site-packages/airflow/example_dags/example_xcomargs.py
[2024-02-05T14:23:39.341+0000] {logging_mixin.py:188} INFO - [2024-02-05T14:23:39.340+0000] {dag.py:3036} INFO - Sync 2 DAGs
[2024-02-05T14:23:39.389+0000] {logging_mixin.py:188} INFO - [2024-02-05T14:23:39.388+0000] {dag.py:3823} INFO - Setting next_dagrun for example_xcom_args to None, run_after=None
[2024-02-05T14:23:39.397+0000] {logging_mixin.py:188} INFO - [2024-02-05T14:23:39.397+0000] {dag.py:3823} INFO - Setting next_dagrun for example_xcom_args_with_operators to None, run_after=None
[2024-02-05T14:23:39.613+0000] {processor.py:183} INFO - Processing /home/airflow/.local/lib/python3.8/site-packages/airflow/example_dags/example_xcomargs.py took 0.541 seconds
[2024-02-05T14:24:16.502+0000] {processor.py:161} INFO - Started process (PID=455) to work on /home/airflow/.local/lib/python3.8/site-packages/airflow/example_dags/example_xcomargs.py
[2024-02-05T14:24:16.504+0000] {processor.py:830} INFO - Processing file /home/airflow/.local/lib/python3.8/site-packages/airflow/example_dags/example_xcomargs.py for tasks to queue
[2024-02-05T14:24:16.507+0000] {logging_mixin.py:188} INFO - [2024-02-05T14:24:16.506+0000] {dagbag.py:538} INFO - Filling up the DagBag from /home/airflow/.local/lib/python3.8/site-packages/airflow/example_dags/example_xcomargs.py
[2024-02-05T14:24:16.517+0000] {processor.py:840} INFO - DAG(s) 'example_xcom_args_with_operators', 'example_xcom_args' retrieved from /home/airflow/.local/lib/python3.8/site-packages/airflow/example_dags/example_xcomargs.py
[2024-02-05T14:24:16.539+0000] {logging_mixin.py:188} INFO - [2024-02-05T14:24:16.539+0000] {dag.py:3036} INFO - Sync 2 DAGs
[2024-02-05T14:24:16.551+0000] {logging_mixin.py:188} INFO - [2024-02-05T14:24:16.551+0000] {dag.py:3823} INFO - Setting next_dagrun for example_xcom_args to None, run_after=None
[2024-02-05T14:24:16.554+0000] {logging_mixin.py:188} INFO - [2024-02-05T14:24:16.554+0000] {dag.py:3823} INFO - Setting next_dagrun for example_xcom_args_with_operators to None, run_after=None
[2024-02-05T14:24:16.591+0000] {processor.py:183} INFO - Processing /home/airflow/.local/lib/python3.8/site-packages/airflow/example_dags/example_xcomargs.py took 0.094 seconds
[2024-02-05T14:24:54.307+0000] {processor.py:161} INFO - Started process (PID=504) to work on /home/airflow/.local/lib/python3.8/site-packages/airflow/example_dags/example_xcomargs.py
[2024-02-05T14:24:54.311+0000] {processor.py:830} INFO - Processing file /home/airflow/.local/lib/python3.8/site-packages/airflow/example_dags/example_xcomargs.py for tasks to queue
[2024-02-05T14:24:54.316+0000] {logging_mixin.py:188} INFO - [2024-02-05T14:24:54.315+0000] {dagbag.py:538} INFO - Filling up the DagBag from /home/airflow/.local/lib/python3.8/site-packages/airflow/example_dags/example_xcomargs.py
[2024-02-05T14:24:54.342+0000] {processor.py:840} INFO - DAG(s) 'example_xcom_args_with_operators', 'example_xcom_args' retrieved from /home/airflow/.local/lib/python3.8/site-packages/airflow/example_dags/example_xcomargs.py
[2024-02-05T14:24:54.469+0000] {logging_mixin.py:188} INFO - [2024-02-05T14:24:54.468+0000] {dag.py:3036} INFO - Sync 2 DAGs
[2024-02-05T14:24:54.520+0000] {logging_mixin.py:188} INFO - [2024-02-05T14:24:54.519+0000] {dag.py:3823} INFO - Setting next_dagrun for example_xcom_args to None, run_after=None
[2024-02-05T14:24:54.526+0000] {logging_mixin.py:188} INFO - [2024-02-05T14:24:54.525+0000] {dag.py:3823} INFO - Setting next_dagrun for example_xcom_args_with_operators to None, run_after=None
[2024-02-05T14:24:54.584+0000] {processor.py:183} INFO - Processing /home/airflow/.local/lib/python3.8/site-packages/airflow/example_dags/example_xcomargs.py took 0.282 seconds
[2024-02-05T14:25:25.381+0000] {processor.py:161} INFO - Started process (PID=557) to work on /home/airflow/.local/lib/python3.8/site-packages/airflow/example_dags/example_xcomargs.py
[2024-02-05T14:25:25.387+0000] {processor.py:830} INFO - Processing file /home/airflow/.local/lib/python3.8/site-packages/airflow/example_dags/example_xcomargs.py for tasks to queue
[2024-02-05T14:25:25.399+0000] {logging_mixin.py:188} INFO - [2024-02-05T14:25:25.397+0000] {dagbag.py:538} INFO - Filling up the DagBag from /home/airflow/.local/lib/python3.8/site-packages/airflow/example_dags/example_xcomargs.py
[2024-02-05T14:25:26.199+0000] {processor.py:840} INFO - DAG(s) 'example_xcom_args', 'example_xcom_args_with_operators' retrieved from /home/airflow/.local/lib/python3.8/site-packages/airflow/example_dags/example_xcomargs.py
[2024-02-05T14:25:26.294+0000] {logging_mixin.py:188} INFO - [2024-02-05T14:25:26.294+0000] {dag.py:3036} INFO - Sync 2 DAGs
[2024-02-05T14:25:26.336+0000] {logging_mixin.py:188} INFO - [2024-02-05T14:25:26.335+0000] {dag.py:3823} INFO - Setting next_dagrun for example_xcom_args to None, run_after=None
[2024-02-05T14:25:26.346+0000] {logging_mixin.py:188} INFO - [2024-02-05T14:25:26.345+0000] {dag.py:3823} INFO - Setting next_dagrun for example_xcom_args_with_operators to None, run_after=None
[2024-02-05T14:25:27.552+0000] {processor.py:183} INFO - Processing /home/airflow/.local/lib/python3.8/site-packages/airflow/example_dags/example_xcomargs.py took 2.179 seconds
[2024-02-05T14:25:59.038+0000] {processor.py:161} INFO - Started process (PID=614) to work on /home/airflow/.local/lib/python3.8/site-packages/airflow/example_dags/example_xcomargs.py
[2024-02-05T14:25:59.040+0000] {processor.py:830} INFO - Processing file /home/airflow/.local/lib/python3.8/site-packages/airflow/example_dags/example_xcomargs.py for tasks to queue
[2024-02-05T14:25:59.042+0000] {logging_mixin.py:188} INFO - [2024-02-05T14:25:59.042+0000] {dagbag.py:538} INFO - Filling up the DagBag from /home/airflow/.local/lib/python3.8/site-packages/airflow/example_dags/example_xcomargs.py
[2024-02-05T14:25:59.062+0000] {processor.py:840} INFO - DAG(s) 'example_xcom_args_with_operators', 'example_xcom_args' retrieved from /home/airflow/.local/lib/python3.8/site-packages/airflow/example_dags/example_xcomargs.py
[2024-02-05T14:25:59.112+0000] {logging_mixin.py:188} INFO - [2024-02-05T14:25:59.112+0000] {dag.py:3036} INFO - Sync 2 DAGs
[2024-02-05T14:25:59.126+0000] {logging_mixin.py:188} INFO - [2024-02-05T14:25:59.126+0000] {dag.py:3823} INFO - Setting next_dagrun for example_xcom_args to None, run_after=None
[2024-02-05T14:25:59.133+0000] {logging_mixin.py:188} INFO - [2024-02-05T14:25:59.133+0000] {dag.py:3823} INFO - Setting next_dagrun for example_xcom_args_with_operators to None, run_after=None
[2024-02-05T14:25:59.162+0000] {processor.py:183} INFO - Processing /home/airflow/.local/lib/python3.8/site-packages/airflow/example_dags/example_xcomargs.py took 0.127 seconds
