[2024-02-05T14:19:32.652+0000] {processor.py:161} INFO - Started process (PID=44) to work on /home/airflow/.local/lib/python3.8/site-packages/airflow/example_dags/example_task_group.py
[2024-02-05T14:19:32.664+0000] {processor.py:830} INFO - Processing file /home/airflow/.local/lib/python3.8/site-packages/airflow/example_dags/example_task_group.py for tasks to queue
[2024-02-05T14:19:32.678+0000] {logging_mixin.py:188} INFO - [2024-02-05T14:19:32.678+0000] {dagbag.py:538} INFO - Filling up the DagBag from /home/airflow/.local/lib/python3.8/site-packages/airflow/example_dags/example_task_group.py
[2024-02-05T14:19:32.719+0000] {processor.py:840} INFO - DAG(s) 'example_task_group' retrieved from /home/airflow/.local/lib/python3.8/site-packages/airflow/example_dags/example_task_group.py
[2024-02-05T14:19:32.985+0000] {logging_mixin.py:188} INFO - [2024-02-05T14:19:32.984+0000] {override.py:1769} INFO - Created Permission View: can delete on DAG:example_task_group
[2024-02-05T14:19:33.001+0000] {logging_mixin.py:188} INFO - [2024-02-05T14:19:33.001+0000] {override.py:1769} INFO - Created Permission View: can read on DAG:example_task_group
[2024-02-05T14:19:33.016+0000] {logging_mixin.py:188} INFO - [2024-02-05T14:19:33.013+0000] {override.py:1769} INFO - Created Permission View: can edit on DAG:example_task_group
[2024-02-05T14:19:33.018+0000] {logging_mixin.py:188} INFO - [2024-02-05T14:19:33.017+0000] {dag.py:3036} INFO - Sync 1 DAGs
[2024-02-05T14:19:33.078+0000] {logging_mixin.py:188} INFO - [2024-02-05T14:19:33.078+0000] {dag.py:3058} INFO - Creating ORM DAG for example_task_group
[2024-02-05T14:19:33.112+0000] {logging_mixin.py:188} INFO - [2024-02-05T14:19:33.111+0000] {dag.py:3823} INFO - Setting next_dagrun for example_task_group to 2024-02-04 00:00:00+00:00, run_after=2024-02-05 00:00:00+00:00
[2024-02-05T14:19:33.132+0000] {processor.py:183} INFO - Processing /home/airflow/.local/lib/python3.8/site-packages/airflow/example_dags/example_task_group.py took 0.487 seconds
[2024-02-05T14:20:03.264+0000] {processor.py:161} INFO - Started process (PID=98) to work on /home/airflow/.local/lib/python3.8/site-packages/airflow/example_dags/example_task_group.py
[2024-02-05T14:20:03.266+0000] {processor.py:830} INFO - Processing file /home/airflow/.local/lib/python3.8/site-packages/airflow/example_dags/example_task_group.py for tasks to queue
[2024-02-05T14:20:03.267+0000] {logging_mixin.py:188} INFO - [2024-02-05T14:20:03.267+0000] {dagbag.py:538} INFO - Filling up the DagBag from /home/airflow/.local/lib/python3.8/site-packages/airflow/example_dags/example_task_group.py
[2024-02-05T14:20:03.274+0000] {processor.py:840} INFO - DAG(s) 'example_task_group' retrieved from /home/airflow/.local/lib/python3.8/site-packages/airflow/example_dags/example_task_group.py
[2024-02-05T14:20:03.288+0000] {logging_mixin.py:188} INFO - [2024-02-05T14:20:03.287+0000] {dag.py:3036} INFO - Sync 1 DAGs
[2024-02-05T14:20:03.303+0000] {logging_mixin.py:188} INFO - [2024-02-05T14:20:03.303+0000] {dag.py:3823} INFO - Setting next_dagrun for example_task_group to 2024-02-04 00:00:00+00:00, run_after=2024-02-05 00:00:00+00:00
[2024-02-05T14:20:03.322+0000] {processor.py:183} INFO - Processing /home/airflow/.local/lib/python3.8/site-packages/airflow/example_dags/example_task_group.py took 0.060 seconds
[2024-02-05T14:20:33.766+0000] {processor.py:161} INFO - Started process (PID=153) to work on /home/airflow/.local/lib/python3.8/site-packages/airflow/example_dags/example_task_group.py
[2024-02-05T14:20:33.768+0000] {processor.py:830} INFO - Processing file /home/airflow/.local/lib/python3.8/site-packages/airflow/example_dags/example_task_group.py for tasks to queue
[2024-02-05T14:20:33.770+0000] {logging_mixin.py:188} INFO - [2024-02-05T14:20:33.769+0000] {dagbag.py:538} INFO - Filling up the DagBag from /home/airflow/.local/lib/python3.8/site-packages/airflow/example_dags/example_task_group.py
[2024-02-05T14:20:33.776+0000] {processor.py:840} INFO - DAG(s) 'example_task_group' retrieved from /home/airflow/.local/lib/python3.8/site-packages/airflow/example_dags/example_task_group.py
[2024-02-05T14:20:33.790+0000] {logging_mixin.py:188} INFO - [2024-02-05T14:20:33.790+0000] {dag.py:3036} INFO - Sync 1 DAGs
[2024-02-05T14:20:33.802+0000] {logging_mixin.py:188} INFO - [2024-02-05T14:20:33.802+0000] {dag.py:3823} INFO - Setting next_dagrun for example_task_group to 2024-02-04 00:00:00+00:00, run_after=2024-02-05 00:00:00+00:00
[2024-02-05T14:20:33.810+0000] {processor.py:183} INFO - Processing /home/airflow/.local/lib/python3.8/site-packages/airflow/example_dags/example_task_group.py took 0.047 seconds
[2024-02-05T14:21:39.170+0000] {processor.py:161} INFO - Started process (PID=214) to work on /home/airflow/.local/lib/python3.8/site-packages/airflow/example_dags/example_task_group.py
[2024-02-05T14:21:39.176+0000] {processor.py:830} INFO - Processing file /home/airflow/.local/lib/python3.8/site-packages/airflow/example_dags/example_task_group.py for tasks to queue
[2024-02-05T14:21:39.183+0000] {logging_mixin.py:188} INFO - [2024-02-05T14:21:39.183+0000] {dagbag.py:538} INFO - Filling up the DagBag from /home/airflow/.local/lib/python3.8/site-packages/airflow/example_dags/example_task_group.py
[2024-02-05T14:21:39.194+0000] {processor.py:840} INFO - DAG(s) 'example_task_group' retrieved from /home/airflow/.local/lib/python3.8/site-packages/airflow/example_dags/example_task_group.py
[2024-02-05T14:21:39.236+0000] {logging_mixin.py:188} INFO - [2024-02-05T14:21:39.236+0000] {dag.py:3036} INFO - Sync 1 DAGs
[2024-02-05T14:21:39.267+0000] {logging_mixin.py:188} INFO - [2024-02-05T14:21:39.267+0000] {dag.py:3823} INFO - Setting next_dagrun for example_task_group to 2024-02-04 00:00:00+00:00, run_after=2024-02-05 00:00:00+00:00
[2024-02-05T14:21:39.290+0000] {processor.py:183} INFO - Processing /home/airflow/.local/lib/python3.8/site-packages/airflow/example_dags/example_task_group.py took 0.129 seconds
[2024-02-05T14:22:12.993+0000] {processor.py:161} INFO - Started process (PID=267) to work on /home/airflow/.local/lib/python3.8/site-packages/airflow/example_dags/example_task_group.py
[2024-02-05T14:22:12.995+0000] {processor.py:830} INFO - Processing file /home/airflow/.local/lib/python3.8/site-packages/airflow/example_dags/example_task_group.py for tasks to queue
[2024-02-05T14:22:12.999+0000] {logging_mixin.py:188} INFO - [2024-02-05T14:22:12.998+0000] {dagbag.py:538} INFO - Filling up the DagBag from /home/airflow/.local/lib/python3.8/site-packages/airflow/example_dags/example_task_group.py
[2024-02-05T14:22:13.017+0000] {processor.py:840} INFO - DAG(s) 'example_task_group' retrieved from /home/airflow/.local/lib/python3.8/site-packages/airflow/example_dags/example_task_group.py
[2024-02-05T14:22:13.101+0000] {logging_mixin.py:188} INFO - [2024-02-05T14:22:13.101+0000] {dag.py:3036} INFO - Sync 1 DAGs
[2024-02-05T14:22:13.161+0000] {logging_mixin.py:188} INFO - [2024-02-05T14:22:13.161+0000] {dag.py:3823} INFO - Setting next_dagrun for example_task_group to 2024-02-04 00:00:00+00:00, run_after=2024-02-05 00:00:00+00:00
[2024-02-05T14:22:13.205+0000] {processor.py:183} INFO - Processing /home/airflow/.local/lib/python3.8/site-packages/airflow/example_dags/example_task_group.py took 0.216 seconds
[2024-02-05T14:22:45.505+0000] {processor.py:161} INFO - Started process (PID=328) to work on /home/airflow/.local/lib/python3.8/site-packages/airflow/example_dags/example_task_group.py
[2024-02-05T14:22:45.508+0000] {processor.py:830} INFO - Processing file /home/airflow/.local/lib/python3.8/site-packages/airflow/example_dags/example_task_group.py for tasks to queue
[2024-02-05T14:22:45.513+0000] {logging_mixin.py:188} INFO - [2024-02-05T14:22:45.512+0000] {dagbag.py:538} INFO - Filling up the DagBag from /home/airflow/.local/lib/python3.8/site-packages/airflow/example_dags/example_task_group.py
[2024-02-05T14:22:45.529+0000] {processor.py:840} INFO - DAG(s) 'example_task_group' retrieved from /home/airflow/.local/lib/python3.8/site-packages/airflow/example_dags/example_task_group.py
[2024-02-05T14:22:45.615+0000] {logging_mixin.py:188} INFO - [2024-02-05T14:22:45.615+0000] {dag.py:3036} INFO - Sync 1 DAGs
[2024-02-05T14:22:45.699+0000] {logging_mixin.py:188} INFO - [2024-02-05T14:22:45.698+0000] {dag.py:3823} INFO - Setting next_dagrun for example_task_group to 2024-02-04 00:00:00+00:00, run_after=2024-02-05 00:00:00+00:00
[2024-02-05T14:22:45.753+0000] {processor.py:183} INFO - Processing /home/airflow/.local/lib/python3.8/site-packages/airflow/example_dags/example_task_group.py took 0.266 seconds
[2024-02-05T14:23:23.706+0000] {processor.py:161} INFO - Started process (PID=370) to work on /home/airflow/.local/lib/python3.8/site-packages/airflow/example_dags/example_task_group.py
[2024-02-05T14:23:23.708+0000] {processor.py:830} INFO - Processing file /home/airflow/.local/lib/python3.8/site-packages/airflow/example_dags/example_task_group.py for tasks to queue
[2024-02-05T14:23:23.713+0000] {logging_mixin.py:188} INFO - [2024-02-05T14:23:23.713+0000] {dagbag.py:538} INFO - Filling up the DagBag from /home/airflow/.local/lib/python3.8/site-packages/airflow/example_dags/example_task_group.py
[2024-02-05T14:23:23.741+0000] {processor.py:840} INFO - DAG(s) 'example_task_group' retrieved from /home/airflow/.local/lib/python3.8/site-packages/airflow/example_dags/example_task_group.py
[2024-02-05T14:23:23.787+0000] {logging_mixin.py:188} INFO - [2024-02-05T14:23:23.786+0000] {dag.py:3036} INFO - Sync 1 DAGs
[2024-02-05T14:23:23.827+0000] {logging_mixin.py:188} INFO - [2024-02-05T14:23:23.826+0000] {dag.py:3823} INFO - Setting next_dagrun for example_task_group to 2024-02-04 00:00:00+00:00, run_after=2024-02-05 00:00:00+00:00
[2024-02-05T14:23:23.849+0000] {processor.py:183} INFO - Processing /home/airflow/.local/lib/python3.8/site-packages/airflow/example_dags/example_task_group.py took 0.153 seconds
[2024-02-05T14:24:14.286+0000] {processor.py:161} INFO - Started process (PID=425) to work on /home/airflow/.local/lib/python3.8/site-packages/airflow/example_dags/example_task_group.py
[2024-02-05T14:24:14.292+0000] {processor.py:830} INFO - Processing file /home/airflow/.local/lib/python3.8/site-packages/airflow/example_dags/example_task_group.py for tasks to queue
[2024-02-05T14:24:14.304+0000] {logging_mixin.py:188} INFO - [2024-02-05T14:24:14.304+0000] {dagbag.py:538} INFO - Filling up the DagBag from /home/airflow/.local/lib/python3.8/site-packages/airflow/example_dags/example_task_group.py
[2024-02-05T14:24:14.343+0000] {processor.py:840} INFO - DAG(s) 'example_task_group' retrieved from /home/airflow/.local/lib/python3.8/site-packages/airflow/example_dags/example_task_group.py
[2024-02-05T14:24:14.379+0000] {logging_mixin.py:188} INFO - [2024-02-05T14:24:14.379+0000] {dag.py:3036} INFO - Sync 1 DAGs
[2024-02-05T14:24:14.415+0000] {logging_mixin.py:188} INFO - [2024-02-05T14:24:14.415+0000] {dag.py:3823} INFO - Setting next_dagrun for example_task_group to 2024-02-04 00:00:00+00:00, run_after=2024-02-05 00:00:00+00:00
[2024-02-05T14:24:14.430+0000] {processor.py:183} INFO - Processing /home/airflow/.local/lib/python3.8/site-packages/airflow/example_dags/example_task_group.py took 0.147 seconds
[2024-02-05T14:24:46.351+0000] {processor.py:161} INFO - Started process (PID=478) to work on /home/airflow/.local/lib/python3.8/site-packages/airflow/example_dags/example_task_group.py
[2024-02-05T14:24:46.352+0000] {processor.py:830} INFO - Processing file /home/airflow/.local/lib/python3.8/site-packages/airflow/example_dags/example_task_group.py for tasks to queue
[2024-02-05T14:24:46.356+0000] {logging_mixin.py:188} INFO - [2024-02-05T14:24:46.355+0000] {dagbag.py:538} INFO - Filling up the DagBag from /home/airflow/.local/lib/python3.8/site-packages/airflow/example_dags/example_task_group.py
[2024-02-05T14:24:46.366+0000] {processor.py:840} INFO - DAG(s) 'example_task_group' retrieved from /home/airflow/.local/lib/python3.8/site-packages/airflow/example_dags/example_task_group.py
[2024-02-05T14:24:46.394+0000] {logging_mixin.py:188} INFO - [2024-02-05T14:24:46.393+0000] {dag.py:3036} INFO - Sync 1 DAGs
[2024-02-05T14:24:46.427+0000] {logging_mixin.py:188} INFO - [2024-02-05T14:24:46.427+0000] {dag.py:3823} INFO - Setting next_dagrun for example_task_group to 2024-02-04 00:00:00+00:00, run_after=2024-02-05 00:00:00+00:00
[2024-02-05T14:24:46.517+0000] {processor.py:183} INFO - Processing /home/airflow/.local/lib/python3.8/site-packages/airflow/example_dags/example_task_group.py took 0.172 seconds
[2024-02-05T14:25:18.267+0000] {processor.py:161} INFO - Started process (PID=533) to work on /home/airflow/.local/lib/python3.8/site-packages/airflow/example_dags/example_task_group.py
[2024-02-05T14:25:18.271+0000] {processor.py:830} INFO - Processing file /home/airflow/.local/lib/python3.8/site-packages/airflow/example_dags/example_task_group.py for tasks to queue
[2024-02-05T14:25:18.275+0000] {logging_mixin.py:188} INFO - [2024-02-05T14:25:18.274+0000] {dagbag.py:538} INFO - Filling up the DagBag from /home/airflow/.local/lib/python3.8/site-packages/airflow/example_dags/example_task_group.py
[2024-02-05T14:25:18.298+0000] {processor.py:840} INFO - DAG(s) 'example_task_group' retrieved from /home/airflow/.local/lib/python3.8/site-packages/airflow/example_dags/example_task_group.py
[2024-02-05T14:25:18.493+0000] {logging_mixin.py:188} INFO - [2024-02-05T14:25:18.492+0000] {dag.py:3036} INFO - Sync 1 DAGs
[2024-02-05T14:25:18.558+0000] {logging_mixin.py:188} INFO - [2024-02-05T14:25:18.558+0000] {dag.py:3823} INFO - Setting next_dagrun for example_task_group to 2024-02-04 00:00:00+00:00, run_after=2024-02-05 00:00:00+00:00
[2024-02-05T14:25:18.618+0000] {processor.py:183} INFO - Processing /home/airflow/.local/lib/python3.8/site-packages/airflow/example_dags/example_task_group.py took 0.375 seconds
[2024-02-05T14:25:51.621+0000] {processor.py:161} INFO - Started process (PID=594) to work on /home/airflow/.local/lib/python3.8/site-packages/airflow/example_dags/example_task_group.py
[2024-02-05T14:25:51.626+0000] {processor.py:830} INFO - Processing file /home/airflow/.local/lib/python3.8/site-packages/airflow/example_dags/example_task_group.py for tasks to queue
[2024-02-05T14:25:51.631+0000] {logging_mixin.py:188} INFO - [2024-02-05T14:25:51.631+0000] {dagbag.py:538} INFO - Filling up the DagBag from /home/airflow/.local/lib/python3.8/site-packages/airflow/example_dags/example_task_group.py
[2024-02-05T14:25:51.660+0000] {processor.py:840} INFO - DAG(s) 'example_task_group' retrieved from /home/airflow/.local/lib/python3.8/site-packages/airflow/example_dags/example_task_group.py
[2024-02-05T14:25:51.703+0000] {logging_mixin.py:188} INFO - [2024-02-05T14:25:51.703+0000] {dag.py:3036} INFO - Sync 1 DAGs
[2024-02-05T14:25:51.748+0000] {logging_mixin.py:188} INFO - [2024-02-05T14:25:51.748+0000] {dag.py:3823} INFO - Setting next_dagrun for example_task_group to 2024-02-04 00:00:00+00:00, run_after=2024-02-05 00:00:00+00:00
[2024-02-05T14:25:51.816+0000] {processor.py:183} INFO - Processing /home/airflow/.local/lib/python3.8/site-packages/airflow/example_dags/example_task_group.py took 0.201 seconds
