[2024-02-05T14:19:36.533+0000] {processor.py:161} INFO - Started process (PID=57) to work on /home/airflow/.local/lib/python3.8/site-packages/airflow/example_dags/example_sla_dag.py
[2024-02-05T14:19:36.534+0000] {processor.py:830} INFO - Processing file /home/airflow/.local/lib/python3.8/site-packages/airflow/example_dags/example_sla_dag.py for tasks to queue
[2024-02-05T14:19:36.537+0000] {logging_mixin.py:188} INFO - [2024-02-05T14:19:36.536+0000] {dagbag.py:538} INFO - Filling up the DagBag from /home/airflow/.local/lib/python3.8/site-packages/airflow/example_dags/example_sla_dag.py
[2024-02-05T14:19:36.560+0000] {processor.py:840} INFO - DAG(s) 'example_sla_dag' retrieved from /home/airflow/.local/lib/python3.8/site-packages/airflow/example_dags/example_sla_dag.py
[2024-02-05T14:19:36.686+0000] {logging_mixin.py:188} INFO - [2024-02-05T14:19:36.685+0000] {override.py:1769} INFO - Created Permission View: can delete on DAG:example_sla_dag
[2024-02-05T14:19:36.705+0000] {logging_mixin.py:188} INFO - [2024-02-05T14:19:36.705+0000] {override.py:1769} INFO - Created Permission View: can read on DAG:example_sla_dag
[2024-02-05T14:19:36.719+0000] {logging_mixin.py:188} INFO - [2024-02-05T14:19:36.718+0000] {override.py:1769} INFO - Created Permission View: can edit on DAG:example_sla_dag
[2024-02-05T14:19:36.720+0000] {logging_mixin.py:188} INFO - [2024-02-05T14:19:36.720+0000] {dag.py:3036} INFO - Sync 1 DAGs
[2024-02-05T14:19:36.739+0000] {logging_mixin.py:188} INFO - [2024-02-05T14:19:36.739+0000] {dag.py:3058} INFO - Creating ORM DAG for example_sla_dag
[2024-02-05T14:19:36.763+0000] {logging_mixin.py:188} INFO - [2024-02-05T14:19:36.763+0000] {dag.py:3823} INFO - Setting next_dagrun for example_sla_dag to 2024-02-05 14:16:00+00:00, run_after=2024-02-05 14:18:00+00:00
[2024-02-05T14:19:36.780+0000] {processor.py:183} INFO - Processing /home/airflow/.local/lib/python3.8/site-packages/airflow/example_dags/example_sla_dag.py took 0.251 seconds
[2024-02-05T14:20:07.123+0000] {processor.py:161} INFO - Started process (PID=111) to work on /home/airflow/.local/lib/python3.8/site-packages/airflow/example_dags/example_sla_dag.py
[2024-02-05T14:20:07.126+0000] {processor.py:830} INFO - Processing file /home/airflow/.local/lib/python3.8/site-packages/airflow/example_dags/example_sla_dag.py for tasks to queue
[2024-02-05T14:20:07.128+0000] {logging_mixin.py:188} INFO - [2024-02-05T14:20:07.127+0000] {dagbag.py:538} INFO - Filling up the DagBag from /home/airflow/.local/lib/python3.8/site-packages/airflow/example_dags/example_sla_dag.py
[2024-02-05T14:20:07.134+0000] {processor.py:840} INFO - DAG(s) 'example_sla_dag' retrieved from /home/airflow/.local/lib/python3.8/site-packages/airflow/example_dags/example_sla_dag.py
[2024-02-05T14:20:07.144+0000] {logging_mixin.py:188} INFO - [2024-02-05T14:20:07.144+0000] {dag.py:3036} INFO - Sync 1 DAGs
[2024-02-05T14:20:07.157+0000] {logging_mixin.py:188} INFO - [2024-02-05T14:20:07.156+0000] {dag.py:3823} INFO - Setting next_dagrun for example_sla_dag to 2024-02-05 14:18:00+00:00, run_after=2024-02-05 14:20:00+00:00
[2024-02-05T14:20:07.166+0000] {processor.py:183} INFO - Processing /home/airflow/.local/lib/python3.8/site-packages/airflow/example_dags/example_sla_dag.py took 0.047 seconds
[2024-02-05T14:20:37.628+0000] {processor.py:161} INFO - Started process (PID=166) to work on /home/airflow/.local/lib/python3.8/site-packages/airflow/example_dags/example_sla_dag.py
[2024-02-05T14:20:37.631+0000] {processor.py:830} INFO - Processing file /home/airflow/.local/lib/python3.8/site-packages/airflow/example_dags/example_sla_dag.py for tasks to queue
[2024-02-05T14:20:37.633+0000] {logging_mixin.py:188} INFO - [2024-02-05T14:20:37.632+0000] {dagbag.py:538} INFO - Filling up the DagBag from /home/airflow/.local/lib/python3.8/site-packages/airflow/example_dags/example_sla_dag.py
[2024-02-05T14:20:37.638+0000] {processor.py:840} INFO - DAG(s) 'example_sla_dag' retrieved from /home/airflow/.local/lib/python3.8/site-packages/airflow/example_dags/example_sla_dag.py
[2024-02-05T14:20:37.653+0000] {logging_mixin.py:188} INFO - [2024-02-05T14:20:37.653+0000] {dag.py:3036} INFO - Sync 1 DAGs
[2024-02-05T14:20:37.664+0000] {logging_mixin.py:188} INFO - [2024-02-05T14:20:37.664+0000] {dag.py:3823} INFO - Setting next_dagrun for example_sla_dag to 2024-02-05 14:18:00+00:00, run_after=2024-02-05 14:20:00+00:00
[2024-02-05T14:20:37.672+0000] {processor.py:183} INFO - Processing /home/airflow/.local/lib/python3.8/site-packages/airflow/example_dags/example_sla_dag.py took 0.047 seconds
[2024-02-05T14:21:47.210+0000] {processor.py:161} INFO - Started process (PID=233) to work on /home/airflow/.local/lib/python3.8/site-packages/airflow/example_dags/example_sla_dag.py
[2024-02-05T14:21:47.927+0000] {processor.py:830} INFO - Processing file /home/airflow/.local/lib/python3.8/site-packages/airflow/example_dags/example_sla_dag.py for tasks to queue
[2024-02-05T14:21:49.332+0000] {logging_mixin.py:188} INFO - [2024-02-05T14:21:49.323+0000] {dagbag.py:538} INFO - Filling up the DagBag from /home/airflow/.local/lib/python3.8/site-packages/airflow/example_dags/example_sla_dag.py
[2024-02-05T14:21:50.284+0000] {processor.py:840} INFO - DAG(s) 'example_sla_dag' retrieved from /home/airflow/.local/lib/python3.8/site-packages/airflow/example_dags/example_sla_dag.py
[2024-02-05T14:21:51.064+0000] {logging_mixin.py:188} INFO - [2024-02-05T14:21:51.063+0000] {dag.py:3036} INFO - Sync 1 DAGs
[2024-02-05T14:21:51.955+0000] {logging_mixin.py:188} INFO - [2024-02-05T14:21:51.955+0000] {dag.py:3823} INFO - Setting next_dagrun for example_sla_dag to 2024-02-05 14:18:00+00:00, run_after=2024-02-05 14:20:00+00:00
[2024-02-05T14:21:53.142+0000] {processor.py:183} INFO - Processing /home/airflow/.local/lib/python3.8/site-packages/airflow/example_dags/example_sla_dag.py took 5.977 seconds
[2024-02-05T14:22:23.954+0000] {processor.py:161} INFO - Started process (PID=288) to work on /home/airflow/.local/lib/python3.8/site-packages/airflow/example_dags/example_sla_dag.py
[2024-02-05T14:22:23.956+0000] {processor.py:830} INFO - Processing file /home/airflow/.local/lib/python3.8/site-packages/airflow/example_dags/example_sla_dag.py for tasks to queue
[2024-02-05T14:22:23.958+0000] {logging_mixin.py:188} INFO - [2024-02-05T14:22:23.958+0000] {dagbag.py:538} INFO - Filling up the DagBag from /home/airflow/.local/lib/python3.8/site-packages/airflow/example_dags/example_sla_dag.py
[2024-02-05T14:22:23.965+0000] {processor.py:840} INFO - DAG(s) 'example_sla_dag' retrieved from /home/airflow/.local/lib/python3.8/site-packages/airflow/example_dags/example_sla_dag.py
[2024-02-05T14:22:24.165+0000] {logging_mixin.py:188} INFO - [2024-02-05T14:22:24.165+0000] {dag.py:3036} INFO - Sync 1 DAGs
[2024-02-05T14:22:25.235+0000] {logging_mixin.py:188} INFO - [2024-02-05T14:22:25.234+0000] {dag.py:3823} INFO - Setting next_dagrun for example_sla_dag to 2024-02-05 14:20:00+00:00, run_after=2024-02-05 14:22:00+00:00
[2024-02-05T14:22:26.403+0000] {processor.py:183} INFO - Processing /home/airflow/.local/lib/python3.8/site-packages/airflow/example_dags/example_sla_dag.py took 2.459 seconds
[2024-02-05T14:23:01.473+0000] {processor.py:161} INFO - Started process (PID=341) to work on /home/airflow/.local/lib/python3.8/site-packages/airflow/example_dags/example_sla_dag.py
[2024-02-05T14:23:01.474+0000] {processor.py:830} INFO - Processing file /home/airflow/.local/lib/python3.8/site-packages/airflow/example_dags/example_sla_dag.py for tasks to queue
[2024-02-05T14:23:01.476+0000] {logging_mixin.py:188} INFO - [2024-02-05T14:23:01.476+0000] {dagbag.py:538} INFO - Filling up the DagBag from /home/airflow/.local/lib/python3.8/site-packages/airflow/example_dags/example_sla_dag.py
[2024-02-05T14:23:01.481+0000] {processor.py:840} INFO - DAG(s) 'example_sla_dag' retrieved from /home/airflow/.local/lib/python3.8/site-packages/airflow/example_dags/example_sla_dag.py
[2024-02-05T14:23:01.502+0000] {logging_mixin.py:188} INFO - [2024-02-05T14:23:01.501+0000] {dag.py:3036} INFO - Sync 1 DAGs
[2024-02-05T14:23:01.520+0000] {logging_mixin.py:188} INFO - [2024-02-05T14:23:01.520+0000] {dag.py:3823} INFO - Setting next_dagrun for example_sla_dag to 2024-02-05 14:20:00+00:00, run_after=2024-02-05 14:22:00+00:00
[2024-02-05T14:23:01.596+0000] {processor.py:183} INFO - Processing /home/airflow/.local/lib/python3.8/site-packages/airflow/example_dags/example_sla_dag.py took 0.126 seconds
[2024-02-05T14:23:34.072+0000] {processor.py:161} INFO - Started process (PID=396) to work on /home/airflow/.local/lib/python3.8/site-packages/airflow/example_dags/example_sla_dag.py
[2024-02-05T14:23:34.077+0000] {processor.py:830} INFO - Processing file /home/airflow/.local/lib/python3.8/site-packages/airflow/example_dags/example_sla_dag.py for tasks to queue
[2024-02-05T14:23:34.079+0000] {logging_mixin.py:188} INFO - [2024-02-05T14:23:34.078+0000] {dagbag.py:538} INFO - Filling up the DagBag from /home/airflow/.local/lib/python3.8/site-packages/airflow/example_dags/example_sla_dag.py
[2024-02-05T14:23:34.148+0000] {processor.py:840} INFO - DAG(s) 'example_sla_dag' retrieved from /home/airflow/.local/lib/python3.8/site-packages/airflow/example_dags/example_sla_dag.py
[2024-02-05T14:23:34.335+0000] {logging_mixin.py:188} INFO - [2024-02-05T14:23:34.331+0000] {dag.py:3036} INFO - Sync 1 DAGs
[2024-02-05T14:23:34.449+0000] {logging_mixin.py:188} INFO - [2024-02-05T14:23:34.448+0000] {dag.py:3823} INFO - Setting next_dagrun for example_sla_dag to 2024-02-05 14:20:00+00:00, run_after=2024-02-05 14:22:00+00:00
[2024-02-05T14:23:34.622+0000] {processor.py:183} INFO - Processing /home/airflow/.local/lib/python3.8/site-packages/airflow/example_dags/example_sla_dag.py took 0.553 seconds
[2024-02-05T14:24:15.249+0000] {processor.py:161} INFO - Started process (PID=438) to work on /home/airflow/.local/lib/python3.8/site-packages/airflow/example_dags/example_sla_dag.py
[2024-02-05T14:24:15.251+0000] {processor.py:830} INFO - Processing file /home/airflow/.local/lib/python3.8/site-packages/airflow/example_dags/example_sla_dag.py for tasks to queue
[2024-02-05T14:24:15.262+0000] {logging_mixin.py:188} INFO - [2024-02-05T14:24:15.252+0000] {dagbag.py:538} INFO - Filling up the DagBag from /home/airflow/.local/lib/python3.8/site-packages/airflow/example_dags/example_sla_dag.py
[2024-02-05T14:24:15.270+0000] {processor.py:840} INFO - DAG(s) 'example_sla_dag' retrieved from /home/airflow/.local/lib/python3.8/site-packages/airflow/example_dags/example_sla_dag.py
[2024-02-05T14:24:15.305+0000] {logging_mixin.py:188} INFO - [2024-02-05T14:24:15.304+0000] {dag.py:3036} INFO - Sync 1 DAGs
[2024-02-05T14:24:15.354+0000] {logging_mixin.py:188} INFO - [2024-02-05T14:24:15.353+0000] {dag.py:3823} INFO - Setting next_dagrun for example_sla_dag to 2024-02-05 14:22:00+00:00, run_after=2024-02-05 14:24:00+00:00
[2024-02-05T14:24:15.385+0000] {processor.py:183} INFO - Processing /home/airflow/.local/lib/python3.8/site-packages/airflow/example_dags/example_sla_dag.py took 0.139 seconds
[2024-02-05T14:24:53.080+0000] {processor.py:161} INFO - Started process (PID=501) to work on /home/airflow/.local/lib/python3.8/site-packages/airflow/example_dags/example_sla_dag.py
[2024-02-05T14:24:53.082+0000] {processor.py:830} INFO - Processing file /home/airflow/.local/lib/python3.8/site-packages/airflow/example_dags/example_sla_dag.py for tasks to queue
[2024-02-05T14:24:53.084+0000] {logging_mixin.py:188} INFO - [2024-02-05T14:24:53.084+0000] {dagbag.py:538} INFO - Filling up the DagBag from /home/airflow/.local/lib/python3.8/site-packages/airflow/example_dags/example_sla_dag.py
[2024-02-05T14:24:53.093+0000] {processor.py:840} INFO - DAG(s) 'example_sla_dag' retrieved from /home/airflow/.local/lib/python3.8/site-packages/airflow/example_dags/example_sla_dag.py
[2024-02-05T14:24:53.113+0000] {logging_mixin.py:188} INFO - [2024-02-05T14:24:53.113+0000] {dag.py:3036} INFO - Sync 1 DAGs
[2024-02-05T14:24:53.190+0000] {logging_mixin.py:188} INFO - [2024-02-05T14:24:53.190+0000] {dag.py:3823} INFO - Setting next_dagrun for example_sla_dag to 2024-02-05 14:22:00+00:00, run_after=2024-02-05 14:24:00+00:00
[2024-02-05T14:24:53.234+0000] {processor.py:183} INFO - Processing /home/airflow/.local/lib/python3.8/site-packages/airflow/example_dags/example_sla_dag.py took 0.159 seconds
[2024-02-05T14:25:23.574+0000] {processor.py:161} INFO - Started process (PID=554) to work on /home/airflow/.local/lib/python3.8/site-packages/airflow/example_dags/example_sla_dag.py
[2024-02-05T14:25:23.579+0000] {processor.py:830} INFO - Processing file /home/airflow/.local/lib/python3.8/site-packages/airflow/example_dags/example_sla_dag.py for tasks to queue
[2024-02-05T14:25:23.585+0000] {logging_mixin.py:188} INFO - [2024-02-05T14:25:23.584+0000] {dagbag.py:538} INFO - Filling up the DagBag from /home/airflow/.local/lib/python3.8/site-packages/airflow/example_dags/example_sla_dag.py
[2024-02-05T14:25:23.622+0000] {processor.py:840} INFO - DAG(s) 'example_sla_dag' retrieved from /home/airflow/.local/lib/python3.8/site-packages/airflow/example_dags/example_sla_dag.py
[2024-02-05T14:25:23.826+0000] {logging_mixin.py:188} INFO - [2024-02-05T14:25:23.824+0000] {dag.py:3036} INFO - Sync 1 DAGs
[2024-02-05T14:25:23.926+0000] {logging_mixin.py:188} INFO - [2024-02-05T14:25:23.925+0000] {dag.py:3823} INFO - Setting next_dagrun for example_sla_dag to 2024-02-05 14:22:00+00:00, run_after=2024-02-05 14:24:00+00:00
[2024-02-05T14:25:23.984+0000] {processor.py:183} INFO - Processing /home/airflow/.local/lib/python3.8/site-packages/airflow/example_dags/example_sla_dag.py took 0.430 seconds
[2024-02-05T14:25:58.743+0000] {processor.py:161} INFO - Started process (PID=609) to work on /home/airflow/.local/lib/python3.8/site-packages/airflow/example_dags/example_sla_dag.py
[2024-02-05T14:25:58.745+0000] {processor.py:830} INFO - Processing file /home/airflow/.local/lib/python3.8/site-packages/airflow/example_dags/example_sla_dag.py for tasks to queue
[2024-02-05T14:25:58.746+0000] {logging_mixin.py:188} INFO - [2024-02-05T14:25:58.746+0000] {dagbag.py:538} INFO - Filling up the DagBag from /home/airflow/.local/lib/python3.8/site-packages/airflow/example_dags/example_sla_dag.py
[2024-02-05T14:25:58.757+0000] {processor.py:840} INFO - DAG(s) 'example_sla_dag' retrieved from /home/airflow/.local/lib/python3.8/site-packages/airflow/example_dags/example_sla_dag.py
[2024-02-05T14:25:58.782+0000] {logging_mixin.py:188} INFO - [2024-02-05T14:25:58.781+0000] {dag.py:3036} INFO - Sync 1 DAGs
[2024-02-05T14:25:58.829+0000] {logging_mixin.py:188} INFO - [2024-02-05T14:25:58.828+0000] {dag.py:3823} INFO - Setting next_dagrun for example_sla_dag to 2024-02-05 14:22:00+00:00, run_after=2024-02-05 14:24:00+00:00
[2024-02-05T14:25:58.847+0000] {processor.py:183} INFO - Processing /home/airflow/.local/lib/python3.8/site-packages/airflow/example_dags/example_sla_dag.py took 0.107 seconds
