[2024-02-05T14:19:30.247+0000] {processor.py:161} INFO - Started process (PID=41) to work on /home/airflow/.local/lib/python3.8/site-packages/airflow/example_dags/example_task_group_decorator.py
[2024-02-05T14:19:30.286+0000] {processor.py:830} INFO - Processing file /home/airflow/.local/lib/python3.8/site-packages/airflow/example_dags/example_task_group_decorator.py for tasks to queue
[2024-02-05T14:19:30.329+0000] {logging_mixin.py:188} INFO - [2024-02-05T14:19:30.325+0000] {dagbag.py:538} INFO - Filling up the DagBag from /home/airflow/.local/lib/python3.8/site-packages/airflow/example_dags/example_task_group_decorator.py
[2024-02-05T14:19:30.460+0000] {processor.py:840} INFO - DAG(s) 'example_task_group_decorator' retrieved from /home/airflow/.local/lib/python3.8/site-packages/airflow/example_dags/example_task_group_decorator.py
[2024-02-05T14:19:31.847+0000] {logging_mixin.py:188} INFO - [2024-02-05T14:19:31.825+0000] {override.py:1769} INFO - Created Permission View: can delete on DAG:example_task_group_decorator
[2024-02-05T14:19:31.867+0000] {logging_mixin.py:188} INFO - [2024-02-05T14:19:31.867+0000] {override.py:1769} INFO - Created Permission View: can read on DAG:example_task_group_decorator
[2024-02-05T14:19:31.874+0000] {logging_mixin.py:188} INFO - [2024-02-05T14:19:31.874+0000] {override.py:1769} INFO - Created Permission View: can edit on DAG:example_task_group_decorator
[2024-02-05T14:19:31.877+0000] {logging_mixin.py:188} INFO - [2024-02-05T14:19:31.877+0000] {dag.py:3036} INFO - Sync 1 DAGs
[2024-02-05T14:19:31.907+0000] {logging_mixin.py:188} INFO - [2024-02-05T14:19:31.907+0000] {dag.py:3058} INFO - Creating ORM DAG for example_task_group_decorator
[2024-02-05T14:19:31.924+0000] {logging_mixin.py:188} INFO - [2024-02-05T14:19:31.924+0000] {dag.py:3823} INFO - Setting next_dagrun for example_task_group_decorator to 2024-02-04 00:00:00+00:00, run_after=2024-02-05 00:00:00+00:00
[2024-02-05T14:19:31.947+0000] {processor.py:183} INFO - Processing /home/airflow/.local/lib/python3.8/site-packages/airflow/example_dags/example_task_group_decorator.py took 1.786 seconds
[2024-02-05T14:20:02.050+0000] {processor.py:161} INFO - Started process (PID=95) to work on /home/airflow/.local/lib/python3.8/site-packages/airflow/example_dags/example_task_group_decorator.py
[2024-02-05T14:20:02.056+0000] {processor.py:830} INFO - Processing file /home/airflow/.local/lib/python3.8/site-packages/airflow/example_dags/example_task_group_decorator.py for tasks to queue
[2024-02-05T14:20:02.063+0000] {logging_mixin.py:188} INFO - [2024-02-05T14:20:02.062+0000] {dagbag.py:538} INFO - Filling up the DagBag from /home/airflow/.local/lib/python3.8/site-packages/airflow/example_dags/example_task_group_decorator.py
[2024-02-05T14:20:02.100+0000] {processor.py:840} INFO - DAG(s) 'example_task_group_decorator' retrieved from /home/airflow/.local/lib/python3.8/site-packages/airflow/example_dags/example_task_group_decorator.py
[2024-02-05T14:20:02.148+0000] {logging_mixin.py:188} INFO - [2024-02-05T14:20:02.148+0000] {dag.py:3036} INFO - Sync 1 DAGs
[2024-02-05T14:20:02.212+0000] {logging_mixin.py:188} INFO - [2024-02-05T14:20:02.212+0000] {dag.py:3823} INFO - Setting next_dagrun for example_task_group_decorator to 2024-02-04 00:00:00+00:00, run_after=2024-02-05 00:00:00+00:00
[2024-02-05T14:20:02.360+0000] {processor.py:183} INFO - Processing /home/airflow/.local/lib/python3.8/site-packages/airflow/example_dags/example_task_group_decorator.py took 0.316 seconds
[2024-02-05T14:20:32.457+0000] {processor.py:161} INFO - Started process (PID=150) to work on /home/airflow/.local/lib/python3.8/site-packages/airflow/example_dags/example_task_group_decorator.py
[2024-02-05T14:20:32.458+0000] {processor.py:830} INFO - Processing file /home/airflow/.local/lib/python3.8/site-packages/airflow/example_dags/example_task_group_decorator.py for tasks to queue
[2024-02-05T14:20:32.460+0000] {logging_mixin.py:188} INFO - [2024-02-05T14:20:32.460+0000] {dagbag.py:538} INFO - Filling up the DagBag from /home/airflow/.local/lib/python3.8/site-packages/airflow/example_dags/example_task_group_decorator.py
[2024-02-05T14:20:32.475+0000] {processor.py:840} INFO - DAG(s) 'example_task_group_decorator' retrieved from /home/airflow/.local/lib/python3.8/site-packages/airflow/example_dags/example_task_group_decorator.py
[2024-02-05T14:20:32.509+0000] {logging_mixin.py:188} INFO - [2024-02-05T14:20:32.509+0000] {dag.py:3036} INFO - Sync 1 DAGs
[2024-02-05T14:20:32.525+0000] {logging_mixin.py:188} INFO - [2024-02-05T14:20:32.525+0000] {dag.py:3823} INFO - Setting next_dagrun for example_task_group_decorator to 2024-02-04 00:00:00+00:00, run_after=2024-02-05 00:00:00+00:00
[2024-02-05T14:20:32.536+0000] {processor.py:183} INFO - Processing /home/airflow/.local/lib/python3.8/site-packages/airflow/example_dags/example_task_group_decorator.py took 0.083 seconds
[2024-02-05T14:21:37.502+0000] {processor.py:161} INFO - Started process (PID=211) to work on /home/airflow/.local/lib/python3.8/site-packages/airflow/example_dags/example_task_group_decorator.py
[2024-02-05T14:21:37.528+0000] {processor.py:830} INFO - Processing file /home/airflow/.local/lib/python3.8/site-packages/airflow/example_dags/example_task_group_decorator.py for tasks to queue
[2024-02-05T14:21:37.644+0000] {logging_mixin.py:188} INFO - [2024-02-05T14:21:37.627+0000] {dagbag.py:538} INFO - Filling up the DagBag from /home/airflow/.local/lib/python3.8/site-packages/airflow/example_dags/example_task_group_decorator.py
[2024-02-05T14:21:37.924+0000] {processor.py:840} INFO - DAG(s) 'example_task_group_decorator' retrieved from /home/airflow/.local/lib/python3.8/site-packages/airflow/example_dags/example_task_group_decorator.py
[2024-02-05T14:21:38.977+0000] {logging_mixin.py:188} INFO - [2024-02-05T14:21:38.976+0000] {dag.py:3036} INFO - Sync 1 DAGs
[2024-02-05T14:21:39.052+0000] {logging_mixin.py:188} INFO - [2024-02-05T14:21:39.052+0000] {dag.py:3823} INFO - Setting next_dagrun for example_task_group_decorator to 2024-02-04 00:00:00+00:00, run_after=2024-02-05 00:00:00+00:00
[2024-02-05T14:21:39.081+0000] {processor.py:183} INFO - Processing /home/airflow/.local/lib/python3.8/site-packages/airflow/example_dags/example_task_group_decorator.py took 1.597 seconds
[2024-02-05T14:22:12.682+0000] {processor.py:161} INFO - Started process (PID=264) to work on /home/airflow/.local/lib/python3.8/site-packages/airflow/example_dags/example_task_group_decorator.py
[2024-02-05T14:22:12.683+0000] {processor.py:830} INFO - Processing file /home/airflow/.local/lib/python3.8/site-packages/airflow/example_dags/example_task_group_decorator.py for tasks to queue
[2024-02-05T14:22:12.684+0000] {logging_mixin.py:188} INFO - [2024-02-05T14:22:12.684+0000] {dagbag.py:538} INFO - Filling up the DagBag from /home/airflow/.local/lib/python3.8/site-packages/airflow/example_dags/example_task_group_decorator.py
[2024-02-05T14:22:12.746+0000] {processor.py:840} INFO - DAG(s) 'example_task_group_decorator' retrieved from /home/airflow/.local/lib/python3.8/site-packages/airflow/example_dags/example_task_group_decorator.py
[2024-02-05T14:22:12.833+0000] {logging_mixin.py:188} INFO - [2024-02-05T14:22:12.833+0000] {dag.py:3036} INFO - Sync 1 DAGs
[2024-02-05T14:22:12.866+0000] {logging_mixin.py:188} INFO - [2024-02-05T14:22:12.865+0000] {dag.py:3823} INFO - Setting next_dagrun for example_task_group_decorator to 2024-02-04 00:00:00+00:00, run_after=2024-02-05 00:00:00+00:00
[2024-02-05T14:22:12.876+0000] {processor.py:183} INFO - Processing /home/airflow/.local/lib/python3.8/site-packages/airflow/example_dags/example_task_group_decorator.py took 0.199 seconds
[2024-02-05T14:22:44.873+0000] {processor.py:161} INFO - Started process (PID=325) to work on /home/airflow/.local/lib/python3.8/site-packages/airflow/example_dags/example_task_group_decorator.py
[2024-02-05T14:22:44.875+0000] {processor.py:830} INFO - Processing file /home/airflow/.local/lib/python3.8/site-packages/airflow/example_dags/example_task_group_decorator.py for tasks to queue
[2024-02-05T14:22:44.876+0000] {logging_mixin.py:188} INFO - [2024-02-05T14:22:44.876+0000] {dagbag.py:538} INFO - Filling up the DagBag from /home/airflow/.local/lib/python3.8/site-packages/airflow/example_dags/example_task_group_decorator.py
[2024-02-05T14:22:44.907+0000] {processor.py:840} INFO - DAG(s) 'example_task_group_decorator' retrieved from /home/airflow/.local/lib/python3.8/site-packages/airflow/example_dags/example_task_group_decorator.py
[2024-02-05T14:22:44.972+0000] {logging_mixin.py:188} INFO - [2024-02-05T14:22:44.971+0000] {dag.py:3036} INFO - Sync 1 DAGs
[2024-02-05T14:22:45.021+0000] {logging_mixin.py:188} INFO - [2024-02-05T14:22:45.021+0000] {dag.py:3823} INFO - Setting next_dagrun for example_task_group_decorator to 2024-02-04 00:00:00+00:00, run_after=2024-02-05 00:00:00+00:00
[2024-02-05T14:22:45.052+0000] {processor.py:183} INFO - Processing /home/airflow/.local/lib/python3.8/site-packages/airflow/example_dags/example_task_group_decorator.py took 0.182 seconds
[2024-02-05T14:23:22.311+0000] {processor.py:161} INFO - Started process (PID=367) to work on /home/airflow/.local/lib/python3.8/site-packages/airflow/example_dags/example_task_group_decorator.py
[2024-02-05T14:23:22.313+0000] {processor.py:830} INFO - Processing file /home/airflow/.local/lib/python3.8/site-packages/airflow/example_dags/example_task_group_decorator.py for tasks to queue
[2024-02-05T14:23:22.323+0000] {logging_mixin.py:188} INFO - [2024-02-05T14:23:22.321+0000] {dagbag.py:538} INFO - Filling up the DagBag from /home/airflow/.local/lib/python3.8/site-packages/airflow/example_dags/example_task_group_decorator.py
[2024-02-05T14:23:22.355+0000] {processor.py:840} INFO - DAG(s) 'example_task_group_decorator' retrieved from /home/airflow/.local/lib/python3.8/site-packages/airflow/example_dags/example_task_group_decorator.py
[2024-02-05T14:23:22.401+0000] {logging_mixin.py:188} INFO - [2024-02-05T14:23:22.400+0000] {dag.py:3036} INFO - Sync 1 DAGs
[2024-02-05T14:23:22.434+0000] {logging_mixin.py:188} INFO - [2024-02-05T14:23:22.433+0000] {dag.py:3823} INFO - Setting next_dagrun for example_task_group_decorator to 2024-02-04 00:00:00+00:00, run_after=2024-02-05 00:00:00+00:00
[2024-02-05T14:23:22.467+0000] {processor.py:183} INFO - Processing /home/airflow/.local/lib/python3.8/site-packages/airflow/example_dags/example_task_group_decorator.py took 0.163 seconds
[2024-02-05T14:23:55.784+0000] {processor.py:161} INFO - Started process (PID=420) to work on /home/airflow/.local/lib/python3.8/site-packages/airflow/example_dags/example_task_group_decorator.py
[2024-02-05T14:23:56.474+0000] {processor.py:830} INFO - Processing file /home/airflow/.local/lib/python3.8/site-packages/airflow/example_dags/example_task_group_decorator.py for tasks to queue
[2024-02-05T14:23:56.761+0000] {logging_mixin.py:188} INFO - [2024-02-05T14:23:56.739+0000] {dagbag.py:538} INFO - Filling up the DagBag from /home/airflow/.local/lib/python3.8/site-packages/airflow/example_dags/example_task_group_decorator.py
[2024-02-05T14:23:57.601+0000] {processor.py:840} INFO - DAG(s) 'example_task_group_decorator' retrieved from /home/airflow/.local/lib/python3.8/site-packages/airflow/example_dags/example_task_group_decorator.py
[2024-02-05T14:23:58.009+0000] {logging_mixin.py:188} INFO - [2024-02-05T14:23:57.996+0000] {dag.py:3036} INFO - Sync 1 DAGs
[2024-02-05T14:23:58.103+0000] {logging_mixin.py:188} INFO - [2024-02-05T14:23:58.103+0000] {dag.py:3823} INFO - Setting next_dagrun for example_task_group_decorator to 2024-02-04 00:00:00+00:00, run_after=2024-02-05 00:00:00+00:00
[2024-02-05T14:24:02.733+0000] {processor.py:183} INFO - Processing /home/airflow/.local/lib/python3.8/site-packages/airflow/example_dags/example_task_group_decorator.py took 6.861 seconds
[2024-02-05T14:24:34.639+0000] {processor.py:161} INFO - Started process (PID=475) to work on /home/airflow/.local/lib/python3.8/site-packages/airflow/example_dags/example_task_group_decorator.py
[2024-02-05T14:24:34.644+0000] {processor.py:830} INFO - Processing file /home/airflow/.local/lib/python3.8/site-packages/airflow/example_dags/example_task_group_decorator.py for tasks to queue
[2024-02-05T14:24:34.649+0000] {logging_mixin.py:188} INFO - [2024-02-05T14:24:34.648+0000] {dagbag.py:538} INFO - Filling up the DagBag from /home/airflow/.local/lib/python3.8/site-packages/airflow/example_dags/example_task_group_decorator.py
[2024-02-05T14:24:34.693+0000] {processor.py:840} INFO - DAG(s) 'example_task_group_decorator' retrieved from /home/airflow/.local/lib/python3.8/site-packages/airflow/example_dags/example_task_group_decorator.py
[2024-02-05T14:24:34.748+0000] {logging_mixin.py:188} INFO - [2024-02-05T14:24:34.747+0000] {dag.py:3036} INFO - Sync 1 DAGs
[2024-02-05T14:24:34.797+0000] {logging_mixin.py:188} INFO - [2024-02-05T14:24:34.796+0000] {dag.py:3823} INFO - Setting next_dagrun for example_task_group_decorator to 2024-02-04 00:00:00+00:00, run_after=2024-02-05 00:00:00+00:00
[2024-02-05T14:24:34.837+0000] {processor.py:183} INFO - Processing /home/airflow/.local/lib/python3.8/site-packages/airflow/example_dags/example_task_group_decorator.py took 0.207 seconds
[2024-02-05T14:25:04.945+0000] {processor.py:161} INFO - Started process (PID=530) to work on /home/airflow/.local/lib/python3.8/site-packages/airflow/example_dags/example_task_group_decorator.py
[2024-02-05T14:25:04.948+0000] {processor.py:830} INFO - Processing file /home/airflow/.local/lib/python3.8/site-packages/airflow/example_dags/example_task_group_decorator.py for tasks to queue
[2024-02-05T14:25:04.953+0000] {logging_mixin.py:188} INFO - [2024-02-05T14:25:04.953+0000] {dagbag.py:538} INFO - Filling up the DagBag from /home/airflow/.local/lib/python3.8/site-packages/airflow/example_dags/example_task_group_decorator.py
[2024-02-05T14:25:04.984+0000] {processor.py:840} INFO - DAG(s) 'example_task_group_decorator' retrieved from /home/airflow/.local/lib/python3.8/site-packages/airflow/example_dags/example_task_group_decorator.py
[2024-02-05T14:25:05.020+0000] {logging_mixin.py:188} INFO - [2024-02-05T14:25:05.019+0000] {dag.py:3036} INFO - Sync 1 DAGs
[2024-02-05T14:25:05.090+0000] {logging_mixin.py:188} INFO - [2024-02-05T14:25:05.089+0000] {dag.py:3823} INFO - Setting next_dagrun for example_task_group_decorator to 2024-02-04 00:00:00+00:00, run_after=2024-02-05 00:00:00+00:00
[2024-02-05T14:25:05.119+0000] {processor.py:183} INFO - Processing /home/airflow/.local/lib/python3.8/site-packages/airflow/example_dags/example_task_group_decorator.py took 0.178 seconds
[2024-02-05T14:25:35.985+0000] {processor.py:161} INFO - Started process (PID=585) to work on /home/airflow/.local/lib/python3.8/site-packages/airflow/example_dags/example_task_group_decorator.py
[2024-02-05T14:25:35.989+0000] {processor.py:830} INFO - Processing file /home/airflow/.local/lib/python3.8/site-packages/airflow/example_dags/example_task_group_decorator.py for tasks to queue
[2024-02-05T14:25:36.002+0000] {logging_mixin.py:188} INFO - [2024-02-05T14:25:36.001+0000] {dagbag.py:538} INFO - Filling up the DagBag from /home/airflow/.local/lib/python3.8/site-packages/airflow/example_dags/example_task_group_decorator.py
[2024-02-05T14:25:36.023+0000] {processor.py:840} INFO - DAG(s) 'example_task_group_decorator' retrieved from /home/airflow/.local/lib/python3.8/site-packages/airflow/example_dags/example_task_group_decorator.py
[2024-02-05T14:25:36.048+0000] {logging_mixin.py:188} INFO - [2024-02-05T14:25:36.048+0000] {dag.py:3036} INFO - Sync 1 DAGs
[2024-02-05T14:25:36.154+0000] {logging_mixin.py:188} INFO - [2024-02-05T14:25:36.153+0000] {dag.py:3823} INFO - Setting next_dagrun for example_task_group_decorator to 2024-02-04 00:00:00+00:00, run_after=2024-02-05 00:00:00+00:00
[2024-02-05T14:25:36.183+0000] {processor.py:183} INFO - Processing /home/airflow/.local/lib/python3.8/site-packages/airflow/example_dags/example_task_group_decorator.py took 0.207 seconds
[2024-02-05T14:26:06.544+0000] {processor.py:161} INFO - Started process (PID=638) to work on /home/airflow/.local/lib/python3.8/site-packages/airflow/example_dags/example_task_group_decorator.py
[2024-02-05T14:26:06.548+0000] {processor.py:830} INFO - Processing file /home/airflow/.local/lib/python3.8/site-packages/airflow/example_dags/example_task_group_decorator.py for tasks to queue
[2024-02-05T14:26:06.569+0000] {logging_mixin.py:188} INFO - [2024-02-05T14:26:06.562+0000] {dagbag.py:538} INFO - Filling up the DagBag from /home/airflow/.local/lib/python3.8/site-packages/airflow/example_dags/example_task_group_decorator.py
[2024-02-05T14:26:06.611+0000] {processor.py:840} INFO - DAG(s) 'example_task_group_decorator' retrieved from /home/airflow/.local/lib/python3.8/site-packages/airflow/example_dags/example_task_group_decorator.py
[2024-02-05T14:26:07.799+0000] {logging_mixin.py:188} INFO - [2024-02-05T14:26:07.799+0000] {dag.py:3036} INFO - Sync 1 DAGs
[2024-02-05T14:26:07.842+0000] {logging_mixin.py:188} INFO - [2024-02-05T14:26:07.842+0000] {dag.py:3823} INFO - Setting next_dagrun for example_task_group_decorator to 2024-02-04 00:00:00+00:00, run_after=2024-02-05 00:00:00+00:00
[2024-02-05T14:26:07.856+0000] {processor.py:183} INFO - Processing /home/airflow/.local/lib/python3.8/site-packages/airflow/example_dags/example_task_group_decorator.py took 1.318 seconds
