[2024-02-05T14:19:36.824+0000] {processor.py:161} INFO - Started process (PID=58) to work on /home/airflow/.local/lib/python3.8/site-packages/airflow/example_dags/example_dag_decorator.py
[2024-02-05T14:19:36.825+0000] {processor.py:830} INFO - Processing file /home/airflow/.local/lib/python3.8/site-packages/airflow/example_dags/example_dag_decorator.py for tasks to queue
[2024-02-05T14:19:36.827+0000] {logging_mixin.py:188} INFO - [2024-02-05T14:19:36.827+0000] {dagbag.py:538} INFO - Filling up the DagBag from /home/airflow/.local/lib/python3.8/site-packages/airflow/example_dags/example_dag_decorator.py
[2024-02-05T14:19:37.476+0000] {processor.py:840} INFO - DAG(s) 'example_dag_decorator' retrieved from /home/airflow/.local/lib/python3.8/site-packages/airflow/example_dags/example_dag_decorator.py
[2024-02-05T14:19:37.742+0000] {logging_mixin.py:188} INFO - [2024-02-05T14:19:37.741+0000] {override.py:1769} INFO - Created Permission View: can delete on DAG:example_dag_decorator
[2024-02-05T14:19:37.753+0000] {logging_mixin.py:188} INFO - [2024-02-05T14:19:37.752+0000] {override.py:1769} INFO - Created Permission View: can read on DAG:example_dag_decorator
[2024-02-05T14:19:37.759+0000] {logging_mixin.py:188} INFO - [2024-02-05T14:19:37.759+0000] {override.py:1769} INFO - Created Permission View: can edit on DAG:example_dag_decorator
[2024-02-05T14:19:37.760+0000] {logging_mixin.py:188} INFO - [2024-02-05T14:19:37.759+0000] {dag.py:3036} INFO - Sync 1 DAGs
[2024-02-05T14:19:37.791+0000] {logging_mixin.py:188} INFO - [2024-02-05T14:19:37.790+0000] {dag.py:3058} INFO - Creating ORM DAG for example_dag_decorator
[2024-02-05T14:19:37.797+0000] {logging_mixin.py:188} INFO - [2024-02-05T14:19:37.796+0000] {dag.py:3823} INFO - Setting next_dagrun for example_dag_decorator to None, run_after=None
[2024-02-05T14:19:37.851+0000] {processor.py:183} INFO - Processing /home/airflow/.local/lib/python3.8/site-packages/airflow/example_dags/example_dag_decorator.py took 1.031 seconds
[2024-02-05T14:20:08.150+0000] {processor.py:161} INFO - Started process (PID=112) to work on /home/airflow/.local/lib/python3.8/site-packages/airflow/example_dags/example_dag_decorator.py
[2024-02-05T14:20:08.154+0000] {processor.py:830} INFO - Processing file /home/airflow/.local/lib/python3.8/site-packages/airflow/example_dags/example_dag_decorator.py for tasks to queue
[2024-02-05T14:20:08.160+0000] {logging_mixin.py:188} INFO - [2024-02-05T14:20:08.159+0000] {dagbag.py:538} INFO - Filling up the DagBag from /home/airflow/.local/lib/python3.8/site-packages/airflow/example_dags/example_dag_decorator.py
[2024-02-05T14:20:08.583+0000] {processor.py:840} INFO - DAG(s) 'example_dag_decorator' retrieved from /home/airflow/.local/lib/python3.8/site-packages/airflow/example_dags/example_dag_decorator.py
[2024-02-05T14:20:08.770+0000] {logging_mixin.py:188} INFO - [2024-02-05T14:20:08.770+0000] {dag.py:3036} INFO - Sync 1 DAGs
[2024-02-05T14:20:08.799+0000] {logging_mixin.py:188} INFO - [2024-02-05T14:20:08.798+0000] {dag.py:3823} INFO - Setting next_dagrun for example_dag_decorator to None, run_after=None
[2024-02-05T14:20:08.815+0000] {processor.py:183} INFO - Processing /home/airflow/.local/lib/python3.8/site-packages/airflow/example_dags/example_dag_decorator.py took 0.671 seconds
[2024-02-05T14:20:40.530+0000] {processor.py:161} INFO - Started process (PID=178) to work on /home/airflow/.local/lib/python3.8/site-packages/airflow/example_dags/example_dag_decorator.py
[2024-02-05T14:20:40.533+0000] {processor.py:830} INFO - Processing file /home/airflow/.local/lib/python3.8/site-packages/airflow/example_dags/example_dag_decorator.py for tasks to queue
[2024-02-05T14:20:40.536+0000] {logging_mixin.py:188} INFO - [2024-02-05T14:20:40.536+0000] {dagbag.py:538} INFO - Filling up the DagBag from /home/airflow/.local/lib/python3.8/site-packages/airflow/example_dags/example_dag_decorator.py
[2024-02-05T14:20:40.868+0000] {processor.py:840} INFO - DAG(s) 'example_dag_decorator' retrieved from /home/airflow/.local/lib/python3.8/site-packages/airflow/example_dags/example_dag_decorator.py
[2024-02-05T14:20:41.963+0000] {logging_mixin.py:188} INFO - [2024-02-05T14:20:41.962+0000] {dag.py:3036} INFO - Sync 1 DAGs
[2024-02-05T14:20:43.118+0000] {logging_mixin.py:188} INFO - [2024-02-05T14:20:43.116+0000] {dag.py:3823} INFO - Setting next_dagrun for example_dag_decorator to None, run_after=None
[2024-02-05T14:20:44.463+0000] {processor.py:183} INFO - Processing /home/airflow/.local/lib/python3.8/site-packages/airflow/example_dags/example_dag_decorator.py took 3.937 seconds
[2024-02-05T14:21:52.777+0000] {processor.py:161} INFO - Started process (PID=234) to work on /home/airflow/.local/lib/python3.8/site-packages/airflow/example_dags/example_dag_decorator.py
[2024-02-05T14:21:53.095+0000] {processor.py:830} INFO - Processing file /home/airflow/.local/lib/python3.8/site-packages/airflow/example_dags/example_dag_decorator.py for tasks to queue
[2024-02-05T14:21:53.466+0000] {logging_mixin.py:188} INFO - [2024-02-05T14:21:53.455+0000] {dagbag.py:538} INFO - Filling up the DagBag from /home/airflow/.local/lib/python3.8/site-packages/airflow/example_dags/example_dag_decorator.py
[2024-02-05T14:21:55.674+0000] {processor.py:840} INFO - DAG(s) 'example_dag_decorator' retrieved from /home/airflow/.local/lib/python3.8/site-packages/airflow/example_dags/example_dag_decorator.py
[2024-02-05T14:21:57.903+0000] {logging_mixin.py:188} INFO - [2024-02-05T14:21:57.902+0000] {dag.py:3036} INFO - Sync 1 DAGs
[2024-02-05T14:21:58.894+0000] {logging_mixin.py:188} INFO - [2024-02-05T14:21:58.892+0000] {dag.py:3823} INFO - Setting next_dagrun for example_dag_decorator to None, run_after=None
[2024-02-05T14:22:00.152+0000] {processor.py:183} INFO - Processing /home/airflow/.local/lib/python3.8/site-packages/airflow/example_dags/example_dag_decorator.py took 7.360 seconds
[2024-02-05T14:22:31.281+0000] {processor.py:161} INFO - Started process (PID=289) to work on /home/airflow/.local/lib/python3.8/site-packages/airflow/example_dags/example_dag_decorator.py
[2024-02-05T14:22:31.286+0000] {processor.py:830} INFO - Processing file /home/airflow/.local/lib/python3.8/site-packages/airflow/example_dags/example_dag_decorator.py for tasks to queue
[2024-02-05T14:22:31.303+0000] {logging_mixin.py:188} INFO - [2024-02-05T14:22:31.302+0000] {dagbag.py:538} INFO - Filling up the DagBag from /home/airflow/.local/lib/python3.8/site-packages/airflow/example_dags/example_dag_decorator.py
[2024-02-05T14:22:32.565+0000] {processor.py:840} INFO - DAG(s) 'example_dag_decorator' retrieved from /home/airflow/.local/lib/python3.8/site-packages/airflow/example_dags/example_dag_decorator.py
[2024-02-05T14:22:33.613+0000] {logging_mixin.py:188} INFO - [2024-02-05T14:22:33.612+0000] {dag.py:3036} INFO - Sync 1 DAGs
[2024-02-05T14:22:33.796+0000] {logging_mixin.py:188} INFO - [2024-02-05T14:22:33.796+0000] {dag.py:3823} INFO - Setting next_dagrun for example_dag_decorator to None, run_after=None
[2024-02-05T14:22:34.635+0000] {processor.py:183} INFO - Processing /home/airflow/.local/lib/python3.8/site-packages/airflow/example_dags/example_dag_decorator.py took 3.373 seconds
[2024-02-05T14:23:05.540+0000] {processor.py:161} INFO - Started process (PID=342) to work on /home/airflow/.local/lib/python3.8/site-packages/airflow/example_dags/example_dag_decorator.py
[2024-02-05T14:23:05.644+0000] {processor.py:830} INFO - Processing file /home/airflow/.local/lib/python3.8/site-packages/airflow/example_dags/example_dag_decorator.py for tasks to queue
[2024-02-05T14:23:05.844+0000] {logging_mixin.py:188} INFO - [2024-02-05T14:23:05.842+0000] {dagbag.py:538} INFO - Filling up the DagBag from /home/airflow/.local/lib/python3.8/site-packages/airflow/example_dags/example_dag_decorator.py
[2024-02-05T14:23:07.775+0000] {processor.py:840} INFO - DAG(s) 'example_dag_decorator' retrieved from /home/airflow/.local/lib/python3.8/site-packages/airflow/example_dags/example_dag_decorator.py
[2024-02-05T14:23:08.600+0000] {logging_mixin.py:188} INFO - [2024-02-05T14:23:08.598+0000] {dag.py:3036} INFO - Sync 1 DAGs
[2024-02-05T14:23:08.676+0000] {logging_mixin.py:188} INFO - [2024-02-05T14:23:08.675+0000] {dag.py:3823} INFO - Setting next_dagrun for example_dag_decorator to None, run_after=None
[2024-02-05T14:23:08.841+0000] {processor.py:183} INFO - Processing /home/airflow/.local/lib/python3.8/site-packages/airflow/example_dags/example_dag_decorator.py took 3.489 seconds
[2024-02-05T14:23:39.752+0000] {processor.py:161} INFO - Started process (PID=399) to work on /home/airflow/.local/lib/python3.8/site-packages/airflow/example_dags/example_dag_decorator.py
[2024-02-05T14:23:39.755+0000] {processor.py:830} INFO - Processing file /home/airflow/.local/lib/python3.8/site-packages/airflow/example_dags/example_dag_decorator.py for tasks to queue
[2024-02-05T14:23:39.759+0000] {logging_mixin.py:188} INFO - [2024-02-05T14:23:39.758+0000] {dagbag.py:538} INFO - Filling up the DagBag from /home/airflow/.local/lib/python3.8/site-packages/airflow/example_dags/example_dag_decorator.py
[2024-02-05T14:23:41.016+0000] {processor.py:840} INFO - DAG(s) 'example_dag_decorator' retrieved from /home/airflow/.local/lib/python3.8/site-packages/airflow/example_dags/example_dag_decorator.py
[2024-02-05T14:23:41.195+0000] {logging_mixin.py:188} INFO - [2024-02-05T14:23:41.193+0000] {dag.py:3036} INFO - Sync 1 DAGs
[2024-02-05T14:23:41.246+0000] {logging_mixin.py:188} INFO - [2024-02-05T14:23:41.245+0000] {dag.py:3823} INFO - Setting next_dagrun for example_dag_decorator to None, run_after=None
[2024-02-05T14:23:41.304+0000] {processor.py:183} INFO - Processing /home/airflow/.local/lib/python3.8/site-packages/airflow/example_dags/example_dag_decorator.py took 1.569 seconds
[2024-02-05T14:24:16.287+0000] {processor.py:161} INFO - Started process (PID=453) to work on /home/airflow/.local/lib/python3.8/site-packages/airflow/example_dags/example_dag_decorator.py
[2024-02-05T14:24:16.289+0000] {processor.py:830} INFO - Processing file /home/airflow/.local/lib/python3.8/site-packages/airflow/example_dags/example_dag_decorator.py for tasks to queue
[2024-02-05T14:24:16.291+0000] {logging_mixin.py:188} INFO - [2024-02-05T14:24:16.290+0000] {dagbag.py:538} INFO - Filling up the DagBag from /home/airflow/.local/lib/python3.8/site-packages/airflow/example_dags/example_dag_decorator.py
[2024-02-05T14:24:16.453+0000] {processor.py:840} INFO - DAG(s) 'example_dag_decorator' retrieved from /home/airflow/.local/lib/python3.8/site-packages/airflow/example_dags/example_dag_decorator.py
[2024-02-05T14:24:16.670+0000] {logging_mixin.py:188} INFO - [2024-02-05T14:24:16.670+0000] {dag.py:3036} INFO - Sync 1 DAGs
[2024-02-05T14:24:16.683+0000] {logging_mixin.py:188} INFO - [2024-02-05T14:24:16.683+0000] {dag.py:3823} INFO - Setting next_dagrun for example_dag_decorator to None, run_after=None
[2024-02-05T14:24:16.738+0000] {processor.py:183} INFO - Processing /home/airflow/.local/lib/python3.8/site-packages/airflow/example_dags/example_dag_decorator.py took 0.454 seconds
[2024-02-05T14:24:53.261+0000] {processor.py:161} INFO - Started process (PID=502) to work on /home/airflow/.local/lib/python3.8/site-packages/airflow/example_dags/example_dag_decorator.py
[2024-02-05T14:24:53.263+0000] {processor.py:830} INFO - Processing file /home/airflow/.local/lib/python3.8/site-packages/airflow/example_dags/example_dag_decorator.py for tasks to queue
[2024-02-05T14:24:53.264+0000] {logging_mixin.py:188} INFO - [2024-02-05T14:24:53.264+0000] {dagbag.py:538} INFO - Filling up the DagBag from /home/airflow/.local/lib/python3.8/site-packages/airflow/example_dags/example_dag_decorator.py
[2024-02-05T14:24:53.522+0000] {processor.py:840} INFO - DAG(s) 'example_dag_decorator' retrieved from /home/airflow/.local/lib/python3.8/site-packages/airflow/example_dags/example_dag_decorator.py
[2024-02-05T14:24:53.849+0000] {logging_mixin.py:188} INFO - [2024-02-05T14:24:53.848+0000] {dag.py:3036} INFO - Sync 1 DAGs
[2024-02-05T14:24:53.885+0000] {logging_mixin.py:188} INFO - [2024-02-05T14:24:53.885+0000] {dag.py:3823} INFO - Setting next_dagrun for example_dag_decorator to None, run_after=None
[2024-02-05T14:24:53.924+0000] {processor.py:183} INFO - Processing /home/airflow/.local/lib/python3.8/site-packages/airflow/example_dags/example_dag_decorator.py took 0.666 seconds
[2024-02-05T14:25:24.133+0000] {processor.py:161} INFO - Started process (PID=555) to work on /home/airflow/.local/lib/python3.8/site-packages/airflow/example_dags/example_dag_decorator.py
[2024-02-05T14:25:24.137+0000] {processor.py:830} INFO - Processing file /home/airflow/.local/lib/python3.8/site-packages/airflow/example_dags/example_dag_decorator.py for tasks to queue
[2024-02-05T14:25:24.145+0000] {logging_mixin.py:188} INFO - [2024-02-05T14:25:24.144+0000] {dagbag.py:538} INFO - Filling up the DagBag from /home/airflow/.local/lib/python3.8/site-packages/airflow/example_dags/example_dag_decorator.py
[2024-02-05T14:25:24.892+0000] {processor.py:840} INFO - DAG(s) 'example_dag_decorator' retrieved from /home/airflow/.local/lib/python3.8/site-packages/airflow/example_dags/example_dag_decorator.py
[2024-02-05T14:25:25.735+0000] {logging_mixin.py:188} INFO - [2024-02-05T14:25:25.733+0000] {dag.py:3036} INFO - Sync 1 DAGs
[2024-02-05T14:25:26.188+0000] {logging_mixin.py:188} INFO - [2024-02-05T14:25:26.187+0000] {dag.py:3823} INFO - Setting next_dagrun for example_dag_decorator to None, run_after=None
[2024-02-05T14:25:26.254+0000] {processor.py:183} INFO - Processing /home/airflow/.local/lib/python3.8/site-packages/airflow/example_dags/example_dag_decorator.py took 2.137 seconds
[2024-02-05T14:25:58.968+0000] {processor.py:161} INFO - Started process (PID=613) to work on /home/airflow/.local/lib/python3.8/site-packages/airflow/example_dags/example_dag_decorator.py
[2024-02-05T14:25:58.971+0000] {processor.py:830} INFO - Processing file /home/airflow/.local/lib/python3.8/site-packages/airflow/example_dags/example_dag_decorator.py for tasks to queue
[2024-02-05T14:25:58.973+0000] {logging_mixin.py:188} INFO - [2024-02-05T14:25:58.972+0000] {dagbag.py:538} INFO - Filling up the DagBag from /home/airflow/.local/lib/python3.8/site-packages/airflow/example_dags/example_dag_decorator.py
[2024-02-05T14:25:59.552+0000] {processor.py:840} INFO - DAG(s) 'example_dag_decorator' retrieved from /home/airflow/.local/lib/python3.8/site-packages/airflow/example_dags/example_dag_decorator.py
[2024-02-05T14:26:00.172+0000] {logging_mixin.py:188} INFO - [2024-02-05T14:26:00.172+0000] {dag.py:3036} INFO - Sync 1 DAGs
[2024-02-05T14:26:00.209+0000] {logging_mixin.py:188} INFO - [2024-02-05T14:26:00.209+0000] {dag.py:3823} INFO - Setting next_dagrun for example_dag_decorator to None, run_after=None
[2024-02-05T14:26:00.250+0000] {processor.py:183} INFO - Processing /home/airflow/.local/lib/python3.8/site-packages/airflow/example_dags/example_dag_decorator.py took 1.285 seconds
