[2024-02-05T14:19:36.830+0000] {processor.py:161} INFO - Started process (PID=59) to work on /home/airflow/.local/lib/python3.8/site-packages/airflow/example_dags/example_dynamic_task_mapping.py
[2024-02-05T14:19:36.831+0000] {processor.py:830} INFO - Processing file /home/airflow/.local/lib/python3.8/site-packages/airflow/example_dags/example_dynamic_task_mapping.py for tasks to queue
[2024-02-05T14:19:36.834+0000] {logging_mixin.py:188} INFO - [2024-02-05T14:19:36.833+0000] {dagbag.py:538} INFO - Filling up the DagBag from /home/airflow/.local/lib/python3.8/site-packages/airflow/example_dags/example_dynamic_task_mapping.py
[2024-02-05T14:19:36.845+0000] {processor.py:840} INFO - DAG(s) 'example_dynamic_task_mapping' retrieved from /home/airflow/.local/lib/python3.8/site-packages/airflow/example_dags/example_dynamic_task_mapping.py
[2024-02-05T14:19:37.091+0000] {logging_mixin.py:188} INFO - [2024-02-05T14:19:37.090+0000] {override.py:1769} INFO - Created Permission View: can delete on DAG:example_dynamic_task_mapping
[2024-02-05T14:19:37.100+0000] {logging_mixin.py:188} INFO - [2024-02-05T14:19:37.099+0000] {override.py:1769} INFO - Created Permission View: can read on DAG:example_dynamic_task_mapping
[2024-02-05T14:19:37.107+0000] {logging_mixin.py:188} INFO - [2024-02-05T14:19:37.107+0000] {override.py:1769} INFO - Created Permission View: can edit on DAG:example_dynamic_task_mapping
[2024-02-05T14:19:37.108+0000] {logging_mixin.py:188} INFO - [2024-02-05T14:19:37.108+0000] {dag.py:3036} INFO - Sync 1 DAGs
[2024-02-05T14:19:37.121+0000] {logging_mixin.py:188} INFO - [2024-02-05T14:19:37.121+0000] {dag.py:3058} INFO - Creating ORM DAG for example_dynamic_task_mapping
[2024-02-05T14:19:37.131+0000] {logging_mixin.py:188} INFO - [2024-02-05T14:19:37.131+0000] {dag.py:3823} INFO - Setting next_dagrun for example_dynamic_task_mapping to 2022-03-04 00:00:00+00:00, run_after=2022-03-05 00:00:00+00:00
[2024-02-05T14:19:37.171+0000] {processor.py:183} INFO - Processing /home/airflow/.local/lib/python3.8/site-packages/airflow/example_dags/example_dynamic_task_mapping.py took 0.344 seconds
[2024-02-05T14:20:08.169+0000] {processor.py:161} INFO - Started process (PID=113) to work on /home/airflow/.local/lib/python3.8/site-packages/airflow/example_dags/example_dynamic_task_mapping.py
[2024-02-05T14:20:08.176+0000] {processor.py:830} INFO - Processing file /home/airflow/.local/lib/python3.8/site-packages/airflow/example_dags/example_dynamic_task_mapping.py for tasks to queue
[2024-02-05T14:20:08.184+0000] {logging_mixin.py:188} INFO - [2024-02-05T14:20:08.184+0000] {dagbag.py:538} INFO - Filling up the DagBag from /home/airflow/.local/lib/python3.8/site-packages/airflow/example_dags/example_dynamic_task_mapping.py
[2024-02-05T14:20:08.197+0000] {processor.py:840} INFO - DAG(s) 'example_dynamic_task_mapping' retrieved from /home/airflow/.local/lib/python3.8/site-packages/airflow/example_dags/example_dynamic_task_mapping.py
[2024-02-05T14:20:08.216+0000] {logging_mixin.py:188} INFO - [2024-02-05T14:20:08.215+0000] {dag.py:3036} INFO - Sync 1 DAGs
[2024-02-05T14:20:08.228+0000] {logging_mixin.py:188} INFO - [2024-02-05T14:20:08.228+0000] {dag.py:3823} INFO - Setting next_dagrun for example_dynamic_task_mapping to 2022-03-04 00:00:00+00:00, run_after=2022-03-05 00:00:00+00:00
[2024-02-05T14:20:08.246+0000] {processor.py:183} INFO - Processing /home/airflow/.local/lib/python3.8/site-packages/airflow/example_dags/example_dynamic_task_mapping.py took 0.090 seconds
[2024-02-05T14:20:38.653+0000] {processor.py:161} INFO - Started process (PID=167) to work on /home/airflow/.local/lib/python3.8/site-packages/airflow/example_dags/example_dynamic_task_mapping.py
[2024-02-05T14:20:40.160+0000] {processor.py:830} INFO - Processing file /home/airflow/.local/lib/python3.8/site-packages/airflow/example_dags/example_dynamic_task_mapping.py for tasks to queue
[2024-02-05T14:20:40.167+0000] {logging_mixin.py:188} INFO - [2024-02-05T14:20:40.166+0000] {dagbag.py:538} INFO - Filling up the DagBag from /home/airflow/.local/lib/python3.8/site-packages/airflow/example_dags/example_dynamic_task_mapping.py
[2024-02-05T14:20:40.198+0000] {processor.py:840} INFO - DAG(s) 'example_dynamic_task_mapping' retrieved from /home/airflow/.local/lib/python3.8/site-packages/airflow/example_dags/example_dynamic_task_mapping.py
[2024-02-05T14:20:40.258+0000] {logging_mixin.py:188} INFO - [2024-02-05T14:20:40.258+0000] {dag.py:3036} INFO - Sync 1 DAGs
[2024-02-05T14:20:40.278+0000] {logging_mixin.py:188} INFO - [2024-02-05T14:20:40.278+0000] {dag.py:3823} INFO - Setting next_dagrun for example_dynamic_task_mapping to 2022-03-04 00:00:00+00:00, run_after=2022-03-05 00:00:00+00:00
[2024-02-05T14:20:40.289+0000] {processor.py:183} INFO - Processing /home/airflow/.local/lib/python3.8/site-packages/airflow/example_dags/example_dynamic_task_mapping.py took 1.643 seconds
[2024-02-05T14:21:54.184+0000] {processor.py:161} INFO - Started process (PID=235) to work on /home/airflow/.local/lib/python3.8/site-packages/airflow/example_dags/example_dynamic_task_mapping.py
[2024-02-05T14:21:54.218+0000] {processor.py:830} INFO - Processing file /home/airflow/.local/lib/python3.8/site-packages/airflow/example_dags/example_dynamic_task_mapping.py for tasks to queue
[2024-02-05T14:21:54.257+0000] {logging_mixin.py:188} INFO - [2024-02-05T14:21:54.255+0000] {dagbag.py:538} INFO - Filling up the DagBag from /home/airflow/.local/lib/python3.8/site-packages/airflow/example_dags/example_dynamic_task_mapping.py
[2024-02-05T14:21:55.181+0000] {processor.py:840} INFO - DAG(s) 'example_dynamic_task_mapping' retrieved from /home/airflow/.local/lib/python3.8/site-packages/airflow/example_dags/example_dynamic_task_mapping.py
[2024-02-05T14:21:56.864+0000] {logging_mixin.py:188} INFO - [2024-02-05T14:21:56.862+0000] {dag.py:3036} INFO - Sync 1 DAGs
[2024-02-05T14:21:57.523+0000] {logging_mixin.py:188} INFO - [2024-02-05T14:21:57.522+0000] {dag.py:3823} INFO - Setting next_dagrun for example_dynamic_task_mapping to 2022-03-04 00:00:00+00:00, run_after=2022-03-05 00:00:00+00:00
[2024-02-05T14:22:00.151+0000] {processor.py:183} INFO - Processing /home/airflow/.local/lib/python3.8/site-packages/airflow/example_dags/example_dynamic_task_mapping.py took 5.989 seconds
[2024-02-05T14:22:34.841+0000] {processor.py:161} INFO - Started process (PID=290) to work on /home/airflow/.local/lib/python3.8/site-packages/airflow/example_dags/example_dynamic_task_mapping.py
[2024-02-05T14:22:34.850+0000] {processor.py:830} INFO - Processing file /home/airflow/.local/lib/python3.8/site-packages/airflow/example_dags/example_dynamic_task_mapping.py for tasks to queue
[2024-02-05T14:22:34.861+0000] {logging_mixin.py:188} INFO - [2024-02-05T14:22:34.860+0000] {dagbag.py:538} INFO - Filling up the DagBag from /home/airflow/.local/lib/python3.8/site-packages/airflow/example_dags/example_dynamic_task_mapping.py
[2024-02-05T14:22:34.932+0000] {processor.py:840} INFO - DAG(s) 'example_dynamic_task_mapping' retrieved from /home/airflow/.local/lib/python3.8/site-packages/airflow/example_dags/example_dynamic_task_mapping.py
[2024-02-05T14:22:35.066+0000] {logging_mixin.py:188} INFO - [2024-02-05T14:22:35.066+0000] {dag.py:3036} INFO - Sync 1 DAGs
[2024-02-05T14:22:35.214+0000] {logging_mixin.py:188} INFO - [2024-02-05T14:22:35.206+0000] {dag.py:3823} INFO - Setting next_dagrun for example_dynamic_task_mapping to 2022-03-04 00:00:00+00:00, run_after=2022-03-05 00:00:00+00:00
[2024-02-05T14:22:35.280+0000] {processor.py:183} INFO - Processing /home/airflow/.local/lib/python3.8/site-packages/airflow/example_dags/example_dynamic_task_mapping.py took 0.467 seconds
[2024-02-05T14:23:06.364+0000] {processor.py:161} INFO - Started process (PID=343) to work on /home/airflow/.local/lib/python3.8/site-packages/airflow/example_dags/example_dynamic_task_mapping.py
[2024-02-05T14:23:06.410+0000] {processor.py:830} INFO - Processing file /home/airflow/.local/lib/python3.8/site-packages/airflow/example_dags/example_dynamic_task_mapping.py for tasks to queue
[2024-02-05T14:23:06.482+0000] {logging_mixin.py:188} INFO - [2024-02-05T14:23:06.472+0000] {dagbag.py:538} INFO - Filling up the DagBag from /home/airflow/.local/lib/python3.8/site-packages/airflow/example_dags/example_dynamic_task_mapping.py
[2024-02-05T14:23:06.781+0000] {processor.py:840} INFO - DAG(s) 'example_dynamic_task_mapping' retrieved from /home/airflow/.local/lib/python3.8/site-packages/airflow/example_dags/example_dynamic_task_mapping.py
[2024-02-05T14:23:07.130+0000] {logging_mixin.py:188} INFO - [2024-02-05T14:23:07.129+0000] {dag.py:3036} INFO - Sync 1 DAGs
[2024-02-05T14:23:07.992+0000] {logging_mixin.py:188} INFO - [2024-02-05T14:23:07.991+0000] {dag.py:3823} INFO - Setting next_dagrun for example_dynamic_task_mapping to 2022-03-04 00:00:00+00:00, run_after=2022-03-05 00:00:00+00:00
[2024-02-05T14:23:08.141+0000] {processor.py:183} INFO - Processing /home/airflow/.local/lib/python3.8/site-packages/airflow/example_dags/example_dynamic_task_mapping.py took 1.938 seconds
[2024-02-05T14:23:39.098+0000] {processor.py:161} INFO - Started process (PID=397) to work on /home/airflow/.local/lib/python3.8/site-packages/airflow/example_dags/example_dynamic_task_mapping.py
[2024-02-05T14:23:39.111+0000] {processor.py:830} INFO - Processing file /home/airflow/.local/lib/python3.8/site-packages/airflow/example_dags/example_dynamic_task_mapping.py for tasks to queue
[2024-02-05T14:23:39.140+0000] {logging_mixin.py:188} INFO - [2024-02-05T14:23:39.135+0000] {dagbag.py:538} INFO - Filling up the DagBag from /home/airflow/.local/lib/python3.8/site-packages/airflow/example_dags/example_dynamic_task_mapping.py
[2024-02-05T14:23:39.190+0000] {processor.py:840} INFO - DAG(s) 'example_dynamic_task_mapping' retrieved from /home/airflow/.local/lib/python3.8/site-packages/airflow/example_dags/example_dynamic_task_mapping.py
[2024-02-05T14:23:39.323+0000] {logging_mixin.py:188} INFO - [2024-02-05T14:23:39.321+0000] {dag.py:3036} INFO - Sync 1 DAGs
[2024-02-05T14:23:39.423+0000] {logging_mixin.py:188} INFO - [2024-02-05T14:23:39.422+0000] {dag.py:3823} INFO - Setting next_dagrun for example_dynamic_task_mapping to 2022-03-04 00:00:00+00:00, run_after=2022-03-05 00:00:00+00:00
[2024-02-05T14:23:39.613+0000] {processor.py:183} INFO - Processing /home/airflow/.local/lib/python3.8/site-packages/airflow/example_dags/example_dynamic_task_mapping.py took 0.548 seconds
[2024-02-05T14:24:16.377+0000] {processor.py:161} INFO - Started process (PID=454) to work on /home/airflow/.local/lib/python3.8/site-packages/airflow/example_dags/example_dynamic_task_mapping.py
[2024-02-05T14:24:16.379+0000] {processor.py:830} INFO - Processing file /home/airflow/.local/lib/python3.8/site-packages/airflow/example_dags/example_dynamic_task_mapping.py for tasks to queue
[2024-02-05T14:24:16.381+0000] {logging_mixin.py:188} INFO - [2024-02-05T14:24:16.381+0000] {dagbag.py:538} INFO - Filling up the DagBag from /home/airflow/.local/lib/python3.8/site-packages/airflow/example_dags/example_dynamic_task_mapping.py
[2024-02-05T14:24:16.390+0000] {processor.py:840} INFO - DAG(s) 'example_dynamic_task_mapping' retrieved from /home/airflow/.local/lib/python3.8/site-packages/airflow/example_dags/example_dynamic_task_mapping.py
[2024-02-05T14:24:16.422+0000] {logging_mixin.py:188} INFO - [2024-02-05T14:24:16.422+0000] {dag.py:3036} INFO - Sync 1 DAGs
[2024-02-05T14:24:16.451+0000] {logging_mixin.py:188} INFO - [2024-02-05T14:24:16.451+0000] {dag.py:3823} INFO - Setting next_dagrun for example_dynamic_task_mapping to 2022-03-04 00:00:00+00:00, run_after=2022-03-05 00:00:00+00:00
[2024-02-05T14:24:16.468+0000] {processor.py:183} INFO - Processing /home/airflow/.local/lib/python3.8/site-packages/airflow/example_dags/example_dynamic_task_mapping.py took 0.096 seconds
[2024-02-05T14:24:54.003+0000] {processor.py:161} INFO - Started process (PID=503) to work on /home/airflow/.local/lib/python3.8/site-packages/airflow/example_dags/example_dynamic_task_mapping.py
[2024-02-05T14:24:54.006+0000] {processor.py:830} INFO - Processing file /home/airflow/.local/lib/python3.8/site-packages/airflow/example_dags/example_dynamic_task_mapping.py for tasks to queue
[2024-02-05T14:24:54.010+0000] {logging_mixin.py:188} INFO - [2024-02-05T14:24:54.010+0000] {dagbag.py:538} INFO - Filling up the DagBag from /home/airflow/.local/lib/python3.8/site-packages/airflow/example_dags/example_dynamic_task_mapping.py
[2024-02-05T14:24:54.043+0000] {processor.py:840} INFO - DAG(s) 'example_dynamic_task_mapping' retrieved from /home/airflow/.local/lib/python3.8/site-packages/airflow/example_dags/example_dynamic_task_mapping.py
[2024-02-05T14:24:54.111+0000] {logging_mixin.py:188} INFO - [2024-02-05T14:24:54.110+0000] {dag.py:3036} INFO - Sync 1 DAGs
[2024-02-05T14:24:54.219+0000] {logging_mixin.py:188} INFO - [2024-02-05T14:24:54.218+0000] {dag.py:3823} INFO - Setting next_dagrun for example_dynamic_task_mapping to 2022-03-04 00:00:00+00:00, run_after=2022-03-05 00:00:00+00:00
[2024-02-05T14:24:54.264+0000] {processor.py:183} INFO - Processing /home/airflow/.local/lib/python3.8/site-packages/airflow/example_dags/example_dynamic_task_mapping.py took 0.273 seconds
[2024-02-05T14:25:25.016+0000] {processor.py:161} INFO - Started process (PID=556) to work on /home/airflow/.local/lib/python3.8/site-packages/airflow/example_dags/example_dynamic_task_mapping.py
[2024-02-05T14:25:25.021+0000] {processor.py:830} INFO - Processing file /home/airflow/.local/lib/python3.8/site-packages/airflow/example_dags/example_dynamic_task_mapping.py for tasks to queue
[2024-02-05T14:25:25.029+0000] {logging_mixin.py:188} INFO - [2024-02-05T14:25:25.027+0000] {dagbag.py:538} INFO - Filling up the DagBag from /home/airflow/.local/lib/python3.8/site-packages/airflow/example_dags/example_dynamic_task_mapping.py
[2024-02-05T14:25:25.078+0000] {processor.py:840} INFO - DAG(s) 'example_dynamic_task_mapping' retrieved from /home/airflow/.local/lib/python3.8/site-packages/airflow/example_dags/example_dynamic_task_mapping.py
[2024-02-05T14:25:25.159+0000] {logging_mixin.py:188} INFO - [2024-02-05T14:25:25.158+0000] {dag.py:3036} INFO - Sync 1 DAGs
[2024-02-05T14:25:25.255+0000] {logging_mixin.py:188} INFO - [2024-02-05T14:25:25.253+0000] {dag.py:3823} INFO - Setting next_dagrun for example_dynamic_task_mapping to 2022-03-04 00:00:00+00:00, run_after=2022-03-05 00:00:00+00:00
[2024-02-05T14:25:25.305+0000] {processor.py:183} INFO - Processing /home/airflow/.local/lib/python3.8/site-packages/airflow/example_dags/example_dynamic_task_mapping.py took 0.316 seconds
[2024-02-05T14:25:58.850+0000] {processor.py:161} INFO - Started process (PID=610) to work on /home/airflow/.local/lib/python3.8/site-packages/airflow/example_dags/example_dynamic_task_mapping.py
[2024-02-05T14:25:58.853+0000] {processor.py:830} INFO - Processing file /home/airflow/.local/lib/python3.8/site-packages/airflow/example_dags/example_dynamic_task_mapping.py for tasks to queue
[2024-02-05T14:25:58.855+0000] {logging_mixin.py:188} INFO - [2024-02-05T14:25:58.855+0000] {dagbag.py:538} INFO - Filling up the DagBag from /home/airflow/.local/lib/python3.8/site-packages/airflow/example_dags/example_dynamic_task_mapping.py
[2024-02-05T14:25:58.862+0000] {processor.py:840} INFO - DAG(s) 'example_dynamic_task_mapping' retrieved from /home/airflow/.local/lib/python3.8/site-packages/airflow/example_dags/example_dynamic_task_mapping.py
[2024-02-05T14:25:58.883+0000] {logging_mixin.py:188} INFO - [2024-02-05T14:25:58.883+0000] {dag.py:3036} INFO - Sync 1 DAGs
[2024-02-05T14:25:58.905+0000] {logging_mixin.py:188} INFO - [2024-02-05T14:25:58.905+0000] {dag.py:3823} INFO - Setting next_dagrun for example_dynamic_task_mapping to 2022-03-04 00:00:00+00:00, run_after=2022-03-05 00:00:00+00:00
[2024-02-05T14:25:58.916+0000] {processor.py:183} INFO - Processing /home/airflow/.local/lib/python3.8/site-packages/airflow/example_dags/example_dynamic_task_mapping.py took 0.071 seconds
