[2024-02-05T14:19:41.721+0000] {processor.py:161} INFO - Started process (PID=77) to work on /home/airflow/.local/lib/python3.8/site-packages/airflow/example_dags/example_short_circuit_operator.py
[2024-02-05T14:19:41.724+0000] {processor.py:830} INFO - Processing file /home/airflow/.local/lib/python3.8/site-packages/airflow/example_dags/example_short_circuit_operator.py for tasks to queue
[2024-02-05T14:19:41.730+0000] {logging_mixin.py:188} INFO - [2024-02-05T14:19:41.730+0000] {dagbag.py:538} INFO - Filling up the DagBag from /home/airflow/.local/lib/python3.8/site-packages/airflow/example_dags/example_short_circuit_operator.py
[2024-02-05T14:19:41.778+0000] {processor.py:840} INFO - DAG(s) 'example_short_circuit_operator' retrieved from /home/airflow/.local/lib/python3.8/site-packages/airflow/example_dags/example_short_circuit_operator.py
[2024-02-05T14:19:42.319+0000] {logging_mixin.py:188} INFO - [2024-02-05T14:19:42.315+0000] {override.py:1769} INFO - Created Permission View: can delete on DAG:example_short_circuit_operator
[2024-02-05T14:19:42.332+0000] {logging_mixin.py:188} INFO - [2024-02-05T14:19:42.332+0000] {override.py:1769} INFO - Created Permission View: can read on DAG:example_short_circuit_operator
[2024-02-05T14:19:42.341+0000] {logging_mixin.py:188} INFO - [2024-02-05T14:19:42.340+0000] {override.py:1769} INFO - Created Permission View: can edit on DAG:example_short_circuit_operator
[2024-02-05T14:19:42.341+0000] {logging_mixin.py:188} INFO - [2024-02-05T14:19:42.341+0000] {dag.py:3036} INFO - Sync 1 DAGs
[2024-02-05T14:19:42.364+0000] {logging_mixin.py:188} INFO - [2024-02-05T14:19:42.363+0000] {dag.py:3058} INFO - Creating ORM DAG for example_short_circuit_operator
[2024-02-05T14:19:42.376+0000] {logging_mixin.py:188} INFO - [2024-02-05T14:19:42.376+0000] {dag.py:3823} INFO - Setting next_dagrun for example_short_circuit_operator to 2024-02-04 00:00:00+00:00, run_after=2024-02-05 00:00:00+00:00
[2024-02-05T14:19:42.394+0000] {processor.py:183} INFO - Processing /home/airflow/.local/lib/python3.8/site-packages/airflow/example_dags/example_short_circuit_operator.py took 0.691 seconds
[2024-02-05T14:20:12.584+0000] {processor.py:161} INFO - Started process (PID=133) to work on /home/airflow/.local/lib/python3.8/site-packages/airflow/example_dags/example_short_circuit_operator.py
[2024-02-05T14:20:12.588+0000] {processor.py:830} INFO - Processing file /home/airflow/.local/lib/python3.8/site-packages/airflow/example_dags/example_short_circuit_operator.py for tasks to queue
[2024-02-05T14:20:12.590+0000] {logging_mixin.py:188} INFO - [2024-02-05T14:20:12.590+0000] {dagbag.py:538} INFO - Filling up the DagBag from /home/airflow/.local/lib/python3.8/site-packages/airflow/example_dags/example_short_circuit_operator.py
[2024-02-05T14:20:12.596+0000] {processor.py:840} INFO - DAG(s) 'example_short_circuit_operator' retrieved from /home/airflow/.local/lib/python3.8/site-packages/airflow/example_dags/example_short_circuit_operator.py
[2024-02-05T14:20:12.609+0000] {logging_mixin.py:188} INFO - [2024-02-05T14:20:12.609+0000] {dag.py:3036} INFO - Sync 1 DAGs
[2024-02-05T14:20:12.630+0000] {logging_mixin.py:188} INFO - [2024-02-05T14:20:12.630+0000] {dag.py:3823} INFO - Setting next_dagrun for example_short_circuit_operator to 2024-02-04 00:00:00+00:00, run_after=2024-02-05 00:00:00+00:00
[2024-02-05T14:20:12.666+0000] {processor.py:183} INFO - Processing /home/airflow/.local/lib/python3.8/site-packages/airflow/example_dags/example_short_circuit_operator.py took 0.086 seconds
[2024-02-05T14:20:46.245+0000] {processor.py:161} INFO - Started process (PID=187) to work on /home/airflow/.local/lib/python3.8/site-packages/airflow/example_dags/example_short_circuit_operator.py
[2024-02-05T14:20:46.248+0000] {processor.py:830} INFO - Processing file /home/airflow/.local/lib/python3.8/site-packages/airflow/example_dags/example_short_circuit_operator.py for tasks to queue
[2024-02-05T14:20:46.251+0000] {logging_mixin.py:188} INFO - [2024-02-05T14:20:46.250+0000] {dagbag.py:538} INFO - Filling up the DagBag from /home/airflow/.local/lib/python3.8/site-packages/airflow/example_dags/example_short_circuit_operator.py
[2024-02-05T14:20:46.267+0000] {processor.py:840} INFO - DAG(s) 'example_short_circuit_operator' retrieved from /home/airflow/.local/lib/python3.8/site-packages/airflow/example_dags/example_short_circuit_operator.py
[2024-02-05T14:20:46.314+0000] {logging_mixin.py:188} INFO - [2024-02-05T14:20:46.313+0000] {dag.py:3036} INFO - Sync 1 DAGs
[2024-02-05T14:20:46.334+0000] {logging_mixin.py:188} INFO - [2024-02-05T14:20:46.334+0000] {dag.py:3823} INFO - Setting next_dagrun for example_short_circuit_operator to 2024-02-04 00:00:00+00:00, run_after=2024-02-05 00:00:00+00:00
[2024-02-05T14:20:46.360+0000] {processor.py:183} INFO - Processing /home/airflow/.local/lib/python3.8/site-packages/airflow/example_dags/example_short_circuit_operator.py took 0.118 seconds
[2024-02-05T14:22:10.320+0000] {processor.py:161} INFO - Started process (PID=248) to work on /home/airflow/.local/lib/python3.8/site-packages/airflow/example_dags/example_short_circuit_operator.py
[2024-02-05T14:22:10.323+0000] {processor.py:830} INFO - Processing file /home/airflow/.local/lib/python3.8/site-packages/airflow/example_dags/example_short_circuit_operator.py for tasks to queue
[2024-02-05T14:22:10.330+0000] {logging_mixin.py:188} INFO - [2024-02-05T14:22:10.328+0000] {dagbag.py:538} INFO - Filling up the DagBag from /home/airflow/.local/lib/python3.8/site-packages/airflow/example_dags/example_short_circuit_operator.py
[2024-02-05T14:22:10.360+0000] {processor.py:840} INFO - DAG(s) 'example_short_circuit_operator' retrieved from /home/airflow/.local/lib/python3.8/site-packages/airflow/example_dags/example_short_circuit_operator.py
[2024-02-05T14:22:10.396+0000] {logging_mixin.py:188} INFO - [2024-02-05T14:22:10.396+0000] {dag.py:3036} INFO - Sync 1 DAGs
[2024-02-05T14:22:10.437+0000] {logging_mixin.py:188} INFO - [2024-02-05T14:22:10.436+0000] {dag.py:3823} INFO - Setting next_dagrun for example_short_circuit_operator to 2024-02-04 00:00:00+00:00, run_after=2024-02-05 00:00:00+00:00
[2024-02-05T14:22:10.474+0000] {processor.py:183} INFO - Processing /home/airflow/.local/lib/python3.8/site-packages/airflow/example_dags/example_short_circuit_operator.py took 0.159 seconds
[2024-02-05T14:22:44.115+0000] {processor.py:161} INFO - Started process (PID=315) to work on /home/airflow/.local/lib/python3.8/site-packages/airflow/example_dags/example_short_circuit_operator.py
[2024-02-05T14:22:44.118+0000] {processor.py:830} INFO - Processing file /home/airflow/.local/lib/python3.8/site-packages/airflow/example_dags/example_short_circuit_operator.py for tasks to queue
[2024-02-05T14:22:44.123+0000] {logging_mixin.py:188} INFO - [2024-02-05T14:22:44.122+0000] {dagbag.py:538} INFO - Filling up the DagBag from /home/airflow/.local/lib/python3.8/site-packages/airflow/example_dags/example_short_circuit_operator.py
[2024-02-05T14:22:44.138+0000] {processor.py:840} INFO - DAG(s) 'example_short_circuit_operator' retrieved from /home/airflow/.local/lib/python3.8/site-packages/airflow/example_dags/example_short_circuit_operator.py
[2024-02-05T14:22:44.161+0000] {logging_mixin.py:188} INFO - [2024-02-05T14:22:44.161+0000] {dag.py:3036} INFO - Sync 1 DAGs
[2024-02-05T14:22:44.200+0000] {logging_mixin.py:188} INFO - [2024-02-05T14:22:44.199+0000] {dag.py:3823} INFO - Setting next_dagrun for example_short_circuit_operator to 2024-02-04 00:00:00+00:00, run_after=2024-02-05 00:00:00+00:00
[2024-02-05T14:22:44.248+0000] {processor.py:183} INFO - Processing /home/airflow/.local/lib/python3.8/site-packages/airflow/example_dags/example_short_circuit_operator.py took 0.141 seconds
[2024-02-05T14:23:28.148+0000] {processor.py:161} INFO - Started process (PID=384) to work on /home/airflow/.local/lib/python3.8/site-packages/airflow/example_dags/example_short_circuit_operator.py
[2024-02-05T14:23:28.165+0000] {processor.py:830} INFO - Processing file /home/airflow/.local/lib/python3.8/site-packages/airflow/example_dags/example_short_circuit_operator.py for tasks to queue
[2024-02-05T14:23:28.174+0000] {logging_mixin.py:188} INFO - [2024-02-05T14:23:28.173+0000] {dagbag.py:538} INFO - Filling up the DagBag from /home/airflow/.local/lib/python3.8/site-packages/airflow/example_dags/example_short_circuit_operator.py
[2024-02-05T14:23:28.203+0000] {processor.py:840} INFO - DAG(s) 'example_short_circuit_operator' retrieved from /home/airflow/.local/lib/python3.8/site-packages/airflow/example_dags/example_short_circuit_operator.py
[2024-02-05T14:23:28.280+0000] {logging_mixin.py:188} INFO - [2024-02-05T14:23:28.279+0000] {dag.py:3036} INFO - Sync 1 DAGs
[2024-02-05T14:23:28.333+0000] {logging_mixin.py:188} INFO - [2024-02-05T14:23:28.333+0000] {dag.py:3823} INFO - Setting next_dagrun for example_short_circuit_operator to 2024-02-04 00:00:00+00:00, run_after=2024-02-05 00:00:00+00:00
[2024-02-05T14:23:28.362+0000] {processor.py:183} INFO - Processing /home/airflow/.local/lib/python3.8/site-packages/airflow/example_dags/example_short_circuit_operator.py took 0.252 seconds
[2024-02-05T14:24:15.739+0000] {processor.py:161} INFO - Started process (PID=443) to work on /home/airflow/.local/lib/python3.8/site-packages/airflow/example_dags/example_short_circuit_operator.py
[2024-02-05T14:24:15.743+0000] {processor.py:830} INFO - Processing file /home/airflow/.local/lib/python3.8/site-packages/airflow/example_dags/example_short_circuit_operator.py for tasks to queue
[2024-02-05T14:24:15.746+0000] {logging_mixin.py:188} INFO - [2024-02-05T14:24:15.745+0000] {dagbag.py:538} INFO - Filling up the DagBag from /home/airflow/.local/lib/python3.8/site-packages/airflow/example_dags/example_short_circuit_operator.py
[2024-02-05T14:24:15.757+0000] {processor.py:840} INFO - DAG(s) 'example_short_circuit_operator' retrieved from /home/airflow/.local/lib/python3.8/site-packages/airflow/example_dags/example_short_circuit_operator.py
[2024-02-05T14:24:15.785+0000] {logging_mixin.py:188} INFO - [2024-02-05T14:24:15.785+0000] {dag.py:3036} INFO - Sync 1 DAGs
[2024-02-05T14:24:15.819+0000] {logging_mixin.py:188} INFO - [2024-02-05T14:24:15.819+0000] {dag.py:3823} INFO - Setting next_dagrun for example_short_circuit_operator to 2024-02-04 00:00:00+00:00, run_after=2024-02-05 00:00:00+00:00
[2024-02-05T14:24:15.836+0000] {processor.py:183} INFO - Processing /home/airflow/.local/lib/python3.8/site-packages/airflow/example_dags/example_short_circuit_operator.py took 0.106 seconds
[2024-02-05T14:24:56.557+0000] {processor.py:161} INFO - Started process (PID=512) to work on /home/airflow/.local/lib/python3.8/site-packages/airflow/example_dags/example_short_circuit_operator.py
[2024-02-05T14:24:56.559+0000] {processor.py:830} INFO - Processing file /home/airflow/.local/lib/python3.8/site-packages/airflow/example_dags/example_short_circuit_operator.py for tasks to queue
[2024-02-05T14:24:56.560+0000] {logging_mixin.py:188} INFO - [2024-02-05T14:24:56.560+0000] {dagbag.py:538} INFO - Filling up the DagBag from /home/airflow/.local/lib/python3.8/site-packages/airflow/example_dags/example_short_circuit_operator.py
[2024-02-05T14:24:56.579+0000] {processor.py:840} INFO - DAG(s) 'example_short_circuit_operator' retrieved from /home/airflow/.local/lib/python3.8/site-packages/airflow/example_dags/example_short_circuit_operator.py
[2024-02-05T14:24:56.598+0000] {logging_mixin.py:188} INFO - [2024-02-05T14:24:56.598+0000] {dag.py:3036} INFO - Sync 1 DAGs
[2024-02-05T14:24:56.612+0000] {logging_mixin.py:188} INFO - [2024-02-05T14:24:56.612+0000] {dag.py:3823} INFO - Setting next_dagrun for example_short_circuit_operator to 2024-02-04 00:00:00+00:00, run_after=2024-02-05 00:00:00+00:00
[2024-02-05T14:24:56.625+0000] {processor.py:183} INFO - Processing /home/airflow/.local/lib/python3.8/site-packages/airflow/example_dags/example_short_circuit_operator.py took 0.071 seconds
[2024-02-05T14:25:29.748+0000] {processor.py:161} INFO - Started process (PID=570) to work on /home/airflow/.local/lib/python3.8/site-packages/airflow/example_dags/example_short_circuit_operator.py
[2024-02-05T14:25:29.751+0000] {processor.py:830} INFO - Processing file /home/airflow/.local/lib/python3.8/site-packages/airflow/example_dags/example_short_circuit_operator.py for tasks to queue
[2024-02-05T14:25:29.753+0000] {logging_mixin.py:188} INFO - [2024-02-05T14:25:29.753+0000] {dagbag.py:538} INFO - Filling up the DagBag from /home/airflow/.local/lib/python3.8/site-packages/airflow/example_dags/example_short_circuit_operator.py
[2024-02-05T14:25:29.760+0000] {processor.py:840} INFO - DAG(s) 'example_short_circuit_operator' retrieved from /home/airflow/.local/lib/python3.8/site-packages/airflow/example_dags/example_short_circuit_operator.py
[2024-02-05T14:25:29.786+0000] {logging_mixin.py:188} INFO - [2024-02-05T14:25:29.786+0000] {dag.py:3036} INFO - Sync 1 DAGs
[2024-02-05T14:25:29.821+0000] {logging_mixin.py:188} INFO - [2024-02-05T14:25:29.820+0000] {dag.py:3823} INFO - Setting next_dagrun for example_short_circuit_operator to 2024-02-04 00:00:00+00:00, run_after=2024-02-05 00:00:00+00:00
[2024-02-05T14:25:29.835+0000] {processor.py:183} INFO - Processing /home/airflow/.local/lib/python3.8/site-packages/airflow/example_dags/example_short_circuit_operator.py took 0.092 seconds
[2024-02-05T14:26:00.923+0000] {processor.py:161} INFO - Started process (PID=625) to work on /home/airflow/.local/lib/python3.8/site-packages/airflow/example_dags/example_short_circuit_operator.py
[2024-02-05T14:26:00.927+0000] {processor.py:830} INFO - Processing file /home/airflow/.local/lib/python3.8/site-packages/airflow/example_dags/example_short_circuit_operator.py for tasks to queue
[2024-02-05T14:26:00.934+0000] {logging_mixin.py:188} INFO - [2024-02-05T14:26:00.933+0000] {dagbag.py:538} INFO - Filling up the DagBag from /home/airflow/.local/lib/python3.8/site-packages/airflow/example_dags/example_short_circuit_operator.py
[2024-02-05T14:26:00.969+0000] {processor.py:840} INFO - DAG(s) 'example_short_circuit_operator' retrieved from /home/airflow/.local/lib/python3.8/site-packages/airflow/example_dags/example_short_circuit_operator.py
[2024-02-05T14:26:01.064+0000] {logging_mixin.py:188} INFO - [2024-02-05T14:26:01.063+0000] {dag.py:3036} INFO - Sync 1 DAGs
[2024-02-05T14:26:01.140+0000] {logging_mixin.py:188} INFO - [2024-02-05T14:26:01.140+0000] {dag.py:3823} INFO - Setting next_dagrun for example_short_circuit_operator to 2024-02-04 00:00:00+00:00, run_after=2024-02-05 00:00:00+00:00
[2024-02-05T14:26:01.177+0000] {processor.py:183} INFO - Processing /home/airflow/.local/lib/python3.8/site-packages/airflow/example_dags/example_short_circuit_operator.py took 0.284 seconds
