[2024-02-05T14:19:32.052+0000] {processor.py:161} INFO - Started process (PID=43) to work on /home/airflow/.local/lib/python3.8/site-packages/airflow/example_dags/tutorial.py
[2024-02-05T14:19:32.059+0000] {processor.py:830} INFO - Processing file /home/airflow/.local/lib/python3.8/site-packages/airflow/example_dags/tutorial.py for tasks to queue
[2024-02-05T14:19:32.069+0000] {logging_mixin.py:188} INFO - [2024-02-05T14:19:32.068+0000] {dagbag.py:538} INFO - Filling up the DagBag from /home/airflow/.local/lib/python3.8/site-packages/airflow/example_dags/tutorial.py
[2024-02-05T14:19:32.112+0000] {processor.py:840} INFO - DAG(s) 'tutorial' retrieved from /home/airflow/.local/lib/python3.8/site-packages/airflow/example_dags/tutorial.py
[2024-02-05T14:19:32.459+0000] {logging_mixin.py:188} INFO - [2024-02-05T14:19:32.457+0000] {override.py:1769} INFO - Created Permission View: can delete on DAG:tutorial
[2024-02-05T14:19:32.471+0000] {logging_mixin.py:188} INFO - [2024-02-05T14:19:32.471+0000] {override.py:1769} INFO - Created Permission View: can read on DAG:tutorial
[2024-02-05T14:19:32.477+0000] {logging_mixin.py:188} INFO - [2024-02-05T14:19:32.477+0000] {override.py:1769} INFO - Created Permission View: can edit on DAG:tutorial
[2024-02-05T14:19:32.477+0000] {logging_mixin.py:188} INFO - [2024-02-05T14:19:32.477+0000] {dag.py:3036} INFO - Sync 1 DAGs
[2024-02-05T14:19:32.492+0000] {logging_mixin.py:188} INFO - [2024-02-05T14:19:32.492+0000] {dag.py:3058} INFO - Creating ORM DAG for tutorial
[2024-02-05T14:19:32.503+0000] {logging_mixin.py:188} INFO - [2024-02-05T14:19:32.503+0000] {dag.py:3823} INFO - Setting next_dagrun for tutorial to 2024-02-04 00:00:00+00:00, run_after=2024-02-05 00:00:00+00:00
[2024-02-05T14:19:32.543+0000] {processor.py:183} INFO - Processing /home/airflow/.local/lib/python3.8/site-packages/airflow/example_dags/tutorial.py took 0.511 seconds
[2024-02-05T14:20:03.173+0000] {processor.py:161} INFO - Started process (PID=97) to work on /home/airflow/.local/lib/python3.8/site-packages/airflow/example_dags/tutorial.py
[2024-02-05T14:20:03.176+0000] {processor.py:830} INFO - Processing file /home/airflow/.local/lib/python3.8/site-packages/airflow/example_dags/tutorial.py for tasks to queue
[2024-02-05T14:20:03.177+0000] {logging_mixin.py:188} INFO - [2024-02-05T14:20:03.177+0000] {dagbag.py:538} INFO - Filling up the DagBag from /home/airflow/.local/lib/python3.8/site-packages/airflow/example_dags/tutorial.py
[2024-02-05T14:20:03.183+0000] {processor.py:840} INFO - DAG(s) 'tutorial' retrieved from /home/airflow/.local/lib/python3.8/site-packages/airflow/example_dags/tutorial.py
[2024-02-05T14:20:03.201+0000] {logging_mixin.py:188} INFO - [2024-02-05T14:20:03.201+0000] {dag.py:3036} INFO - Sync 1 DAGs
[2024-02-05T14:20:03.225+0000] {logging_mixin.py:188} INFO - [2024-02-05T14:20:03.224+0000] {dag.py:3823} INFO - Setting next_dagrun for tutorial to 2024-02-04 00:00:00+00:00, run_after=2024-02-05 00:00:00+00:00
[2024-02-05T14:20:03.242+0000] {processor.py:183} INFO - Processing /home/airflow/.local/lib/python3.8/site-packages/airflow/example_dags/tutorial.py took 0.071 seconds
[2024-02-05T14:20:33.571+0000] {processor.py:161} INFO - Started process (PID=152) to work on /home/airflow/.local/lib/python3.8/site-packages/airflow/example_dags/tutorial.py
[2024-02-05T14:20:33.575+0000] {processor.py:830} INFO - Processing file /home/airflow/.local/lib/python3.8/site-packages/airflow/example_dags/tutorial.py for tasks to queue
[2024-02-05T14:20:33.583+0000] {logging_mixin.py:188} INFO - [2024-02-05T14:20:33.582+0000] {dagbag.py:538} INFO - Filling up the DagBag from /home/airflow/.local/lib/python3.8/site-packages/airflow/example_dags/tutorial.py
[2024-02-05T14:20:33.592+0000] {processor.py:840} INFO - DAG(s) 'tutorial' retrieved from /home/airflow/.local/lib/python3.8/site-packages/airflow/example_dags/tutorial.py
[2024-02-05T14:20:33.645+0000] {logging_mixin.py:188} INFO - [2024-02-05T14:20:33.645+0000] {dag.py:3036} INFO - Sync 1 DAGs
[2024-02-05T14:20:33.667+0000] {logging_mixin.py:188} INFO - [2024-02-05T14:20:33.666+0000] {dag.py:3823} INFO - Setting next_dagrun for tutorial to 2024-02-04 00:00:00+00:00, run_after=2024-02-05 00:00:00+00:00
[2024-02-05T14:20:33.740+0000] {processor.py:183} INFO - Processing /home/airflow/.local/lib/python3.8/site-packages/airflow/example_dags/tutorial.py took 0.170 seconds
[2024-02-05T14:21:39.152+0000] {processor.py:161} INFO - Started process (PID=213) to work on /home/airflow/.local/lib/python3.8/site-packages/airflow/example_dags/tutorial.py
[2024-02-05T14:21:39.156+0000] {processor.py:830} INFO - Processing file /home/airflow/.local/lib/python3.8/site-packages/airflow/example_dags/tutorial.py for tasks to queue
[2024-02-05T14:21:39.162+0000] {logging_mixin.py:188} INFO - [2024-02-05T14:21:39.161+0000] {dagbag.py:538} INFO - Filling up the DagBag from /home/airflow/.local/lib/python3.8/site-packages/airflow/example_dags/tutorial.py
[2024-02-05T14:21:39.182+0000] {processor.py:840} INFO - DAG(s) 'tutorial' retrieved from /home/airflow/.local/lib/python3.8/site-packages/airflow/example_dags/tutorial.py
[2024-02-05T14:21:39.258+0000] {logging_mixin.py:188} INFO - [2024-02-05T14:21:39.258+0000] {dag.py:3036} INFO - Sync 1 DAGs
[2024-02-05T14:21:39.278+0000] {logging_mixin.py:188} INFO - [2024-02-05T14:21:39.278+0000] {dag.py:3823} INFO - Setting next_dagrun for tutorial to 2024-02-04 00:00:00+00:00, run_after=2024-02-05 00:00:00+00:00
[2024-02-05T14:21:39.303+0000] {processor.py:183} INFO - Processing /home/airflow/.local/lib/python3.8/site-packages/airflow/example_dags/tutorial.py took 0.160 seconds
[2024-02-05T14:22:12.898+0000] {processor.py:161} INFO - Started process (PID=266) to work on /home/airflow/.local/lib/python3.8/site-packages/airflow/example_dags/tutorial.py
[2024-02-05T14:22:12.900+0000] {processor.py:830} INFO - Processing file /home/airflow/.local/lib/python3.8/site-packages/airflow/example_dags/tutorial.py for tasks to queue
[2024-02-05T14:22:12.901+0000] {logging_mixin.py:188} INFO - [2024-02-05T14:22:12.901+0000] {dagbag.py:538} INFO - Filling up the DagBag from /home/airflow/.local/lib/python3.8/site-packages/airflow/example_dags/tutorial.py
[2024-02-05T14:22:12.909+0000] {processor.py:840} INFO - DAG(s) 'tutorial' retrieved from /home/airflow/.local/lib/python3.8/site-packages/airflow/example_dags/tutorial.py
[2024-02-05T14:22:12.933+0000] {logging_mixin.py:188} INFO - [2024-02-05T14:22:12.933+0000] {dag.py:3036} INFO - Sync 1 DAGs
[2024-02-05T14:22:12.952+0000] {logging_mixin.py:188} INFO - [2024-02-05T14:22:12.952+0000] {dag.py:3823} INFO - Setting next_dagrun for tutorial to 2024-02-04 00:00:00+00:00, run_after=2024-02-05 00:00:00+00:00
[2024-02-05T14:22:12.971+0000] {processor.py:183} INFO - Processing /home/airflow/.local/lib/python3.8/site-packages/airflow/example_dags/tutorial.py took 0.077 seconds
[2024-02-05T14:22:45.085+0000] {processor.py:161} INFO - Started process (PID=327) to work on /home/airflow/.local/lib/python3.8/site-packages/airflow/example_dags/tutorial.py
[2024-02-05T14:22:45.087+0000] {processor.py:830} INFO - Processing file /home/airflow/.local/lib/python3.8/site-packages/airflow/example_dags/tutorial.py for tasks to queue
[2024-02-05T14:22:45.090+0000] {logging_mixin.py:188} INFO - [2024-02-05T14:22:45.089+0000] {dagbag.py:538} INFO - Filling up the DagBag from /home/airflow/.local/lib/python3.8/site-packages/airflow/example_dags/tutorial.py
[2024-02-05T14:22:45.098+0000] {processor.py:840} INFO - DAG(s) 'tutorial' retrieved from /home/airflow/.local/lib/python3.8/site-packages/airflow/example_dags/tutorial.py
[2024-02-05T14:22:45.145+0000] {logging_mixin.py:188} INFO - [2024-02-05T14:22:45.144+0000] {dag.py:3036} INFO - Sync 1 DAGs
[2024-02-05T14:22:45.332+0000] {logging_mixin.py:188} INFO - [2024-02-05T14:22:45.331+0000] {dag.py:3823} INFO - Setting next_dagrun for tutorial to 2024-02-04 00:00:00+00:00, run_after=2024-02-05 00:00:00+00:00
[2024-02-05T14:22:45.415+0000] {processor.py:183} INFO - Processing /home/airflow/.local/lib/python3.8/site-packages/airflow/example_dags/tutorial.py took 0.335 seconds
[2024-02-05T14:23:22.496+0000] {processor.py:161} INFO - Started process (PID=369) to work on /home/airflow/.local/lib/python3.8/site-packages/airflow/example_dags/tutorial.py
[2024-02-05T14:23:22.498+0000] {processor.py:830} INFO - Processing file /home/airflow/.local/lib/python3.8/site-packages/airflow/example_dags/tutorial.py for tasks to queue
[2024-02-05T14:23:22.501+0000] {logging_mixin.py:188} INFO - [2024-02-05T14:23:22.500+0000] {dagbag.py:538} INFO - Filling up the DagBag from /home/airflow/.local/lib/python3.8/site-packages/airflow/example_dags/tutorial.py
[2024-02-05T14:23:22.512+0000] {processor.py:840} INFO - DAG(s) 'tutorial' retrieved from /home/airflow/.local/lib/python3.8/site-packages/airflow/example_dags/tutorial.py
[2024-02-05T14:23:22.560+0000] {logging_mixin.py:188} INFO - [2024-02-05T14:23:22.559+0000] {dag.py:3036} INFO - Sync 1 DAGs
[2024-02-05T14:23:23.600+0000] {logging_mixin.py:188} INFO - [2024-02-05T14:23:23.598+0000] {dag.py:3823} INFO - Setting next_dagrun for tutorial to 2024-02-04 00:00:00+00:00, run_after=2024-02-05 00:00:00+00:00
[2024-02-05T14:23:23.632+0000] {processor.py:183} INFO - Processing /home/airflow/.local/lib/python3.8/site-packages/airflow/example_dags/tutorial.py took 1.141 seconds
[2024-02-05T14:24:14.084+0000] {processor.py:161} INFO - Started process (PID=424) to work on /home/airflow/.local/lib/python3.8/site-packages/airflow/example_dags/tutorial.py
[2024-02-05T14:24:14.225+0000] {processor.py:830} INFO - Processing file /home/airflow/.local/lib/python3.8/site-packages/airflow/example_dags/tutorial.py for tasks to queue
[2024-02-05T14:24:14.247+0000] {logging_mixin.py:188} INFO - [2024-02-05T14:24:14.246+0000] {dagbag.py:538} INFO - Filling up the DagBag from /home/airflow/.local/lib/python3.8/site-packages/airflow/example_dags/tutorial.py
[2024-02-05T14:24:14.275+0000] {processor.py:840} INFO - DAG(s) 'tutorial' retrieved from /home/airflow/.local/lib/python3.8/site-packages/airflow/example_dags/tutorial.py
[2024-02-05T14:24:14.337+0000] {logging_mixin.py:188} INFO - [2024-02-05T14:24:14.336+0000] {dag.py:3036} INFO - Sync 1 DAGs
[2024-02-05T14:24:14.372+0000] {logging_mixin.py:188} INFO - [2024-02-05T14:24:14.372+0000] {dag.py:3823} INFO - Setting next_dagrun for tutorial to 2024-02-04 00:00:00+00:00, run_after=2024-02-05 00:00:00+00:00
[2024-02-05T14:24:14.411+0000] {processor.py:183} INFO - Processing /home/airflow/.local/lib/python3.8/site-packages/airflow/example_dags/tutorial.py took 0.333 seconds
[2024-02-05T14:24:45.587+0000] {processor.py:161} INFO - Started process (PID=477) to work on /home/airflow/.local/lib/python3.8/site-packages/airflow/example_dags/tutorial.py
[2024-02-05T14:24:45.592+0000] {processor.py:830} INFO - Processing file /home/airflow/.local/lib/python3.8/site-packages/airflow/example_dags/tutorial.py for tasks to queue
[2024-02-05T14:24:45.628+0000] {logging_mixin.py:188} INFO - [2024-02-05T14:24:45.624+0000] {dagbag.py:538} INFO - Filling up the DagBag from /home/airflow/.local/lib/python3.8/site-packages/airflow/example_dags/tutorial.py
[2024-02-05T14:24:45.798+0000] {processor.py:840} INFO - DAG(s) 'tutorial' retrieved from /home/airflow/.local/lib/python3.8/site-packages/airflow/example_dags/tutorial.py
[2024-02-05T14:24:45.963+0000] {logging_mixin.py:188} INFO - [2024-02-05T14:24:45.962+0000] {dag.py:3036} INFO - Sync 1 DAGs
[2024-02-05T14:24:46.044+0000] {logging_mixin.py:188} INFO - [2024-02-05T14:24:46.044+0000] {dag.py:3823} INFO - Setting next_dagrun for tutorial to 2024-02-04 00:00:00+00:00, run_after=2024-02-05 00:00:00+00:00
[2024-02-05T14:24:46.293+0000] {processor.py:183} INFO - Processing /home/airflow/.local/lib/python3.8/site-packages/airflow/example_dags/tutorial.py took 0.757 seconds
[2024-02-05T14:25:17.454+0000] {processor.py:161} INFO - Started process (PID=532) to work on /home/airflow/.local/lib/python3.8/site-packages/airflow/example_dags/tutorial.py
[2024-02-05T14:25:17.462+0000] {processor.py:830} INFO - Processing file /home/airflow/.local/lib/python3.8/site-packages/airflow/example_dags/tutorial.py for tasks to queue
[2024-02-05T14:25:17.501+0000] {logging_mixin.py:188} INFO - [2024-02-05T14:25:17.495+0000] {dagbag.py:538} INFO - Filling up the DagBag from /home/airflow/.local/lib/python3.8/site-packages/airflow/example_dags/tutorial.py
[2024-02-05T14:25:17.585+0000] {processor.py:840} INFO - DAG(s) 'tutorial' retrieved from /home/airflow/.local/lib/python3.8/site-packages/airflow/example_dags/tutorial.py
[2024-02-05T14:25:17.799+0000] {logging_mixin.py:188} INFO - [2024-02-05T14:25:17.798+0000] {dag.py:3036} INFO - Sync 1 DAGs
[2024-02-05T14:25:18.026+0000] {logging_mixin.py:188} INFO - [2024-02-05T14:25:18.024+0000] {dag.py:3823} INFO - Setting next_dagrun for tutorial to 2024-02-04 00:00:00+00:00, run_after=2024-02-05 00:00:00+00:00
[2024-02-05T14:25:18.127+0000] {processor.py:183} INFO - Processing /home/airflow/.local/lib/python3.8/site-packages/airflow/example_dags/tutorial.py took 0.722 seconds
[2024-02-05T14:25:50.387+0000] {processor.py:161} INFO - Started process (PID=587) to work on /home/airflow/.local/lib/python3.8/site-packages/airflow/example_dags/tutorial.py
[2024-02-05T14:25:50.449+0000] {processor.py:830} INFO - Processing file /home/airflow/.local/lib/python3.8/site-packages/airflow/example_dags/tutorial.py for tasks to queue
[2024-02-05T14:25:50.614+0000] {logging_mixin.py:188} INFO - [2024-02-05T14:25:50.584+0000] {dagbag.py:538} INFO - Filling up the DagBag from /home/airflow/.local/lib/python3.8/site-packages/airflow/example_dags/tutorial.py
[2024-02-05T14:25:50.950+0000] {processor.py:840} INFO - DAG(s) 'tutorial' retrieved from /home/airflow/.local/lib/python3.8/site-packages/airflow/example_dags/tutorial.py
[2024-02-05T14:25:51.253+0000] {logging_mixin.py:188} INFO - [2024-02-05T14:25:51.251+0000] {dag.py:3036} INFO - Sync 1 DAGs
[2024-02-05T14:25:51.452+0000] {logging_mixin.py:188} INFO - [2024-02-05T14:25:51.451+0000] {dag.py:3823} INFO - Setting next_dagrun for tutorial to 2024-02-04 00:00:00+00:00, run_after=2024-02-05 00:00:00+00:00
[2024-02-05T14:25:51.523+0000] {processor.py:183} INFO - Processing /home/airflow/.local/lib/python3.8/site-packages/airflow/example_dags/tutorial.py took 1.255 seconds
[2024-02-05T14:26:22.078+0000] {processor.py:161} INFO - Started process (PID=648) to work on /home/airflow/.local/lib/python3.8/site-packages/airflow/example_dags/tutorial.py
[2024-02-05T14:26:23.384+0000] {processor.py:830} INFO - Processing file /home/airflow/.local/lib/python3.8/site-packages/airflow/example_dags/tutorial.py for tasks to queue
[2024-02-05T14:26:23.662+0000] {logging_mixin.py:188} INFO - [2024-02-05T14:26:23.660+0000] {dagbag.py:538} INFO - Filling up the DagBag from /home/airflow/.local/lib/python3.8/site-packages/airflow/example_dags/tutorial.py
[2024-02-05T14:26:23.917+0000] {processor.py:840} INFO - DAG(s) 'tutorial' retrieved from /home/airflow/.local/lib/python3.8/site-packages/airflow/example_dags/tutorial.py
[2024-02-05T14:26:24.520+0000] {logging_mixin.py:188} INFO - [2024-02-05T14:26:24.518+0000] {dag.py:3036} INFO - Sync 1 DAGs
[2024-02-05T14:26:25.318+0000] {logging_mixin.py:188} INFO - [2024-02-05T14:26:25.317+0000] {dag.py:3823} INFO - Setting next_dagrun for tutorial to 2024-02-04 00:00:00+00:00, run_after=2024-02-05 00:00:00+00:00
