[2024-02-05T14:19:35.257+0000] {processor.py:161} INFO - Started process (PID=53) to work on /home/airflow/.local/lib/python3.8/site-packages/airflow/example_dags/tutorial_objectstorage.py
[2024-02-05T14:19:35.281+0000] {processor.py:830} INFO - Processing file /home/airflow/.local/lib/python3.8/site-packages/airflow/example_dags/tutorial_objectstorage.py for tasks to queue
[2024-02-05T14:19:35.309+0000] {logging_mixin.py:188} INFO - [2024-02-05T14:19:35.308+0000] {dagbag.py:538} INFO - Filling up the DagBag from /home/airflow/.local/lib/python3.8/site-packages/airflow/example_dags/tutorial_objectstorage.py
[2024-02-05T14:19:35.374+0000] {processor.py:840} INFO - DAG(s) 'tutorial_objectstorage' retrieved from /home/airflow/.local/lib/python3.8/site-packages/airflow/example_dags/tutorial_objectstorage.py
[2024-02-05T14:19:35.641+0000] {logging_mixin.py:188} INFO - [2024-02-05T14:19:35.639+0000] {override.py:1769} INFO - Created Permission View: can delete on DAG:tutorial_objectstorage
[2024-02-05T14:19:35.670+0000] {logging_mixin.py:188} INFO - [2024-02-05T14:19:35.669+0000] {override.py:1769} INFO - Created Permission View: can read on DAG:tutorial_objectstorage
[2024-02-05T14:19:35.700+0000] {logging_mixin.py:188} INFO - [2024-02-05T14:19:35.700+0000] {override.py:1769} INFO - Created Permission View: can edit on DAG:tutorial_objectstorage
[2024-02-05T14:19:35.701+0000] {logging_mixin.py:188} INFO - [2024-02-05T14:19:35.701+0000] {dag.py:3036} INFO - Sync 1 DAGs
[2024-02-05T14:19:35.723+0000] {logging_mixin.py:188} INFO - [2024-02-05T14:19:35.723+0000] {dag.py:3058} INFO - Creating ORM DAG for tutorial_objectstorage
[2024-02-05T14:19:35.724+0000] {logging_mixin.py:188} INFO - [2024-02-05T14:19:35.724+0000] {dag.py:3823} INFO - Setting next_dagrun for tutorial_objectstorage to None, run_after=None
[2024-02-05T14:19:35.769+0000] {processor.py:183} INFO - Processing /home/airflow/.local/lib/python3.8/site-packages/airflow/example_dags/tutorial_objectstorage.py took 0.570 seconds
[2024-02-05T14:20:05.871+0000] {processor.py:161} INFO - Started process (PID=107) to work on /home/airflow/.local/lib/python3.8/site-packages/airflow/example_dags/tutorial_objectstorage.py
[2024-02-05T14:20:05.873+0000] {processor.py:830} INFO - Processing file /home/airflow/.local/lib/python3.8/site-packages/airflow/example_dags/tutorial_objectstorage.py for tasks to queue
[2024-02-05T14:20:05.874+0000] {logging_mixin.py:188} INFO - [2024-02-05T14:20:05.874+0000] {dagbag.py:538} INFO - Filling up the DagBag from /home/airflow/.local/lib/python3.8/site-packages/airflow/example_dags/tutorial_objectstorage.py
[2024-02-05T14:20:05.883+0000] {processor.py:840} INFO - DAG(s) 'tutorial_objectstorage' retrieved from /home/airflow/.local/lib/python3.8/site-packages/airflow/example_dags/tutorial_objectstorage.py
[2024-02-05T14:20:05.893+0000] {logging_mixin.py:188} INFO - [2024-02-05T14:20:05.893+0000] {dag.py:3036} INFO - Sync 1 DAGs
[2024-02-05T14:20:05.898+0000] {logging_mixin.py:188} INFO - [2024-02-05T14:20:05.898+0000] {dag.py:3823} INFO - Setting next_dagrun for tutorial_objectstorage to None, run_after=None
[2024-02-05T14:20:05.907+0000] {processor.py:183} INFO - Processing /home/airflow/.local/lib/python3.8/site-packages/airflow/example_dags/tutorial_objectstorage.py took 0.038 seconds
[2024-02-05T14:20:36.342+0000] {processor.py:161} INFO - Started process (PID=162) to work on /home/airflow/.local/lib/python3.8/site-packages/airflow/example_dags/tutorial_objectstorage.py
[2024-02-05T14:20:36.344+0000] {processor.py:830} INFO - Processing file /home/airflow/.local/lib/python3.8/site-packages/airflow/example_dags/tutorial_objectstorage.py for tasks to queue
[2024-02-05T14:20:36.345+0000] {logging_mixin.py:188} INFO - [2024-02-05T14:20:36.345+0000] {dagbag.py:538} INFO - Filling up the DagBag from /home/airflow/.local/lib/python3.8/site-packages/airflow/example_dags/tutorial_objectstorage.py
[2024-02-05T14:20:36.351+0000] {processor.py:840} INFO - DAG(s) 'tutorial_objectstorage' retrieved from /home/airflow/.local/lib/python3.8/site-packages/airflow/example_dags/tutorial_objectstorage.py
[2024-02-05T14:20:36.363+0000] {logging_mixin.py:188} INFO - [2024-02-05T14:20:36.363+0000] {dag.py:3036} INFO - Sync 1 DAGs
[2024-02-05T14:20:36.369+0000] {logging_mixin.py:188} INFO - [2024-02-05T14:20:36.369+0000] {dag.py:3823} INFO - Setting next_dagrun for tutorial_objectstorage to None, run_after=None
[2024-02-05T14:20:36.379+0000] {processor.py:183} INFO - Processing /home/airflow/.local/lib/python3.8/site-packages/airflow/example_dags/tutorial_objectstorage.py took 0.039 seconds
[2024-02-05T14:21:40.908+0000] {processor.py:161} INFO - Started process (PID=223) to work on /home/airflow/.local/lib/python3.8/site-packages/airflow/example_dags/tutorial_objectstorage.py
[2024-02-05T14:21:40.910+0000] {processor.py:830} INFO - Processing file /home/airflow/.local/lib/python3.8/site-packages/airflow/example_dags/tutorial_objectstorage.py for tasks to queue
[2024-02-05T14:21:40.914+0000] {logging_mixin.py:188} INFO - [2024-02-05T14:21:40.914+0000] {dagbag.py:538} INFO - Filling up the DagBag from /home/airflow/.local/lib/python3.8/site-packages/airflow/example_dags/tutorial_objectstorage.py
[2024-02-05T14:21:40.959+0000] {processor.py:840} INFO - DAG(s) 'tutorial_objectstorage' retrieved from /home/airflow/.local/lib/python3.8/site-packages/airflow/example_dags/tutorial_objectstorage.py
[2024-02-05T14:21:41.022+0000] {logging_mixin.py:188} INFO - [2024-02-05T14:21:41.022+0000] {dag.py:3036} INFO - Sync 1 DAGs
[2024-02-05T14:21:41.141+0000] {logging_mixin.py:188} INFO - [2024-02-05T14:21:41.140+0000] {dag.py:3823} INFO - Setting next_dagrun for tutorial_objectstorage to None, run_after=None
[2024-02-05T14:21:41.274+0000] {processor.py:183} INFO - Processing /home/airflow/.local/lib/python3.8/site-packages/airflow/example_dags/tutorial_objectstorage.py took 0.370 seconds
[2024-02-05T14:22:16.419+0000] {processor.py:161} INFO - Started process (PID=282) to work on /home/airflow/.local/lib/python3.8/site-packages/airflow/example_dags/tutorial_objectstorage.py
[2024-02-05T14:22:16.457+0000] {processor.py:830} INFO - Processing file /home/airflow/.local/lib/python3.8/site-packages/airflow/example_dags/tutorial_objectstorage.py for tasks to queue
[2024-02-05T14:22:16.508+0000] {logging_mixin.py:188} INFO - [2024-02-05T14:22:16.507+0000] {dagbag.py:538} INFO - Filling up the DagBag from /home/airflow/.local/lib/python3.8/site-packages/airflow/example_dags/tutorial_objectstorage.py
[2024-02-05T14:22:16.589+0000] {processor.py:840} INFO - DAG(s) 'tutorial_objectstorage' retrieved from /home/airflow/.local/lib/python3.8/site-packages/airflow/example_dags/tutorial_objectstorage.py
[2024-02-05T14:22:16.823+0000] {logging_mixin.py:188} INFO - [2024-02-05T14:22:16.816+0000] {dag.py:3036} INFO - Sync 1 DAGs
[2024-02-05T14:22:19.092+0000] {logging_mixin.py:188} INFO - [2024-02-05T14:22:19.082+0000] {dag.py:3823} INFO - Setting next_dagrun for tutorial_objectstorage to None, run_after=None
[2024-02-05T14:22:19.544+0000] {processor.py:183} INFO - Processing /home/airflow/.local/lib/python3.8/site-packages/airflow/example_dags/tutorial_objectstorage.py took 3.193 seconds
[2024-02-05T14:22:50.683+0000] {processor.py:161} INFO - Started process (PID=337) to work on /home/airflow/.local/lib/python3.8/site-packages/airflow/example_dags/tutorial_objectstorage.py
[2024-02-05T14:22:50.706+0000] {processor.py:830} INFO - Processing file /home/airflow/.local/lib/python3.8/site-packages/airflow/example_dags/tutorial_objectstorage.py for tasks to queue
[2024-02-05T14:22:50.725+0000] {logging_mixin.py:188} INFO - [2024-02-05T14:22:50.723+0000] {dagbag.py:538} INFO - Filling up the DagBag from /home/airflow/.local/lib/python3.8/site-packages/airflow/example_dags/tutorial_objectstorage.py
[2024-02-05T14:22:50.910+0000] {processor.py:840} INFO - DAG(s) 'tutorial_objectstorage' retrieved from /home/airflow/.local/lib/python3.8/site-packages/airflow/example_dags/tutorial_objectstorage.py
[2024-02-05T14:22:51.251+0000] {logging_mixin.py:188} INFO - [2024-02-05T14:22:51.250+0000] {dag.py:3036} INFO - Sync 1 DAGs
[2024-02-05T14:22:51.308+0000] {logging_mixin.py:188} INFO - [2024-02-05T14:22:51.308+0000] {dag.py:3823} INFO - Setting next_dagrun for tutorial_objectstorage to None, run_after=None
[2024-02-05T14:22:51.396+0000] {processor.py:183} INFO - Processing /home/airflow/.local/lib/python3.8/site-packages/airflow/example_dags/tutorial_objectstorage.py took 0.796 seconds
[2024-02-05T14:23:25.111+0000] {processor.py:161} INFO - Started process (PID=379) to work on /home/airflow/.local/lib/python3.8/site-packages/airflow/example_dags/tutorial_objectstorage.py
[2024-02-05T14:23:25.115+0000] {processor.py:830} INFO - Processing file /home/airflow/.local/lib/python3.8/site-packages/airflow/example_dags/tutorial_objectstorage.py for tasks to queue
[2024-02-05T14:23:25.116+0000] {logging_mixin.py:188} INFO - [2024-02-05T14:23:25.116+0000] {dagbag.py:538} INFO - Filling up the DagBag from /home/airflow/.local/lib/python3.8/site-packages/airflow/example_dags/tutorial_objectstorage.py
[2024-02-05T14:23:25.145+0000] {processor.py:840} INFO - DAG(s) 'tutorial_objectstorage' retrieved from /home/airflow/.local/lib/python3.8/site-packages/airflow/example_dags/tutorial_objectstorage.py
[2024-02-05T14:23:25.177+0000] {logging_mixin.py:188} INFO - [2024-02-05T14:23:25.177+0000] {dag.py:3036} INFO - Sync 1 DAGs
[2024-02-05T14:23:25.225+0000] {logging_mixin.py:188} INFO - [2024-02-05T14:23:25.224+0000] {dag.py:3823} INFO - Setting next_dagrun for tutorial_objectstorage to None, run_after=None
[2024-02-05T14:23:25.267+0000] {processor.py:183} INFO - Processing /home/airflow/.local/lib/python3.8/site-packages/airflow/example_dags/tutorial_objectstorage.py took 0.159 seconds
[2024-02-05T14:24:14.936+0000] {processor.py:161} INFO - Started process (PID=434) to work on /home/airflow/.local/lib/python3.8/site-packages/airflow/example_dags/tutorial_objectstorage.py
[2024-02-05T14:24:14.940+0000] {processor.py:830} INFO - Processing file /home/airflow/.local/lib/python3.8/site-packages/airflow/example_dags/tutorial_objectstorage.py for tasks to queue
[2024-02-05T14:24:14.946+0000] {logging_mixin.py:188} INFO - [2024-02-05T14:24:14.945+0000] {dagbag.py:538} INFO - Filling up the DagBag from /home/airflow/.local/lib/python3.8/site-packages/airflow/example_dags/tutorial_objectstorage.py
[2024-02-05T14:24:14.955+0000] {processor.py:840} INFO - DAG(s) 'tutorial_objectstorage' retrieved from /home/airflow/.local/lib/python3.8/site-packages/airflow/example_dags/tutorial_objectstorage.py
[2024-02-05T14:24:15.015+0000] {logging_mixin.py:188} INFO - [2024-02-05T14:24:15.014+0000] {dag.py:3036} INFO - Sync 1 DAGs
[2024-02-05T14:24:15.082+0000] {logging_mixin.py:188} INFO - [2024-02-05T14:24:15.081+0000] {dag.py:3823} INFO - Setting next_dagrun for tutorial_objectstorage to None, run_after=None
[2024-02-05T14:24:15.100+0000] {processor.py:183} INFO - Processing /home/airflow/.local/lib/python3.8/site-packages/airflow/example_dags/tutorial_objectstorage.py took 0.168 seconds
[2024-02-05T14:24:52.187+0000] {processor.py:161} INFO - Started process (PID=497) to work on /home/airflow/.local/lib/python3.8/site-packages/airflow/example_dags/tutorial_objectstorage.py
[2024-02-05T14:24:52.189+0000] {processor.py:830} INFO - Processing file /home/airflow/.local/lib/python3.8/site-packages/airflow/example_dags/tutorial_objectstorage.py for tasks to queue
[2024-02-05T14:24:52.191+0000] {logging_mixin.py:188} INFO - [2024-02-05T14:24:52.191+0000] {dagbag.py:538} INFO - Filling up the DagBag from /home/airflow/.local/lib/python3.8/site-packages/airflow/example_dags/tutorial_objectstorage.py
[2024-02-05T14:24:52.201+0000] {processor.py:840} INFO - DAG(s) 'tutorial_objectstorage' retrieved from /home/airflow/.local/lib/python3.8/site-packages/airflow/example_dags/tutorial_objectstorage.py
[2024-02-05T14:24:52.237+0000] {logging_mixin.py:188} INFO - [2024-02-05T14:24:52.236+0000] {dag.py:3036} INFO - Sync 1 DAGs
[2024-02-05T14:24:52.251+0000] {logging_mixin.py:188} INFO - [2024-02-05T14:24:52.250+0000] {dag.py:3823} INFO - Setting next_dagrun for tutorial_objectstorage to None, run_after=None
[2024-02-05T14:24:52.270+0000] {processor.py:183} INFO - Processing /home/airflow/.local/lib/python3.8/site-packages/airflow/example_dags/tutorial_objectstorage.py took 0.086 seconds
[2024-02-05T14:25:23.010+0000] {processor.py:161} INFO - Started process (PID=550) to work on /home/airflow/.local/lib/python3.8/site-packages/airflow/example_dags/tutorial_objectstorage.py
[2024-02-05T14:25:23.012+0000] {processor.py:830} INFO - Processing file /home/airflow/.local/lib/python3.8/site-packages/airflow/example_dags/tutorial_objectstorage.py for tasks to queue
[2024-02-05T14:25:23.016+0000] {logging_mixin.py:188} INFO - [2024-02-05T14:25:23.016+0000] {dagbag.py:538} INFO - Filling up the DagBag from /home/airflow/.local/lib/python3.8/site-packages/airflow/example_dags/tutorial_objectstorage.py
[2024-02-05T14:25:23.049+0000] {processor.py:840} INFO - DAG(s) 'tutorial_objectstorage' retrieved from /home/airflow/.local/lib/python3.8/site-packages/airflow/example_dags/tutorial_objectstorage.py
[2024-02-05T14:25:23.102+0000] {logging_mixin.py:188} INFO - [2024-02-05T14:25:23.102+0000] {dag.py:3036} INFO - Sync 1 DAGs
[2024-02-05T14:25:23.124+0000] {logging_mixin.py:188} INFO - [2024-02-05T14:25:23.123+0000] {dag.py:3823} INFO - Setting next_dagrun for tutorial_objectstorage to None, run_after=None
[2024-02-05T14:25:23.167+0000] {processor.py:183} INFO - Processing /home/airflow/.local/lib/python3.8/site-packages/airflow/example_dags/tutorial_objectstorage.py took 0.166 seconds
[2024-02-05T14:25:57.003+0000] {processor.py:161} INFO - Started process (PID=605) to work on /home/airflow/.local/lib/python3.8/site-packages/airflow/example_dags/tutorial_objectstorage.py
[2024-02-05T14:25:57.011+0000] {processor.py:830} INFO - Processing file /home/airflow/.local/lib/python3.8/site-packages/airflow/example_dags/tutorial_objectstorage.py for tasks to queue
[2024-02-05T14:25:57.015+0000] {logging_mixin.py:188} INFO - [2024-02-05T14:25:57.014+0000] {dagbag.py:538} INFO - Filling up the DagBag from /home/airflow/.local/lib/python3.8/site-packages/airflow/example_dags/tutorial_objectstorage.py
[2024-02-05T14:25:57.063+0000] {processor.py:840} INFO - DAG(s) 'tutorial_objectstorage' retrieved from /home/airflow/.local/lib/python3.8/site-packages/airflow/example_dags/tutorial_objectstorage.py
[2024-02-05T14:25:57.315+0000] {logging_mixin.py:188} INFO - [2024-02-05T14:25:57.314+0000] {dag.py:3036} INFO - Sync 1 DAGs
[2024-02-05T14:25:58.188+0000] {logging_mixin.py:188} INFO - [2024-02-05T14:25:58.188+0000] {dag.py:3823} INFO - Setting next_dagrun for tutorial_objectstorage to None, run_after=None
[2024-02-05T14:25:58.561+0000] {processor.py:183} INFO - Processing /home/airflow/.local/lib/python3.8/site-packages/airflow/example_dags/tutorial_objectstorage.py took 1.543 seconds
