[2024-02-05T14:19:33.153+0000] {processor.py:161} INFO - Started process (PID=46) to work on /home/airflow/.local/lib/python3.8/site-packages/airflow/example_dags/tutorial_dag.py
[2024-02-05T14:19:33.154+0000] {processor.py:830} INFO - Processing file /home/airflow/.local/lib/python3.8/site-packages/airflow/example_dags/tutorial_dag.py for tasks to queue
[2024-02-05T14:19:33.156+0000] {logging_mixin.py:188} INFO - [2024-02-05T14:19:33.156+0000] {dagbag.py:538} INFO - Filling up the DagBag from /home/airflow/.local/lib/python3.8/site-packages/airflow/example_dags/tutorial_dag.py
[2024-02-05T14:19:33.166+0000] {processor.py:840} INFO - DAG(s) 'tutorial_dag' retrieved from /home/airflow/.local/lib/python3.8/site-packages/airflow/example_dags/tutorial_dag.py
[2024-02-05T14:19:33.367+0000] {logging_mixin.py:188} INFO - [2024-02-05T14:19:33.365+0000] {override.py:1769} INFO - Created Permission View: can delete on DAG:tutorial_dag
[2024-02-05T14:19:33.397+0000] {logging_mixin.py:188} INFO - [2024-02-05T14:19:33.396+0000] {override.py:1769} INFO - Created Permission View: can read on DAG:tutorial_dag
[2024-02-05T14:19:33.408+0000] {logging_mixin.py:188} INFO - [2024-02-05T14:19:33.408+0000] {override.py:1769} INFO - Created Permission View: can edit on DAG:tutorial_dag
[2024-02-05T14:19:33.410+0000] {logging_mixin.py:188} INFO - [2024-02-05T14:19:33.410+0000] {dag.py:3036} INFO - Sync 1 DAGs
[2024-02-05T14:19:33.443+0000] {logging_mixin.py:188} INFO - [2024-02-05T14:19:33.443+0000] {dag.py:3058} INFO - Creating ORM DAG for tutorial_dag
[2024-02-05T14:19:33.445+0000] {logging_mixin.py:188} INFO - [2024-02-05T14:19:33.444+0000] {dag.py:3823} INFO - Setting next_dagrun for tutorial_dag to None, run_after=None
[2024-02-05T14:19:33.483+0000] {processor.py:183} INFO - Processing /home/airflow/.local/lib/python3.8/site-packages/airflow/example_dags/tutorial_dag.py took 0.332 seconds
[2024-02-05T14:20:04.325+0000] {processor.py:161} INFO - Started process (PID=100) to work on /home/airflow/.local/lib/python3.8/site-packages/airflow/example_dags/tutorial_dag.py
[2024-02-05T14:20:04.326+0000] {processor.py:830} INFO - Processing file /home/airflow/.local/lib/python3.8/site-packages/airflow/example_dags/tutorial_dag.py for tasks to queue
[2024-02-05T14:20:04.327+0000] {logging_mixin.py:188} INFO - [2024-02-05T14:20:04.327+0000] {dagbag.py:538} INFO - Filling up the DagBag from /home/airflow/.local/lib/python3.8/site-packages/airflow/example_dags/tutorial_dag.py
[2024-02-05T14:20:04.333+0000] {processor.py:840} INFO - DAG(s) 'tutorial_dag' retrieved from /home/airflow/.local/lib/python3.8/site-packages/airflow/example_dags/tutorial_dag.py
[2024-02-05T14:20:04.348+0000] {logging_mixin.py:188} INFO - [2024-02-05T14:20:04.348+0000] {dag.py:3036} INFO - Sync 1 DAGs
[2024-02-05T14:20:04.357+0000] {logging_mixin.py:188} INFO - [2024-02-05T14:20:04.357+0000] {dag.py:3823} INFO - Setting next_dagrun for tutorial_dag to None, run_after=None
[2024-02-05T14:20:04.444+0000] {processor.py:183} INFO - Processing /home/airflow/.local/lib/python3.8/site-packages/airflow/example_dags/tutorial_dag.py took 0.121 seconds
[2024-02-05T14:20:34.795+0000] {processor.py:161} INFO - Started process (PID=155) to work on /home/airflow/.local/lib/python3.8/site-packages/airflow/example_dags/tutorial_dag.py
[2024-02-05T14:20:34.799+0000] {processor.py:830} INFO - Processing file /home/airflow/.local/lib/python3.8/site-packages/airflow/example_dags/tutorial_dag.py for tasks to queue
[2024-02-05T14:20:34.806+0000] {logging_mixin.py:188} INFO - [2024-02-05T14:20:34.806+0000] {dagbag.py:538} INFO - Filling up the DagBag from /home/airflow/.local/lib/python3.8/site-packages/airflow/example_dags/tutorial_dag.py
[2024-02-05T14:20:34.827+0000] {processor.py:840} INFO - DAG(s) 'tutorial_dag' retrieved from /home/airflow/.local/lib/python3.8/site-packages/airflow/example_dags/tutorial_dag.py
[2024-02-05T14:20:34.871+0000] {logging_mixin.py:188} INFO - [2024-02-05T14:20:34.871+0000] {dag.py:3036} INFO - Sync 1 DAGs
[2024-02-05T14:20:34.892+0000] {logging_mixin.py:188} INFO - [2024-02-05T14:20:34.892+0000] {dag.py:3823} INFO - Setting next_dagrun for tutorial_dag to None, run_after=None
[2024-02-05T14:20:34.974+0000] {processor.py:183} INFO - Processing /home/airflow/.local/lib/python3.8/site-packages/airflow/example_dags/tutorial_dag.py took 0.186 seconds
[2024-02-05T14:21:39.374+0000] {processor.py:161} INFO - Started process (PID=216) to work on /home/airflow/.local/lib/python3.8/site-packages/airflow/example_dags/tutorial_dag.py
[2024-02-05T14:21:39.375+0000] {processor.py:830} INFO - Processing file /home/airflow/.local/lib/python3.8/site-packages/airflow/example_dags/tutorial_dag.py for tasks to queue
[2024-02-05T14:21:39.378+0000] {logging_mixin.py:188} INFO - [2024-02-05T14:21:39.377+0000] {dagbag.py:538} INFO - Filling up the DagBag from /home/airflow/.local/lib/python3.8/site-packages/airflow/example_dags/tutorial_dag.py
[2024-02-05T14:21:39.384+0000] {processor.py:840} INFO - DAG(s) 'tutorial_dag' retrieved from /home/airflow/.local/lib/python3.8/site-packages/airflow/example_dags/tutorial_dag.py
[2024-02-05T14:21:39.426+0000] {logging_mixin.py:188} INFO - [2024-02-05T14:21:39.425+0000] {dag.py:3036} INFO - Sync 1 DAGs
[2024-02-05T14:21:39.453+0000] {logging_mixin.py:188} INFO - [2024-02-05T14:21:39.453+0000] {dag.py:3823} INFO - Setting next_dagrun for tutorial_dag to None, run_after=None
[2024-02-05T14:21:39.491+0000] {processor.py:183} INFO - Processing /home/airflow/.local/lib/python3.8/site-packages/airflow/example_dags/tutorial_dag.py took 0.121 seconds
[2024-02-05T14:22:13.274+0000] {processor.py:161} INFO - Started process (PID=275) to work on /home/airflow/.local/lib/python3.8/site-packages/airflow/example_dags/tutorial_dag.py
[2024-02-05T14:22:13.277+0000] {processor.py:830} INFO - Processing file /home/airflow/.local/lib/python3.8/site-packages/airflow/example_dags/tutorial_dag.py for tasks to queue
[2024-02-05T14:22:13.282+0000] {logging_mixin.py:188} INFO - [2024-02-05T14:22:13.281+0000] {dagbag.py:538} INFO - Filling up the DagBag from /home/airflow/.local/lib/python3.8/site-packages/airflow/example_dags/tutorial_dag.py
[2024-02-05T14:22:13.293+0000] {processor.py:840} INFO - DAG(s) 'tutorial_dag' retrieved from /home/airflow/.local/lib/python3.8/site-packages/airflow/example_dags/tutorial_dag.py
[2024-02-05T14:22:13.323+0000] {logging_mixin.py:188} INFO - [2024-02-05T14:22:13.322+0000] {dag.py:3036} INFO - Sync 1 DAGs
[2024-02-05T14:22:13.348+0000] {logging_mixin.py:188} INFO - [2024-02-05T14:22:13.347+0000] {dag.py:3823} INFO - Setting next_dagrun for tutorial_dag to None, run_after=None
[2024-02-05T14:22:13.381+0000] {processor.py:183} INFO - Processing /home/airflow/.local/lib/python3.8/site-packages/airflow/example_dags/tutorial_dag.py took 0.118 seconds
[2024-02-05T14:22:45.877+0000] {processor.py:161} INFO - Started process (PID=330) to work on /home/airflow/.local/lib/python3.8/site-packages/airflow/example_dags/tutorial_dag.py
[2024-02-05T14:22:45.879+0000] {processor.py:830} INFO - Processing file /home/airflow/.local/lib/python3.8/site-packages/airflow/example_dags/tutorial_dag.py for tasks to queue
[2024-02-05T14:22:45.883+0000] {logging_mixin.py:188} INFO - [2024-02-05T14:22:45.882+0000] {dagbag.py:538} INFO - Filling up the DagBag from /home/airflow/.local/lib/python3.8/site-packages/airflow/example_dags/tutorial_dag.py
[2024-02-05T14:22:45.945+0000] {processor.py:840} INFO - DAG(s) 'tutorial_dag' retrieved from /home/airflow/.local/lib/python3.8/site-packages/airflow/example_dags/tutorial_dag.py
[2024-02-05T14:22:46.501+0000] {logging_mixin.py:188} INFO - [2024-02-05T14:22:46.500+0000] {dag.py:3036} INFO - Sync 1 DAGs
[2024-02-05T14:22:46.725+0000] {logging_mixin.py:188} INFO - [2024-02-05T14:22:46.724+0000] {dag.py:3823} INFO - Setting next_dagrun for tutorial_dag to None, run_after=None
[2024-02-05T14:22:46.829+0000] {processor.py:183} INFO - Processing /home/airflow/.local/lib/python3.8/site-packages/airflow/example_dags/tutorial_dag.py took 0.958 seconds
[2024-02-05T14:23:23.882+0000] {processor.py:161} INFO - Started process (PID=372) to work on /home/airflow/.local/lib/python3.8/site-packages/airflow/example_dags/tutorial_dag.py
[2024-02-05T14:23:23.886+0000] {processor.py:830} INFO - Processing file /home/airflow/.local/lib/python3.8/site-packages/airflow/example_dags/tutorial_dag.py for tasks to queue
[2024-02-05T14:23:23.891+0000] {logging_mixin.py:188} INFO - [2024-02-05T14:23:23.891+0000] {dagbag.py:538} INFO - Filling up the DagBag from /home/airflow/.local/lib/python3.8/site-packages/airflow/example_dags/tutorial_dag.py
[2024-02-05T14:23:23.901+0000] {processor.py:840} INFO - DAG(s) 'tutorial_dag' retrieved from /home/airflow/.local/lib/python3.8/site-packages/airflow/example_dags/tutorial_dag.py
[2024-02-05T14:23:23.924+0000] {logging_mixin.py:188} INFO - [2024-02-05T14:23:23.923+0000] {dag.py:3036} INFO - Sync 1 DAGs
[2024-02-05T14:23:23.940+0000] {logging_mixin.py:188} INFO - [2024-02-05T14:23:23.940+0000] {dag.py:3823} INFO - Setting next_dagrun for tutorial_dag to None, run_after=None
[2024-02-05T14:23:24.017+0000] {processor.py:183} INFO - Processing /home/airflow/.local/lib/python3.8/site-packages/airflow/example_dags/tutorial_dag.py took 0.141 seconds
[2024-02-05T14:24:14.456+0000] {processor.py:161} INFO - Started process (PID=427) to work on /home/airflow/.local/lib/python3.8/site-packages/airflow/example_dags/tutorial_dag.py
[2024-02-05T14:24:14.459+0000] {processor.py:830} INFO - Processing file /home/airflow/.local/lib/python3.8/site-packages/airflow/example_dags/tutorial_dag.py for tasks to queue
[2024-02-05T14:24:14.461+0000] {logging_mixin.py:188} INFO - [2024-02-05T14:24:14.460+0000] {dagbag.py:538} INFO - Filling up the DagBag from /home/airflow/.local/lib/python3.8/site-packages/airflow/example_dags/tutorial_dag.py
[2024-02-05T14:24:14.467+0000] {processor.py:840} INFO - DAG(s) 'tutorial_dag' retrieved from /home/airflow/.local/lib/python3.8/site-packages/airflow/example_dags/tutorial_dag.py
[2024-02-05T14:24:14.484+0000] {logging_mixin.py:188} INFO - [2024-02-05T14:24:14.484+0000] {dag.py:3036} INFO - Sync 1 DAGs
[2024-02-05T14:24:14.495+0000] {logging_mixin.py:188} INFO - [2024-02-05T14:24:14.494+0000] {dag.py:3823} INFO - Setting next_dagrun for tutorial_dag to None, run_after=None
[2024-02-05T14:24:14.527+0000] {processor.py:183} INFO - Processing /home/airflow/.local/lib/python3.8/site-packages/airflow/example_dags/tutorial_dag.py took 0.074 seconds
[2024-02-05T14:24:46.697+0000] {processor.py:161} INFO - Started process (PID=480) to work on /home/airflow/.local/lib/python3.8/site-packages/airflow/example_dags/tutorial_dag.py
[2024-02-05T14:24:46.700+0000] {processor.py:830} INFO - Processing file /home/airflow/.local/lib/python3.8/site-packages/airflow/example_dags/tutorial_dag.py for tasks to queue
[2024-02-05T14:24:46.703+0000] {logging_mixin.py:188} INFO - [2024-02-05T14:24:46.703+0000] {dagbag.py:538} INFO - Filling up the DagBag from /home/airflow/.local/lib/python3.8/site-packages/airflow/example_dags/tutorial_dag.py
[2024-02-05T14:24:46.749+0000] {processor.py:840} INFO - DAG(s) 'tutorial_dag' retrieved from /home/airflow/.local/lib/python3.8/site-packages/airflow/example_dags/tutorial_dag.py
[2024-02-05T14:24:46.947+0000] {logging_mixin.py:188} INFO - [2024-02-05T14:24:46.947+0000] {dag.py:3036} INFO - Sync 1 DAGs
[2024-02-05T14:24:47.014+0000] {logging_mixin.py:188} INFO - [2024-02-05T14:24:47.013+0000] {dag.py:3823} INFO - Setting next_dagrun for tutorial_dag to None, run_after=None
[2024-02-05T14:24:47.091+0000] {processor.py:183} INFO - Processing /home/airflow/.local/lib/python3.8/site-packages/airflow/example_dags/tutorial_dag.py took 0.401 seconds
[2024-02-05T14:25:18.832+0000] {processor.py:161} INFO - Started process (PID=535) to work on /home/airflow/.local/lib/python3.8/site-packages/airflow/example_dags/tutorial_dag.py
[2024-02-05T14:25:18.835+0000] {processor.py:830} INFO - Processing file /home/airflow/.local/lib/python3.8/site-packages/airflow/example_dags/tutorial_dag.py for tasks to queue
[2024-02-05T14:25:18.838+0000] {logging_mixin.py:188} INFO - [2024-02-05T14:25:18.837+0000] {dagbag.py:538} INFO - Filling up the DagBag from /home/airflow/.local/lib/python3.8/site-packages/airflow/example_dags/tutorial_dag.py
[2024-02-05T14:25:18.854+0000] {processor.py:840} INFO - DAG(s) 'tutorial_dag' retrieved from /home/airflow/.local/lib/python3.8/site-packages/airflow/example_dags/tutorial_dag.py
[2024-02-05T14:25:18.895+0000] {logging_mixin.py:188} INFO - [2024-02-05T14:25:18.894+0000] {dag.py:3036} INFO - Sync 1 DAGs
[2024-02-05T14:25:18.971+0000] {logging_mixin.py:188} INFO - [2024-02-05T14:25:18.969+0000] {dag.py:3823} INFO - Setting next_dagrun for tutorial_dag to None, run_after=None
[2024-02-05T14:25:19.033+0000] {processor.py:183} INFO - Processing /home/airflow/.local/lib/python3.8/site-packages/airflow/example_dags/tutorial_dag.py took 0.206 seconds
[2024-02-05T14:25:51.897+0000] {processor.py:161} INFO - Started process (PID=596) to work on /home/airflow/.local/lib/python3.8/site-packages/airflow/example_dags/tutorial_dag.py
[2024-02-05T14:25:51.899+0000] {processor.py:830} INFO - Processing file /home/airflow/.local/lib/python3.8/site-packages/airflow/example_dags/tutorial_dag.py for tasks to queue
[2024-02-05T14:25:51.904+0000] {logging_mixin.py:188} INFO - [2024-02-05T14:25:51.903+0000] {dagbag.py:538} INFO - Filling up the DagBag from /home/airflow/.local/lib/python3.8/site-packages/airflow/example_dags/tutorial_dag.py
[2024-02-05T14:25:51.926+0000] {processor.py:840} INFO - DAG(s) 'tutorial_dag' retrieved from /home/airflow/.local/lib/python3.8/site-packages/airflow/example_dags/tutorial_dag.py
[2024-02-05T14:25:51.978+0000] {logging_mixin.py:188} INFO - [2024-02-05T14:25:51.978+0000] {dag.py:3036} INFO - Sync 1 DAGs
[2024-02-05T14:25:52.020+0000] {logging_mixin.py:188} INFO - [2024-02-05T14:25:52.019+0000] {dag.py:3823} INFO - Setting next_dagrun for tutorial_dag to None, run_after=None
[2024-02-05T14:25:52.052+0000] {processor.py:183} INFO - Processing /home/airflow/.local/lib/python3.8/site-packages/airflow/example_dags/tutorial_dag.py took 0.163 seconds
